#Coordinates  RecID  LigID  Luciferin  Neighbor's number  Vision Range  Scoring
(-25.2788017, -32.8758897, 20.4372795, 0.9318549, 0.2607536, -0.2403061, 0.0768565)    0    0   -9.32934635  6 0.320 -13.41579127
(-26.1191459, -33.7070949, 26.9565504, 0.8471312, 0.4169848, -0.3263545, -0.0445550)    0    0   -26.35476420  8 0.240 -33.49109626
(-26.3653214, -33.4151050, 27.1706091, 0.8471355, 0.4169805, -0.3263486, -0.0445563)    0    0   -27.00955823  0 0.400 -34.90537298
(-19.4874015, -42.4389127, 29.0363681, 0.8520817, 0.4624376, -0.1918511, -0.1526477)    0    0   -20.98656348  0 0.400 -26.64122880
(-25.9480941, -33.2911433, 27.0269160, 0.8471330, 0.4169830, -0.3263520, -0.0445555)    0    0   -25.28520876  4 0.480 -29.96362866
(-24.5001695, -38.5508341, 30.6979851, 0.8042475, 0.4907220, -0.3271680, -0.0730681)    0    0   -26.87408838  0 0.560 -34.77834284
(-21.6553713, -35.4559644, 38.1196490, 0.7976875, 0.4755040, -0.3601149, -0.0889257)    0    0   -19.10336643  0 0.400 -21.60686387
(-19.5060814, -30.4216737, 23.2523661, 0.8978088, 0.3461111, -0.2718806, -0.0150798)    0    0   -15.45797082  3 5.000 -18.25452176
(-28.7752679, -29.1133719, 24.2357798, 0.8289321, 0.2900907, -0.4675849, 0.1004158)    0    0   -29.55113047  8 1.800 -38.55001310
(-26.1421262, -33.2246103, 26.9059219, 0.8471293, 0.4169866, -0.3263571, -0.0445544)    0    0   -27.83211953  0 0.400 -35.95775544
(-21.5325314, -35.4294274, 38.1846759, 0.7976065, 0.4754306, -0.3604309, -0.0887649)    0    0   -19.09723921  6 0.320 -25.32258612
(-28.3811196, -29.5556809, 23.5547509, 0.8289321, 0.2900907, -0.4675849, 0.1004158)    0    0   -27.24917062  5 1.720 -33.40619058
(-31.6327428, -36.6623704, 26.5086199, 0.8168150, 0.4210391, -0.3206403, 0.2296281)    0    0   -23.41559986  6 0.360 -29.57290352
(-21.5959559, -35.4764599, 37.9651006, 0.7976779, 0.4754954, -0.3601523, -0.0889067)    0    0   -19.45690200  14 0.000 -24.81865338
(-24.5503964, -38.5544541, 30.8938475, 0.8042475, 0.4907220, -0.3271680, -0.0730681)    0    0   -23.96686404  5 1.200 -30.72756078
(-25.3559857, -36.3713728, 37.8424491, 0.7884941, 0.4673539, -0.3933192, -0.0718147)    0    0   -16.91663135  10 0.520 -21.88054266
(-19.9566458, -42.5149220, 28.8760955, 0.8520817, 0.4624376, -0.1918511, -0.1526477)    0    0   -21.24599251  0 0.400 -26.81636954
(-24.4976284, -37.0347916, 23.1589066, 0.8963084, 0.3612794, -0.2498842, -0.0605511)    0    0   -17.71116716  6 0.480 -22.30832635
(-19.7166754, -42.4643018, 29.0194420, 0.8520817, 0.4624376, -0.1918511, -0.1526477)    0    0   -19.72254336  3 0.480 -24.32105124
(-24.7248096, -38.5811639, 31.1259529, 0.8042475, 0.4907220, -0.3271680, -0.0730681)    0    0   -24.76097970  3 0.400 -31.39948721
(-29.7175010, -37.8788792, 33.1790590, 0.7830432, 0.4976083, -0.3565162, 0.1101159)    0    0   -24.31260411  5 0.640 -28.74247726
(-25.1922340, -36.0954240, 37.1139794, 0.7884941, 0.4673539, -0.3933193, -0.0718147)    0    0   -16.46527147  4 0.440 -19.42856658
(-24.4866203, -38.8198650, 31.1008299, 0.8042475, 0.4907220, -0.3271680, -0.0730681)    0    0   -28.55991748  11 0.080 -36.77958278
(-19.9130983, -42.2809275, 28.9344437, 0.8520817, 0.4624376, -0.1918511, -0.1526477)    0    0   -19.65943999  2 0.560 -24.33475037
(-19.8331423, -42.4644312, 28.7707480, 0.8520817, 0.4624376, -0.1918511, -0.1526477)    0    0   -22.57811414  0 0.400 -28.95027989
(-22.0054105, -35.1991065, 38.0709723, 0.7976183, 0.4754413, -0.3603848, -0.0887884)    0    0   -18.99329785  0 0.560 -23.39989907
(-24.9442408, -36.9295810, 23.2792750, 0.8963405, 0.3612172, -0.2498804, -0.0604618)    0    0   -17.85730386  10 0.160 -21.38803777
(-24.7677060, -38.3940718, 30.5601493, 0.8042475, 0.4907220, -0.3271680, -0.0730681)    0    0   -25.04559158  0 0.800 -29.46555253
(-26.1359891, -33.8693671, 26.7920740, 0.8471293, 0.4169867, -0.3263571, -0.0445544)    0    0   -25.65487219  5 0.320 -31.67754105
(-26.0299322, -33.7425829, 26.1798341, 0.8521803, 0.4119498, -0.3193146, -0.0460903)    0    0   -29.47834374  2 0.640 -36.11889071
(-25.3397150, -32.7120566, 20.0324980, 0.9318549, 0.2607536, -0.2403061, 0.0768565)    0    0   -8.40257133  11 0.120 -11.01374686
(-21.6630409, -35.5237455, 37.8130767, 0.7976182, 0.4754412, -0.3603854, -0.0887881)    0    0   -19.47613847  7 0.080 -23.91250229
(-24.3798793, -38.7476339, 31.7930103, 0.8042475, 0.4907220, -0.3271680, -0.0730681)    0    0   -25.51326331  7 0.240 -30.68646956
(-21.7329788, -35.4386273, 38.0822500, 0.7975955, 0.4754206, -0.3604738, -0.0887430)    0    0   -19.91800866  17 0.000 -28.14884855
(-20.0200424, -42.1140587, 28.9007559, 0.8520817, 0.4624376, -0.1918511, -0.1526477)    0    0   -18.65531868  3 1.040 -22.19267101
(-19.8800798, -30.4189541, 23.2306057, 0.8978088, 0.3461111, -0.2718806, -0.0150798)    0    0   -15.62332219  5 4.920 -19.67505683
(-25.2098263, -32.3665731, 20.0751157, 0.9318549, 0.2607536, -0.2403061, 0.0768565)    0    0   -7.84471021  7 0.440 -8.66143251
(-25.3679558, -36.4102535, 37.9457590, 0.7884941, 0.4673539, -0.3933193, -0.0718147)    0    0   -16.81184457  8 0.560 -19.58185464
(-25.3991902, -36.1412891, 36.7145391, 0.7884940, 0.4673538, -0.3933196, -0.0718145)    0    0   -21.27242850  0 0.840 -29.95982699
(-25.3687005, -33.1987998, 20.5180964, 0.9318549, 0.2607536, -0.2403061, 0.0768565)    0    0   -7.15001497  1 3.560 -8.73951939
(-28.9878479, -29.1309754, 24.0792938, 0.8289321, 0.2900907, -0.4675849, 0.1004158)    0    0   -25.98844977  0 5.000 -32.48556221
(-21.5673583, -35.4526789, 38.0462910, 0.7976262, 0.4754484, -0.3603542, -0.0888039)    0    0   -18.17536902  4 0.640 -22.49641029
(-26.1033095, -33.3003237, 27.2025199, 0.8471268, 0.4169891, -0.3263605, -0.0445537)    0    0   -27.54125185  0 0.400 -34.56731677
(-29.6245558, -37.8924024, 33.3101088, 0.7830432, 0.4976083, -0.3565162, 0.1101159)    0    0   -25.43176658  0 0.640 -32.05514743
(-21.7029332, -35.3195071, 37.9354147, 0.7976356, 0.4754570, -0.3603173, -0.0888227)    0    0   -20.24863958  17 0.000 -25.76150983
(-25.6082194, -36.5310232, 37.6700530, 0.7884941, 0.4673540, -0.3933191, -0.0718148)    0    0   -21.42945673  11 0.080 -28.14785125
(-28.6025997, -29.1132231, 24.3303026, 0.8289321, 0.2900907, -0.4675849, 0.1004158)    0    0   -29.67895614  3 0.760 -40.23469353
(-29.8202613, -38.0410909, 33.4425335, 0.7830432, 0.4976083, -0.3565162, 0.1101159)    0    0   -24.61896119  8 0.400 -30.41147427
(-26.2073062, -33.6208530, 27.0471450, 0.8471293, 0.4169866, -0.3263571, -0.0445544)    0    0   -26.50083822  11 0.000 -34.64876967
(-26.1977237, -33.9812574, 27.1057868, 0.8471312, 0.4169848, -0.3263545, -0.0445550)    0    0   -28.03862682  16 0.000 -36.31779785
(-29.7380539, -38.1406918, 33.3919049, 0.7830432, 0.4976083, -0.3565162, 0.1101159)    0    0   -23.43133529  2 5.000 -29.68721981
(-20.0682769, -42.0655187, 28.8729536, 0.8520817, 0.4624376, -0.1918511, -0.1526477)    0    0   -18.74386230  4 0.480 -22.10709516
(-31.4495701, -36.7747255, 26.6108731, 0.8168150, 0.4210391, -0.3206403, 0.2296281)    0    0   -19.80311880  0 5.000 -24.75389850
(-19.9520439, -42.1787573, 28.9360332, 0.8520817, 0.4624376, -0.1918511, -0.1526477)    0    0   -16.12210640  0 5.000 -20.15263300
(-19.9447169, -41.9285918, 28.9412760, 0.8520817, 0.4624376, -0.1918511, -0.1526477)    0    0   -21.86895998  19 0.000 -31.03446765
(-25.3228892, -36.2383668, 37.3914990, 0.7884938, 0.4673537, -0.3933202, -0.0718142)    0    0   -15.74170790  0 5.000 -19.67703612
(-24.5943994, -37.2148982, 23.4138994, 0.8962854, 0.3613238, -0.2498869, -0.0606149)    0    0   -16.92536056  1 0.720 -20.07017160
(-25.3538119, -33.0193426, 20.4131989, 0.9318549, 0.2607536, -0.2403061, 0.0768565)    0    0   -9.57923930  5 0.280 -13.49358502
(-25.0672989, -36.8730580, 23.2776365, 0.8962901, 0.3613146, -0.2498863, -0.0606018)    0    0   -16.93675555  3 1.000 -19.62733700
(-31.1337843, -36.9418042, 26.6874821, 0.8168150, 0.4210391, -0.3206403, 0.2296281)    0    0   -22.60521879  5 2.840 -27.40412831
(-19.8360151, -42.1741646, 29.2027332, 0.8520817, 0.4624376, -0.1918511, -0.1526477)    0    0   -21.69601447  14 0.000 -28.83035769
(-24.7198049, -38.3965091, 31.2688852, 0.8042475, 0.4907220, -0.3271680, -0.0730681)    0    0   -24.66833999  5 0.320 -30.66110180
(-24.8518892, -36.9707943, 23.3076962, 0.8962854, 0.3613239, -0.2498869, -0.0606150)    0    0   -17.24601810  5 0.480 -21.81978552
(-25.8992056, -33.9198525, 26.7207539, 0.8471256, 0.4169903, -0.3263622, -0.0445533)    0    0   -25.17233221  3 1.200 -30.74162158
(-22.0802317, -35.4427464, 38.0847456, 0.7976537, 0.4754734, -0.3602467, -0.0888587)    0    0   -19.99009398  17 0.000 -23.42385442
(-19.7646682, -42.4028659, 28.9232251, 0.8520817, 0.4624376, -0.1918511, -0.1526477)    0    0   -20.35588283  8 0.320 -26.35223820
(-21.6888874, -35.1936190, 38.4877467, 0.7975981, 0.4754230, -0.3604635, -0.0887483)    0    0   -17.36016297  3 0.800 -21.16992425
(-25.3531369, -32.8060017, 20.2870252, 0.9318549, 0.2607536, -0.2403061, 0.0768565)    0    0   -6.93451030  0 5.000 -8.66813787
(-21.7720628, -35.5905930, 37.9976875, 0.7976858, 0.4755025, -0.3601216, -0.0889223)    0    0   -18.93990701  10 0.160 -22.70518313
(-29.0767559, -37.8610555, 33.3717304, 0.7830432, 0.4976083, -0.3565162, 0.1101159)    0    0   -26.70602470  0 0.400 -34.55279132
(-25.8948306, -33.7981279, 26.2959748, 0.8471380, 0.4169781, -0.3263451, -0.0445570)    0    0   -25.71997271  0 1.040 -31.98012271
(-19.5819265, -42.1179167, 29.0625250, 0.8520817, 0.4624376, -0.1918511, -0.1526477)    0    0   -21.40739510  12 0.000 -28.91493795
(-25.3543497, -32.7563885, 20.2479214, 0.9318549, 0.2607536, -0.2403061, 0.0768565)    0    0   -7.23812980  2 5.000 -9.20171907
(-26.1988755, -33.8875781, 26.9329282, 0.8471262, 0.4169897, -0.3263614, -0.0445535)    0    0   -24.98938598  2 1.760 -31.08549368
(-28.7604282, -29.2901364, 23.8827388, 0.8289321, 0.2900907, -0.4675849, 0.1004158)    0    0   -26.18406590  2 1.160 -31.74070635
(-19.8551275, -30.4277269, 23.2244135, 0.8978088, 0.3461111, -0.2718806, -0.0150798)    0    0   -13.72114546  0 5.000 -17.15143183
(-21.5091154, -35.3571425, 38.1675234, 0.7975331, 0.4753640, -0.3607168, -0.0886193)    0    0   -18.79759979  0 0.400 -22.70176706
(-24.8944905, -37.0549252, 23.4468834, 0.8963131, 0.3612703, -0.2498836, -0.0605380)    0    0   -20.56562198  3 0.480 -28.74797523
(-19.9390627, -41.9985464, 29.1764628, 0.8520817, 0.4624376, -0.1918511, -0.1526477)    0    0   -20.19243288  0 0.400 -23.83809720
(-26.2295803, -33.5141701, 26.9521880, 0.8471287, 0.4169873, -0.3263580, -0.0445542)    0    0   -26.86302382  11 0.000 -35.14659175
(-24.9818780, -36.9526248, 23.3339942, 0.8963088, 0.3612786, -0.2498841, -0.0605500)    0    0   -18.33266993  0 0.400 -22.35656500
(-29.9473151, -38.1962566, 33.6290962, 0.7830432, 0.4976083, -0.3565162, 0.1101159)    0    0   -25.62199926  9 0.080 -31.39159493
(-19.8456990, -41.9194378, 28.9998244, 0.8520817, 0.4624376, -0.1918511, -0.1526477)    0    0   -22.32943713  15 0.000 -30.95891498
(-29.4133860, -38.0688903, 33.3788741, 0.7830432, 0.4976083, -0.3565162, 0.1101159)    0    0   -26.08823986  13 2.080 -35.61949937
(-25.3087447, -36.4790628, 38.1771229, 0.7884942, 0.4673540, -0.3933190, -0.0718148)    0    0   -18.35424645  9 0.040 -24.02544406
(-28.7724257, -29.3466852, 23.7610310, 0.8289321, 0.2900907, -0.4675849, 0.1004158)    0    0   -27.33161739  6 1.640 -35.64241862
(-31.1673008, -36.9185789, 26.0134370, 0.8168150, 0.4210391, -0.3206403, 0.2296281)    0    0   -23.88874202  9 0.440 -27.07635460
(-26.3318709, -33.5369482, 27.1819794, 0.8471306, 0.4169854, -0.3263554, -0.0445548)    0    0   -25.97862160  9 0.240 -32.95835201
(-29.8282141, -38.1189181, 33.3412571, 0.7830432, 0.4976083, -0.3565162, 0.1101159)    0    0   -24.34086411  6 0.480 -30.16476595
(-25.3124741, -33.4932009, 20.5751047, 0.9318549, 0.2607536, -0.2403061, 0.0768565)    0    0   -8.24056469  9 1.880 -9.05043241
(-25.3093206, -36.1799643, 37.1893942, 0.7884940, 0.4673539, -0.3933196, -0.0718146)    0    0   -15.93507004  2 1.320 -19.34445910
(-24.9273530, -36.9891657, 23.2466826, 0.8962854, 0.3613238, -0.2498869, -0.0606149)    0    0   -16.98021684  4 3.000 -21.84095318
(-28.9908155, -29.1299434, 24.0802917, 0.8289321, 0.2900907, -0.4675849, 0.1004158)    0    0   -26.63273234  3 2.440 -33.01248676
(-21.6605720, -35.4986560, 37.9550072, 0.7976376, 0.4754588, -0.3603097, -0.0888266)    0    0   -20.69244280  15 0.000 -26.36530598
(-25.0433402, -36.9991446, 23.4115646, 0.8963037, 0.3612883, -0.2498847, -0.0605639)    0    0   -17.06811024  5 0.640 -19.76906805
(-21.7067182, -35.4067037, 38.1319717, 0.7975833, 0.4754095, -0.3605213, -0.0887189)    0    0   -16.78809429  0 3.040 -20.96492579
(-31.4731480, -36.7626556, 26.6859145, 0.8168150, 0.4210391, -0.3206403, 0.2296281)    0    0   -20.91208452  3 5.000 -26.72523931
(-25.4364413, -36.4460129, 37.9259637, 0.7884941, 0.4673539, -0.3933192, -0.0718148)    0    0   -16.20264736  4 1.960 -19.75336086
(-29.7681751, -38.1485004, 33.3939390, 0.7830432, 0.4976083, -0.3565162, 0.1101159)    0    0   -23.85507152  3 0.880 -29.29478778
(-26.1492284, -33.7545600, 26.9542486, 0.8471318, 0.4169842, -0.3263537, -0.0445552)    0    0   -26.33851730  11 0.240 -33.98375928
(-29.7189993, -38.1321723, 33.3878744, 0.7830432, 0.4976083, -0.3565162, 0.1101159)    0    0   -22.98239651  0 5.000 -28.72799564
(-25.4433301, -32.5801273, 19.8962607, 0.9318549, 0.2607536, -0.2403061, 0.0768565)    0    0   -7.42146669  3 2.040 -8.71942924
(-22.0424048, -35.4184180, 37.9464071, 0.7976202, 0.4754430, -0.3603776, -0.0887920)    0    0   -18.29911224  6 0.320 -21.50612167
(-20.1786815, -42.2286281, 29.1235384, 0.8520817, 0.4624376, -0.1918511, -0.1526477)    0    0   -21.35083493  7 0.240 -26.44762084
(-24.5252408, -38.5188343, 30.7219103, 0.8042475, 0.4907220, -0.3271680, -0.0730681)    0    0   -23.31263067  3 5.000 -28.49047738
(-24.6151710, -38.6477568, 31.3550711, 0.8042475, 0.4907220, -0.3271680, -0.0730681)    0    0   -23.24406716  1 5.000 -28.19875374
(-21.4432520, -35.1202163, 38.0647195, 0.7976351, 0.4754565, -0.3603194, -0.0888217)    0    0   -21.32819733  0 0.400 -26.63475540
(-25.3288213, -36.2610187, 37.4645492, 0.7884939, 0.4673538, -0.3933197, -0.0718145)    0    0   -16.01454785  3 1.760 -19.84883031
(-26.0892782, -33.6898474, 26.9155982, 0.8471355, 0.4169805, -0.3263485, -0.0445563)    0    0   -26.41024247  1 0.720 -31.77924325
(-26.4258819, -33.5991953, 26.8358268, 0.8471355, 0.4169805, -0.3263486, -0.0445563)    0    0   -28.72296994  0 0.400 -37.12065103
(-20.2538995, -42.1411048, 28.7787355, 0.8520817, 0.4624376, -0.1918511, -0.1526477)    0    0   -18.32354338  2 0.720 -19.88912238
(-24.8444739, -36.0870101, 38.0890765, 0.7884942, 0.4673540, -0.3933190, -0.0718149)    0    0   -16.88406923  2 0.640 -20.18240194
(-21.4089353, -35.4258823, 38.1429215, 0.7976461, 0.4754665, -0.3602766, -0.0888434)    0    0   -18.44847448  0 0.560 -22.89029380
(-25.3090155, -36.3059393, 37.7076295, 0.7884942, 0.4673540, -0.3933189, -0.0718149)    0    0   -16.46535384  2 0.880 -20.27813790
(-25.3895083, -35.9874919, 37.1017501, 0.7884940, 0.4673539, -0.3933194, -0.0718146)    0    0   -16.74082869  7 1.080 -19.39301391
(-26.0557720, -33.5909545, 26.9565481, 0.8471312, 0.4169848, -0.3263545, -0.0445550)    0    0   -27.38706099  4 0.480 -34.54947392
(-22.2080324, -35.5443802, 38.0639859, 0.7931905, 0.4714726, -0.3769836, -0.0802859)    0    0   -17.14408381  2 3.760 -21.30806789
(-25.5250619, -33.0963041, 20.0674762, 0.9318549, 0.2607536, -0.2403061, 0.0768565)    0    0   -8.85550292  12 0.000 -10.87131222
(-24.8797621, -37.0831312, 23.3511113, 0.9008043, 0.3523061, -0.2493075, -0.0477260)    0    0   -20.48687211  14 0.840 -24.73403404
(-19.5025444, -42.6633267, 29.0486746, 0.8520817, 0.4624376, -0.1918511, -0.1526477)    0    0   -21.15527289  0 0.400 -26.65889843
(-28.3009591, -29.3050162, 24.1088974, 0.8289321, 0.2900907, -0.4675849, 0.1004158)    0    0   -29.69139394  8 0.840 -40.75758720
(-24.9017558, -36.5968044, 23.0094969, 0.9175583, 0.3122311, -0.2460327, 0.0081451)    0    0   -16.04106568  5 4.840 -20.04251844
(-29.6195496, -38.1188487, 33.2481223, 0.7830432, 0.4976083, -0.3565162, 0.1101159)    0    0   -26.89761686  14 0.080 -32.59831264
(-29.8481398, -38.1586906, 33.3919725, 0.7830432, 0.4976083, -0.3565162, 0.1101159)    0    0   -23.99899970  4 0.640 -29.11189994
(-31.5200775, -36.8280777, 26.5508880, 0.8168150, 0.4210391, -0.3206403, 0.2296281)    0    0   -24.87019151  5 0.440 -33.95113004
(-19.6223514, -42.4937298, 29.1060471, 0.8520817, 0.4624376, -0.1918511, -0.1526477)    0    0   -16.63903664  1 5.000 -20.10506089
(-24.5787196, -38.6285446, 31.2042778, 0.8042475, 0.4907220, -0.3271680, -0.0730681)    0    0   -28.32650625  7 0.400 -36.63392605
(-25.9970102, -33.6296360, 27.0531072, 0.8471355, 0.4169805, -0.3263485, -0.0445563)    0    0   -27.15406062  0 0.400 -34.39100011
(-24.8993808, -38.8359206, 31.2060980, 0.8042475, 0.4907220, -0.3271680, -0.0730681)    0    0   -24.79558904  1 0.560 -30.59421915
(-29.7515132, -38.2629876, 33.7417385, 0.7830432, 0.4976083, -0.3565162, 0.1101159)    0    0   -26.16891226  0 0.560 -32.49693453
(-19.9226448, -30.5425073, 23.1204838, 0.8978088, 0.3461111, -0.2718806, -0.0150798)    0    0   -16.14565413  7 4.840 -21.97072862
(-21.2649646, -35.3172408, 38.4847939, 0.7976457, 0.4754661, -0.3602783, -0.0888426)    0    0   -20.17407023  0 0.720 -26.16322279
(-24.7954873, -36.9864425, 23.2673618, 0.8968973, 0.3601358, -0.2498140, -0.0589099)    0    0   -18.52951210  10 0.360 -23.80013347
(-21.7236297, -35.4375915, 38.0466859, 0.7975893, 0.4754149, -0.3604980, -0.0887307)    0    0   -17.30793558  2 2.720 -21.72869178
(-25.9078477, -33.8901862, 26.8521321, 0.8471330, 0.4169830, -0.3263520, -0.0445555)    0    0   -25.89242789  7 0.240 -32.05675623
(-31.3238874, -36.8390629, 26.2108428, 0.8168150, 0.4210391, -0.3206403, 0.2296281)    0    0   -20.43379415  1 5.000 -24.95870506
(-29.5698145, -38.0051064, 33.3101122, 0.7830432, 0.4976083, -0.3565162, 0.1101159)    0    0   -25.96681570  12 0.480 -35.38431886
(-31.5978264, -36.6986644, 27.0885329, 0.8168150, 0.4210391, -0.3206403, 0.2296281)    0    0   -21.64210645  4 0.680 -24.74638083
(-24.7344478, -36.9441540, 23.5998980, 0.8962903, 0.3613144, -0.2498863, -0.0606014)    0    0   -17.72972240  7 0.360 -21.33300894
(-24.5470598, -38.5968258, 31.1098165, 0.8042475, 0.4907220, -0.3271680, -0.0730681)    0    0   -24.33245814  6 0.800 -31.51744037
(-29.3573945, -38.0538321, 33.3681957, 0.7830432, 0.4976083, -0.3565162, 0.1101159)    0    0   -26.94579628  10 0.160 -34.49620470
(-26.2650386, -33.7102994, 27.0101911, 0.8471287, 0.4169873, -0.3263580, -0.0445542)    0    0   -27.81664409  14 0.000 -34.75392504
(-24.5247687, -38.5547348, 30.9176898, 0.8042475, 0.4907220, -0.3271680, -0.0730681)    0    0   -24.37862229  7 4.000 -30.63666389
(-25.3903225, -33.0408491, 20.5654334, 0.9318549, 0.2607536, -0.2403061, 0.0768565)    0    0   -8.80750573  8 0.280 -11.10303627
(-22.0527767, -35.2873965, 37.7818239, 0.7976527, 0.4754725, -0.3602508, -0.0888566)    0    0   -17.71672385  3 0.560 -21.20092777
(-19.9434912, -41.9214028, 28.9422609, 0.8520817, 0.4624376, -0.1918511, -0.1526477)    0    0   -20.47719447  0 0.400 -24.07738793
(-28.5743636, -29.3044770, 23.8649444, 0.8289321, 0.2900907, -0.4675849, 0.1004158)    0    0   -26.18043580  1 5.000 -32.72980349
(-31.4757686, -36.7612920, 26.6939556, 0.8168150, 0.4210391, -0.3206403, 0.2296281)    0    0   -20.90376448  2 4.280 -26.70483010
(-24.6198303, -38.6544540, 31.3836278, 0.8042475, 0.4907220, -0.3271680, -0.0730681)    0    0   -23.29411539  2 5.000 -28.26625507
(-24.5878542, -38.6086037, 31.1629012, 0.8042475, 0.4907220, -0.3271680, -0.0730681)    0    0   -22.68291265  0 5.000 -28.35364081
(-21.4699251, -34.8685851, 38.5014942, 0.7976304, 0.4754523, -0.3603376, -0.0888124)    0    0   -22.33194997  0 0.560 -28.88466670
(-24.9333531, -36.9276408, 23.2726873, 0.8962806, 0.3613330, -0.2498874, -0.0606282)    0    0   -16.77178872  1 2.680 -21.40224714
(-26.1550609, -33.6927826, 26.9943911, 0.8471306, 0.4169854, -0.3263554, -0.0445548)    0    0   -25.39922001  0 0.400 -30.14837069
(-21.7761668, -35.4393943, 38.2348668, 0.7976387, 0.4754598, -0.3603053, -0.0888288)    0    0   -20.00095686  4 0.480 -25.00139038
(-26.0822283, -33.5942940, 26.7990369, 0.8471275, 0.4169885, -0.3263597, -0.0445539)    0    0   -26.99744326  2 0.480 -33.56090309
(-29.4936630, -38.4146434, 33.3337485, 0.7830432, 0.4976083, -0.3565162, 0.1101159)    0    0   -26.31884637  0 0.480 -32.39623728
(-19.7804850, -30.3018007, 23.3382326, 0.8978088, 0.3461111, -0.2718806, -0.0150798)    0    0   -15.88199241  6 2.280 -20.29769999
(-26.3710608, -33.7726572, 27.1012505, 0.8471306, 0.4169854, -0.3263554, -0.0445548)    0    0   -26.00760686  8 0.160 -32.07881872
(-28.4853448, -29.3540404, 23.9063564, 0.8289321, 0.2900907, -0.4675849, 0.1004158)    0    0   -26.72407242  4 2.760 -32.61815356
(-29.2817762, -37.9762242, 33.3256626, 0.7830432, 0.4976083, -0.3565162, 0.1101159)    0    0   -23.12456236  1 2.480 -28.58810058
(-26.4522214, -34.0166614, 27.2215527, 0.8471368, 0.4169793, -0.3263468, -0.0445567)    0    0   -26.84510019  0 0.560 -34.53438508
(-25.3174136, -36.1281967, 37.0096289, 0.7884939, 0.4673538, -0.3933199, -0.0718144)    0    0   -15.88299964  1 1.440 -19.53987034
(-24.6561935, -38.7054119, 31.4904320, 0.8042475, 0.4907220, -0.3271680, -0.0730681)    0    0   -23.39487599  4 0.880 -28.32324010
(-20.2668968, -30.3277376, 23.2853023, 0.8978088, 0.3461111, -0.2718806, -0.0150798)    0    0   -15.58510220  4 4.920 -19.24437954
(-26.1545875, -33.6913139, 26.9891242, 0.8471256, 0.4169903, -0.3263622, -0.0445533)    0    0   -24.04794740  0 2.880 -30.03402768
(-19.5209128, -30.4921958, 23.1863827, 0.8978088, 0.3461111, -0.2718806, -0.0150798)    0    0   -14.81204361  2 2.120 -17.95167517
(-24.3298063, -38.6056136, 30.8511004, 0.8042475, 0.4907220, -0.3271680, -0.0730681)    0    0   -24.94523723  3 0.400 -28.22213377
(-24.6258427, -38.5670046, 30.6737873, 0.8042475, 0.4907220, -0.3271680, -0.0730681)    0    0   -24.55928324  8 0.320 -30.26188118
(-21.7682657, -35.2728812, 38.5029250, 0.7976561, 0.4754755, -0.3602377, -0.0888632)    0    0   -20.79364389  0 0.400 -25.75970512
(-29.8415792, -37.9335005, 33.1963693, 0.7830432, 0.4976083, -0.3565162, 0.1101159)    0    0   -24.37322322  3 0.520 -30.48113404
(-25.4929753, -33.0617786, 20.3808456, 0.9318549, 0.2607536, -0.2403061, 0.0768565)    0    0   -8.24502520  6 0.560 -9.36824032
(-19.6793480, -42.6174670, 29.1027346, 0.8520817, 0.4624376, -0.1918511, -0.1526477)    0    0   -20.13317034  0 0.400 -24.32794476
(-29.4115397, -38.4047224, 33.2732849, 0.7830432, 0.4976083, -0.3565162, 0.1101159)    0    0   -28.68283863  7 0.240 -36.79150597
(-21.8803454, -35.5766125, 38.1214065, 0.7976354, 0.4754568, -0.3603183, -0.0888222)    0    0   -20.74201200  1 0.640 -28.52620959
(-28.9851612, -29.1308944, 24.0809573, 0.8289321, 0.2900907, -0.4675849, 0.1004158)    0    0   -27.53760760  7 4.840 -36.12381765
(-25.9293359, -33.7904953, 26.4017940, 0.8471368, 0.4169793, -0.3263468, -0.0445567)    0    0   -26.20948951  12 0.320 -33.63271428
(-21.9343649, -35.5317920, 37.7769970, 0.7976428, 0.4754635, -0.3602894, -0.0888369)    0    0   -18.45578860  6 0.160 -21.33663161
(-26.1071999, -33.5251488, 27.0310138, 0.8471256, 0.4169903, -0.3263622, -0.0445533)    0    0   -25.79614638  7 0.480 -33.03290221
(-31.1462148, -36.9212157, 26.0762215, 0.8168150, 0.4210391, -0.3206403, 0.2296281)    0    0   -24.39737491  7 0.120 -29.48164601
(-26.0932247, -33.5663529, 26.9263376, 0.8471324, 0.4169836, -0.3263528, -0.0445554)    0    0   -27.54964215  6 0.320 -34.96417943
(-25.3421900, -36.3215683, 37.6794696, 0.7884941, 0.4673539, -0.3933193, -0.0718147)    0    0   -16.97376440  11 0.680 -22.44987579
(-26.0542604, -33.7761547, 27.1373022, 0.8471355, 0.4169805, -0.3263486, -0.0445563)    0    0   -28.27735813  0 0.400 -36.45725411
(-25.3910158, -32.7187562, 20.5688068, 0.9318549, 0.2607536, -0.2403061, 0.0768565)    0    0   -7.85565733  4 0.480 -8.81190029
(-26.1588511, -33.3542047, 27.1555445, 0.8471281, 0.4169879, -0.3263588, -0.0445541)    0    0   -24.24491444  1 0.720 -29.07657677
(-30.0143211, -38.1356010, 33.5948935, 0.7830432, 0.4976083, -0.3565162, 0.1101159)    0    0   -25.71458217  0 0.400 -32.55135004
(-19.8214176, -30.0603698, 23.5379765, 0.8978088, 0.3461111, -0.2718806, -0.0150798)    0    0   -14.60762897  1 4.920 -17.02575035
(-19.7238203, -42.1364842, 28.8899625, 0.8520817, 0.4624376, -0.1918511, -0.1526477)    0    0   -19.43024478  4 0.480 -23.79904493
(-26.0832536, -33.3945440, 27.0712777, 0.8471293, 0.4169867, -0.3263571, -0.0445544)    0    0   -26.39187805  13 0.000 -33.56158465
(-19.9944564, -42.3314252, 28.8395096, 0.8520817, 0.4624376, -0.1918511, -0.1526477)    0    0   -19.95711902  7 0.560 -23.99337629
(-31.5539963, -36.7225905, 26.9576153, 0.8168150, 0.4210391, -0.3206403, 0.2296281)    0    0   -22.91953482  6 0.360 -26.82753549
(-24.6904877, -37.1266777, 23.2898505, 0.8962899, 0.3613151, -0.2498863, -0.0606024)    0    0   -20.34842908  5 0.480 -28.97550894
(-21.5270232, -35.6413335, 38.2087958, 0.7976245, 0.4754469, -0.3603608, -0.0888006)    0    0   -17.83259724  1 0.720 -21.64064483
(-29.6965052, -38.0580238, 33.2946805, 0.7830432, 0.4976083, -0.3565162, 0.1101159)    0    0   -27.04679000  0 0.480 -31.33233469
(-25.3451282, -32.7657856, 20.2643114, 0.9318549, 0.2607536, -0.2403061, 0.0768565)    0    0   -7.63783019  5 1.880 -9.41979665
(-31.3596740, -36.8208038, 26.3220881, 0.8168150, 0.4210391, -0.3206403, 0.2296281)    0    0   -22.94318396  7 0.600 -29.73380836
(-25.3524491, -32.7807176, 20.2714921, 0.9318549, 0.2607536, -0.2403061, 0.0768565)    0    0   -7.43877539  4 0.920 -9.34295136
(-26.2023007, -33.7889323, 27.0734699, 0.8471330, 0.4169830, -0.3263520, -0.0445555)    0    0   -27.48195781  4 0.480 -34.84994460
(-25.5937431, -36.4907921, 37.6418308, 0.7884942, 0.4673540, -0.3933190, -0.0718148)    0    0   -18.06146211  0 0.680 -24.08532138
(-25.2966364, -36.8231604, 23.3056092, 0.8962900, 0.3613150, -0.2498863, -0.0606022)    0    0   -17.17290848  5 0.440 -20.03412612
(-25.2353837, -33.0313215, 20.7842679, 0.9318549, 0.2607536, -0.2403061, 0.0768565)    0    0   -7.65037891  6 0.600 -9.41649768
