#Coordinates  RecID  LigID  Luciferin  Neighbor's number  Vision Range  Scoring
(-25.4504154, -32.4324846, 20.7831754, 0.9317940, 0.2609559, -0.2403883, 0.0766511)    0    0   -13.73599041  2 5.000 -15.07021832
(-25.9450200, -34.3229040, 27.5685945, 0.8444013, 0.4202174, -0.3290435, -0.0461964)    0    0   -28.81412220  0 3.800 -35.60543583
(-25.4923270, -34.1355778, 28.1562910, 0.8477482, 0.4163111, -0.3258829, -0.0425257)    0    0   -33.50164057  11 1.000 -39.99819015
(-19.8198091, -41.2862089, 30.1259728, 0.8516968, 0.4627624, -0.1923523, -0.1531800)    0    0   -24.33012433  8 2.680 -29.02248031
(-25.8726925, -28.5547308, 29.6905304, 0.8293144, 0.4007685, -0.3858392, 0.0524441)    0    0   -78.79681440  7 2.280 -93.81225191
(-28.7932129, -41.5868670, 28.8797119, 0.7927628, 0.5142405, -0.3047558, 0.1191962)    0    0   -27.41071222  1 5.000 -32.78637173
(-18.9406925, -31.0039899, 36.1638471, 0.8033276, 0.4758832, -0.3447496, -0.0966833)    0    0   -67.57183721  8 4.440 -83.58066729
(-22.2612785, -31.2167881, 22.0460773, 0.8909242, 0.3579557, -0.2779217, -0.0296862)    0    0   -25.74989726  0 0.920 -29.65735674
(-29.6472084, -28.9308120, 23.9967478, 0.8289578, 0.2903830, -0.4675574, 0.0994824)    0    0   -29.10604405  2 5.000 -35.19710598
(-25.7539958, -34.2695178, 27.9459101, 0.8443643, 0.4202456, -0.3291403, -0.0459260)    0    0   -29.76566112  5 0.760 -37.26345186
(-19.5142940, -33.2005539, 36.5562848, 0.8007844, 0.4768136, -0.3501997, -0.0935593)    0    0   -56.60488437  12 3.080 -66.32968169
(-23.9969631, -26.5103406, 25.4272557, 0.8610004, 0.3043961, -0.3711392, 0.1681575)    0    0   -69.98103553  3 3.320 -84.20080699
(-31.4855388, -34.0354181, 28.0324617, 0.8150302, 0.4185647, -0.3342413, 0.2209346)    0    0   -36.51076819  8 3.640 -46.94378625
(-18.6245523, -30.5510635, 35.5668714, 0.8064736, 0.4700250, -0.3461198, -0.0942222)    0    0   -74.47235889  7 1.960 -92.36145420
(-28.8107292, -41.1443479, 29.1070003, 0.7927684, 0.5142363, -0.3047658, 0.1191514)    0    0   -29.72632747  3 4.120 -37.17602320
(-24.4861591, -36.0079645, 38.0256601, 0.7885183, 0.4672826, -0.3933428, -0.0718844)    0    0   -19.33974483  4 5.000 -24.77834038
(-20.4314838, -42.2723854, 29.3813535, 0.8520831, 0.4623645, -0.1918516, -0.1528608)    0    0   -21.49983476  1 4.360 -26.51156519
(-24.7538227, -37.6261141, 23.3599471, 0.8939600, 0.3629188, -0.2532008, -0.0708152)    0    0   -21.90682448  6 4.920 -27.62643115
(-19.1547077, -37.1644257, 31.6916883, 0.8443011, 0.4723793, -0.2021098, -0.1522009)    0    0   -43.09252520  5 3.160 -45.33466705
(-27.1746020, -40.3134346, 29.9683109, 0.8038964, 0.4937694, -0.3266699, -0.0568249)    0    0   -32.69932471  17 2.760 -41.28036852
(-29.8183067, -37.3224614, 33.9177401, 0.7830555, 0.4976232, -0.3564061, 0.1103173)    0    0   -26.18600942  4 3.960 -32.00413276
(-24.4617909, -35.9793876, 38.0979905, 0.7886517, 0.4672893, -0.3930119, -0.0721868)    0    0   -19.08975878  3 3.640 -24.72387118
(-28.8240967, -40.8579929, 29.2723396, 0.7927644, 0.5142391, -0.3047535, 0.1191977)    0    0   -28.46009457  2 5.000 -34.87839966
(-20.1571063, -42.2716913, 29.0868929, 0.8520541, 0.4623334, -0.1918908, -0.1530668)    0    0   -22.19350647  4 5.000 -28.53737480
(-20.0969777, -41.7711085, 29.2097995, 0.8523401, 0.4627070, -0.1915651, -0.1507363)    0    0   -26.21068333  12 2.520 -32.16414900
(-18.5617691, -30.5308692, 35.4908838, 0.8066785, 0.4703535, -0.3447724, -0.0957570)    0    0   -76.12769642  11 1.320 -93.01574687
(-23.1721655, -37.0619477, 23.5494470, 0.8943909, 0.3641907, -0.2508966, -0.0669393)    0    0   -26.13001031  13 2.280 -32.29126710
(-24.8728805, -39.2882672, 31.2810686, 0.8043317, 0.4906278, -0.3270512, -0.0732971)    0    0   -25.57678505  1 3.960 -30.73413392
(-26.8731343, -29.1941928, 29.4161994, 0.8297584, 0.4040793, -0.3814260, 0.0522981)    0    0   -66.75179789  5 5.000 -79.67652728
(-25.7958314, -34.2014106, 28.0057881, 0.8444392, 0.4202096, -0.3289861, -0.0459837)    0    0   -29.50923528  5 4.120 -36.74750572
(-23.9331712, -31.7215997, 21.5675995, 0.9270220, 0.2761243, -0.2464994, 0.0601960)    0    0   -23.33767539  6 2.680 -26.82668559
(-20.5269359, -35.5092796, 38.3295057, 0.8020990, 0.4797573, -0.3418405, -0.0980572)    0    0   -21.53647671  2 3.480 -25.14449977
(-24.9525320, -38.7457912, 30.6651097, 0.8043421, 0.4905508, -0.3271310, -0.0733413)    0    0   -27.05244932  3 2.360 -33.32241797
(-21.4138701, -35.6378661, 37.9418018, 0.7927268, 0.4706372, -0.3791748, -0.0794438)    0    0   -22.36430701  8 3.480 -30.03849437
(-19.4414105, -40.2008763, 31.0254399, 0.8507365, 0.4641179, -0.1933630, -0.1531430)    0    0   -28.40925775  8 3.080 -35.28534227
(-19.9882321, -30.8299345, 22.8557583, 0.8877430, 0.3667349, -0.2760458, -0.0348795)    0    0   -44.97542718  6 3.240 -38.08051301
(-24.6716803, -32.0147869, 21.2083763, 0.9309679, 0.2637300, -0.2415157, 0.0735894)    0    0   -17.83302528  3 4.760 -18.38548944
(-24.3108314, -35.0649163, 38.2418833, 0.7890737, 0.4672663, -0.3921574, -0.0723704)    0    0   -24.63562027  9 1.320 -28.74995806
(-24.6537837, -35.9990026, 38.0684384, 0.7885339, 0.4672092, -0.3933808, -0.0719814)    0    0   -18.39386757  2 5.000 -24.43098339
(-24.4350294, -37.5722189, 23.2298414, 0.8946464, 0.3644625, -0.2500690, -0.0651181)    0    0   -18.12235110  0 4.040 -21.09519361
(-29.2117913, -28.9281255, 24.2334613, 0.8289321, 0.2900903, -0.4675849, 0.1004170)    0    0   -28.41407853  0 5.000 -35.47265838
(-18.6947187, -30.5234335, 35.7157031, 0.8072796, 0.4677731, -0.3472732, -0.0942831)    0    0   -71.19648166  6 1.560 -84.14743446
(-26.3279580, -34.0807982, 27.5039222, 0.8452167, 0.4191096, -0.3286404, -0.0441748)    0    0   -29.00283282  1 1.400 -34.90827826
(-29.6014511, -37.6343412, 33.5939826, 0.7830568, 0.4976199, -0.3564104, 0.1103090)    0    0   -26.77502314  6 4.920 -34.15235354
(-19.1750019, -30.7308531, 36.1964061, 0.8024881, 0.4749656, -0.3486296, -0.0942226)    0    0   -67.06127771  7 3.800 -84.16246155
(-24.6994280, -35.9568948, 38.1059093, 0.7886641, 0.4671854, -0.3931056, -0.0722130)    0    0   -20.01965163  5 2.680 -24.39361787
(-29.3493577, -28.9289728, 24.1586751, 0.8289448, 0.2902576, -0.4675715, 0.0998894)    0    0   -28.96398109  1 5.000 -34.45438968
(-30.0430696, -36.7387127, 33.8478889, 0.7828188, 0.4973030, -0.3576452, 0.1094272)    0    0   -32.03545083  14 0.840 -41.33445195
(-25.8386028, -30.5744584, 29.3072082, 0.8493683, 0.4105833, -0.3308381, -0.0232601)    0    0   -58.80508461  11 4.120 -68.26826148
(-25.7676321, -35.2842399, 26.4182168, 0.8876907, 0.3699976, -0.2647552, -0.0707924)    0    0   -32.52749143  25 3.240 -44.52420325
(-30.0846104, -36.7147374, 33.7534692, 0.7828658, 0.4972610, -0.3573468, 0.1102539)    0    0   -31.48319908  12 1.400 -40.43002432
(-19.3571902, -40.0082631, 27.8134882, 0.8524442, 0.4626540, -0.1914185, -0.1504958)    0    0   -27.25613834  14 3.480 -36.61651475
(-31.5192299, -34.0180532, 28.0572161, 0.8154408, 0.4189501, -0.3314595, 0.2228714)    0    0   -37.70990349  9 3.800 -47.48882302
(-20.3530328, -41.8838106, 28.9830901, 0.8520762, 0.4623594, -0.1918697, -0.1528921)    0    0   -21.96504761  3 4.760 -26.53337580
(-20.1156027, -42.1067450, 28.9822988, 0.8520707, 0.4623715, -0.1918747, -0.1528799)    0    0   -21.72791227  2 4.760 -26.21168439
(-24.6874523, -35.9698799, 38.0631454, 0.7886738, 0.4673364, -0.3929243, -0.0721168)    0    0   -22.58264009  9 1.800 -26.45890395
(-24.3503699, -37.5380437, 23.2381150, 0.8945358, 0.3641386, -0.2506598, -0.0661694)    0    0   -20.40742956  1 4.520 -26.16862210
(-23.4084496, -31.5826364, 21.6768324, 0.9204526, 0.2944956, -0.2538031, 0.0402920)    0    0   -25.72780311  5 1.320 -31.02930201
(-24.9121510, -37.8930107, 22.9388708, 0.8942344, 0.3634705, -0.2520373, -0.0686390)    0    0   -21.59468772  3 5.000 -28.07844313
(-31.4685523, -37.1748661, 27.1429576, 0.8168170, 0.4210429, -0.3206220, 0.2296398)    0    0   -25.10323384  0 5.000 -31.36042207
(-18.9976538, -37.9982655, 31.6156085, 0.8475586, 0.4685761, -0.1969900, -0.1525642)    0    0   -36.37348769  6 3.160 -37.13362646
(-25.2234550, -39.4213826, 30.8629392, 0.8034000, 0.4914829, -0.3284003, -0.0717371)    0    0   -27.90151121  5 1.080 -31.79997665
(-23.6558474, -37.5857219, 23.6405376, 0.8941622, 0.3646012, -0.2510556, -0.0671641)    0    0   -26.20196444  14 1.720 -33.36715628
(-25.9361029, -34.0302692, 28.0554450, 0.8474813, 0.4165532, -0.3260751, -0.0439769)    0    0   -31.62256213  10 0.520 -39.03865157
(-20.1708215, -35.5675953, 37.5249301, 0.7996527, 0.4773637, -0.3521877, -0.0929697)    0    0   -24.65203062  9 2.440 -30.76113365
(-20.1393177, -41.2893359, 29.9332990, 0.8517688, 0.4626711, -0.1922656, -0.1531647)    0    0   -25.04360447  9 2.840 -31.33841569
(-20.3035815, -34.0157870, 37.0585577, 0.8013515, 0.4784541, -0.3460298, -0.0958166)    0    0   -45.96537007  10 2.440 -52.69887187
(-21.5137104, -31.8693293, 22.4136948, 0.9217775, 0.2913039, -0.2519913, 0.0443694)    0    0   -24.20852806  7 3.400 -30.26832302
(-19.1428616, -31.5244563, 36.2285757, 0.8018538, 0.4769542, -0.3469704, -0.0956908)    0    0   -66.43523983  5 4.680 -81.74848685
(-29.2258970, -33.0727290, 35.1421445, 0.7811334, 0.4936067, -0.3670558, 0.1070193)    0    0   -46.27712991  6 4.120 -56.45135265
(-25.9129704, -34.3547581, 27.5530495, 0.8449509, 0.4195085, -0.3287507, -0.0446502)    0    0   -29.20295993  4 5.000 -36.71343421
(-19.0764365, -38.1020723, 31.7330286, 0.8466177, 0.4695592, -0.1985954, -0.1526845)    0    0   -35.50658205  5 3.240 -36.30911945
(-24.3917448, -32.0166753, 21.2322553, 0.9309685, 0.2637189, -0.2415093, 0.0736429)    0    0   -18.77873341  4 5.000 -19.43716900
(-23.6000146, -26.0365463, 24.9000799, 0.8610124, 0.3043798, -0.3711281, 0.1681503)    0    0   -69.61535375  2 4.280 -85.53773218
(-28.9339525, -28.8961252, 24.4234323, 0.8289653, 0.2904451, -0.4675483, 0.0992809)    0    0   -30.52557087  4 5.000 -39.85350411
(-20.0879239, -31.9770351, 22.8135145, 0.8870389, 0.3701468, -0.2738224, -0.0342730)    0    0   -39.32429401  7 3.560 -43.32578746
(-18.9413948, -31.7865387, 35.9269281, 0.8021074, 0.4720414, -0.3542170, -0.0912737)    0    0   -66.98617212  4 2.680 -81.93195962
(-24.7538413, -37.5988995, 23.3564926, 0.8939746, 0.3637024, -0.2525338, -0.0689685)    0    0   -24.00600699  12 0.520 -25.95429385
(-20.0267485, -42.1238085, 28.9447999, 0.8520873, 0.4625158, -0.1918324, -0.1524033)    0    0   -22.55704515  5 2.920 -26.65105815
(-24.9197694, -27.4671583, 30.0356440, 0.8164323, 0.3907226, -0.4148673, 0.0930554)    0    0   -89.32928695  6 2.280 -109.69416623
(-24.2483998, -37.4872793, 23.2220248, 0.8944019, 0.3636861, -0.2514218, -0.0675631)    0    0   -21.77204776  5 4.920 -25.88808346
(-30.0634539, -37.0551454, 34.1391772, 0.7830598, 0.4976683, -0.3564429, 0.1099643)    0    0   -26.01509172  2 3.000 -32.18282028
(-20.4693605, -42.2295229, 29.4064661, 0.8520581, 0.4623222, -0.1918936, -0.1530755)    0    0   -22.79967695  7 4.840 -28.62295872
(-30.0291187, -37.0125675, 34.2242324, 0.7830573, 0.4976191, -0.3564111, 0.1103073)    0    0   -26.01574089  3 4.200 -32.21038953
(-23.8030007, -35.8735914, 38.0992232, 0.7888833, 0.4675265, -0.3921916, -0.0725798)    0    0   -21.56882985  7 2.200 -26.27085238
(-29.2074342, -28.9302208, 24.2341122, 0.8289813, 0.2907065, -0.4675279, 0.0984755)    0    0   -32.47473710  6 4.680 -43.79275746
(-30.8382863, -32.0618728, 28.7531515, 0.8131387, 0.4157915, -0.3480577, 0.2116098)    0    0   -44.53661670  6 4.040 -51.61255858
(-28.3133228, -29.3697909, 29.2812547, 0.8063814, 0.4065556, -0.3887155, 0.1826523)    0    0   -71.06791507  7 4.600 -87.85352621
(-29.8169789, -37.3243464, 33.9157338, 0.7830571, 0.4976223, -0.3564046, 0.1103151)    0    0   -25.82984366  1 3.000 -32.01692368
(-23.9501241, -31.7233325, 21.5794447, 0.9263277, 0.2781618, -0.2473350, 0.0580389)    0    0   -23.97652643  7 1.800 -27.53634582
(-24.6970156, -35.9897370, 38.0591022, 0.7884938, 0.4673537, -0.3933202, -0.0718142)    0    0   -16.17219184  0 5.000 -20.18708617
(-24.7457237, -37.6778780, 23.2829617, 0.8942760, 0.3637930, -0.2516422, -0.0678327)    0    0   -21.93755368  7 3.320 -27.58712437
(-23.8868817, -26.3540294, 25.2690752, 0.8610018, 0.3044012, -0.3711424, 0.1681340)    0    0   -70.78521190  4 4.920 -86.80678732
(-21.7498356, -35.6360430, 38.1358362, 0.7909985, 0.4690987, -0.3852882, -0.0762946)    0    0   -23.98395247  19 2.840 -30.85554111
(-22.7391388, -36.8833412, 23.6781261, 0.8946068, 0.3649131, -0.2496011, -0.0649331)    0    0   -27.07672991  14 2.280 -31.84543068
(-16.6632418, -29.9908374, 32.1201430, 0.8108062, 0.4668744, -0.3400953, -0.0946403)    0    0   -103.91887717  7 4.520 -133.78061417
(-31.3962947, -37.1042910, 27.5030129, 0.8168269, 0.4210286, -0.3206126, 0.2296439)    0    0   -25.88820332  2 5.000 -31.52867860
(-24.0015716, -35.2510886, 38.2650203, 0.7894948, 0.4676840, -0.3906625, -0.0731604)    0    0   -23.49972234  10 1.640 -28.73863744
(-29.8089875, -37.5742094, 33.8987219, 0.7830315, 0.4975914, -0.3565135, 0.1102842)    0    0   -29.37183260  10 0.520 -37.05397085
(-26.5453761, -29.4108034, 29.4282456, 0.8339398, 0.4033479, -0.3750129, 0.0349324)    0    0   -65.43166178  3 2.760 -73.70028739
(-29.6975710, -37.4646457, 33.9758719, 0.7830576, 0.4976148, -0.3564199, 0.1102960)    0    0   -26.52801012  5 4.760 -32.01012439
(-20.9457190, -31.7194512, 22.5847874, 0.8913255, 0.3581817, -0.2763891, -0.0292198)    0    0   -25.91292204  5 2.600 -25.09463183
(-18.6162295, -30.0680000, 35.6254261, 0.8094114, 0.4685893, -0.3404664, -0.0967468)    0    0   -74.72492080  8 1.640 -92.07793330
(-20.4071213, -42.4287087, 29.2087636, 0.8519820, 0.4624035, -0.1920096, -0.1531082)    0    0   -25.45521791  11 2.600 -30.51759089
(-24.4744186, -39.0661593, 30.9126339, 0.8034926, 0.4919523, -0.3284043, -0.0673297)    0    0   -30.00115063  8 1.480 -34.20134653
(-28.8099004, -41.1652185, 29.0962749, 0.7927684, 0.5142356, -0.3047569, 0.1191775)    0    0   -26.78585573  0 4.840 -32.77823481
(-20.6283842, -35.5110781, 38.2156130, 0.8011217, 0.4786095, -0.3463051, -0.0959677)    0    0   -22.96730444  7 1.160 -26.37805254
(-25.1049968, -35.8955715, 37.9770964, 0.7885187, 0.4672641, -0.3933578, -0.0719173)    0    0   -17.25189934  1 5.000 -20.06062712
(-23.7229141, -25.9300821, 24.9382323, 0.8610309, 0.3043548, -0.3711032, 0.1681556)    0    0   -73.41263648  5 5.000 -93.41980014
(-25.6726439, -28.1710346, 29.8019389, 0.8190708, 0.3936410, -0.4084632, 0.0856019)    0    0   -81.96750419  8 2.600 -101.96779650
(-20.2036995, -41.8803433, 28.9575695, 0.8521278, 0.4626326, -0.1917161, -0.1519680)    0    0   -22.73261271  6 2.280 -26.58567332
(-23.8356504, -34.4859293, 38.4220716, 0.7896619, 0.4673108, -0.3909996, -0.0719304)    0    0   -25.77154330  9 1.720 -30.38391365
(-20.5105157, -35.5159536, 38.2464812, 0.8022636, 0.4798397, -0.3412404, -0.0983969)    0    0   -19.83445406  0 3.640 -24.09401716
(-24.7594912, -35.8303438, 38.0915385, 0.7887974, 0.4673729, -0.3925897, -0.0723499)    0    0   -22.24073641  8 2.360 -26.55368154
(-23.7022184, -34.7631210, 38.0953698, 0.7893429, 0.4671344, -0.3918465, -0.0719696)    0    0   -24.97392181  8 1.800 -29.23070379
(-25.1773329, -34.1971105, 28.3546626, 0.8484257, 0.4153860, -0.3255326, -0.0407055)    0    0   -35.71414737  12 1.160 -40.89404615
(-20.9427683, -35.5461699, 38.3679449, 0.8020167, 0.4796432, -0.3422342, -0.0979151)    0    0   -22.12938830  3 1.240 -24.24141640
(-24.6012758, -32.0997078, 21.2780344, 0.9303336, 0.2657795, -0.2423447, 0.0714817)    0    0   -19.25568286  5 3.720 -19.17681424
(-25.2318741, -37.3795816, 23.6772312, 0.8935958, 0.3635600, -0.2537185, -0.0702684)    0    0   -28.81394364  13 0.920 -33.37641602
(-20.1637163, -40.0235015, 26.9935200, 0.8533634, 0.4633503, -0.1903359, -0.1443941)    0    0   -28.69037316  4 3.320 -34.18737563
(-23.9915478, -26.5087762, 25.4227632, 0.8610482, 0.3043283, -0.3710799, 0.1681667)    0    0   -69.24303214  1 5.000 -84.72281565
(-24.2639813, -37.4819510, 23.2306007, 0.8943719, 0.3637652, -0.2514193, -0.0675429)    0    0   -22.08977067  8 4.200 -25.90395373
(-29.8145327, -37.3278648, 33.9120819, 0.7830568, 0.4976265, -0.3563958, 0.1103264)    0    0   -25.65780799  0 5.000 -32.07223691
(-29.3703032, -32.9201658, 34.9333199, 0.7815460, 0.4946994, -0.3644612, 0.1078259)    0    0   -47.80260531  7 4.120 -57.84715242
(-31.4711145, -34.7906061, 27.8710974, 0.8163427, 0.4203145, -0.3244847, 0.2272225)    0    0   -35.58211733  6 4.520 -45.26314049
(-19.3672976, -39.6245817, 30.7680652, 0.8508929, 0.4641829, -0.1932347, -0.1522362)    0    0   -26.37068517  7 3.400 -31.41860478
(-24.8684764, -39.1938017, 31.0645900, 0.8043454, 0.4906179, -0.3270380, -0.0732706)    0    0   -28.05259953  7 3.000 -35.96539712
(-24.7015834, -27.7098653, 30.2531843, 0.8305538, 0.3996288, -0.3844098, 0.0520229)    0    0   -85.56300604  9 3.080 -107.06279925
(-24.8741471, -39.2002238, 31.1556667, 0.8043528, 0.4906334, -0.3269954, -0.0732764)    0    0   -25.17322056  0 3.960 -31.37137991
(-29.4593896, -33.9045544, 34.7777679, 0.7821789, 0.4959111, -0.3609915, 0.1093322)    0    0   -44.24612350  9 3.720 -54.87573816
(-18.7574702, -29.2645399, 23.7147910, 0.8725051, 0.3963181, -0.2791299, -0.0612639)    0    0   -71.91045426  7 4.440 -72.67941478
(-19.5346079, -33.7631913, 36.7900606, 0.8016929, 0.4787882, -0.3444712, -0.0969019)    0    0   -52.44475833  11 2.600 -61.18468761
(-24.1245981, -37.5459166, 23.0518876, 0.8943366, 0.3638191, -0.2514317, -0.0676743)    0    0   -20.44462547  2 2.920 -23.36355319
(-18.6140517, -30.1514445, 35.4501407, 0.8080903, 0.4679943, -0.3451754, -0.0939439)    0    0   -74.83932968  9 2.040 -90.74585182
(-26.1344493, -29.6647219, 29.4220153, 0.8404872, 0.4066107, -0.3578192, 0.0146450)    0    0   -65.41719949  2 4.120 -74.64089043
(-31.5813245, -36.0003277, 27.3796719, 0.8167120, 0.4208210, -0.3216295, 0.2290101)    0    0   -34.91646847  4 4.520 -42.58450631
(-29.5992669, -37.6371146, 33.5906902, 0.7830469, 0.4976679, -0.3565863, 0.1095919)    0    0   -28.64715391  7 1.720 -34.01215294
(-31.1394209, -33.1347802, 28.3941474, 0.8147023, 0.4179550, -0.3370345, 0.2190467)    0    0   -41.84695047  6 3.160 -48.91249710
(-24.8303063, -37.6889696, 23.3073740, 0.8934633, 0.3620520, -0.2552501, -0.0740890)    0    0   -23.91365295  11 1.160 -28.49760112
(-24.8697443, -39.1540089, 31.0295748, 0.8043519, 0.4906011, -0.3270422, -0.0732941)    0    0   -27.93212125  6 3.240 -35.75736861
(-30.1278628, -36.5915722, 33.9204098, 0.7829092, 0.4973743, -0.3571021, 0.1102270)    0    0   -31.87522678  12 1.160 -40.90937267
(-25.9086110, -34.3426195, 27.5807119, 0.8450959, 0.4192772, -0.3286946, -0.0444911)    0    0   -29.15633726  2 3.880 -36.54328279
(-28.3894584, -40.9181771, 29.3362778, 0.8006874, 0.5076610, -0.3145731, 0.0471556)    0    0   -32.54065395  16 3.640 -43.96935979
(-26.0602780, -32.3473791, 20.3702072, 0.9319990, 0.2602663, -0.2401077, 0.0773799)    0    0   -10.26726243  1 5.000 -11.44250509
(-19.7164716, -34.2483075, 37.0884709, 0.8012244, 0.4787047, -0.3458659, -0.0962186)    0    0   -47.83341316  10 2.280 -54.27074363
(-20.3749518, -42.2422865, 29.3098147, 0.8520517, 0.4623405, -0.1918891, -0.1530614)    0    0   -20.91653480  0 5.000 -26.14527431
(-29.2682510, -28.9418950, 24.1886187, 0.8289635, 0.2904899, -0.4675482, 0.0991661)    0    0   -30.60600911  5 2.280 -37.45715281
(-31.4976501, -37.1262880, 26.9292662, 0.8168204, 0.4210364, -0.3206285, 0.2296305)    0    0   -26.37884800  3 5.000 -33.47462097
(-24.8775138, -38.8453185, 30.6507623, 0.8040748, 0.4907626, -0.3274705, -0.0733403)    0    0   -27.10570641  4 3.880 -33.60567994
(-24.8803605, -38.9201030, 30.8009798, 0.8038176, 0.4909264, -0.3278699, -0.0732800)    0    0   -27.02170669  2 2.920 -31.89976652
(-20.4157482, -35.5561506, 37.7499962, 0.8019984, 0.4795935, -0.3423665, -0.0978459)    0    0   -22.93086233  6 1.000 -26.52753526
(-24.5438735, -37.5784425, 23.2947697, 0.8937262, 0.3624848, -0.2541671, -0.0725083)    0    0   -22.13877861  9 3.640 -26.08928567
(-25.9529158, -34.3590357, 27.5030274, 0.8473600, 0.4167183, -0.3261028, -0.0445412)    0    0   -29.99600044  8 2.840 -37.43558125
(-21.1001027, -35.5749607, 38.2465548, 0.7959976, 0.4737117, -0.3669561, -0.0856049)    0    0   -21.38072571  2 3.560 -25.83712130
(-26.2145783, -29.6576550, 29.4206868, 0.8390804, 0.4061906, -0.3615067, 0.0163163)    0    0   -63.67367730  1 4.600 -74.13807983
(-29.6626141, -37.3618721, 33.7553280, 0.7830518, 0.4976144, -0.3564344, 0.1102921)    0    0   -29.13554391  9 1.400 -37.44603149
(-20.1860822, -30.2458619, 22.8358398, 0.8794904, 0.3789979, -0.2832025, -0.0515128)    0    0   -47.18606337  7 3.320 -47.17268766
(-25.9145687, -28.3805533, 29.6995740, 0.8220108, 0.3958139, -0.4028758, 0.0729435)    0    0   -77.70931160  6 2.520 -93.37446318
(-23.8077443, -26.2707034, 25.1691504, 0.8610428, 0.3043476, -0.3710872, 0.1681432)    0    0   -68.52721988  0 5.000 -84.32584459
(-29.0596535, -33.2192262, 35.0385239, 0.7817636, 0.4946594, -0.3638492, 0.1084969)    0    0   -47.99513761  8 4.040 -60.77957013
(-24.9573005, -33.8566215, 28.3861451, 0.8457114, 0.4184865, -0.3284909, -0.0416523)    0    0   -39.10773075  13 1.320 -46.07573768
(-23.9799325, -34.6013390, 38.3900156, 0.7897447, 0.4676428, -0.3902957, -0.0726826)    0    0   -24.98737062  7 1.640 -28.13407297
(-25.6613208, -39.3180584, 31.5243263, 0.8035880, 0.4920190, -0.3289092, -0.0631064)    0    0   -31.11466995  10 2.440 -37.22087724
(-18.7783843, -29.1349173, 23.9782891, 0.8634148, 0.4075067, -0.2869963, -0.0780145)    0    0   -74.16825767  8 4.360 -81.85495780
(-24.8542696, -27.6036684, 30.1994570, 0.8193448, 0.3949477, -0.4070540, 0.0836510)    0    0   -86.29036337  8 2.920 -105.89281922
(-20.7516765, -31.7249247, 22.6505878, 0.8967515, 0.3494450, -0.2710554, -0.0159369)    0    0   -32.05809763  7 3.000 -33.98121195
(-25.2208347, -39.3922175, 31.1519854, 0.8034094, 0.4936723, -0.3275010, -0.0596998)    0    0   -31.39210088  11 0.760 -37.35478612
(-24.8793482, -39.0107135, 30.8838648, 0.8037433, 0.4917832, -0.3277262, -0.0688587)    0    0   -30.16971919  9 2.440 -36.20496868
(-18.3360747, -30.7776819, 35.1883469, 0.8095695, 0.4680773, -0.3413164, -0.0948889)    0    0   -75.39180925  10 1.320 -91.81529321
(-29.4621303, -33.6824003, 34.9346479, 0.7816791, 0.4948417, -0.3637269, 0.1086842)    0    0   -43.40518733  7 4.120 -52.92931508
(-23.6524833, -31.6242899, 21.7703242, 0.9239588, 0.2850076, -0.2500729, 0.0503430)    0    0   -26.93278285  11 1.720 -33.68032157
(-19.1950260, -38.3522954, 31.5189966, 0.8478932, 0.4679668, -0.1968005, -0.1528193)    0    0   -34.01339766  6 3.480 -37.96988834
(-29.8418594, -37.1697614, 33.7106722, 0.7830171, 0.4975310, -0.3566337, 0.1102705)    0    0   -31.24567110  11 1.080 -38.19092483
(-18.7741434, -31.3813510, 35.8039899, 0.8053465, 0.4709022, -0.3475464, -0.0942320)    0    0   -69.76787836  5 2.040 -84.14696103
(-28.9065214, -28.9262453, 24.3994174, 0.8289639, 0.2905422, -0.4675508, 0.0989966)    0    0   -30.36401588  3 3.480 -39.84529218
(-27.1105453, -29.0355921, 29.3974505, 0.8258731, 0.4033368, -0.3884583, 0.0659793)    0    0   -70.52136871  5 3.720 -83.20599492
(-19.0005600, -31.1672023, 36.2473910, 0.8028009, 0.4767924, -0.3445861, -0.0971600)    0    0   -66.35862968  4 4.200 -81.46106622
(-24.7608796, -27.1241901, 30.2249442, 0.8120655, 0.3898941, -0.4210222, 0.1061722)    0    0   -89.74719005  7 2.600 -111.47998089
(-32.0601653, -35.3297320, 27.6774328, 0.8166429, 0.4206805, -0.3222392, 0.2286573)    0    0   -35.38013942  5 4.680 -43.24473739
(-26.1133645, -34.1124124, 27.5846940, 0.8451586, 0.4192299, -0.3286454, -0.0441063)    0    0   -29.61402366  6 2.360 -36.91249987
(-24.1940875, -35.9178565, 38.0858273, 0.7889856, 0.4674421, -0.3920703, -0.0726668)    0    0   -20.49711084  6 1.960 -24.40789942
(-26.2423878, -27.9408738, 29.8576773, 0.8177419, 0.3933815, -0.4108689, 0.0879542)    0    0   -83.25553227  6 1.800 -100.39004375
(-25.9392616, -32.6229334, 20.5063473, 0.9319976, 0.2602702, -0.2401101, 0.0773765)    0    0   -9.08126677  0 5.000 -11.35006889
(-25.7269511, -34.3394575, 27.6704639, 0.8480041, 0.4158017, -0.3257966, -0.0430646)    0    0   -31.08872554  9 0.760 -36.29197956
(-29.5814432, -37.6664433, 33.5262735, 0.7830092, 0.4975372, -0.3566453, 0.1102607)    0    0   -29.06416675  8 0.840 -34.18726411
(-21.4792144, -31.6375963, 22.3939858, 0.9122413, 0.3149593, -0.2613221, 0.0180904)    0    0   -24.33690127  3 2.920 -26.37477850
(-19.2006597, -38.6679894, 31.5428770, 0.8472992, 0.4686953, -0.1976139, -0.1528316)    0    0   -31.69382282  6 4.040 -36.77133895
(-25.8949716, -34.3337985, 27.6183910, 0.8441568, 0.4206088, -0.3291287, -0.0464951)    0    0   -29.43983330  4 3.160 -37.24804750
(-19.9716391, -40.0279743, 30.5682376, 0.8515137, 0.4630901, -0.1926686, -0.1528096)    0    0   -25.10712788  10 3.080 -30.08250755
(-31.4342490, -37.2299874, 27.3927950, 0.8168228, 0.4210344, -0.3206168, 0.2296417)    0    0   -25.74112117  1 5.000 -31.64333998
(-24.1897312, -37.4838836, 23.1763274, 0.8942443, 0.3634617, -0.2520260, -0.0685975)    0    0   -21.75749664  4 4.600 -25.75400373
(-20.4890460, -35.5216774, 38.1855400, 0.8015080, 0.4791580, -0.3444142, -0.0968067)    0    0   -22.60973324  5 1.240 -27.45520566
(-29.7589175, -35.7822214, 34.3398489, 0.7829316, 0.4973392, -0.3571219, 0.1101623)    0    0   -35.53688077  12 1.720 -41.88438712
(-24.0490360, -31.8585858, 21.3166644, 0.9253902, 0.2808962, -0.2484066, 0.0551770)    0    0   -23.17656012  4 1.480 -25.46166756
(-31.5665375, -35.5821899, 27.6434366, 0.8166366, 0.4208165, -0.3220038, 0.2287612)    0    0   -35.90488237  7 3.400 -44.24324652
(-24.1900928, -31.8716506, 21.4937615, 0.9292599, 0.2692524, -0.2437521, 0.0675580)    0    0   -22.80937009  6 3.960 -24.55191053
(-24.7144812, -33.4998819, 28.6695508, 0.8461949, 0.4177819, -0.3283209, -0.0402231)    0    0   -40.73973400  11 1.800 -47.39095214
(-24.0878303, -34.0564370, 38.5297949, 0.7909304, 0.4677442, -0.3879082, -0.0719145)    0    0   -28.33029108  7 1.720 -33.52104455
(-24.3090929, -37.5519619, 23.1761826, 0.8942262, 0.3638546, -0.2517027, -0.0679343)    0    0   -23.12728962  10 1.480 -28.16069664
(-23.4420744, -31.5530647, 21.7882288, 0.9172610, 0.3026801, -0.2569660, 0.0313925)    0    0   -25.79833047  6 0.840 -30.69805759
