#Coordinates  RecID  LigID  Luciferin  Neighbor's number  Vision Range  Scoring
(-21.0742756, 14.2168636, -15.4371639, 0.8954946, 0.3413696, 0.2426050, -0.1506620)    0    0   6.45445982  4 2.920 8.12833584
(-24.5170406, 8.6551585, -8.5859109, 0.8809965, -0.0337396, 0.4284647, -0.1977999)    0    0   8.31019221  0 0.400 10.34471105
(-24.3395114, 16.8599625, -10.5938807, 0.8578091, 0.2726810, 0.3822888, -0.2089591)    0    0   6.44854773  0 0.400 8.00967688
(-17.5438409, 6.8583680, -2.7489117, 0.7516084, -0.2256317, 0.5698976, -0.2437046)    0    0   -11.45133619  3 5.000 -15.02757688
(-17.3648375, 5.5332620, -17.2868765, 0.9594498, 0.1973077, 0.1732094, -0.1025877)    0    0   8.93677242  8 0.760 11.22508265
(-22.7111805, 5.6961264, -8.8231541, 0.8848533, -0.0522997, 0.4210773, -0.1923364)    0    0   8.09397750  2 1.360 10.16611186
(-21.0282005, 20.5326926, 0.6570192, 0.5084174, 0.4985506, 0.6133044, -0.3417847)    0    0   -10.58492179  6 4.920 -13.78404669
(-24.5299231, 9.4319840, -8.8974584, 0.8809964, -0.0337393, 0.4284648, -0.1978000)    0    0   8.31362997  0 0.400 10.31016350
(-22.2158286, 6.1344457, -8.8962662, 0.8848170, -0.0521155, 0.4211515, -0.1923910)    0    0   7.85891160  2 0.640 9.93253815
(-24.4186884, 16.7380372, -11.0504867, 0.8578093, 0.2726806, 0.3822886, -0.2089590)    0    0   6.42099382  45 0.000 8.00004698
(-24.4510519, 16.6209693, -10.9744848, 0.8578092, 0.2726806, 0.3822888, -0.2089591)    0    0   6.36322691  6 0.320 7.92437390
(-24.8103715, 8.8276043, -8.8767691, 0.8809963, -0.0337388, 0.4284650, -0.1978001)    0    0   8.34354431  7 0.160 10.33461487
(-24.7226422, 16.3219039, -10.4725395, 0.8578093, 0.2726810, 0.3822885, -0.2089590)    0    0   6.57581756  1 0.720 8.22988700
(-24.2688481, 16.8286009, -10.7443794, 0.8578090, 0.2726816, 0.3822886, -0.2089591)    0    0   6.46343517  0 0.400 8.05114406
(-21.9220525, 5.9746298, -8.7741655, 0.8848210, -0.0521358, 0.4211433, -0.1923850)    0    0   7.83741608  0 0.560 9.96052828
(-24.7504904, 9.3606956, -8.3342618, 0.8809965, -0.0337395, 0.4284647, -0.1977999)    0    0   8.32015095  0 0.400 10.45510181
(-24.6869495, 9.3315295, -8.5413367, 0.8809962, -0.0337380, 0.4284653, -0.1978004)    0    0   8.48513205  2 5.000 10.64696276
(-24.4390967, 8.9359562, -8.6157621, 0.8809962, -0.0337383, 0.4284652, -0.1978003)    0    0   8.43532010  3 0.480 10.52607083
(-24.4322195, 16.7144377, -10.8093365, 0.8578094, 0.2726800, 0.3822887, -0.2089590)    0    0   6.49508548  22 0.000 8.11639211
(-24.3338287, 16.9681950, -11.0122024, 0.8578094, 0.2726803, 0.3822887, -0.2089590)    0    0   6.41434169  41 0.000 8.03060670
(-20.8503333, 13.7355532, -15.3772809, 0.8954972, 0.3413870, 0.2425777, -0.1506511)    0    0   6.45312326  5 4.760 8.03100780
(-21.6949573, 6.0801825, -8.6975174, 0.8848485, -0.0522750, 0.4210872, -0.1923437)    0    0   7.49570307  13 0.000 8.79427148
(-17.3588127, 5.5650095, -17.2715553, 0.9594498, 0.1973077, 0.1732094, -0.1025877)    0    0   8.98130157  7 1.560 11.17620722
(-24.1256864, 17.3388637, -11.1295433, 0.8578095, 0.2726800, 0.3822888, -0.2089590)    0    0   6.46275183  0 0.400 8.06298965
(-21.7540484, 6.1032897, -8.4490055, 0.8848491, -0.0522781, 0.4210860, -0.1923428)    0    0   7.77233892  2 0.480 9.57506172
(-21.7358129, 6.1161089, -8.9342426, 0.8848382, -0.0522232, 0.4211081, -0.1923591)    0    0   7.84930633  5 0.400 9.91290439
(-20.8547336, 14.0284936, -15.4582440, 0.8954998, 0.3414043, 0.2425506, -0.1506402)    0    0   6.52959257  0 5.000 8.16301895
(-17.4129382, 5.6810033, -17.2981845, 0.9594498, 0.1973077, 0.1732094, -0.1025877)    0    0   9.00584772  2 0.720 11.27677087
(-17.3561039, 5.5977590, -17.2847579, 0.9594498, 0.1973077, 0.1732094, -0.1025877)    0    0   9.16730965  0 1.600 11.48974074
(-13.2738056, 10.9402708, 0.4111112, 0.4670737, -0.0078094, 0.8005006, -0.3754730)    0    0   -36.78992735  0 5.000 -45.98740918
(-22.2378395, 6.1799583, -8.7421189, 0.8848496, -0.0522809, 0.4210848, -0.1923420)    0    0   7.79301619  7 0.320 9.73088306
(-24.6196322, 16.7994570, -10.5173313, 0.8578094, 0.2726801, 0.3822888, -0.2089590)    0    0   6.47109980  30 0.000 8.08533366
(-21.9894720, 6.1273382, -9.0174139, 0.8848479, -0.0522721, 0.4210884, -0.1923446)    0    0   7.60851214  0 0.640 9.20864146
(-20.6216784, 14.2090097, -15.5874541, 0.8954959, 0.3413783, 0.2425914, -0.1506565)    0    0   6.39999017  7 2.040 7.93797116
(-24.5209706, 16.2629027, -10.7890756, 0.8578093, 0.2726804, 0.3822887, -0.2089590)    0    0   6.48424482  4 0.480 8.10290856
(-24.4451676, 16.3820945, -10.9814019, 0.8578096, 0.2726796, 0.3822888, -0.2089590)    0    0   6.58497138  8 0.160 8.27468494
(-17.2465672, 6.1468385, -17.7257607, 0.9594498, 0.1973077, 0.1732094, -0.1025877)    0    0   8.79146340  8 0.160 11.01038150
(-22.2304796, 5.8897912, -9.0044054, 0.8848485, -0.0522751, 0.4210871, -0.1923437)    0    0   7.82744253  0 0.480 9.89798820
(-21.9175648, 6.0190966, -8.5568731, 0.8848487, -0.0522764, 0.4210866, -0.1923433)    0    0   8.01722628  1 0.720 10.09015418
(-24.6933300, 16.6498999, -10.4469017, 0.8578094, 0.2726801, 0.3822889, -0.2089590)    0    0   6.56751472  14 0.000 8.22274854
(-24.3531429, 16.9082043, -10.8414772, 0.8578094, 0.2726800, 0.3822888, -0.2089590)    0    0   6.41461636  24 0.000 7.98009033
(-24.4783730, 16.7385161, -10.9196608, 0.8578092, 0.2726810, 0.3822887, -0.2089591)    0    0   6.48023236  0 0.400 8.19622749
(-23.6572725, 9.1721127, -9.8418968, 0.8860213, 0.0398005, 0.4163870, -0.2000100)    0    0   7.81567076  36 0.000 9.05412094
(-24.3809559, 16.8792978, -10.4890941, 0.8578093, 0.2726802, 0.3822889, -0.2089591)    0    0   6.44612037  43 0.000 8.07873192
(-23.2688495, 5.2194381, -8.7921610, 0.8848313, -0.0521883, 0.4211222, -0.1923694)    0    0   7.95828010  6 0.480 9.94764896
(-21.5440436, 6.0526221, -8.5143232, 0.8848204, -0.0521329, 0.4211445, -0.1923859)    0    0   7.56839694  4 0.400 9.33888662
(-17.5681088, 5.8502080, -17.3258792, 0.9594498, 0.1973077, 0.1732094, -0.1025877)    0    0   8.86643543  12 0.000 11.13381796
(-17.4229249, 6.8262903, -2.5366834, 0.7516084, -0.2256317, 0.5698976, -0.2437046)    0    0   -10.12518016  0 5.000 -12.65647520
(-22.2452351, 5.8601608, -9.0108934, 0.8848385, -0.0522247, 0.4211075, -0.1923586)    0    0   7.73765513  8 0.240 9.68864833
(-17.2999251, 5.4628238, -17.2871657, 0.9594498, 0.1973077, 0.1732094, -0.1025877)    0    0   9.05313789  3 5.000 11.31667006
(-20.8118002, 20.5239694, 0.5981624, 0.5084174, 0.4985506, 0.6133044, -0.3417847)    0    0   -9.32750059  0 5.000 -11.65937502
(-24.5643368, 9.2373385, -8.8459702, 0.8809963, -0.0337386, 0.4284651, -0.1978002)    0    0   8.43165739  6 0.600 10.53132460
(-21.4489429, 6.5139115, -8.7821582, 0.8847649, -0.0518521, 0.4212577, -0.1924692)    0    0   7.43840574  0 0.480 9.25130854
(-22.0286838, 6.0130739, -8.4248779, 0.8847931, -0.0519946, 0.4212003, -0.1924269)    0    0   7.47831479  8 0.160 9.22372721
(-24.8962924, 9.3480640, -8.5965797, 0.8809966, -0.0337399, 0.4284646, -0.1977998)    0    0   8.29703932  16 0.000 10.32706366
(-24.3273182, 16.9054775, -11.0012363, 0.8578093, 0.2726805, 0.3822887, -0.2089590)    0    0   6.58005983  10 0.000 8.26801051
(-24.6341356, 16.5424187, -10.5755029, 0.8578094, 0.2726802, 0.3822888, -0.2089590)    0    0   6.54347143  0 0.400 8.21212277
(-24.6479418, 16.5801129, -10.5534852, 0.8578094, 0.2726801, 0.3822888, -0.2089590)    0    0   6.51776353  7 0.240 8.13715686
(-24.6968215, 16.5114982, -10.5025880, 0.8578096, 0.2726795, 0.3822888, -0.2089589)    0    0   6.58331804  8 0.080 8.23849732
(-24.2987220, 17.0551343, -10.4722729, 0.8578094, 0.2726802, 0.3822888, -0.2089590)    0    0   6.45696157  0 0.400 7.98738018
(-24.8710364, 16.1215953, -10.3700699, 0.8578094, 0.2726800, 0.3822888, -0.2089590)    0    0   6.49282479  24 0.000 8.08757565
(-24.5656615, 9.0495541, -8.5622145, 0.8809962, -0.0337383, 0.4284652, -0.1978003)    0    0   8.48414075  3 1.280 10.60242216
(-24.4611937, 16.8258334, -10.7748359, 0.8578092, 0.2726808, 0.3822888, -0.2089591)    0    0   6.53624626  0 0.400 8.26951854
(-20.5204207, 13.6793458, -15.4732679, 0.8954998, 0.3414044, 0.2425505, -0.1506401)    0    0   6.51541598  1 5.000 8.15705022
(-21.7014638, 6.1067502, -8.6822857, 0.8848376, -0.0522202, 0.4211093, -0.1923600)    0    0   7.98394361  2 0.800 10.02717198
(-21.5640391, 6.0808041, -8.5174244, 0.8847065, -0.0515574, 0.4213765, -0.1925567)    0    0   7.40239892  2 0.640 8.58744649
(-24.7248116, 16.7700406, -10.6048714, 0.8578090, 0.2726819, 0.3822884, -0.2089590)    0    0   6.48187955  0 0.400 8.14287054
(-24.6579051, 9.0495733, -8.3574649, 0.8809965, -0.0337397, 0.4284647, -0.1977999)    0    0   8.37783730  12 0.240 10.47176320
(-23.0914274, 9.3839844, -10.6268193, 0.8714614, 0.2573098, 0.3665751, -0.1999235)    0    0   8.23508817  6 0.440 10.45651896
(-24.6695064, 9.0385632, -8.6221105, 0.8809962, -0.0337384, 0.4284652, -0.1978002)    0    0   8.45771193  6 0.560 10.57910553
(-24.1586342, 17.0293105, -11.2145908, 0.8578095, 0.2726799, 0.3822888, -0.2089590)    0    0   6.54684490  13 0.000 8.19374481
(-24.4184893, 16.6842527, -10.9123073, 0.8578093, 0.2726805, 0.3822887, -0.2089590)    0    0   6.53268684  18 0.000 8.22932339
(-24.7373265, 8.7615042, -8.7836302, 0.8809964, -0.0337391, 0.4284649, -0.1978000)    0    0   8.33325716  8 0.400 10.38368064
(-23.6621641, 9.4315376, -10.0603737, 0.8860213, 0.0398006, 0.4163870, -0.2000101)    0    0   7.95388043  21 1.000 9.38590287
(-17.5274717, 5.8653302, -17.1857534, 0.9594498, 0.1973077, 0.1732094, -0.1025877)    0    0   8.99443298  6 4.760 11.32183171
(-24.6441145, 16.2768685, -10.5799819, 0.8578094, 0.2726802, 0.3822887, -0.2089590)    0    0   6.51828684  0 0.400 8.14423463
(-23.0938297, 9.1960770, -10.7299548, 0.8717326, 0.2557274, 0.3670166, -0.1999613)    0    0   8.22790735  4 0.360 10.49059102
(-23.2887436, 9.5040415, -10.4579394, 0.8714613, 0.2573106, 0.3665748, -0.1999235)    0    0   8.27862507  3 0.440 10.41182017
(-22.1226595, 5.8783134, -8.7317182, 0.8848508, -0.0522866, 0.4210825, -0.1923402)    0    0   8.10368248  1 3.360 10.13080367
(-17.4127989, 5.5938292, -17.1381816, 0.9594498, 0.1973077, 0.1732094, -0.1025877)    0    0   8.86734593  3 0.320 11.01919724
(-17.2457961, 5.6138712, -17.3223859, 0.9594498, 0.1973077, 0.1732094, -0.1025877)    0    0   8.74601206  6 0.400 11.01686868
(-17.5102970, 5.9043334, -17.2343101, 0.9594498, 0.1973077, 0.1732094, -0.1025877)    0    0   8.93214621  4 0.560 11.20725601
(-24.4736220, 8.5408211, -8.7179197, 0.8809963, -0.0337389, 0.4284650, -0.1978001)    0    0   8.33395597  4 0.480 10.42475979
(-23.1110359, 5.3509581, -8.8566093, 0.8848531, -0.0522986, 0.4210777, -0.1923367)    0    0   8.10439744  0 1.200 10.22509665
(-24.1627183, 17.4059187, -10.7475408, 0.8578092, 0.2726808, 0.3822887, -0.2089590)    0    0   6.39394926  0 0.400 7.86270473
(-24.4051363, 16.4411976, -10.6979857, 0.8578094, 0.2726800, 0.3822889, -0.2089590)    0    0   6.46380064  27 0.000 8.06161939
(-17.5087810, 5.9423032, -17.2781428, 0.9594498, 0.1973077, 0.1732094, -0.1025877)    0    0   8.88410518  10 0.160 11.07373771
(-24.5551933, 16.9182146, -10.6176185, 0.8578089, 0.2726825, 0.3822882, -0.2089590)    0    0   6.48732088  17 0.000 8.10671669
(-17.2693411, 6.7855460, -2.2671174, 0.7516084, -0.2256317, 0.5698976, -0.2437046)    0    0   -10.82749454  1 5.000 -12.76100457
(-24.4893917, 9.3454112, -8.0673197, 0.8809964, -0.0337389, 0.4284650, -0.1978001)    0    0   8.39999604  7 0.240 10.60892230
(-24.2756438, 17.0487715, -11.0143093, 0.8578094, 0.2726802, 0.3822887, -0.2089590)    0    0   6.52040427  35 0.000 8.14774454
(-24.5513377, 16.6512142, -10.6825653, 0.8578095, 0.2726798, 0.3822888, -0.2089590)    0    0   6.53284094  5 0.400 8.16098460
(-24.6772698, 16.3951589, -10.3235421, 0.8578092, 0.2726810, 0.3822886, -0.2089590)    0    0   6.45199605  0 0.400 7.98042467
(-20.5443120, 20.7074100, 0.5297517, 0.5084174, 0.4985506, 0.6133044, -0.3417847)    0    0   -10.26612637  3 5.000 -12.43023208
(-24.8314806, 16.6966040, -11.0487348, 0.8578091, 0.2726811, 0.3822888, -0.2089591)    0    0   6.42526988  0 0.400 8.01202538
(-22.1896151, 6.1643560, -8.8010123, 0.8839228, -0.0476462, 0.4229479, -0.1937149)    0    0   7.73366731  9 0.320 9.66729184
(-24.6899171, 16.4598855, -10.5431731, 0.8578095, 0.2726798, 0.3822888, -0.2089590)    0    0   6.59312902  5 0.720 8.26512694
(-20.6874194, 13.8878642, -15.4749162, 0.8954907, 0.3413434, 0.2426460, -0.1506785)    0    0   6.33783249  8 4.360 7.96096722
(-22.2162983, 5.8670993, -8.7298406, 0.8848500, -0.0522830, 0.4210840, -0.1923413)    0    0   7.56417233  22 0.000 9.34891344
(-23.0495924, 9.6638536, -10.9051080, 0.8714464, 0.2573973, 0.3665506, -0.1999214)    0    0   8.16984394  1 0.600 10.10022169
(-22.4360896, 5.8902171, -9.1572699, 0.8848511, -0.0522885, 0.4210817, -0.1923397)    0    0   7.98229577  1 0.640 10.02714454
(-22.1382435, 6.0349812, -8.3067458, 0.8848490, -0.0522779, 0.4210860, -0.1923428)    0    0   7.84575203  1 0.640 9.82605659
(-24.5844808, 16.7584983, -10.7782177, 0.8578090, 0.2726812, 0.3822889, -0.2089592)    0    0   6.49600845  0 0.400 8.18880131
(-24.4969932, 16.6965249, -10.7338500, 0.8578095, 0.2726800, 0.3822887, -0.2089590)    0    0   6.57200991  7 0.240 8.22510929
(-24.4266012, 16.6342363, -10.7812857, 0.8578095, 0.2726798, 0.3822888, -0.2089590)    0    0   6.44002100  23 0.000 8.09378401
(-24.3427741, 16.6077442, -11.0571282, 0.8578095, 0.2726800, 0.3822887, -0.2089590)    0    0   6.56979411  14 0.000 8.27257987
(-24.6296220, 16.5437441, -10.6293859, 0.8578096, 0.2726795, 0.3822888, -0.2089589)    0    0   6.51579605  26 0.000 8.13913872
(-21.9478989, 6.1695173, -8.6920896, 0.8848500, -0.0522829, 0.4210840, -0.1923414)    0    0   7.65041928  2 0.640 9.55549345
(-24.7044909, 16.9951770, -10.7435156, 0.8578090, 0.2726814, 0.3822887, -0.2089591)    0    0   6.47857157  0 0.400 8.07757538
(-24.6982746, 16.4490114, -10.5435240, 0.8578092, 0.2726808, 0.3822887, -0.2089591)    0    0   6.58503964  9 0.080 8.26277891
(-23.5022249, 9.9850488, -11.3438752, 0.8722220, 0.2528340, 0.3678207, -0.2000290)    0    0   7.98189952  1 0.560 10.07953869
(-24.6093038, 8.8407446, -8.3532940, 0.8809962, -0.0337382, 0.4284653, -0.1978003)    0    0   8.46709604  2 0.640 10.63397615
(-24.5700062, 16.5162299, -10.6875791, 0.8578095, 0.2726797, 0.3822888, -0.2089590)    0    0   6.53014029  0 0.400 8.14040462
(-20.7994821, 20.7685287, 0.6002841, 0.5084174, 0.4985506, 0.6133044, -0.3417847)    0    0   -10.26701333  4 5.000 -12.54063734
(-17.5235457, 5.4969422, -17.1369831, 0.9594498, 0.1973077, 0.1732094, -0.1025877)    0    0   8.87565578  5 0.440 11.02914168
(-22.9215952, 9.2897911, -10.7732835, 0.8714494, 0.2573795, 0.3665556, -0.1999218)    0    0   8.33581371  2 1.960 10.36853443
(-24.0951460, 17.4355940, -10.9206590, 0.8578092, 0.2726812, 0.3822885, -0.2089590)    0    0   6.49703219  0 0.640 8.03948754
(-24.3638519, 16.9298912, -10.8466469, 0.8578096, 0.2726794, 0.3822888, -0.2089589)    0    0   6.60858204  1 2.400 8.26427853
(-21.3870808, 6.1809345, -8.7346515, 0.8848376, -0.0522199, 0.4211094, -0.1923601)    0    0   7.91973244  5 0.480 10.02475028
(-24.5297489, 9.4045954, -8.3526661, 0.8809963, -0.0337385, 0.4284651, -0.1978002)    0    0   8.35752203  7 0.320 10.40481988
(-24.5398091, 17.0458112, -10.7045966, 0.8578092, 0.2726808, 0.3822888, -0.2089591)    0    0   6.43148618  38 0.000 7.99181034
(-22.7665619, 9.6955596, -10.8296754, 0.8714618, 0.2573077, 0.3665757, -0.1999235)    0    0   8.22852897  0 0.560 10.28177212
(-22.0180940, 5.9987337, -8.7143152, 0.8848487, -0.0522765, 0.4210866, -0.1923433)    0    0   7.93555056  3 0.800 9.82153890
(-24.6355266, 15.8936020, -10.4839237, 0.8578093, 0.2726809, 0.3822885, -0.2089590)    0    0   6.57490515  1 0.480 8.23297985
(-24.5679664, 16.8639142, -10.4909305, 0.8578093, 0.2726803, 0.3822889, -0.2089591)    0    0   6.47772323  0 0.400 8.02017244
(-21.8160492, 6.1910931, -8.9260252, 0.8848097, -0.0520785, 0.4211664, -0.1924020)    0    0   7.73229170  18 0.000 9.53091877
(-21.5659819, 6.5059529, -8.6482814, 0.8848486, -0.0522757, 0.4210869, -0.1923435)    0    0   7.75000331  5 0.400 9.49989986
(-22.9837351, 5.4497553, -8.8276611, 0.8848519, -0.0522926, 0.4210801, -0.1923385)    0    0   8.03216393  4 1.760 10.03544807
(-22.9018126, 9.1721962, -10.7326236, 0.8714572, 0.2573346, 0.3665681, -0.1999229)    0    0   8.28472213  0 0.400 10.44664283
(-24.7889762, 8.8021643, -8.7732626, 0.8809961, -0.0337380, 0.4284653, -0.1978004)    0    0   8.49512469  1 1.680 10.66046475
(-22.2528037, 5.8978441, -8.8858708, 0.8848276, -0.0521694, 0.4211298, -0.1923751)    0    0   7.90920326  0 0.400 9.98884832
(-24.5015416, 16.7333077, -10.7373768, 0.8578094, 0.2726805, 0.3822885, -0.2089589)    0    0   6.59181678  3 0.720 8.24630458
(-24.3427297, 8.8002730, -8.5369659, 0.8809962, -0.0337382, 0.4284652, -0.1978003)    0    0   8.41515248  1 0.480 10.52916835
(-24.2143435, 16.7278021, -10.5510894, 0.8578094, 0.2726801, 0.3822888, -0.2089590)    0    0   6.48113775  3 0.320 8.13594855
(-24.3239914, 16.8776201, -10.9246860, 0.8578089, 0.2726820, 0.3822885, -0.2089591)    0    0   6.57172121  14 0.000 8.22019866
(-24.5605034, 16.6290543, -10.6869608, 0.8578096, 0.2726794, 0.3822888, -0.2089589)    0    0   6.59316607  4 3.680 8.22624770
(-24.3891978, 8.8837209, -8.8072640, 0.8809962, -0.0337384, 0.4284652, -0.1978002)    0    0   8.44561792  7 0.800 10.50789011
(-24.6096400, 16.8300637, -10.6447866, 0.8578093, 0.2726802, 0.3822889, -0.2089591)    0    0   6.50083976  0 0.400 8.19099144
(-24.2534406, 17.0821104, -10.9232316, 0.8578094, 0.2726804, 0.3822887, -0.2089590)    0    0   6.54665698  19 0.000 8.20703239
(-22.7892422, 9.4637313, -10.5404369, 0.8714593, 0.2573220, 0.3665717, -0.1999232)    0    0   8.24956511  4 0.440 10.45665944
(-24.5263409, 16.6755052, -10.7157490, 0.8578096, 0.2726794, 0.3822888, -0.2089589)    0    0   6.63464285  0 5.000 8.29330364
(-24.1425860, 17.0742203, -10.7353981, 0.8578091, 0.2726814, 0.3822886, -0.2089591)    0    0   6.53210181  25 0.000 8.18422360
(-20.7030766, 20.5184672, 0.5685658, 0.5084174, 0.4985506, 0.6133044, -0.3417847)    0    0   -9.80851990  1 5.000 -11.82150946
(-24.6342150, 16.8716540, -11.2400101, 0.8578095, 0.2726800, 0.3822887, -0.2089589)    0    0   6.59391598  3 1.200 8.25257021
(-24.5768175, 16.9448437, -10.5484367, 0.8578093, 0.2726803, 0.3822889, -0.2089591)    0    0   6.53411724  20 0.000 8.10209287
(-24.4065705, 17.0611859, -10.6762784, 0.8578094, 0.2726802, 0.3822887, -0.2089590)    0    0   6.56883480  16 0.000 8.25857154
(-23.2797391, 5.2071474, -8.8105095, 0.8848528, -0.0522971, 0.4210783, -0.1923371)    0    0   7.98969544  4 1.360 9.91531706
(-17.2902591, 5.4325847, -17.2911519, 0.9594498, 0.1973077, 0.1732094, -0.1025877)    0    0   8.92384577  11 1.240 11.18557206
(-24.6498651, 9.1961386, -8.7574542, 0.8809964, -0.0337390, 0.4284650, -0.1978001)    0    0   8.33426502  2 0.640 10.41544965
(-24.5442001, 16.5630179, -10.9798941, 0.8578091, 0.2726818, 0.3822884, -0.2089590)    0    0   6.48207759  1 0.720 8.03853530
(-24.6248229, 16.7080251, -10.4064938, 0.8578093, 0.2726809, 0.3822886, -0.2089590)    0    0   6.45747017  0 0.400 8.01772962
(-24.4501431, 16.7627777, -10.8655589, 0.8578093, 0.2726805, 0.3822888, -0.2089591)    0    0   6.57648307  2 0.480 8.23501594
(-20.8844405, 14.0594568, -15.4568934, 0.8954985, 0.3413957, 0.2425642, -0.1506456)    0    0   6.48578883  2 3.880 8.10537449
(-24.5148993, 17.1250622, -10.7493892, 0.8578095, 0.2726797, 0.3822889, -0.2089590)    0    0   6.53700122  20 0.000 8.16996556
(-17.2986060, 6.7933107, -2.3184830, 0.7516084, -0.2256317, 0.5698976, -0.2437046)    0    0   -10.88788110  2 5.000 -12.89244649
(-24.9870508, 16.6601146, -10.4062774, 0.8578093, 0.2726805, 0.3822887, -0.2089590)    0    0   6.46086109  0 0.400 8.00693645
(-24.5765383, 16.4544437, -10.3916412, 0.8578092, 0.2726805, 0.3822888, -0.2089591)    0    0   6.45520835  40 0.000 8.07640741
(-21.0855503, 20.5458361, 0.6728612, 0.5084174, 0.4985506, 0.6133044, -0.3417847)    0    0   -10.36046360  5 5.000 -13.21056940
(-24.7679864, 16.3431481, -10.4193191, 0.8578094, 0.2726801, 0.3822888, -0.2089590)    0    0   6.54065486  0 0.400 8.15633879
(-24.6546194, 16.4248120, -10.5731496, 0.8578095, 0.2726799, 0.3822887, -0.2089589)    0    0   6.60195681  2 0.720 8.27184524
(-24.4486001, 8.9676526, -8.4584568, 0.8809962, -0.0337382, 0.4284653, -0.1978003)    0    0   8.40387769  11 0.480 10.42292164
(-24.9832269, 16.8601072, -10.7492045, 0.8578093, 0.2726807, 0.3822887, -0.2089590)    0    0   6.50944055  27 0.000 8.15266963
(-21.9567918, 6.2677639, -8.7468416, 0.8848493, -0.0522794, 0.4210854, -0.1923424)    0    0   7.71840077  0 0.400 9.69613507
(-20.4392519, 20.4905757, 0.4964231, 0.5084174, 0.4985506, 0.6133044, -0.3417847)    0    0   -9.85182129  2 5.000 -11.88695691
(-24.6228873, 16.3650829, -10.5527291, 0.8578094, 0.2726801, 0.3822887, -0.2089590)    0    0   6.47350581  0 0.400 8.14474316
(-24.7115652, 16.9329844, -10.5088009, 0.8578088, 0.2726823, 0.3822885, -0.2089591)    0    0   6.48846660  34 0.000 8.10149494
(-22.7912747, 5.7350562, -8.8916164, 0.8848397, -0.0522308, 0.4211050, -0.1923568)    0    0   7.60728396  9 0.000 9.46947047
(-22.0066872, 6.2134279, -8.3866659, 0.8845973, -0.0510073, 0.4215980, -0.1927198)    0    0   7.69959580  9 0.080 9.66653141
(-24.4301919, 8.9024146, -8.2170691, 0.8841262, 0.0030329, 0.4227211, -0.1990440)    0    0   7.44857497  0 0.400 9.47048917
(-23.4069583, 5.1014057, -8.9814514, 0.8848533, -0.0522996, 0.4210773, -0.1923364)    0    0   8.10317911  2 2.080 10.14269583
(-24.5082954, 16.6975545, -10.7334944, 0.8578095, 0.2726796, 0.3822889, -0.2089590)    0    0   6.58990675  5 0.560 8.22541925
(-25.3904503, 8.9012135, -8.8912038, 0.8809964, -0.0337393, 0.4284648, -0.1978000)    0    0   8.33330768  1 0.480 10.39124983
(-21.8207497, 6.1100094, -8.4916773, 0.8848484, -0.0522748, 0.4210873, -0.1923437)    0    0   7.75772096  4 0.480 9.67136221
(-23.9007350, 17.0378546, -10.9276439, 0.8578095, 0.2726798, 0.3822889, -0.2089590)    0    0   6.56041452  1 0.400 8.21124130
(-20.4783037, 13.6260388, -15.4696992, 0.8954971, 0.3413867, 0.2425783, -0.1506513)    0    0   6.44467607  6 0.680 8.18159311
(-17.2961032, 5.4581437, -17.2890691, 0.9594498, 0.1973077, 0.1732094, -0.1025877)    0    0   9.03599490  4 0.800 11.31636435
(-24.2907002, 16.2989343, -10.6439870, 0.8578092, 0.2726809, 0.3822886, -0.2089590)    0    0   6.46081893  9 0.000 8.22350385
(-22.7348736, 9.4500401, -10.8265683, 0.8716281, 0.2563390, 0.3668461, -0.1999468)    0    0   8.23650483  6 0.320 10.29152472
(-24.5677813, 16.7648452, -10.6014857, 0.8578096, 0.2726795, 0.3822888, -0.2089590)    0    0   6.58661665  0 0.480 8.25994568
(-17.5651341, 5.9491537, -17.3087503, 0.9594498, 0.1973077, 0.1732094, -0.1025877)    0    0   9.05971506  2 0.960 11.45826952
(-22.9673138, 9.4213270, -10.7751267, 0.8714376, 0.2574480, 0.3665364, -0.1999201)    0    0   8.36822459  0 1.640 10.53625181
(-13.4254446, 11.3955815, 0.4123839, 0.4670737, -0.0078094, 0.8005006, -0.3754730)    0    0   -36.95179046  1 5.000 -45.70702468
(-17.2296528, 5.3975108, -17.2725430, 0.9594498, 0.1973077, 0.1732094, -0.1025877)    0    0   9.10601088  1 1.960 11.40575498
(-24.6548520, 9.0282530, -8.6324714, 0.8809961, -0.0337380, 0.4284654, -0.1978004)    0    0   8.50810885  0 5.000 10.63513827
(-24.1020208, 17.2453677, -11.0789127, 0.8578094, 0.2726800, 0.3822888, -0.2089590)    0    0   6.52315246  20 0.000 8.17770799
(-24.6298145, 16.1127498, -10.8168234, 0.8578095, 0.2726799, 0.3822888, -0.2089590)    0    0   6.59203909  5 0.400 8.26933900
(-23.9961005, 17.3815119, -10.8223369, 0.8578091, 0.2726811, 0.3822887, -0.2089591)    0    0   6.28952405  0 0.400 7.59229134
(-17.3163983, 5.4881267, -17.2845315, 0.9594498, 0.1973077, 0.1732094, -0.1025877)    0    0   8.92724328  5 0.400 11.30048626
(-22.9705008, 9.4285772, -10.7793413, 0.8714464, 0.2573969, 0.3665507, -0.1999214)    0    0   8.30639943  2 0.840 10.37646231
(-24.4465610, 16.5658787, -11.0044675, 0.8578095, 0.2726796, 0.3822888, -0.2089590)    0    0   6.52932344  0 0.400 8.16604667
(-22.9219225, 9.5292318, -10.9287615, 0.8714495, 0.2573791, 0.3665557, -0.1999218)    0    0   8.35739869  1 0.760 10.55276231
(-22.4267564, 5.8384458, -8.8027514, 0.8848508, -0.0522867, 0.4210825, -0.1923402)    0    0   7.92751817  7 0.240 10.00139058
(-22.1680452, 5.8841595, -8.9521368, 0.8848375, -0.0522193, 0.4211096, -0.1923602)    0    0   7.93890100  1 0.720 9.91516761
(-23.3424410, 9.4060470, -10.2871585, 0.8860989, 0.1131172, 0.4019836, -0.2011030)    0    0   8.33530265  5 2.600 10.44861921
(-20.6292131, 13.7111940, -15.4480544, 0.8954972, 0.3413868, 0.2425781, -0.1506512)    0    0   6.46436236  3 4.680 8.09592170
(-24.3951677, 16.8529380, -10.5691125, 0.8578093, 0.2726807, 0.3822887, -0.2089590)    0    0   6.46481102  0 0.400 8.14333301
(-24.5736191, 9.1666558, -8.5839909, 0.8809962, -0.0337382, 0.4284653, -0.1978003)    0    0   8.46437831  5 1.080 10.60725511
(-24.4632221, 16.9347660, -10.7074676, 0.8578096, 0.2726796, 0.3822888, -0.2089590)    0    0   6.56442158  3 0.560 8.21019397
(-24.5733285, 16.8745319, -10.5188726, 0.8578092, 0.2726805, 0.3822888, -0.2089591)    0    0   6.53473047  0 0.400 8.25080144
(-24.4577120, 16.6943269, -10.7134267, 0.8578091, 0.2726810, 0.3822888, -0.2089591)    0    0   6.52718172  14 0.000 8.16824777
