#Coordinates  RecID  LigID  Luciferin  Neighbor's number  Vision Range  Scoring
(-21.5441388, 14.7550997, -15.4351610, 0.8955048, 0.3414356, 0.2425006, -0.1506200)    0    0   6.27907023  4 3.880 7.85869894
(-25.0354973, 8.5671868, -8.7773446, 0.8809770, -0.0336509, 0.4284997, -0.1978259)    0    0   8.33445073  7 0.240 10.44204795
(-24.3539770, 17.1278069, -10.8060725, 0.8578098, 0.2726988, 0.3822765, -0.2089553)    0    0   6.53320043  38 0.000 8.15775149
(-17.5438564, 6.8583315, -2.7489084, 0.7516084, -0.2256317, 0.5698976, -0.2437046)    0    0   -11.43405817  3 5.000 -15.02757688
(-17.3940451, 6.6392764, -17.4186993, 0.9594498, 0.1973077, 0.1732094, -0.1025877)    0    0   8.88165273  2 1.080 11.16465908
(-21.6237699, 6.5005258, -8.9334510, 0.8848567, -0.0523170, 0.4210703, -0.1923312)    0    0   7.55002048  10 0.040 9.06394834
(-21.1202644, 20.3256929, 0.6778786, 0.5084174, 0.4985506, 0.6133044, -0.3417847)    0    0   -10.30326034  6 4.920 -13.11547533
(-24.7820621, 8.8248773, -8.8056664, 0.8810748, -0.0340985, 0.4283237, -0.1976951)    0    0   8.35935605  0 0.400 10.52322834
(-21.8338404, 6.1491884, -8.6640890, 0.8848725, -0.0523972, 0.4210380, -0.1923075)    0    0   7.80942692  13 0.000 9.61553949
(-24.2640932, 17.2945842, -10.9005351, 0.8578072, 0.2726765, 0.3822949, -0.2089615)    0    0   6.57149099  9 0.000 8.21603959
(-24.6234761, 16.4937631, -10.8470245, 0.8578123, 0.2727056, 0.3822679, -0.2089519)    0    0   6.50965433  0 0.400 8.17181610
(-25.0839873, 8.8557980, -8.5450090, 0.8810031, -0.0337692, 0.4284529, -0.1977912)    0    0   8.27883471  2 0.480 10.32220035
(-24.6245342, 17.0711184, -10.3550449, 0.8578034, 0.2726779, 0.3823009, -0.2089645)    0    0   6.60180309  2 3.480 8.26782299
(-24.6961880, 16.8108316, -10.5196376, 0.8578202, 0.2727072, 0.3822528, -0.2089450)    0    0   6.56027956  0 0.400 8.19166663
(-21.8136751, 5.8799785, -8.6447718, 0.8849231, -0.0526535, 0.4209345, -0.1922313)    0    0   7.48609792  3 0.320 9.78017871
(-24.8228048, 8.6853207, -8.8563119, 0.8809875, -0.0336988, 0.4284809, -0.1978119)    0    0   8.40840820  3 0.600 10.53045939
(-24.6649434, 8.8303625, -8.6853907, 0.8810224, -0.0338585, 0.4284181, -0.1977652)    0    0   8.42355784  4 4.840 10.56965742
(-24.5975258, 8.4307920, -8.7804997, 0.8808920, -0.0332608, 0.4286524, -0.1979395)    0    0   8.21592909  24 0.040 10.11692308
(-24.5938860, 16.8282226, -10.4804329, 0.8578191, 0.2727016, 0.3822583, -0.2089470)    0    0   6.52462042  0 0.400 8.23649398
(-24.5433049, 16.6900294, -10.8067432, 0.8578129, 0.2726821, 0.3822813, -0.2089557)    0    0   6.48561351  27 0.000 8.08580756
(-21.5293916, 14.7377895, -15.4335163, 0.8955019, 0.3414179, 0.2425290, -0.1506314)    0    0   6.38262737  0 3.960 7.99064114
(-22.0202376, 6.1630265, -8.6283333, 0.8849257, -0.0526666, 0.4209292, -0.1922274)    0    0   7.83089835  0 0.400 9.91583640
(-17.2357157, 7.0318010, -16.7961048, 0.9594498, 0.1973077, 0.1732094, -0.1025877)    0    0   8.52985183  0 0.440 10.59968827
(-24.4931833, 16.8541927, -10.9790102, 0.8578125, 0.2726886, 0.3822780, -0.2089549)    0    0   6.48154803  14 0.000 8.08405547
(-21.8614371, 6.4809238, -8.6807487, 0.8848896, -0.0524840, 0.4210031, -0.1922818)    0    0   7.75070923  0 0.400 9.61172726
(-22.1244631, 5.8758970, -8.7777448, 0.8849352, -0.0527157, 0.4209096, -0.1922130)    0    0   7.77121099  13 0.000 9.63092296
(-21.5377756, 14.7478259, -15.4346097, 0.8953197, 0.3402815, 0.2443384, -0.1513602)    0    0   6.28048578  3 2.440 7.88866235
(-17.5419365, 7.0877661, -16.9126309, 0.9594498, 0.1973077, 0.1732094, -0.1025877)    0    0   8.76173635  6 0.200 11.15281091
(-17.0515299, 6.6771704, -17.1726397, 0.9594498, 0.1973077, 0.1732094, -0.1025877)    0    0   8.72544157  12 0.120 10.93015436
(-13.2738056, 10.9402708, 0.4111112, 0.4670737, -0.0078094, 0.8005006, -0.3754730)    0    0   -36.78992735  0 5.000 -45.98740918
(-21.6868434, 6.1730500, -8.6080375, 0.8847467, -0.0517603, 0.4212948, -0.1924965)    0    0   7.68192860  19 0.000 9.70751215
(-24.5853636, 16.7155895, -10.8295362, 0.8578145, 0.2726713, 0.3822851, -0.2089563)    0    0   6.40641709  36 0.000 7.95518103
(-22.3021364, 6.1964690, -8.9560635, 0.8844707, -0.0503711, 0.4218539, -0.1929083)    0    0   7.77206744  0 0.480 9.75002782
(-21.2752609, 14.7062948, -15.5346796, 0.8955040, 0.3414309, 0.2425082, -0.1506231)    0    0   6.28607714  2 3.080 7.86295953
(-24.5598517, 16.8807932, -10.5044324, 0.8578107, 0.2726836, 0.3822842, -0.2089573)    0    0   6.57020090  5 0.320 8.19992359
(-24.9640590, 17.0134874, -10.0713341, 0.8578078, 0.2726775, 0.3822932, -0.2089608)    0    0   6.49786016  0 0.800 8.11593565
(-17.4429495, 6.8499469, -17.2537308, 0.9594498, 0.1973077, 0.1732094, -0.1025877)    0    0   8.55405631  15 0.000 10.42005019
(-21.8825910, 6.0246415, -8.6797517, 0.8849245, -0.0526609, 0.4209316, -0.1922291)    0    0   7.87294442  0 0.400 10.00290099
(-21.6349701, 6.3958082, -8.5760482, 0.8849426, -0.0527529, 0.4208944, -0.1922018)    0    0   7.98525660  3 0.560 10.08649904
(-24.5455802, 16.8514344, -10.6089110, 0.8578062, 0.2726769, 0.3822965, -0.2089623)    0    0   6.54625550  21 0.000 8.12652958
(-24.6350333, 16.7717842, -10.4427936, 0.8578147, 0.2726753, 0.3822824, -0.2089555)    0    0   6.56107549  7 0.240 8.19708045
(-24.5252585, 16.5061784, -10.8334447, 0.8578090, 0.2726820, 0.3822884, -0.2089590)    0    0   6.57065420  10 0.000 8.21544896
(-23.0064428, 11.5790534, -11.6176765, 0.8714372, 0.2574880, 0.3665129, -0.1999134)    0    0   7.42228900  10 0.760 9.19612536
(-24.4174012, 16.9596033, -10.8188457, 0.8578057, 0.2727011, 0.3822825, -0.2089583)    0    0   6.56343511  3 0.320 8.19488309
(-21.7740264, 6.3044449, -8.6178664, 0.8849427, -0.0527533, 0.4208942, -0.1922017)    0    0   7.97517345  4 0.560 10.07286556
(-22.2336751, 6.5446691, -8.6633251, 0.8830472, -0.0433751, 0.4246539, -0.1949750)    0    0   8.07939778  12 3.120 10.09954513
(-17.4863135, 6.9818511, -16.9019923, 0.9594498, 0.1973077, 0.1732094, -0.1025877)    0    0   8.55608756  0 0.400 10.68855043
(-17.4229249, 6.8262903, -2.5366834, 0.7516084, -0.2256317, 0.5698976, -0.2437046)    0    0   -10.12518030  0 5.000 -12.65647520
(-21.6960303, 6.4829928, -8.3227444, 0.8849316, -0.0526969, 0.4209170, -0.1922185)    0    0   7.47088443  0 0.400 9.14641285
(-17.4164803, 6.3392009, -17.0224909, 0.9594498, 0.1973077, 0.1732094, -0.1025877)    0    0   8.81855827  6 1.240 11.17414669
(-20.8118002, 20.5239694, 0.5981624, 0.5084174, 0.4985506, 0.6133044, -0.3417847)    0    0   -9.92756873  3 5.000 -12.32179627
(-24.6757932, 8.8200114, -8.6893379, 0.8809963, -0.0337389, 0.4284650, -0.1978001)    0    0   8.46503300  0 1.960 10.62383496
(-21.6448208, 6.6087251, -8.5759616, 0.8849527, -0.0528033, 0.4208739, -0.1921868)    0    0   8.02047906  1 1.280 10.05340257
(-22.1915341, 5.6879197, -8.9173704, 0.8849269, -0.0526729, 0.4209268, -0.1922256)    0    0   7.94197593  4 0.320 10.00248442
(-24.9114332, 8.8143507, -8.7670485, 0.8810395, -0.0339366, 0.4283873, -0.1977424)    0    0   8.33359681  8 0.160 10.35222378
(-24.2573148, 16.9907835, -11.1017570, 0.8578175, 0.2726676, 0.3822821, -0.2089545)    0    0   6.54313619  0 0.640 8.15923143
(-24.6344491, 16.6695967, -10.5560579, 0.8578039, 0.2726783, 0.3822998, -0.2089640)    0    0   6.58723744  0 0.400 8.26212912
(-24.4206110, 17.0699548, -10.7526631, 0.8578078, 0.2726757, 0.3822944, -0.2089612)    0    0   6.53760148  26 0.000 8.22584397
(-24.8183955, 16.6732018, -10.2623977, 0.8578197, 0.2726710, 0.3822759, -0.2089520)    0    0   6.55477483  19 0.000 8.19430494
(-24.4129638, 16.7284274, -10.8054859, 0.8578178, 0.2727023, 0.3822602, -0.2089479)    0    0   6.51418909  0 0.400 8.17092514
(-24.6096641, 16.9064706, -10.4734911, 0.8578072, 0.2726754, 0.3822956, -0.2089617)    0    0   6.56258315  0 0.400 8.20077629
(-24.6981015, 8.2467285, -8.7759218, 0.8810502, -0.0339860, 0.4283679, -0.1977280)    0    0   8.38514004  6 0.320 10.48271277
(-24.3281511, 17.1460513, -10.7850202, 0.8577996, 0.2726786, 0.3823071, -0.2089675)    0    0   6.60300908  1 1.920 8.26188891
(-21.6663398, 14.4713752, -15.0508797, 0.8862916, 0.3004444, 0.3054623, -0.1758213)    0    0   6.34212310  2 4.840 7.95260649
(-22.0141839, 5.7873364, -9.2192225, 0.8849250, -0.0526645, 0.4209306, -0.1922283)    0    0   7.59791968  0 0.640 9.28261477
(-22.3324294, 5.9867010, -9.1815896, 0.8848889, -0.0524804, 0.4210045, -0.1922828)    0    0   7.53465311  5 0.400 9.27329453
(-24.4957296, 16.7064571, -10.9308963, 0.8578325, 0.2726860, 0.3822440, -0.2089386)    0    0   6.51632266  0 0.400 8.17636987
(-24.6176505, 8.8180829, -8.5836859, 0.8808261, -0.0329600, 0.4287705, -0.1980273)    0    0   8.38095845  4 0.480 10.51824048
(-23.7181785, 10.6977539, -11.1845193, 0.8714374, 0.2574457, 0.3665383, -0.1999208)    0    0   7.47264872  6 0.840 9.31120029
(-24.7792722, 8.8914043, -8.7462128, 0.8810602, -0.0340314, 0.4283500, -0.1977147)    0    0   8.39063772  8 0.360 10.44065718
(-24.3150478, 17.1639127, -10.7650858, 0.8578134, 0.2726819, 0.3822806, -0.2089553)    0    0   6.55457762  0 0.400 8.24870881
(-24.6165077, 16.7830934, -10.5055770, 0.8578337, 0.2726629, 0.3822559, -0.2089417)    0    0   6.57325207  0 0.400 8.24454960
(-24.6334056, 8.3898759, -8.7198683, 0.8811347, -0.0343734, 0.4282156, -0.1976148)    0    0   8.38265478  0 0.400 10.54311318
(-22.8917503, 11.7498041, -11.6384524, 0.8714370, 0.2575342, 0.3664855, -0.1999054)    0    0   7.14020089  1 0.920 8.63993623
(-17.4371546, 6.8954090, -17.0624564, 0.9594498, 0.1973077, 0.1732094, -0.1025877)    0    0   8.99297730  0 4.920 11.24870984
(-24.6200399, 16.7605808, -10.1716794, 0.8578208, 0.2726852, 0.3822654, -0.2089486)    0    0   6.45852071  0 0.400 7.96591586
(-23.4371415, 11.0861997, -11.3102807, 0.8714374, 0.2574457, 0.3665383, -0.1999208)    0    0   7.50821171  2 2.920 9.47593048
(-23.3103323, 11.2048076, -11.4890663, 0.8714366, 0.2574976, 0.3665083, -0.1999122)    0    0   7.39017863  3 0.840 9.27861102
(-21.8809096, 6.2201941, -8.6572084, 0.8848556, -0.0523116, 0.4210725, -0.1923329)    0    0   7.83322038  0 0.400 9.86182063
(-17.4291038, 6.6224398, -17.4669465, 0.9594498, 0.1973077, 0.1732094, -0.1025877)    0    0   8.76736825  10 0.680 10.86690252
(-17.3606190, 6.6382034, -17.4412144, 0.9594498, 0.1973077, 0.1732094, -0.1025877)    0    0   8.78548101  8 0.240 11.10807308
(-17.7540826, 6.5218828, -17.1389167, 0.9594498, 0.1973077, 0.1732094, -0.1025877)    0    0   8.85678698  1 0.640 11.25325849
(-24.5344344, 8.2764022, -8.4314835, 0.8810319, -0.0339021, 0.4284009, -0.1977525)    0    0   8.31080821  0 0.400 10.35516996
(-21.5742664, 6.3362267, -8.6050156, 0.8848973, -0.0525226, 0.4209873, -0.1922702)    0    0   7.87195657  0 0.480 9.89630073
(-24.5016671, 16.5403417, -10.6141246, 0.8578179, 0.2726871, 0.3822693, -0.2089506)    0    0   6.49829970  24 0.000 8.13758440
(-24.3696570, 16.6816973, -10.9906631, 0.8578061, 0.2726767, 0.3822967, -0.2089624)    0    0   6.59515683  3 0.560 8.26165340
(-17.4421547, 6.9806558, -16.9899892, 0.9594498, 0.1973077, 0.1732094, -0.1025877)    0    0   8.93547478  1 1.520 11.24270563
(-24.1405857, 17.0508220, -10.9784781, 0.8578172, 0.2726707, 0.3822806, -0.2089542)    0    0   6.47179060  0 0.400 8.01355534
(-17.2691931, 6.7858953, -2.2671490, 0.7516084, -0.2256317, 0.5698976, -0.2437046)    0    0   -10.83901022  2 5.000 -12.76113025
(-24.9381697, 8.2139769, -9.0971316, 0.8809548, -0.0335482, 0.4285397, -0.1978557)    0    0   8.31027519  0 0.400 10.39087522
(-24.6148672, 16.9733285, -10.4524993, 0.8578141, 0.2726812, 0.3822797, -0.2089549)    0    0   6.58068919  5 0.320 8.25696752
(-24.4423069, 17.1482068, -10.8044036, 0.8578026, 0.2727121, 0.3822813, -0.2089589)    0    0   6.48045037  0 0.400 8.15781308
(-24.6411670, 16.7124951, -10.3680497, 0.8578244, 0.2726757, 0.3822647, -0.2089472)    0    0   6.50385680  22 0.000 8.11831049
(-21.1411804, 20.3984407, 0.6846730, 0.5084174, 0.4985506, 0.6133044, -0.3417847)    0    0   -10.29297069  5 4.600 -13.05992258
(-24.4980629, 16.7322908, -10.4555090, 0.8578176, 0.2727029, 0.3822602, -0.2089480)    0    0   6.42453009  0 0.400 8.10010002
(-22.4456526, 5.7956717, -8.9250200, 0.8849461, -0.0527722, 0.4208872, -0.1921963)    0    0   7.92270261  0 0.480 9.94747108
(-24.6671285, 16.5173258, -10.6973903, 0.8578045, 0.2727074, 0.3822807, -0.2089581)    0    0   6.48926743  0 0.400 8.22830365
(-21.0974831, 14.5466044, -15.6151204, 0.8950967, 0.3389437, 0.2464716, -0.1522195)    0    0   6.14707445  7 3.400 7.97202539
(-21.8829946, 6.1778112, -8.6629539, 0.8849434, -0.0527569, 0.4208929, -0.1922007)    0    0   7.63484042  28 0.000 9.13923439
(-22.8225062, 11.7950931, -11.7096318, 0.8714365, 0.2575392, 0.3664832, -0.1999049)    0    0   7.46823949  3 0.920 9.37355191
(-21.6013771, 6.3378236, -8.4740873, 0.8848679, -0.0523737, 0.4210474, -0.1923144)    0    0   7.77074688  12 0.000 9.67485431
(-21.9805498, 6.0385933, -8.7020522, 0.8849420, -0.0527503, 0.4208956, -0.1922027)    0    0   7.89076731  5 0.640 9.75687906
(-24.5880834, 16.6578573, -10.6458132, 0.8578040, 0.2726780, 0.3822996, -0.2089639)    0    0   6.59008618  4 2.160 8.22423268
(-24.5394122, 16.6150802, -10.7878770, 0.8578153, 0.2727076, 0.3822614, -0.2089491)    0    0   6.52878849  0 0.400 8.21330499
(-24.4597580, 17.0689507, -10.4231740, 0.8578277, 0.2726729, 0.3822606, -0.2089450)    0    0   6.46250982  1 0.560 8.05870758
(-24.2733645, 17.1871539, -10.8843025, 0.8578207, 0.2726794, 0.3822691, -0.2089497)    0    0   6.56108165  0 0.400 8.22029444
(-24.5724154, 16.9439515, -10.5994947, 0.8578170, 0.2727019, 0.3822618, -0.2089487)    0    0   6.51516641  0 0.400 8.17499733
(-22.3996484, 5.6828584, -9.1692482, 0.8849400, -0.0527403, 0.4208998, -0.1922057)    0    0   7.87504363  2 0.640 9.81374474
(-24.4018823, 16.8191894, -11.0014841, 0.8578205, 0.2727219, 0.3822433, -0.2089421)    0    0   6.50044519  25 0.000 8.16164652
(-24.6774568, 16.8770043, -10.5292304, 0.8578265, 0.2726598, 0.3822707, -0.2089483)    0    0   6.51650772  0 0.400 8.18259696
(-22.8969864, 11.7392183, -11.8845112, 0.8714368, 0.2575344, 0.3664855, -0.1999055)    0    0   7.11365343  3 0.960 8.64706660
(-24.6625421, 8.9599441, -8.6624514, 0.8810036, -0.0337725, 0.4284519, -0.1977903)    0    0   8.45746306  1 2.480 10.57595569
(-24.4854418, 17.0064594, -10.7870989, 0.8578141, 0.2727294, 0.3822500, -0.2089461)    0    0   6.52018070  0 0.400 8.14477963
(-20.8825487, 20.1365715, 0.6087149, 0.5084174, 0.4985506, 0.6133044, -0.3417847)    0    0   -10.12597214  4 5.000 -12.33868560
(-17.4159611, 6.6831406, -17.3769310, 0.9594498, 0.1973077, 0.1732094, -0.1025877)    0    0   8.72073845  13 0.840 10.88977566
(-23.4875454, 11.0081422, -11.3165057, 0.8714370, 0.2574740, 0.3665218, -0.1999161)    0    0   7.49747068  3 0.840 9.41983727
(-24.6832359, 16.6691470, -10.3622706, 0.8578165, 0.2726948, 0.3822671, -0.2089504)    0    0   6.48305754  0 0.400 8.05231425
(-24.5355887, 16.9401239, -10.5065613, 0.8578010, 0.2727252, 0.3822761, -0.2089579)    0    0   6.53671362  22 0.000 8.19075274
(-22.1090100, 5.9622978, -8.7898662, 0.8849435, -0.0527568, 0.4208927, -0.1922006)    0    0   7.94187294  6 0.800 9.87861486
(-24.5612009, 9.2554228, -8.4923970, 0.8810711, -0.0340815, 0.4283303, -0.1977000)    0    0   8.42074933  5 5.000 10.52853227
(-24.6297197, 16.7612683, -10.5295600, 0.8578116, 0.2726780, 0.3822861, -0.2089575)    0    0   6.57899541  2 0.640 8.21494363
(-23.3333295, 11.1760400, -11.4779828, 0.8714373, 0.2574464, 0.3665379, -0.1999207)    0    0   7.49036287  4 0.720 9.48592800
(-21.9923645, 6.1206644, -8.5567338, 0.8849402, -0.0527404, 0.4208994, -0.1922055)    0    0   7.68482945  10 0.000 9.68159209
(-24.5142372, 16.5514712, -10.8639568, 0.8577991, 0.2727463, 0.3822666, -0.2089557)    0    0   6.49722223  13 0.000 8.12620610
(-24.7101755, 16.7936507, -10.5104096, 0.8578074, 0.2727300, 0.3822618, -0.2089517)    0    0   6.35104436  18 0.000 7.90642388
(-22.1179199, 5.9067400, -8.7074818, 0.8848662, -0.0523650, 0.4210509, -0.1923170)    0    0   7.85210869  0 0.400 10.02996782
(-22.0464409, 6.1705228, -8.8405896, 0.8849071, -0.0525726, 0.4209672, -0.1922554)    0    0   7.78744195  11 0.000 9.75970862
(-21.8842142, 6.5527389, -8.6787311, 0.8849523, -0.0528021, 0.4208747, -0.1921873)    0    0   7.85205227  0 0.680 9.73786351
(-23.4767855, 11.0100650, -11.3366418, 0.8714376, 0.2574294, 0.3665478, -0.1999235)    0    0   7.53153734  0 2.720 9.41954710
(-24.7898231, 8.6192169, -8.9427116, 0.8809906, -0.0337122, 0.4284753, -0.1978078)    0    0   8.31429765  9 0.080 10.37539234
(-21.8704778, 5.7941004, -8.9157770, 0.8848203, -0.0521350, 0.4211445, -0.1923857)    0    0   7.54159966  0 0.400 9.23659641
(-24.6413243, 16.9121632, -10.6273808, 0.8578206, 0.2726740, 0.3822724, -0.2089507)    0    0   6.45393763  35 0.000 8.03919699
(-24.6828519, 8.9399544, -8.8136051, 0.8806601, -0.0322020, 0.4290671, -0.1982480)    0    0   8.24673146  3 0.560 10.31128704
(-24.7308220, 16.5835294, -10.4091562, 0.8578166, 0.2727232, 0.3822495, -0.2089452)    0    0   6.48706008  0 0.400 8.13820249
(-24.5261347, 17.1367570, -10.3414252, 0.8578087, 0.2726765, 0.3822922, -0.2089602)    0    0   6.45128136  34 0.000 8.04868875
(-24.5885172, 16.8639493, -10.6053099, 0.8578191, 0.2726938, 0.3822631, -0.2089484)    0    0   6.40532579  0 0.400 8.20628151
(-24.8742201, 8.5124721, -8.6974159, 0.8809570, -0.0335579, 0.4285358, -0.1978528)    0    0   8.21982974  3 0.560 10.24351686
(-24.5368741, 17.0202196, -10.5067282, 0.8578058, 0.2727183, 0.3822717, -0.2089551)    0    0   6.54302526  0 0.400 8.20602745
(-24.6609002, 16.9332373, -10.9650186, 0.8578060, 0.2726797, 0.3822952, -0.2089620)    0    0   6.43861152  9 0.000 7.88176468
(-23.6047593, 10.8749138, -11.2017123, 0.8714374, 0.2574422, 0.3665404, -0.1999214)    0    0   7.43599856  9 1.160 9.23000598
(-24.5263409, 16.6755052, -10.7157490, 0.8578096, 0.2726794, 0.3822888, -0.2089589)    0    0   6.56726778  14 0.000 8.17545678
(-24.5021245, 16.8398727, -10.7400294, 0.8578297, 0.2726790, 0.3822533, -0.2089422)    0    0   6.49060351  16 0.000 8.10707108
(-20.9002383, 20.4348080, 0.6201373, 0.5084174, 0.4985506, 0.6133044, -0.3417847)    0    0   -9.87630311  2 5.000 -12.28673102
(-24.5837177, 16.7994100, -10.5737770, 0.8577994, 0.2726788, 0.3823074, -0.2089676)    0    0   6.60431663  0 5.000 8.25539578
(-24.6031934, 16.8485490, -10.5664120, 0.8578161, 0.2726750, 0.3822800, -0.2089543)    0    0   6.55659974  9 0.080 8.22154451
(-24.6614802, 16.6610846, -10.5131387, 0.8578036, 0.2726780, 0.3823004, -0.2089642)    0    0   6.56067134  12 0.000 8.20393192
(-21.9239859, 6.0139909, -8.4712371, 0.8848099, -0.0520804, 0.4211659, -0.1924015)    0    0   7.66032871  0 0.480 9.72994457
(-17.4597127, 7.1288461, -16.9817729, 0.9594498, 0.1973077, 0.1732094, -0.1025877)    0    0   8.80597075  8 2.840 11.08202514
(-24.5543003, 8.9006709, -9.1209942, 0.8806978, -0.0323754, 0.4289998, -0.1981977)    0    0   8.30676281  6 0.320 10.35128645
(-24.4962606, 17.0281194, -10.5966998, 0.8577985, 0.2727026, 0.3822945, -0.2089641)    0    0   6.55964837  17 0.000 8.20507269
(-24.5774614, 17.0384546, -10.4376152, 0.8578141, 0.2727135, 0.3822600, -0.2089490)    0    0   6.55239187  24 0.000 8.19161575
(-24.2747787, 16.9059462, -10.4787033, 0.8578131, 0.2726970, 0.3822718, -0.2089529)    0    0   6.45352735  40 0.000 8.10537945
(-21.5769401, 14.7455698, -15.4172037, 0.8954723, 0.3412286, 0.2428293, -0.1507523)    0    0   6.20294998  6 3.160 7.70262136
(-24.6550304, 16.6990111, -10.4345114, 0.8578140, 0.2727139, 0.3822598, -0.2089490)    0    0   6.57040835  0 0.400 8.24557440
(-17.2949883, 6.8019621, -2.3193397, 0.7516084, -0.2256317, 0.5698976, -0.2437046)    0    0   -10.80912982  1 5.000 -12.79180488
(-24.5642471, 16.4973723, -10.7961459, 0.8578249, 0.2726682, 0.3822684, -0.2089481)    0    0   6.55492234  0 0.400 8.18162981
(-24.5390001, 16.8943718, -10.2067988, 0.8578160, 0.2726855, 0.3822738, -0.2089525)    0    0   6.43007979  0 0.400 7.86317562
(-21.0459769, 20.4007208, 0.6589086, 0.5084174, 0.4985506, 0.6133044, -0.3417847)    0    0   -9.72167975  0 5.000 -12.15209833
(-24.5430665, 16.9195259, -10.5876636, 0.8578098, 0.2727136, 0.3822676, -0.2089526)    0    0   6.56275875  0 0.400 8.21885059
(-24.7023492, 16.4145441, -10.3955374, 0.8578035, 0.2727106, 0.3822805, -0.2089584)    0    0   6.49771723  0 0.400 8.06920452
(-24.6557295, 8.9647449, -8.6987683, 0.8810085, -0.0337939, 0.4284432, -0.1977840)    0    0   8.31688060  5 0.400 10.36633785
(-24.2192600, 17.3030640, -10.7439436, 0.8578104, 0.2726746, 0.3822903, -0.2089591)    0    0   6.44679352  0 0.400 7.94581785
(-21.8420999, 6.4089919, -8.8801554, 0.8848486, -0.0522756, 0.4210869, -0.1923435)    0    0   7.80519210  10 0.000 9.75873752
(-21.3798961, 20.3226197, 0.7477422, 0.5084174, 0.4985506, 0.6133044, -0.3417847)    0    0   -9.82868105  1 5.000 -12.29074649
(-24.5792095, 16.8457945, -10.5446421, 0.8578118, 0.2726812, 0.3822838, -0.2089568)    0    0   6.58575548  0 0.400 8.25599059
(-24.5246906, 16.9801237, -10.3145991, 0.8578096, 0.2726959, 0.3822788, -0.2089560)    0    0   6.53482804  2 0.320 8.23656842
(-21.8941625, 5.3378581, -8.4160167, 0.8848235, -0.0521498, 0.4211381, -0.1923810)    0    0   7.54290246  8 0.160 9.33123524
(-21.9901600, 6.1013990, -8.7743937, 0.8849398, -0.0527387, 0.4209002, -0.1922061)    0    0   7.85754960  7 0.320 9.75139149
(-24.7894442, 7.9589963, -8.8764515, 0.8810293, -0.0338901, 0.4284057, -0.1977560)    0    0   8.40365208  7 4.120 10.51833300
(-21.8877759, 6.0829518, -8.7383498, 0.8849143, -0.0526088, 0.4209525, -0.1922446)    0    0   7.68836090  8 0.240 9.22066215
(-24.5354774, 16.5172001, -10.9105629, 0.8578127, 0.2726745, 0.3822864, -0.2089573)    0    0   6.58641952  5 0.400 8.26963308
(-24.6941794, 8.5995205, -8.7294009, 0.8810149, -0.0338244, 0.4284315, -0.1977752)    0    0   8.44187900  2 1.440 10.54497840
(-22.2259816, 5.8966764, -9.1392697, 0.8849124, -0.0526001, 0.4209563, -0.1922473)    0    0   7.79363523  0 0.400 9.62577960
(-24.7556985, 16.6237771, -10.4086318, 0.8577998, 0.2727527, 0.3822614, -0.2089539)    0    0   6.48683058  42 0.000 8.14444172
(-21.9182212, 13.8681097, -14.2915213, 0.8756780, 0.2684394, 0.3514190, -0.1939925)    0    0   5.80911404  13 3.800 6.88812192
(-17.4245179, 6.5959827, -17.2526111, 0.9594498, 0.1973077, 0.1732094, -0.1025877)    0    0   8.86091748  3 0.880 11.07073113
(-24.5515454, 16.5765021, -10.6962978, 0.8578200, 0.2726907, 0.3822633, -0.2089482)    0    0   6.53507669  0 0.400 8.16838428
(-23.6593687, 10.6147314, -11.5310074, 0.8714371, 0.2574670, 0.3665260, -0.1999173)    0    0   7.47755418  5 0.920 9.43372729
(-24.2772566, 17.0843065, -10.8392397, 0.8578178, 0.2726868, 0.3822697, -0.2089507)    0    0   6.48420499  28 0.000 8.11431638
(-17.4506865, 7.0197327, -16.8881910, 0.9594498, 0.1973077, 0.1732094, -0.1025877)    0    0   8.81682122  7 4.840 10.97784696
(-23.1139155, 11.0391647, -11.7403823, 0.8791658, 0.2040592, 0.3808613, -0.2009278)    0    0   7.17078744  0 0.520 8.98299842
(-13.4254446, 11.3955815, 0.4123839, 0.4670737, -0.0078094, 0.8005006, -0.3754730)    0    0   -36.95179046  1 5.000 -45.70702468
(-17.4379809, 6.9026019, -17.0588608, 0.9594498, 0.1973077, 0.1732094, -0.1025877)    0    0   8.83650850  3 0.680 11.10999135
(-24.5329040, 8.4513318, -8.7117230, 0.8810606, -0.0340335, 0.4283492, -0.1977141)    0    0   8.37625338  6 0.320 10.47965774
(-24.3754211, 17.0767081, -10.8119710, 0.8578076, 0.2727139, 0.3822712, -0.2089544)    0    0   6.55969229  0 0.400 8.23480852
(-24.1193146, 17.2361185, -10.4819003, 0.8578197, 0.2726873, 0.3822661, -0.2089491)    0    0   6.28518313  0 0.400 7.69535553
(-24.5862193, 16.6729087, -10.5216267, 0.8578169, 0.2726909, 0.3822687, -0.2089507)    0    0   6.50558194  0 0.400 8.06804919
(-17.4664137, 7.1728756, -17.0026229, 0.9594498, 0.1973077, 0.1732094, -0.1025877)    0    0   8.60122024  0 0.440 10.77815856
(-23.2799215, 11.2274626, -11.5374238, 0.8714375, 0.2574336, 0.3665453, -0.1999228)    0    0   7.51480329  1 2.840 9.49465465
(-24.7283492, 16.3329355, -10.6757334, 0.8578167, 0.2727125, 0.3822558, -0.2089470)    0    0   6.50546600  0 0.400 8.16496037
(-23.1079111, 11.4604922, -11.5235584, 0.8714373, 0.2574838, 0.3665154, -0.1999141)    0    0   7.47816850  2 1.560 9.36157644
(-21.6890088, 6.3856129, -8.5642935, 0.8849436, -0.0527574, 0.4208924, -0.1922004)    0    0   7.99088609  2 0.880 10.08388845
(-22.0513351, 6.1140729, -8.6701753, 0.8848983, -0.0525276, 0.4209853, -0.1922687)    0    0   7.70666220  0 0.400 9.94539858
(-23.3416235, 11.2129845, -11.4339007, 0.8714366, 0.2575047, 0.3665041, -0.1999110)    0    0   7.36138985  4 0.600 9.24960172
(-21.2376778, 14.5121392, -15.4823643, 0.8954143, 0.3408711, 0.2434016, -0.1509830)    0    0   6.27537301  5 2.280 7.92852391
(-24.7327702, 16.8512537, -10.5017092, 0.8578089, 0.2726896, 0.3822839, -0.2089577)    0    0   6.48678838  0 0.400 8.14661889
(-24.4517701, 8.5200296, -8.6143991, 0.8810294, -0.0338904, 0.4284055, -0.1977559)    0    0   8.43321388  3 4.680 10.58162653
(-24.6237483, 16.8495007, -10.3700207, 0.8578082, 0.2726948, 0.3822819, -0.2089573)    0    0   6.56828950  13 0.000 8.21211686
(-24.5273276, 16.9274990, -10.4929231, 0.8578141, 0.2726963, 0.3822704, -0.2089521)    0    0   6.52687636  25 0.000 8.15298418
(-24.4478865, 16.9714472, -10.8952376, 0.8578194, 0.2726717, 0.3822761, -0.2089522)    0    0   6.46169920  0 0.400 8.13764502
