#Coordinates  RecID  LigID  Luciferin  Neighbor's number  Vision Range  Scoring
(-20.0629210, 15.3682082, -15.2209667, 0.8960505, 0.3450334, 0.2367520, -0.1483035)    0    0   5.05377733  2 3.880 6.31948716
(-23.8405409, 10.7582293, -4.7987498, 0.7795857, 0.1540113, 0.5428607, -0.2717147)    0    0   -0.63316836  6 1.480 0.16113360
(-23.0445333, 18.1861120, -5.4698635, 0.7780465, 0.3438940, 0.4606096, -0.2534155)    0    0   -5.65538028  10 2.360 -5.89327822
(-16.3994285, 6.7947929, -1.8293068, 0.7557815, -0.1906280, 0.5745677, -0.2496544)    0    0   -18.57944181  2 5.000 -23.34254851
(-15.4155338, 11.0312531, -14.3458100, 0.9581441, 0.2023782, 0.1740314, -0.1035179)    0    0   -2.18482046  5 2.520 -1.56801742
(-21.7878805, 6.5424814, -8.6617902, 0.8849315, -0.0527991, 0.4209108, -0.1922045)    0    0   7.26637826  0 5.000 9.73347349
(-19.2905782, 20.2817791, 0.2225644, 0.5084183, 0.4985960, 0.6132725, -0.3417745)    0    0   -15.06807386  1 5.000 -16.30347218
(-26.4317636, 12.6657768, -6.3104196, 0.7985643, 0.2299138, 0.4935181, -0.2566602)    0    0   4.25250026  7 2.280 5.71140808
(-16.1282673, 8.7899729, -7.8914148, 0.9244425, 0.0392638, 0.3416194, -0.1648047)    0    0   -15.95592928  5 0.680 -17.72266474
(-19.5271036, 17.5381279, -9.7150523, 0.7995566, 0.4323510, 0.3574939, -0.2144292)    0    0   -3.03963457  7 2.120 -3.24937572
(-18.8194146, 16.2400421, -9.3108338, 0.7852860, 0.4747400, 0.3376366, -0.2096409)    0    0   -6.10302276  5 1.960 -5.70069830
(-24.4798806, 10.2596771, -4.6067266, 0.7800732, 0.1544670, 0.5421687, -0.2714383)    0    0   0.11296063  5 1.960 1.15845846
(-24.8829117, 17.2699139, -10.1089924, 0.8519653, 0.2792850, 0.3885300, -0.2126014)    0    0   6.43223213  4 5.000 8.07152991
(-15.5425758, 18.3990514, -9.7751824, 0.7928262, 0.5145992, 0.2707673, -0.1824813)    0    0   -11.76739119  5 3.080 -12.48876489
(-21.6627331, 6.4106702, -8.2440429, 0.8850487, -0.0529073, 0.4207011, -0.1920944)    0    0   5.28664026  9 1.240 8.03745261
(-21.2491198, 11.9130899, -1.6960018, 0.7683210, 0.1018946, 0.5675878, -0.2777488)    0    0   -15.42560843  4 4.520 -18.47310788
(-26.4791994, 12.1925448, -6.9521071, 0.8278092, 0.1566641, 0.4808469, -0.2428469)    0    0   5.16789496  6 4.520 6.57763773
(-26.5657619, 13.5127533, -6.1512893, 0.8052437, 0.2776685, 0.4620403, -0.2469848)    0    0   4.28331929  6 2.360 5.75820177
(-24.2402562, 19.3405579, -6.3686347, 0.7947031, 0.3322378, 0.4450889, -0.2448690)    0    0   1.89722613  6 2.600 2.88797781
(-26.0157684, 15.3086544, -9.3091208, 0.8595505, 0.2679342, 0.3820681, -0.2083462)    0    0   5.65633678  13 2.920 7.08286701
(-19.9738344, 15.4871914, -14.9188877, 0.8958304, 0.3429485, 0.2398260, -0.1495250)    0    0   4.46958666  6 3.240 6.28066493
(-15.1359985, 7.9856406, -9.1652887, 0.9119242, -0.0363465, 0.3713984, -0.1706938)    0    0   -12.45878483  6 1.720 -12.92864185
(-14.5761622, 12.6154463, -12.9412960, 0.9569205, 0.2071310, 0.1746833, -0.1043342)    0    0   -9.72851020  5 3.800 -9.76966546
(-24.1919733, 18.1183436, -4.0399453, 0.7851246, 0.3327322, 0.4580937, -0.2510355)    0    0   -3.75332883  7 3.400 -3.70719939
(-21.8004969, 6.5574580, -8.7172044, 0.8849550, -0.0528115, 0.4208693, -0.1921837)    0    0   6.87784163  4 3.560 8.89558832
(-15.8173042, 8.6069472, -8.1989298, 0.9180023, -0.0016238, 0.3589608, -0.1685712)    0    0   -14.63031816  7 1.960 -17.70191425
(-20.1263090, 15.2836466, -15.4512568, 0.8960491, 0.3450413, 0.2367467, -0.1483019)    0    0   5.02743152  3 2.120 6.40278724
(-15.7186936, 9.3721660, -16.0813829, 0.9592716, 0.1980008, 0.1733284, -0.1027180)    0    0   3.19044036  7 2.280 4.98457829
(-15.6987337, 9.3565363, -16.0817440, 0.9594674, 0.1972411, 0.1731959, -0.1025742)    0    0   3.74352534  3 5.000 4.54649789
(-13.2738056, 10.9402708, 0.4111112, 0.4670737, -0.0078094, 0.8005006, -0.3754730)    0    0   -36.78988749  0 5.000 -45.98740918
(-21.8541811, 6.5718230, -8.7824226, 0.8849518, -0.0528012, 0.4208755, -0.1921877)    0    0   7.16791965  1 5.000 9.23542334
(-19.2030761, 17.0916192, -9.4440101, 0.7884944, 0.4662076, 0.3414738, -0.2105296)    0    0   -4.26865175  5 1.240 -4.36770814
(-15.6228553, 8.5132588, -7.9342869, 0.9257002, 0.0196107, 0.3410454, -0.1624269)    0    0   -15.16395465  4 0.680 -18.46771491
(-20.2225917, 15.2526665, -15.4505840, 0.8960578, 0.3450281, 0.2367368, -0.1482958)    0    0   4.97460607  5 3.720 6.43233968
(-21.0870135, 21.3832794, -4.7500919, 0.7201863, 0.4218507, 0.4796632, -0.2707340)    0    0   -6.58985390  5 1.480 -7.14500638
(-15.9271339, 15.4001497, -6.6476127, 0.7894424, 0.4607368, 0.3457895, -0.2119716)    0    0   -16.35508157  4 4.040 -20.12540514
(-15.6997898, 9.9834765, -15.4077994, 0.9592084, 0.1982527, 0.1733641, -0.1027618)    0    0   1.20905318  10 1.160 2.61560326
(-15.6521490, 9.0030579, -7.8378160, 0.9254419, 0.0514812, 0.3375557, -0.1642048)    0    0   -16.24696135  6 0.520 -17.93261834
(-14.0357481, 10.0709059, -6.3995048, 0.9259617, 0.0613914, 0.3346156, -0.1638856)    0    0   -24.22816562  7 3.080 -28.44580021
(-19.8011503, 18.0443297, -9.8313269, 0.7973726, 0.4389091, 0.3547274, -0.2138321)    0    0   -2.77310457  16 2.280 -3.33333758
(-24.5836312, 16.7402782, -10.3946149, 0.8637057, 0.2666259, 0.3753404, -0.2050432)    0    0   6.46178912  3 4.360 8.15396324
(-21.7877201, 19.2118939, -10.8311336, 0.8372678, 0.3149589, 0.3905514, -0.2173780)    0    0   3.86535071  8 3.480 5.52960056
(-21.9618875, 12.0928656, -12.2922742, 0.8717566, 0.2565923, 0.3664501, -0.1997878)    0    0   6.54110300  6 4.840 8.21108043
(-21.6060529, 19.7129950, -10.6471177, 0.8104379, 0.3933513, 0.3751135, -0.2185290)    0    0   3.39820247  6 2.840 4.43855428
(-21.5879374, 6.5224197, -8.2061671, 0.8851155, -0.0528974, 0.4205859, -0.1920413)    0    0   5.79698274  8 2.040 7.96875892
(-15.9374940, 6.6857628, -9.3285923, 0.8941308, -0.0512290, 0.4046900, -0.1847477)    0    0   -5.81827755  4 4.280 -5.71409696
(-15.6585616, 10.3506311, -14.8466305, 0.9589392, 0.1992791, 0.1735573, -0.1029627)    0    0   -0.06866251  12 1.560 1.69636178
(-17.1973461, 7.3832992, -1.7222051, 0.7630197, -0.1161703, 0.5801454, -0.2602627)    0    0   -18.93033774  4 5.000 -24.92362435
(-18.7937744, 5.6443262, -8.5175985, 0.8870293, -0.0535693, 0.4172098, -0.1903822)    0    0   -1.00841783  11 3.080 0.72275843
(-15.8749419, 9.5508671, -15.5123111, 0.9594672, 0.1972403, 0.1731974, -0.1025748)    0    0   4.04152373  2 5.000 5.43694275
(-19.4138089, 20.2737335, 0.2529334, 0.5084176, 0.4985477, 0.6133063, -0.3417852)    0    0   -15.12553961  2 5.000 -16.76262107
(-25.6376255, 11.6603081, -4.9841520, 0.7888685, 0.2268400, 0.5071479, -0.2627378)    0    0   2.32352265  5 2.360 3.49165159
(-21.8812305, 6.5706242, -8.7915918, 0.8849406, -0.0528898, 0.4208893, -0.1921847)    0    0   7.12297106  2 5.000 9.18026917
(-20.3031217, 5.7515627, -8.6954070, 0.8860492, -0.0533055, 0.4189381, -0.1912229)    0    0   2.76479918  12 1.640 3.70395401
(-23.8227468, 10.1699198, -4.4661888, 0.7714799, 0.1233187, 0.5596884, -0.2763333)    0    0   -2.64623762  6 1.800 -1.54175911
(-20.5539882, 20.2259597, -10.6304963, 0.7947333, 0.4520013, 0.3457758, -0.2110282)    0    0   1.27587532  9 1.400 2.34898501
(-24.5599004, 16.5980629, -10.4607922, 0.8651768, 0.2650070, 0.3736282, -0.2040647)    0    0   6.48246184  1 5.000 8.15544348
(-23.4287303, 18.5083034, -5.8262364, 0.7834239, 0.3419878, 0.4545449, -0.2503600)    0    0   -2.56552915  9 2.280 -1.41832743
(-21.8841475, 19.5440687, -10.4840404, 0.8191306, 0.3516008, 0.3944693, -0.2231499)    0    0   3.54536632  5 3.720 4.57366896
(-17.0113283, 17.8808897, -9.7817051, 0.7861882, 0.4926345, 0.3145430, -0.2007041)    0    0   -7.34211992  2 2.280 -8.49435015
(-26.7758331, 15.0051656, -7.6315128, 0.8193846, 0.2903206, 0.4346115, -0.2354477)    0    0   5.70145605  3 4.040 7.27106056
(-25.5889939, 11.7688068, -5.1574896, 0.7937046, 0.1865859, 0.5160107, -0.2625865)    0    0   1.92466690  7 1.880 3.07609381
(-22.2244780, 20.7635358, -5.2128630, 0.7559965, 0.3728357, 0.4704017, -0.2611229)    0    0   -4.06702076  6 3.240 -4.06511104
(-19.7940023, 15.3827769, -15.4659526, 0.8960462, 0.3450463, 0.2367494, -0.1483037)    0    0   5.13560176  0 3.240 6.56997143
(-16.1460320, 6.8093482, -9.6664304, 0.8926148, -0.0506092, 0.4074747, -0.1861232)    0    0   -4.67724746  5 4.680 -3.44549252
(-15.6590713, 8.2219183, -8.1150283, 0.9105293, -0.0275364, 0.3744620, -0.1730789)    0    0   -14.22278005  12 2.040 -16.92814960
(-20.3102230, 18.1579388, -9.9401854, 0.8282686, 0.3477751, 0.3820658, -0.2169088)    0    0   -2.50356220  13 2.120 -2.55176227
(-24.8810045, 11.0650482, -4.7397786, 0.7884868, 0.1778547, 0.5252625, -0.2659993)    0    0   0.68185122  6 2.280 1.35610943
(-21.9541323, 12.0808995, -12.2714008, 0.8712417, 0.2581232, 0.3664977, -0.1999744)    0    0   6.72907689  0 5.000 8.41359431
(-25.4306831, 11.2818119, -4.9927271, 0.7919458, 0.2102619, 0.5097711, -0.2621928)    0    0   2.00291006  9 2.600 2.67017134
(-26.7850933, 13.9064218, -6.3576715, 0.8044346, 0.2705575, 0.4668421, -0.2484794)    0    0   4.33754148  4 3.320 5.74756751
(-24.5770155, 18.7445892, -7.9378250, 0.8330982, 0.2974050, 0.4089664, -0.2241520)    0    0   4.68433894  9 3.480 6.82569233
(-25.1744595, 10.9233083, -4.6860155, 0.7882438, 0.1895123, 0.5217432, -0.2655953)    0    0   1.56756687  7 2.760 1.87118998
(-24.6861416, 16.8386287, -10.2978914, 0.8577751, 0.2733028, 0.3819671, -0.2088746)    0    0   6.46743696  2 5.000 8.15496739
(-15.3519622, 9.4295934, -16.2691054, 0.9593960, 0.1975114, 0.1732510, -0.1026291)    0    0   3.61253147  5 2.920 5.43529224
(-19.4166207, 17.4237547, -9.5592584, 0.7935918, 0.4502564, 0.3496510, -0.2126628)    0    0   -4.35815668  7 1.160 -4.99066111
(-21.6887471, 12.1218554, -12.4960504, 0.8723149, 0.2551313, 0.3662725, -0.1995476)    0    0   6.32641094  3 0.360 8.20638248
(-22.2155665, 12.0129590, -12.2025470, 0.8724047, 0.2548463, 0.3662733, -0.1995174)    0    0   6.48892960  9 1.880 8.06806869
(-17.2075167, 6.4072464, -9.5902138, 0.8897645, -0.0531968, 0.4124108, -0.1881661)    0    0   -2.37375424  6 4.840 -1.89381286
(-14.7011717, 12.4550173, -13.2684703, 0.9566415, 0.2081692, 0.1748607, -0.1045289)    0    0   -7.20385769  5 4.120 -6.83703570
(-15.7173330, 9.7270702, -15.5136986, 0.9591165, 0.1985794, 0.1734529, -0.1028385)    0    0   1.87512810  9 1.240 3.51864436
(-15.7166152, 9.3350790, -15.8711571, 0.9594536, 0.1972936, 0.1732061, -0.1025846)    0    0   3.67920071  4 3.960 4.97171280
(-24.6730833, 10.7663692, -4.6725611, 0.7785814, 0.1705998, 0.5392821, -0.2718116)    0    0   1.10910142  5 2.840 1.75531397
(-15.8942913, 6.8064920, -9.2915550, 0.8954492, -0.0502727, 0.4023436, -0.1837472)    0    0   -7.67491802  7 2.520 -7.88155949
(-21.7955355, 20.1530446, -11.0518307, 0.7981674, 0.4357483, 0.3565266, -0.2143388)    0    0   3.33409138  4 0.920 4.36927234
(-23.8526358, 17.2856466, -3.7001317, 0.7724389, 0.3283001, 0.4775964, -0.2597283)    0    0   -6.28090503  8 3.480 -7.67946243
(-14.6565267, 12.6052826, -13.0235043, 0.9547647, 0.2151307, 0.1759360, -0.1057811)    0    0   -8.52278766  5 3.880 -8.09342762
(-16.5091407, 18.5288592, -10.0471018, 0.7853699, 0.4994895, 0.3073666, -0.1980658)    0    0   -7.50560228  4 3.480 -9.33991437
(-17.1520009, 6.9290472, -1.6308259, 0.7515769, -0.2256599, 0.5699240, -0.2437140)    0    0   -16.30770833  1 5.000 -20.07774124
(-22.6027373, 10.8878656, -3.8234841, 0.7771051, 0.1477848, 0.5473947, -0.2731782)    0    0   -8.01677576  7 3.080 -9.44880908
(-22.8408411, 19.0322587, -9.9672242, 0.8401645, 0.2961789, 0.3980954, -0.2189101)    0    0   4.33931416  10 3.800 5.83859026
(-14.9568874, 15.6524955, -6.1207566, 0.7903059, 0.4628223, 0.3419705, -0.2104000)    0    0   -17.54007201  6 2.120 -20.08445124
(-26.6150086, 15.0527333, -7.7738834, 0.8349425, 0.2855553, 0.4132269, -0.2248838)    0    0   5.68112211  11 3.880 7.31492967
(-18.2538427, 18.6976873, 0.7315157, 0.5084486, 0.4983721, 0.6134073, -0.3418139)    0    0   -22.78226668  6 3.560 -26.44014743
(-22.4601875, 19.1522938, -10.2370228, 0.8367795, 0.3046106, 0.3983089, -0.2199148)    0    0   3.85643078  11 3.320 5.47104855
(-21.5557024, 6.6163395, -8.7056942, 0.8850817, -0.0528714, 0.4206462, -0.1920724)    0    0   6.51733843  7 2.600 8.60444501
(-20.9449497, 20.1402958, -10.6806495, 0.8005012, 0.4249124, 0.3631371, -0.2162841)    0    0   1.86088465  8 1.160 3.13176572
(-20.3373129, 14.7744666, -14.5394258, 0.8800421, 0.2797745, 0.3348519, -0.1874201)    0    0   4.45478293  18 3.560 4.69588114
(-16.0060548, 8.9376840, -7.7091507, 0.9288334, 0.0307902, 0.3328548, -0.1597756)    0    0   -15.58716374  7 1.000 -18.70973837
(-21.9890560, 12.4645588, -11.9953421, 0.8720129, 0.2558110, 0.3664359, -0.1996973)    0    0   6.20778378  1 0.600 7.84902159
(-20.8114843, 6.0825973, -8.6117105, 0.8854937, -0.0529401, 0.4199273, -0.1917271)    0    0   3.73480242  11 2.040 5.20136806
(-16.5666122, 6.8043676, -9.8262581, 0.8887059, -0.0523926, 0.4143379, -0.1891583)    0    0   -4.13243048  6 4.760 -3.23976853
(-22.2260407, 18.9453450, -10.6760763, 0.8499811, 0.2920656, 0.3838930, -0.2117924)    0    0   4.12359391  10 3.880 5.73572337
(-26.6107145, 13.4265060, -6.2543215, 0.8096705, 0.2585966, 0.4655659, -0.2465965)    0    0   4.27866360  8 3.240 5.54371980
(-25.0398854, 17.6265467, -9.7633289, 0.8498042, 0.2813084, 0.3910306, -0.2139940)    0    0   6.40283548  5 3.880 8.07657392
(-24.9952493, 17.7107859, -9.3786422, 0.8426232, 0.2883655, 0.3988898, -0.2184454)    0    0   5.84292125  9 2.280 7.85668389
(-21.1812431, 19.9787281, -10.8592450, 0.7981418, 0.4358660, 0.3564531, -0.2143169)    0    0   2.71480855  6 1.000 4.28502103
(-15.7432231, 6.9693991, -9.8899016, 0.9014777, -0.0445267, 0.3914440, -0.1792397)    0    0   -6.00999644  4 3.400 -5.98582192
(-22.9228084, 20.2732307, -5.6825416, 0.7944685, 0.3336598, 0.4445096, -0.2447493)    0    0   -2.32972751  7 3.000 -2.02492214
(-25.0622567, 17.9981490, -9.0138223, 0.8465388, 0.2847619, 0.3944985, -0.2159946)    0    0   6.16620685  6 3.480 8.00243976
(-21.7444543, 12.1348039, -12.3265741, 0.8720550, 0.2558458, 0.3663351, -0.1996536)    0    0   6.56296929  3 1.000 8.34125767
(-25.6528560, 14.0185593, -4.3432485, 0.8059843, 0.2183464, 0.4885348, -0.2530769)    0    0   -1.68995768  11 2.600 -1.42398867
(-15.5792368, 15.6373825, -6.6698017, 0.7901316, 0.4607021, 0.3446033, -0.2114102)    0    0   -16.27049319  1 3.400 -19.84194689
(-16.5179871, 19.7983867, -0.3270756, 0.5088125, 0.5007467, 0.6115208, -0.3411817)    0    0   -22.73287062  5 5.000 -28.30131724
(-15.7595834, 9.2460933, -15.9220859, 0.9594626, 0.1972679, 0.1731914, -0.1025749)    0    0   3.51107932  6 3.960 4.16872145
(-21.6632777, 12.2412898, -12.3996602, 0.8718795, 0.2562772, 0.3664075, -0.1997340)    0    0   6.53019839  7 1.960 8.34782933
(-26.5094278, 15.3533175, -7.9665603, 0.8314180, 0.2925992, 0.4146305, -0.2262992)    0    0   5.58640797  13 3.480 6.93140474
(-15.0573862, 15.7362509, -6.4040767, 0.7922217, 0.4551982, 0.3468309, -0.2118671)    0    0   -16.98059751  5 2.200 -20.44566415
(-15.3957906, 7.0701646, -9.8004890, 0.9050903, -0.0440215, 0.3845503, -0.1760532)    0    0   -8.14396063  7 1.640 -8.94691766
(-26.3519632, 12.5529511, -5.8975965, 0.8023160, 0.2061356, 0.4981182, -0.2562723)    0    0   3.99183439  7 1.640 5.45081525
(-20.5590709, 19.2677570, -10.5178088, 0.7963987, 0.4460201, 0.3491244, -0.2119608)    0    0   0.39055929  9 1.320 1.40685275
(-21.8591467, 12.0663803, -12.1465895, 0.8717242, 0.2567626, 0.3664085, -0.1997865)    0    0   6.48043183  10 0.760 8.28911214
(-15.7169029, 8.2607245, -8.6097085, 0.9107129, -0.0330346, 0.3739529, -0.1722498)    0    0   -13.58727778  9 1.960 -15.66762523
(-15.8319314, 16.1879191, -7.3649695, 0.7914913, 0.4865203, 0.3119421, -0.1988256)    0    0   -16.68137680  13 3.480 -21.24797630
(-15.0506190, 15.8044715, -6.5079885, 0.7930403, 0.4511981, 0.3496322, -0.2127549)    0    0   -16.49322067  4 1.880 -20.13354127
(-20.5971902, 5.6431151, -8.4780131, 0.8857814, -0.0531830, 0.4194119, -0.1914588)    0    0   3.24263894  11 1.640 4.64089843
(-15.7069080, 8.2802866, -8.5966529, 0.9118166, -0.0299713, 0.3718243, -0.1715778)    0    0   -13.55102413  10 2.120 -15.83713334
(-21.3991118, 6.3229530, -8.5652753, 0.8849590, -0.0528822, 0.4208580, -0.1921708)    0    0   6.93821707  3 5.000 8.88990004
(-21.8986713, 11.7236280, -12.3162876, 0.8713445, 0.2578166, 0.3664893, -0.1999375)    0    0   6.57149452  1 5.000 8.18584951
(-21.9892469, 10.8874137, -3.6020345, 0.7757592, 0.1441551, 0.5498773, -0.2739560)    0    0   -9.19263603  8 3.400 -10.28661532
(-14.8880322, 7.2259499, -9.8472933, 0.9119782, -0.0350507, 0.3713393, -0.1708050)    0    0   -7.21356593  6 3.080 -8.55338334
(-20.2513245, 20.6228951, -10.3967378, 0.7855464, 0.4763295, 0.3353460, -0.2087346)    0    0   0.57272352  11 1.720 0.77129876
(-20.1827116, 12.2088914, -0.9750245, 0.7664597, 0.1009950, 0.5697987, -0.2786916)    0    0   -20.04556503  4 4.600 -24.58756474
(-25.4099582, 16.7689287, -9.7953177, 0.8489571, 0.2819275, 0.3921092, -0.2145674)    0    0   5.94959151  8 2.760 7.53309320
(-24.6021208, 18.9100934, -7.4091931, 0.8262906, 0.3038183, 0.4158390, -0.2280706)    0    0   3.77724771  8 3.480 5.72339958
(-21.6946357, 19.6161090, -10.5652280, 0.8164485, 0.3641523, 0.3892362, -0.2220362)    0    0   3.24900300  9 1.320 4.29405468
(-26.4088063, 12.9705090, -5.5886522, 0.8003870, 0.2189097, 0.4956559, -0.2564849)    0    0   3.52402406  8 1.480 4.86786595
(-21.6363698, 21.0936383, -4.9883948, 0.7547182, 0.3778583, 0.4686113, -0.2608200)    0    0   -5.24672284  5 3.320 -5.65484504
(-24.2807565, 19.5019785, -6.6431062, 0.8080078, 0.3211294, 0.4328796, -0.2379381)    0    0   2.07046963  6 2.920 3.85395035
(-23.4378166, 14.4676077, -11.5804055, 0.8709097, 0.2582322, 0.3670592, -0.2002500)    0    0   6.52319477  8 4.760 8.17858679
(-20.9885605, 20.2442282, -10.9533457, 0.7954669, 0.4424111, 0.3544950, -0.2140984)    0    0   2.32606852  7 1.320 3.67333662
(-18.5014113, 16.0037580, -8.9173804, 0.7847766, 0.4766205, 0.3364039, -0.2092631)    0    0   -8.06651994  6 2.360 -8.07803250
(-19.3591593, 19.8741052, 0.5432803, 0.5084058, 0.4986072, 0.6132729, -0.3417759)    0    0   -16.53608640  4 4.280 -18.43356903
(-25.7041095, 16.3337077, -9.7411818, 0.8499096, 0.2798671, 0.3917379, -0.2141718)    0    0   5.91779127  10 2.920 7.44363650
(-21.7332571, 20.8718893, -4.9278462, 0.7429985, 0.3848694, 0.4784943, -0.2662179)    0    0   -5.25656171  6 1.560 -5.23553118
(-22.1820643, 20.6723195, -5.1281998, 0.7703972, 0.3546373, 0.4638338, -0.2560834)    0    0   -4.76546842  8 3.000 -4.75755759
(-15.7608695, 8.0076226, -8.7989543, 0.9022043, -0.0418515, 0.3901996, -0.1789416)    0    0   -12.81893077  11 2.360 -14.05249712
(-15.9491211, 9.3124464, -15.7278135, 0.9593285, 0.1977884, 0.1732824, -0.1026736)    0    0   2.87596119  8 1.400 4.73609403
(-26.2582723, 12.6767238, -5.4154561, 0.7987631, 0.2240927, 0.4956682, -0.2570466)    0    0   3.10606851  6 1.240 4.52665028
(-16.9340728, 15.6304071, -7.4535830, 0.7856692, 0.4733351, 0.3385448, -0.2099172)    0    0   -13.75180641  6 3.880 -16.10407028
(-15.7281738, 15.9705071, -7.1026345, 0.7887994, 0.4652074, 0.3420361, -0.2106867)    0    0   -16.30646344  8 4.040 -20.05427366
(-23.6254930, 16.9764836, -2.4143254, 0.7440367, 0.3159673, 0.5190014, -0.2778697)    0    0   -11.69889071  5 3.720 -13.55223874
(-20.0329841, 15.2173091, -15.0294248, 0.8900069, 0.3124703, 0.2863325, -0.1681184)    0    0   3.73860844  8 3.480 3.99844401
(-24.6193309, 18.9546349, -6.4408263, 0.8088133, 0.3199898, 0.4324079, -0.2375941)    0    0   2.95229641  6 3.560 4.47446017
(-16.6802692, 6.9717136, -1.7751917, 0.7516031, -0.2256687, 0.5698926, -0.2436983)    0    0   -16.15263057  0 5.000 -20.09203621
(-21.6784355, 19.6089368, -10.9293866, 0.8247912, 0.3617201, 0.3770868, -0.2160639)    0    0   3.58061439  4 3.640 4.46802366
(-24.3409471, 19.1922686, -7.0224552, 0.8162564, 0.3133048, 0.4254369, -0.2336000)    0    0   2.77252620  6 3.000 4.33887871
(-19.1642335, 19.9679107, 0.4127551, 0.5084246, 0.4985583, 0.6132944, -0.3417808)    0    0   -14.95374589  0 5.000 -16.55044397
(-25.2649207, 17.0497579, -9.8368180, 0.8455064, 0.2853281, 0.3959050, -0.2167165)    0    0   6.08244954  8 3.480 7.70520137
(-26.6003529, 13.6177081, -6.2576521, 0.8136866, 0.2657317, 0.4563344, -0.2430221)    0    0   4.33066161  5 3.480 5.58203965
(-24.2838609, 11.4387047, -5.1992022, 0.7935256, 0.1855920, 0.5165656, -0.2627408)    0    0   -0.11649270  9 2.360 0.39855388
(-24.5809084, 19.2282451, -7.0752886, 0.8198936, 0.3104923, 0.4216308, -0.2315092)    0    0   3.50351680  4 3.320 5.60907032
(-21.8261109, 6.5397396, -8.4804458, 0.8849345, -0.0529384, 0.4208969, -0.1921831)    0    0   6.64509528  6 4.920 8.45945222
(-19.2718254, 20.0912082, 0.3455825, 0.5084189, 0.4985487, 0.6133048, -0.3417846)    0    0   -15.42600355  3 5.000 -18.12419357
(-20.9891581, 19.5096736, -10.6544980, 0.8050250, 0.4165037, 0.3633538, -0.2154841)    0    0   1.13217281  10 0.920 2.54241587
(-20.4346858, 18.7011250, -10.2878804, 0.8093858, 0.4035765, 0.3678071, -0.2161910)    0    0   -0.36099396  4 2.120 0.68573092
(-15.8325322, 8.5964633, -8.2082572, 0.9213865, -0.0037761, 0.3518616, -0.1650031)    0    0   -13.76520858  2 1.080 -15.72957999
(-16.0769785, 9.2341635, -7.3979400, 0.9243582, 0.0453826, 0.3409287, -0.1651363)    0    0   -15.05302845  0 0.920 -17.03605575
(-26.4495262, 9.4377702, -9.4721279, 0.8454016, 0.0895792, 0.4727732, -0.2318561)    0    0   7.01276724  0 5.000 8.76596145
(-21.6860283, 6.3126019, -8.1304632, 0.8850100, -0.0528456, 0.4207719, -0.1921343)    0    0   6.79556509  5 3.720 9.17679223
(-19.2377682, 16.9619509, -9.7175045, 0.7849664, 0.4748427, 0.3380946, -0.2098672)    0    0   -2.64199444  1 1.880 -1.68558338
(-24.6501305, 15.8087329, -3.0208577, 0.7869496, 0.2164212, 0.5136359, -0.2646703)    0    0   -5.66949291  3 3.720 -5.76612230
(-15.1365059, 7.6355612, -9.4560979, 0.9160127, -0.0287844, 0.3632804, -0.1676886)    0    0   -11.91894082  8 1.720 -13.47865073
(-16.4713419, 18.3395833, -9.9886553, 0.7845499, 0.4965487, 0.3127449, -0.2002786)    0    0   -7.57478181  12 3.320 -10.06776776
(-20.1751003, 15.2671211, -15.4524221, 0.8960532, 0.3450354, 0.2367417, -0.1482989)    0    0   5.00376995  4 3.240 6.36225776
(-14.3260686, 13.0665856, -12.6108940, 0.9531488, 0.2212374, 0.1765528, -0.1067260)    0    0   -11.75085733  6 3.800 -11.88504806
(-16.3780831, 18.2373217, -10.0535853, 0.7861868, 0.4909996, 0.3165922, -0.2014921)    0    0   -7.33505617  9 3.720 -9.92835557
(-22.0793821, 11.9572369, -12.1584431, 0.8719668, 0.2560057, 0.3664059, -0.1997041)    0    0   6.49533723  9 3.880 8.09792208
(-22.6331247, 20.5147847, -5.5481745, 0.7918570, 0.3373421, 0.4458282, -0.2457641)    0    0   -3.11975650  8 3.000 -3.10553301
(-15.7492692, 9.4119214, -15.9205920, 0.9594667, 0.1972419, 0.1731983, -0.1025754)    0    0   4.11417866  0 5.000 5.15816789
(-22.0130154, 12.3865050, -12.2334711, 0.8714252, 0.2575746, 0.3664832, -0.1999087)    0    0   6.55662831  4 3.800 8.27717512
(-13.4254446, 11.3955815, 0.4123839, 0.4670744, -0.0078139, 0.8005004, -0.3754725)    0    0   -36.95672141  1 5.000 -45.70713024
(-15.6887684, 10.2353793, -14.8940579, 0.9583048, 0.2017502, 0.1739410, -0.1034081)    0    0   0.19854352  7 1.640 1.73436592
(-21.1096681, 10.6865753, -2.5249805, 0.7694060, 0.1097286, 0.5648659, -0.2773095)    0    0   -13.07105988  6 4.280 -14.84261817
(-16.0062906, 18.6200251, -10.1174102, 0.7865360, 0.5028286, 0.3006565, -0.1952696)    0    0   -8.02038557  5 3.640 -9.94450404
(-18.5409636, 17.6035185, -9.7009346, 0.7882550, 0.4675027, 0.3404619, -0.2101928)    0    0   -4.82981445  8 1.720 -5.20060185
(-23.8874503, 17.3336278, -2.8974734, 0.7586011, 0.3225152, 0.4982441, -0.2688142)    0    0   -8.34675912  5 3.480 -8.52707508
(-15.8852042, 9.5635309, -15.4699580, 0.9594667, 0.1972424, 0.1731977, -0.1025752)    0    0   4.07002105  1 5.000 5.15820296
(-22.0044630, 12.3943044, -12.2199666, 0.8715272, 0.2572676, 0.3664761, -0.1998724)    0    0   6.56849751  2 5.000 8.33269548
(-22.2377177, 20.6019595, -5.1546160, 0.7672429, 0.3573640, 0.4661886, -0.2574829)    0    0   -4.40537432  7 3.080 -4.39240402
(-21.9200846, 12.1564753, -12.3066820, 0.8716684, 0.2569072, 0.3664269, -0.1998106)    0    0   6.54886390  5 4.600 8.29238238
(-15.8780318, 7.0995569, -9.6812869, 0.9003010, -0.0475387, 0.3934980, -0.1798822)    0    0   -7.09665048  5 3.240 -7.03629878
(-20.2559107, 5.9902765, -8.9000716, 0.8855621, -0.0529728, 0.4198065, -0.1916668)    0    0   3.73719842  10 2.280 5.29996217
(-24.0382946, 15.5999530, -11.1329589, 0.8684564, 0.2602648, 0.3704322, -0.2020537)    0    0   6.41119572  15 4.200 8.00525845
(-19.6710747, 15.3900277, -15.5755508, 0.8960536, 0.3450346, 0.2367416, -0.1482988)    0    0   5.13403396  1 4.760 6.91939763
(-19.3919457, 17.5698336, -9.8524517, 0.7997557, 0.4312999, 0.3581891, -0.2146432)    0    0   -2.93186818  5 2.040 -2.97727982
(-26.3747687, 12.6991625, -5.8543797, 0.8017127, 0.2206688, 0.4932210, -0.2555290)    0    0   4.29556219  3 2.120 6.01703097
(-21.9381458, 19.4884195, -10.3810104, 0.8191434, 0.3515525, 0.3944847, -0.2231520)    0    0   3.39536231  7 2.680 4.17639039
(-19.6823503, 18.0345873, -9.8819887, 0.7991153, 0.4339941, 0.3566274, -0.2141980)    0    0   -2.36128704  3 3.080 -2.82684031
(-23.5614538, 18.9345228, -5.9342718, 0.7872213, 0.3399986, 0.4505949, -0.2482898)    0    0   -2.11344275  7 2.760 -1.51446612
