#Coordinates  RecID  LigID  Luciferin  Neighbor's number  Vision Range  Scoring
(-20.7963844, 12.4331113, -15.7865481, 0.8954981, 0.3413934, 0.2425676, -0.1506470)    0    0   6.67546653  4 3.160 8.30808422
(-24.6503702, 8.3651730, -8.7592463, 0.8820632, -0.0386896, 0.4265133, -0.1963516)    0    0   8.54555722  2 1.280 10.69252674
(-24.7325608, 16.1676503, -11.2614839, 0.8578093, 0.2726806, 0.3822886, -0.2089590)    0    0   6.48634363  0 0.640 8.04468852
(-17.5438409, 6.8583681, -2.7489117, 0.7516084, -0.2256317, 0.5698976, -0.2437046)    0    0   -11.45133621  3 5.000 -15.02757688
(-17.1994689, 5.2460754, -17.2967802, 0.9594498, 0.1973077, 0.1732094, -0.1025877)    0    0   8.86548925  0 0.600 10.92515850
(-23.8417578, 4.6671892, -9.0626065, 0.8848529, -0.0522976, 0.4210781, -0.1923370)    0    0   9.27608334  5 2.720 11.69075531
(-21.2421990, 20.6059191, 0.7166683, 0.5084174, 0.4985506, 0.6133044, -0.3417847)    0    0   -9.78989856  3 5.000 -12.51149434
(-24.6266882, 8.9415442, -8.6956442, 0.8820668, -0.0387073, 0.4265066, -0.1963466)    0    0   8.53678691  3 1.360 10.69115716
(-24.3112561, 4.6843560, -9.2869995, 0.8848528, -0.0522972, 0.4210783, -0.1923371)    0    0   8.95098944  0 0.400 11.13968578
(-24.2392557, 16.1221623, -11.1961500, 0.8578093, 0.2726808, 0.3822886, -0.2089590)    0    0   6.50957120  5 0.400 8.11542588
(-24.0618691, 16.0205313, -11.5589933, 0.8578093, 0.2726807, 0.3822886, -0.2089590)    0    0   6.55736524  0 0.480 8.14403397
(-24.8535230, 9.0020475, -8.7571625, 0.8820636, -0.0386903, 0.4265127, -0.1963513)    0    0   8.42713039  8 0.080 10.68313597
(-24.4808083, 15.4899954, -11.0916055, 0.8578093, 0.2726807, 0.3822886, -0.2089590)    0    0   6.56703436  0 0.400 8.22684147
(-24.3564592, 15.7538242, -11.1837498, 0.8578093, 0.2726809, 0.3822886, -0.2089590)    0    0   6.58875652  19 0.000 8.21259088
(-24.0593137, 4.6311561, -9.0901494, 0.8848529, -0.0522973, 0.4210782, -0.1923371)    0    0   9.04903083  16 0.000 11.20886640
(-24.9747410, 7.7021465, -8.9430817, 0.8821988, -0.0393279, 0.4262607, -0.1961644)    0    0   8.33863884  5 0.480 10.27256256
(-24.4749779, 8.6688324, -9.1149259, 0.8820648, -0.0386960, 0.4265105, -0.1963496)    0    0   8.49049012  3 0.560 10.66965285
(-24.5878222, 8.5397066, -8.7611055, 0.8820698, -0.0387148, 0.4265012, -0.1963432)    0    0   8.33318119  6 0.320 10.41338592
(-24.4472802, 15.8614505, -11.0680296, 0.8578092, 0.2726809, 0.3822886, -0.2089590)    0    0   6.61770513  6 0.480 8.24270216
(-24.3749101, 16.1387714, -10.9742548, 0.8578093, 0.2726807, 0.3822886, -0.2089590)    0    0   6.58087667  14 0.000 8.25729209
(-20.4610566, 12.8342514, -15.7068722, 0.8954981, 0.3413934, 0.2425676, -0.1506470)    0    0   6.82184116  1 5.000 8.59487651
(-23.8335831, 4.8997876, -9.0593417, 0.8848516, -0.0522910, 0.4210808, -0.1923390)    0    0   9.15574838  11 0.000 11.70047002
(-17.3588127, 5.5650095, -17.2715553, 0.9594498, 0.1973077, 0.1732094, -0.1025877)    0    0   9.24145258  0 5.000 11.55181621
(-24.4999509, 16.6607769, -10.6786244, 0.8578093, 0.2726807, 0.3822886, -0.2089590)    0    0   6.48128633  0 0.720 8.06519844
(-24.1014270, 4.6974720, -8.4286028, 0.8848530, -0.0522979, 0.4210779, -0.1923369)    0    0   9.20297109  0 0.800 11.46211438
(-24.2190539, 4.9929841, -8.6364628, 0.8848529, -0.0522973, 0.4210782, -0.1923371)    0    0   9.31809435  1 0.720 11.77445665
(-20.3341619, 12.4201379, -15.7998661, 0.8954981, 0.3413934, 0.2425677, -0.1506470)    0    0   6.69610541  3 5.000 8.40744516
(-17.3451428, 5.8964517, -17.2792034, 0.9594498, 0.1973077, 0.1732094, -0.1025877)    0    0   8.65243807  12 0.080 10.72421164
(-17.0963472, 5.5754739, -17.0907893, 0.9594498, 0.1973077, 0.1732094, -0.1025877)    0    0   8.85397467  5 0.640 11.03769324
(-13.2738056, 10.9402708, 0.4111112, 0.4670737, -0.0078094, 0.8005006, -0.3754730)    0    0   -36.78992735  0 5.000 -45.98740918
(-23.9254811, 4.7028837, -9.0270814, 0.8848500, -0.0522826, 0.4210841, -0.1923414)    0    0   8.93618919  7 0.240 11.23358093
(-24.1805570, 15.3211067, -11.3069250, 0.8578093, 0.2726807, 0.3822886, -0.2089590)    0    0   6.51306370  34 0.000 8.14068815
(-24.1820908, 4.7177620, -8.8860656, 0.8848528, -0.0522971, 0.4210783, -0.1923371)    0    0   9.14564271  10 0.240 11.41197489
(-20.5305188, 13.5213865, -15.5552200, 0.8954981, 0.3413934, 0.2425677, -0.1506470)    0    0   6.49904512  8 4.120 8.05693455
(-24.1719635, 16.1533601, -11.5764810, 0.8578093, 0.2726807, 0.3822886, -0.2089590)    0    0   6.57653842  16 0.000 8.21870165
(-24.2407659, 15.9821781, -11.3065926, 0.8578093, 0.2726808, 0.3822886, -0.2089590)    0    0   6.55034061  0 0.400 8.14646859
(-17.5041678, 5.9649846, -17.3666254, 0.9594498, 0.1973077, 0.1732094, -0.1025877)    0    0   8.96557169  0 0.480 11.36743738
(-23.9290069, 4.8193322, -9.1064682, 0.8848530, -0.0522978, 0.4210780, -0.1923369)    0    0   9.27413211  5 0.320 11.71673449
(-24.6195923, 4.1282740, -8.6457382, 0.8848530, -0.0522980, 0.4210779, -0.1923369)    0    0   9.23015233  1 0.640 11.53602652
(-24.6437858, 15.9288721, -10.8961947, 0.8578093, 0.2726809, 0.3822886, -0.2089590)    0    0   6.59334302  17 0.000 8.29617606
(-24.4368865, 15.9697614, -11.1111642, 0.8578093, 0.2726807, 0.3822886, -0.2089590)    0    0   6.57030242  6 0.320 8.20800791
(-24.2538792, 16.5110171, -10.9311553, 0.8578093, 0.2726807, 0.3822886, -0.2089590)    0    0   6.51997781  7 0.240 8.14162008
(-22.8113687, 8.7693659, -10.8236058, 0.8717984, 0.2553412, 0.3671242, -0.1999705)    0    0   8.71307781  0 2.880 10.89379322
(-24.3159489, 15.8218457, -11.2991244, 0.8578093, 0.2726808, 0.3822886, -0.2089590)    0    0   6.49595991  33 0.000 8.09931223
(-24.1461629, 4.6232308, -8.8800733, 0.8848531, -0.0522983, 0.4210778, -0.1923368)    0    0   9.07989042  4 0.480 11.30900493
(-23.5421311, 5.0120783, -9.0963012, 0.8848521, -0.0522936, 0.4210797, -0.1923382)    0    0   9.05128765  3 0.720 11.41320994
(-17.1559370, 5.6508956, -17.1183798, 0.9594498, 0.1973077, 0.1732094, -0.1025877)    0    0   8.81540871  1 0.400 10.86760664
(-17.4229249, 6.8262903, -2.5366834, 0.7516084, -0.2256317, 0.5698976, -0.2437046)    0    0   -10.12518016  0 5.000 -12.65647520
(-23.9448548, 4.8245412, -9.0838547, 0.8848519, -0.0522926, 0.4210801, -0.1923385)    0    0   8.83080402  19 0.000 11.13248214
(-17.3566012, 5.5392913, -17.2539268, 0.9594498, 0.1973077, 0.1732094, -0.1025877)    0    0   9.18623685  1 5.000 11.50912327
(-20.8118002, 20.5239694, 0.5981624, 0.5084174, 0.4985506, 0.6133044, -0.3417847)    0    0   -9.32750002  0 5.000 -11.65937502
(-24.2074672, 8.8701155, -8.7377680, 0.8820662, -0.0387046, 0.4265077, -0.1963474)    0    0   8.50582980  6 1.720 10.63062138
(-23.6778907, 5.2485236, -9.0028262, 0.8848516, -0.0522911, 0.4210807, -0.1923389)    0    0   8.98320716  15 0.000 11.34638796
(-23.9936937, 4.6875484, -9.0596682, 0.8848521, -0.0522935, 0.4210797, -0.1923382)    0    0   8.99018978  27 0.000 11.39681851
(-24.6579094, 8.4021438, -8.6552670, 0.8820656, -0.0387012, 0.4265089, -0.1963483)    0    0   8.42432112  7 0.560 10.52067680
(-24.2679251, 16.0811180, -11.3221003, 0.8578093, 0.2726808, 0.3822886, -0.2089590)    0    0   6.59565707  15 0.000 8.25451421
(-24.4960931, 15.9458016, -10.9117501, 0.8578093, 0.2726808, 0.3822886, -0.2089590)    0    0   6.56425112  10 0.000 8.19229100
(-24.3586112, 16.0909949, -11.3475586, 0.8578093, 0.2726807, 0.3822886, -0.2089590)    0    0   6.47149972  34 0.000 8.09884275
(-24.0362621, 15.9308975, -11.6480793, 0.8578093, 0.2726808, 0.3822886, -0.2089590)    0    0   6.53068234  25 0.000 8.09090367
(-24.4090567, 15.3407421, -10.9368742, 0.8578093, 0.2726807, 0.3822886, -0.2089590)    0    0   6.52553165  4 0.480 8.13117885
(-24.3249090, 16.1366326, -11.1960101, 0.8578093, 0.2726808, 0.3822886, -0.2089590)    0    0   6.61638906  8 0.320 8.26636992
(-24.7049929, 8.8762672, -8.6945102, 0.8820657, -0.0387022, 0.4265087, -0.1963481)    0    0   8.54575239  1 1.120 10.72044254
(-24.4668561, 15.7008888, -11.1329787, 0.8578093, 0.2726808, 0.3822886, -0.2089590)    0    0   6.41273955  35 0.000 7.96223946
(-20.2999420, 12.3753672, -15.8103646, 0.8954981, 0.3413934, 0.2425676, -0.1506470)    0    0   6.70487878  2 5.000 8.38224364
(-24.2150441, 4.5663334, -8.8786592, 0.8848529, -0.0522976, 0.4210781, -0.1923370)    0    0   9.23289455  10 1.440 11.46472769
(-24.1832798, 4.4073522, -8.9379969, 0.8848526, -0.0522959, 0.4210788, -0.1923375)    0    0   9.15237988  12 0.160 11.44187486
(-24.3380310, 16.1562577, -11.2064829, 0.8578093, 0.2726809, 0.3822886, -0.2089590)    0    0   6.63118700  4 0.640 8.30150715
(-24.3674356, 8.0316686, -8.7159931, 0.8820850, -0.0387916, 0.4264728, -0.1963217)    0    0   8.37448386  3 0.560 10.47525788
(-22.8421446, 8.7216984, -10.7604617, 0.8717585, 0.2555760, 0.3670588, -0.1999649)    0    0   8.61245072  7 1.560 10.77474021
(-24.8139386, 7.6533734, -8.8868562, 0.8827404, -0.0316511, 0.4255521, -0.1966547)    0    0   8.15477368  9 0.080 10.28569795
(-24.4991379, 16.6660059, -10.6748148, 0.8578093, 0.2726805, 0.3822887, -0.2089590)    0    0   6.34102983  2 1.040 7.87712407
(-24.3361466, 16.2316964, -11.1687892, 0.8578093, 0.2726808, 0.3822886, -0.2089590)    0    0   6.59347386  0 0.400 8.24552387
(-24.4695529, 7.7645669, -8.7018241, 0.8821952, -0.0393094, 0.4262674, -0.1961696)    0    0   8.42366473  4 0.720 10.47609338
(-22.9031812, 8.8163558, -10.6510388, 0.8717260, 0.2557661, 0.3670058, -0.1999604)    0    0   8.62695771  3 0.520 10.82257960
(-17.2672241, 5.9059542, -17.1367748, 0.9594498, 0.1973077, 0.1732094, -0.1025877)    0    0   8.97709081  8 0.280 11.30340949
(-24.4996597, 15.3494353, -10.9865598, 0.8578093, 0.2726807, 0.3822886, -0.2089590)    0    0   6.53347020  0 0.400 8.10880586
(-22.5143415, 9.3240306, -10.9460100, 0.8717470, 0.2556433, 0.3670400, -0.1999633)    0    0   8.62150822  5 0.600 10.81275678
(-23.1119097, 9.0226518, -11.0473615, 0.8763043, 0.2282843, 0.3739794, -0.2002910)    0    0   7.58413247  8 0.200 9.55663382
(-24.0371301, 4.3120716, -9.2186790, 0.8848530, -0.0522978, 0.4210780, -0.1923369)    0    0   9.28170032  3 3.880 11.73202274
(-17.3553627, 5.7847489, -17.4513902, 0.9594498, 0.1973077, 0.1732094, -0.1025877)    0    0   9.13379965  3 2.720 11.37370914
(-17.3798088, 5.3577374, -17.0793462, 0.9594498, 0.1973077, 0.1732094, -0.1025877)    0    0   9.11417990  4 0.880 11.44903201
(-17.3133596, 5.9164034, -17.6660645, 0.9594498, 0.1973077, 0.1732094, -0.1025877)    0    0   8.60520697  1 0.640 10.19434646
(-24.0493018, 8.5207769, -8.8230647, 0.8820598, -0.0386720, 0.4265197, -0.1963565)    0    0   8.42827745  7 0.240 10.59230552
(-24.3141616, 4.5658748, -8.7458136, 0.8848529, -0.0522976, 0.4210781, -0.1923370)    0    0   9.30800479  2 5.000 11.63141336
(-24.4115714, 15.6434288, -11.1273048, 0.8578093, 0.2726808, 0.3822886, -0.2089590)    0    0   6.60593097  9 0.080 8.26820982
(-24.7471492, 15.8156624, -10.7976850, 0.8578093, 0.2726807, 0.3822886, -0.2089590)    0    0   6.47340127  0 0.400 8.18463445
(-17.4373306, 5.5913303, -17.3315244, 0.9594498, 0.1973077, 0.1732094, -0.1025877)    0    0   8.77235613  14 0.160 10.57437292
(-24.1394209, 16.1496894, -11.4564354, 0.8578093, 0.2726808, 0.3822886, -0.2089590)    0    0   6.60344776  11 0.000 8.27258444
(-17.2693411, 6.7855460, -2.2671174, 0.7516084, -0.2256317, 0.5698976, -0.2437046)    0    0   -10.82749453  1 5.000 -12.76100457
(-24.6268987, 8.8614431, -8.7026446, 0.8820651, -0.0386987, 0.4265099, -0.1963490)    0    0   8.52504509  4 2.400 10.66281550
(-24.3792832, 15.5182006, -11.2024394, 0.8578093, 0.2726808, 0.3822886, -0.2089590)    0    0   6.61364208  11 0.080 8.31748719
(-24.4008930, 15.4265470, -11.0622957, 0.8578093, 0.2726808, 0.3822886, -0.2089590)    0    0   6.61980518  7 0.240 8.28149284
(-24.4421984, 16.0207316, -10.9781653, 0.8578093, 0.2726808, 0.3822886, -0.2089590)    0    0   6.60766997  3 0.480 8.24469784
(-21.4609568, 20.6622453, 0.7772288, 0.5084174, 0.4985506, 0.6133044, -0.3417847)    0    0   -10.19800919  6 4.600 -12.22548697
(-24.4365948, 15.8822310, -11.0862951, 0.8578093, 0.2726808, 0.3822886, -0.2089590)    0    0   6.62482782  0 0.400 8.32386414
(-24.2813911, 4.5212212, -8.7916420, 0.8848522, -0.0522938, 0.4210796, -0.1923381)    0    0   9.21356591  7 0.240 11.58258090
(-24.3493883, 15.7594669, -11.3799395, 0.8578093, 0.2726806, 0.3822886, -0.2089590)    0    0   6.53362118  0 0.400 8.15433008
(-20.4343023, 13.1055228, -15.6484303, 0.8954981, 0.3413934, 0.2425677, -0.1506470)    0    0   6.65766453  5 3.320 8.40687283
(-24.0248568, 4.6426116, -9.2605186, 0.8848513, -0.0522895, 0.4210813, -0.1923394)    0    0   9.06731453  0 0.400 11.44544241
(-22.7508149, 9.1444760, -10.9544190, 0.8717289, 0.2557491, 0.3670105, -0.1999608)    0    0   8.61579033  6 0.680 10.78819879
(-24.0565507, 4.5789047, -8.9846146, 0.8848529, -0.0522975, 0.4210781, -0.1923370)    0    0   9.07714843  9 0.160 11.29101173
(-23.9486635, 4.6066858, -8.7531927, 0.8848530, -0.0522981, 0.4210779, -0.1923368)    0    0   9.17727358  5 0.320 11.44193993
(-24.5252150, 15.8465599, -10.9632360, 0.8578093, 0.2726809, 0.3822886, -0.2089590)    0    0   6.62403662  4 0.480 8.28584433
(-24.1332145, 16.3312797, -11.3491818, 0.8578093, 0.2726808, 0.3822886, -0.2089590)    0    0   6.51412549  0 0.400 8.09452988
(-24.2234099, 15.9395634, -11.3030615, 0.8578093, 0.2726808, 0.3822886, -0.2089590)    0    0   6.54661223  0 0.400 8.15354775
(-24.1800345, 16.2324203, -11.3308421, 0.8578093, 0.2726807, 0.3822886, -0.2089590)    0    0   6.56600311  20 0.000 8.22865597
(-24.3292409, 16.0631606, -10.9592774, 0.8578093, 0.2726808, 0.3822886, -0.2089590)    0    0   6.52749684  28 0.000 8.21696651
(-23.8384964, 4.5437094, -9.3339263, 0.8848521, -0.0522936, 0.4210797, -0.1923382)    0    0   9.15113900  5 0.240 11.56857424
(-24.3237932, 16.2888763, -11.2417982, 0.8578092, 0.2726809, 0.3822886, -0.2089590)    0    0   6.64969941  1 1.120 8.36110497
(-24.4612541, 16.0671069, -11.0656981, 0.8578093, 0.2726807, 0.3822886, -0.2089590)    0    0   6.53663871  0 0.400 8.25006175
(-22.6904454, 9.2044141, -11.0212487, 0.8716719, 0.2560830, 0.3669175, -0.1999529)    0    0   8.53878778  0 0.400 10.73973292
(-24.8880227, 7.6669235, -8.9022632, 0.8821963, -0.0393156, 0.4262653, -0.1961679)    0    0   8.36625383  4 0.640 10.32818827
(-24.5978004, 16.3367161, -10.8618448, 0.8578094, 0.2726805, 0.3822887, -0.2089590)    0    0   6.45369859  9 0.400 8.10363667
(-20.7106287, 20.5138598, 0.5705102, 0.5084174, 0.4985506, 0.6133044, -0.3417847)    0    0   -9.77738161  2 5.000 -11.77163683
(-17.3126355, 5.6672884, -17.4127102, 0.9594498, 0.1973077, 0.1732094, -0.1025877)    0    0   8.98077795  4 0.560 11.33087014
(-22.8531940, 8.7550465, -10.7245026, 0.8717445, 0.2556581, 0.3670359, -0.1999630)    0    0   8.58215869  9 0.840 10.75322620
(-24.3829538, 16.0281555, -11.1319706, 0.8578092, 0.2726809, 0.3822886, -0.2089590)    0    0   6.67758450  0 5.000 8.34698072
(-24.3304764, 16.0197113, -11.4890303, 0.8578093, 0.2726807, 0.3822886, -0.2089590)    0    0   6.56584871  0 0.400 8.25192006
(-24.1945680, 4.5938457, -8.8780010, 0.8848530, -0.0522978, 0.4210780, -0.1923369)    0    0   9.26074540  5 0.640 11.58479988
(-23.9877816, 8.8946594, -9.4658492, 0.8818482, 0.1834133, 0.3852235, -0.2007640)    0    0   7.77411772  0 0.720 9.65889291
(-24.3536361, 15.6742931, -10.7757322, 0.8578093, 0.2726807, 0.3822886, -0.2089590)    0    0   6.51780102  0 0.400 8.15405281
(-22.6671033, 8.8310751, -11.0774829, 0.8717413, 0.2556766, 0.3670307, -0.1999625)    0    0   8.61092269  1 0.560 10.80422155
(-24.3608062, 4.1807405, -8.6961420, 0.8848530, -0.0522981, 0.4210779, -0.1923368)    0    0   9.16426250  1 0.800 11.56243606
(-24.6241688, 15.7715753, -10.9525332, 0.8578093, 0.2726806, 0.3822886, -0.2089590)    0    0   6.53897471  0 0.400 8.20719364
(-24.2541052, 16.0923918, -11.2822200, 0.8578093, 0.2726806, 0.3822886, -0.2089590)    0    0   6.55587940  17 0.000 8.21017682
(-24.1926597, 4.6259276, -8.8760589, 0.8848529, -0.0522975, 0.4210781, -0.1923370)    0    0   9.40782616  0 1.600 11.78896628
(-24.1695350, 4.6069727, -8.8906575, 0.8848522, -0.0522942, 0.4210795, -0.1923380)    0    0   9.08452870  11 0.000 11.42390762
(-24.0871225, 4.4573394, -9.2575908, 0.8848529, -0.0522973, 0.4210782, -0.1923371)    0    0   9.04679442  8 0.000 11.27331803
(-22.9205753, 8.3447637, -10.5947755, 0.8717607, 0.2555629, 0.3670624, -0.1999652)    0    0   8.64896673  3 0.880 10.88078804
(-24.6820526, 7.7830386, -8.8290502, 0.8820640, -0.0384766, 0.4265192, -0.1963772)    0    0   8.45185210  3 0.640 10.57979194
(-24.3728051, 4.5329990, -8.9692487, 0.8848526, -0.0522962, 0.4210787, -0.1923374)    0    0   9.13367971  15 0.000 11.41731442
(-24.5718010, 15.7782434, -11.0095848, 0.8578093, 0.2726808, 0.3822886, -0.2089590)    0    0   6.50112704  7 0.240 8.08799331
(-24.7659513, 8.2380429, -8.5553464, 0.8839729, -0.0209971, 0.4235540, -0.1968581)    0    0   7.80929046  3 0.320 9.96568665
(-24.4536733, 16.0748470, -11.0499874, 0.8578093, 0.2726808, 0.3822886, -0.2089590)    0    0   6.57896646  0 0.400 8.23611479
(-24.6071160, 15.7301650, -11.2091205, 0.8578093, 0.2726807, 0.3822886, -0.2089590)    0    0   6.54376552  0 0.400 8.18729427
(-24.3805561, 16.0905293, -11.1799695, 0.8578093, 0.2726808, 0.3822886, -0.2089590)    0    0   6.60366040  0 0.400 8.32238251
(-24.8920899, 8.5971491, -8.7887095, 0.8820616, -0.0386822, 0.4265163, -0.1963538)    0    0   8.45711100  6 0.320 10.65859777
(-24.3785703, 16.3002362, -11.1366065, 0.8578093, 0.2726807, 0.3822886, -0.2089590)    0    0   6.52375594  0 0.400 8.18503640
(-24.6959190, 15.8964792, -10.9780945, 0.8578093, 0.2726807, 0.3822886, -0.2089590)    0    0   6.54857325  27 0.000 8.10568696
(-22.7828063, 9.6019616, -10.9327427, 0.8716811, 0.2560290, 0.3669325, -0.1999542)    0    0   8.54310694  3 0.360 10.69602093
(-24.3785896, 16.1318022, -11.1262072, 0.8578093, 0.2726808, 0.3822886, -0.2089590)    0    0   6.54637673  12 0.000 8.19795123
(-24.4638453, 16.1144645, -11.1406125, 0.8578093, 0.2726808, 0.3822886, -0.2089590)    0    0   6.51483832  16 0.000 8.14493783
(-20.7042425, 20.5124675, 0.5687479, 0.5084174, 0.4985506, 0.6133044, -0.3417847)    0    0   -9.68343962  1 5.000 -11.61298998
(-24.6788840, 15.6190076, -11.0190523, 0.8578093, 0.2726807, 0.3822886, -0.2089590)    0    0   6.54296753  0 0.400 8.15936564
(-24.4735381, 16.1393618, -11.1042125, 0.8578093, 0.2726808, 0.3822886, -0.2089590)    0    0   6.56250972  0 0.400 8.26046568
(-24.2966783, 15.8297195, -11.1644062, 0.8578093, 0.2726808, 0.3822886, -0.2089590)    0    0   6.51420786  0 0.400 8.08913935
(-24.2578023, 4.6116107, -8.7896593, 0.8848529, -0.0522976, 0.4210781, -0.1923370)    0    0   9.26016766  8 0.720 11.58302196
(-17.2331128, 5.2669582, -17.2613306, 0.9594498, 0.1973077, 0.1732094, -0.1025877)    0    0   8.79529271  12 0.200 10.56354267
(-24.6373114, 9.3263163, -8.6609599, 0.8820629, -0.0386882, 0.4265139, -0.1963521)    0    0   8.50711293  4 0.560 10.68250077
(-24.3423091, 16.0290356, -11.2647986, 0.8578093, 0.2726807, 0.3822886, -0.2089590)    0    0   6.55429852  0 0.400 8.34000306
(-24.5796654, 15.9617367, -10.9298619, 0.8578093, 0.2726808, 0.3822886, -0.2089590)    0    0   6.58700940  0 0.400 8.23580869
(-24.3094095, 15.8561044, -11.2435637, 0.8578093, 0.2726808, 0.3822886, -0.2089590)    0    0   6.61062093  9 0.160 8.27649234
(-20.4221872, 12.7231488, -15.7319262, 0.8954981, 0.3413934, 0.2425676, -0.1506470)    0    0   6.86158208  0 5.000 8.62930707
(-24.1569240, 15.8053420, -11.4324781, 0.8578093, 0.2726808, 0.3822886, -0.2089590)    0    0   6.54269347  0 0.400 8.24904465
(-17.2986064, 6.7933098, -2.3184830, 0.7516084, -0.2256317, 0.5698976, -0.2437046)    0    0   -10.88788168  2 5.000 -12.89244649
(-24.5538641, 15.8578780, -10.8308765, 0.8578093, 0.2726807, 0.3822886, -0.2089590)    0    0   6.61111417  0 0.400 8.27122864
(-24.3808069, 15.7986127, -11.1525305, 0.8578092, 0.2726809, 0.3822886, -0.2089590)    0    0   6.63456863  0 0.400 8.34590496
(-20.9734396, 20.5257617, 0.6420209, 0.5084174, 0.4985506, 0.6133044, -0.3417847)    0    0   -10.16096487  5 4.840 -12.72664063
(-24.3552782, 15.7345383, -11.4331223, 0.8578093, 0.2726807, 0.3822886, -0.2089590)    0    0   6.50625413  0 0.400 8.14959421
(-24.1403380, 16.3172219, -11.5115044, 0.8578093, 0.2726808, 0.3822886, -0.2089590)    0    0   6.57257902  0 0.400 8.23482130
(-24.8385996, 8.1366208, -8.9382908, 0.8820577, -0.0386616, 0.4265236, -0.1963595)    0    0   8.43270805  2 0.640 10.55877946
(-24.5100164, 15.6102667, -11.0615744, 0.8578093, 0.2726809, 0.3822886, -0.2089590)    0    0   6.64792801  2 1.360 8.29326735
(-24.3863974, 4.4135021, -8.7203739, 0.8848526, -0.0522961, 0.4210787, -0.1923374)    0    0   9.27876206  4 0.400 11.66844223
(-21.2272188, 20.5692105, 0.7117877, 0.5084174, 0.4985506, 0.6133044, -0.3417847)    0    0   -9.92373821  4 5.000 -12.74182902
(-24.4747638, 15.7868049, -11.3053035, 0.8578093, 0.2726807, 0.3822886, -0.2089590)    0    0   6.52208975  0 0.400 8.22381446
(-24.3929437, 15.9985025, -11.1259328, 0.8578093, 0.2726808, 0.3822886, -0.2089590)    0    0   6.62753859  5 0.960 8.25248048
(-24.3485580, 4.5660481, -8.7311041, 0.8848527, -0.0522967, 0.4210785, -0.1923373)    0    0   9.23831912  8 0.160 11.64309872
(-23.5424681, 5.0134450, -9.0731501, 0.8848530, -0.0522978, 0.4210780, -0.1923369)    0    0   9.07258348  0 0.640 11.29207001
(-24.9730653, 7.5685028, -8.9377917, 0.8823807, -0.0401872, 0.4259198, -0.1959120)    0    0   8.31706654  12 0.080 10.56403439
(-23.9109401, 4.9597010, -8.5442824, 0.8848530, -0.0522981, 0.4210779, -0.1923368)    0    0   9.03102220  0 0.400 11.26177202
(-24.2134627, 16.1624659, -10.9934590, 0.8578093, 0.2726808, 0.3822886, -0.2089590)    0    0   6.46400187  0 0.400 8.04533980
(-24.6281630, 8.8523687, -8.7036089, 0.8820656, -0.0387016, 0.4265089, -0.1963483)    0    0   8.54990748  0 1.520 10.69959301
(-24.1082040, 4.5750150, -9.1896870, 0.8848526, -0.0522958, 0.4210788, -0.1923375)    0    0   9.14523044  1 0.560 11.48450856
(-24.2599985, 15.8991063, -11.2721816, 0.8578093, 0.2726807, 0.3822886, -0.2089590)    0    0   6.55304831  0 0.400 8.17727069
(-20.4058289, 12.7661841, -15.7228430, 0.8954981, 0.3413934, 0.2425677, -0.1506470)    0    0   6.57670269  6 1.160 8.24348006
(-17.3848495, 5.3767645, -17.2241410, 0.9594498, 0.1973077, 0.1732094, -0.1025877)    0    0   9.06724487  4 0.480 11.44519752
(-24.5832616, 15.8209770, -10.7819752, 0.8578093, 0.2726808, 0.3822886, -0.2089590)    0    0   6.58124602  16 0.000 8.21046374
(-22.6985418, 8.6030644, -11.1025603, 0.8717254, 0.2557700, 0.3670047, -0.1999603)    0    0   8.56418966  5 0.400 10.70803574
(-24.4460073, 15.7274234, -11.1251661, 0.8578093, 0.2726807, 0.3822886, -0.2089590)    0    0   6.55048400  0 0.400 8.32106050
(-17.4603116, 5.2618776, -16.9220514, 0.9594498, 0.1973077, 0.1732094, -0.1025877)    0    0   9.06232981  4 0.400 11.45690114
(-22.8627751, 8.7963930, -10.9459236, 0.8717407, 0.2556862, 0.3670261, -0.1999614)    0    0   8.36808444  6 0.400 10.29521544
(-13.4254446, 11.3955815, 0.4123839, 0.4670737, -0.0078094, 0.8005006, -0.3754730)    0    0   -36.95179046  1 5.000 -45.70702468
(-17.4466246, 6.2105445, -17.6715034, 0.9594498, 0.1973077, 0.1732094, -0.1025877)    0    0   9.16173041  2 5.000 11.51047997
(-24.3292835, 8.6794274, -8.7656249, 0.8820673, -0.0387035, 0.4265060, -0.1963467)    0    0   8.45883463  0 0.400 10.66783370
(-24.6105103, 15.7360178, -10.8041677, 0.8578093, 0.2726806, 0.3822886, -0.2089590)    0    0   6.54327152  28 0.000 8.19618192
(-24.3461990, 16.1777458, -11.0919627, 0.8578093, 0.2726807, 0.3822886, -0.2089590)    0    0   6.60991571  12 0.000 8.26919859
(-24.3314625, 16.0727286, -11.2057511, 0.8578093, 0.2726809, 0.3822886, -0.2089590)    0    0   6.61272897  9 0.080 8.27108061
(-17.4635314, 5.6408501, -17.4089554, 0.9594498, 0.1973077, 0.1732094, -0.1025877)    0    0   9.02766933  3 0.560 11.29448105
(-23.0311167, 8.8671693, -10.5888203, 0.8719077, 0.2547344, 0.3672813, -0.1999793)    0    0   8.50019497  0 0.600 10.53864429
(-24.4479624, 16.1136525, -11.1011703, 0.8578093, 0.2726809, 0.3822886, -0.2089590)    0    0   6.57111071  0 0.400 8.26314274
(-22.7438549, 9.1865183, -10.9693919, 0.8717607, 0.2555630, 0.3670624, -0.1999652)    0    0   8.65096444  2 1.560 10.85204692
(-24.0681188, 4.9558456, -8.8684604, 0.8848530, -0.0522981, 0.4210779, -0.1923368)    0    0   9.11121656  8 0.160 11.37757810
(-24.2600470, 4.9142566, -8.8744687, 0.8848516, -0.0522911, 0.4210807, -0.1923389)    0    0   9.08843180  10 0.000 11.42709872
(-22.8193203, 8.7202541, -10.8064361, 0.8717829, 0.2554325, 0.3670987, -0.1999683)    0    0   8.65837741  1 1.440 10.83543117
(-20.4488584, 12.8261677, -15.7088383, 0.8954981, 0.3413934, 0.2425677, -0.1506470)    0    0   6.56662819  7 1.640 8.21939626
(-24.4293287, 16.2339129, -10.8919084, 0.8578093, 0.2726806, 0.3822886, -0.2089590)    0    0   6.44957805  8 0.160 8.02849211
(-24.6804619, 8.5502397, -8.7422749, 0.8821187, -0.0380897, 0.4264390, -0.1963811)    0    0   8.44765265  4 0.560 10.61074922
(-24.1151470, 15.5102067, -10.9437536, 0.8578093, 0.2726807, 0.3822886, -0.2089590)    0    0   6.48150770  0 0.400 7.99555830
(-24.3663424, 15.9551169, -11.1494301, 0.8578093, 0.2726806, 0.3822886, -0.2089590)    0    0   6.45988052  50 0.000 8.09410411
(-24.4419147, 16.0583574, -11.1484775, 0.8578093, 0.2726808, 0.3822886, -0.2089590)    0    0   6.45817100  19 0.000 8.03079127
