#Coordinates  RecID  LigID  Luciferin  Neighbor's number  Vision Range  Scoring
(-20.4187871, 13.4389065, -15.5754523, 0.8954982, 0.3413935, 0.2425676, -0.1506470)    0    0   6.44068882  7 1.320 8.14551713
(-24.8436023, 8.8347714, -8.5778562, 0.8818186, -0.0373299, 0.4269732, -0.1967137)    0    0   8.39183226  6 0.480 10.48515230
(-24.2469668, 15.9455524, -11.4085541, 0.8578093, 0.2726806, 0.3822886, -0.2089590)    0    0   6.58606660  15 0.000 8.26160444
(-17.5438409, 6.8583681, -2.7489117, 0.7516084, -0.2256317, 0.5698976, -0.2437046)    0    0   -11.45133621  3 5.000 -15.02757688
(-17.4340668, 5.5496738, -17.4709964, 0.9594498, 0.1973077, 0.1732094, -0.1025877)    0    0   9.07775036  5 0.520 11.44321587
(-23.9504768, 4.6164205, -9.5365392, 0.8848531, -0.0522984, 0.4210777, -0.1923367)    0    0   9.02099707  3 2.080 11.46580181
(-21.2464775, 20.4741120, 0.7148849, 0.5084174, 0.4985506, 0.6133044, -0.3417847)    0    0   -9.89907607  2 5.000 -12.58618926
(-24.5797690, 7.9613104, -8.7910426, 0.8820280, -0.0385251, 0.4265787, -0.1964000)    0    0   8.47445324  10 0.240 10.61034141
(-23.5075350, 4.9784710, -9.1864637, 0.8848525, -0.0522953, 0.4210790, -0.1923377)    0    0   8.90032215  2 0.800 11.22138458
(-24.7341175, 15.6032354, -10.7499997, 0.8578094, 0.2726801, 0.3822887, -0.2089590)    0    0   6.36233038  3 0.560 7.90675111
(-24.4868178, 15.7356549, -11.0631786, 0.8578093, 0.2726806, 0.3822886, -0.2089590)    0    0   6.53764534  28 0.000 8.15288139
(-24.9373076, 8.2127886, -8.8678573, 0.8820897, -0.0388151, 0.4264640, -0.1963150)    0    0   8.49482628  3 0.480 10.70581519
(-24.4594046, 15.8454715, -11.2045080, 0.8578093, 0.2726806, 0.3822886, -0.2089590)    0    0   6.50159091  7 0.240 8.05699130
(-24.4658604, 15.7756618, -10.9884017, 0.8578093, 0.2726805, 0.3822887, -0.2089590)    0    0   6.60676615  0 0.400 8.33607268
(-23.3191408, 5.1195177, -9.4086999, 0.8848528, -0.0522972, 0.4210782, -0.1923371)    0    0   8.95319983  8 0.480 11.33071242
(-24.4995201, 8.6406811, -8.8435455, 0.8819894, -0.0383438, 0.4266504, -0.1964532)    0    0   8.38351968  12 0.000 10.50394088
(-24.6077351, 8.4435203, -8.7439715, 0.8821821, -0.0392503, 0.4262918, -0.1961874)    0    0   8.50205060  6 2.040 10.62866651
(-24.4837827, 7.9197453, -8.9498670, 0.8820507, -0.0382017, 0.4265510, -0.1964217)    0    0   8.35604667  6 0.240 10.41282356
(-24.2399560, 16.5987669, -11.3112439, 0.8578094, 0.2726804, 0.3822887, -0.2089590)    0    0   6.46690438  10 0.000 8.00509243
(-24.5516030, 16.2250400, -11.3286885, 0.8578094, 0.2726804, 0.3822887, -0.2089590)    0    0   6.39289535  10 0.000 7.88116128
(-20.6553695, 13.7831875, -15.4958373, 0.8954981, 0.3413934, 0.2425677, -0.1506470)    0    0   6.60535418  0 5.000 8.25742118
(-22.8036475, 5.6341722, -9.3473158, 0.8848352, -0.0522079, 0.4211143, -0.1923636)    0    0   7.82353261  7 0.480 9.84319007
(-17.3588127, 5.5650095, -17.2715553, 0.9594498, 0.1973077, 0.1732094, -0.1025877)    0    0   9.24105293  0 5.000 11.55181621
(-24.7616616, 16.6490386, -10.8373687, 0.8578094, 0.2726803, 0.3822887, -0.2089590)    0    0   6.44320399  24 0.000 8.03363810
(-23.1330470, 5.1941862, -9.1750980, 0.8848411, -0.0522379, 0.4211021, -0.1923547)    0    0   7.91008132  13 0.320 9.86058624
(-23.0022619, 5.4774453, -9.2309392, 0.8848377, -0.0522207, 0.4211091, -0.1923598)    0    0   7.98833497  2 0.880 10.20660884
(-20.8547336, 14.0284936, -15.4582440, 0.8954982, 0.3413935, 0.2425676, -0.1506470)    0    0   6.51125090  4 5.000 8.12729244
(-17.4010307, 5.6189038, -17.4940582, 0.9594498, 0.1973077, 0.1732094, -0.1025877)    0    0   8.97485254  0 0.400 11.30744100
(-17.2685521, 5.6220849, -17.3518966, 0.9594498, 0.1973077, 0.1732094, -0.1025877)    0    0   8.98972536  9 2.720 11.17905923
(-13.2738056, 10.9402708, 0.4111112, 0.4670737, -0.0078094, 0.8005006, -0.3754730)    0    0   -36.78992735  0 5.000 -45.98740918
(-22.1492157, 5.8989410, -9.0831168, 0.8847977, -0.0520178, 0.4211909, -0.1924200)    0    0   7.59144394  9 0.480 9.64153439
(-24.7309282, 15.7190662, -10.9933958, 0.8578093, 0.2726806, 0.3822886, -0.2089590)    0    0   6.51393292  0 0.480 8.12982434
(-22.8244951, 5.5832631, -9.0448193, 0.8848326, -0.0521948, 0.4211195, -0.1923675)    0    0   7.92229494  4 1.200 10.01899524
(-20.4758950, 13.5033570, -15.5654283, 0.8954981, 0.3413934, 0.2425676, -0.1506470)    0    0   6.51394922  3 3.560 8.12705073
(-24.7539730, 16.3722053, -10.6585367, 0.8578094, 0.2726801, 0.3822887, -0.2089590)    0    0   6.47074849  25 0.000 8.08739303
(-24.1354259, 16.1513321, -11.6045885, 0.8578093, 0.2726807, 0.3822886, -0.2089590)    0    0   6.62050988  5 0.400 8.30690376
(-17.3208308, 5.8128528, -17.7628173, 0.9594498, 0.1973077, 0.1732094, -0.1025877)    0    0   8.99551445  5 0.240 11.26452351
(-23.4055210, 4.9655768, -8.9145908, 0.8848523, -0.0522945, 0.4210793, -0.1923379)    0    0   8.77048392  5 0.400 11.38560728
(-23.6133704, 4.8630870, -9.6503657, 0.8848499, -0.0522825, 0.4210842, -0.1923415)    0    0   8.63855400  5 0.320 11.27568998
(-24.5257387, 15.6114222, -11.0159808, 0.8578093, 0.2726807, 0.3822886, -0.2089590)    0    0   6.59154137  12 1.200 8.21556191
(-24.6302127, 17.0825659, -10.5478207, 0.8578094, 0.2726803, 0.3822887, -0.2089590)    0    0   6.48309710  16 0.000 8.14824823
(-24.4334787, 15.8243822, -11.1422663, 0.8578093, 0.2726805, 0.3822887, -0.2089590)    0    0   6.56682599  0 0.400 8.33061601
(-22.7746964, 9.2526588, -10.8468582, 0.8725982, 0.2505749, 0.3684459, -0.2000806)    0    0   8.37566963  4 0.560 10.55708855
(-24.6349970, 16.1577899, -10.8563221, 0.8578094, 0.2726803, 0.3822887, -0.2089590)    0    0   6.47918134  18 0.000 8.07694261
(-23.6298513, 4.9000914, -9.6479339, 0.8848531, -0.0522985, 0.4210777, -0.1923367)    0    0   8.99278413  7 0.640 11.14616174
(-22.6341366, 5.5899144, -8.9970265, 0.8848277, -0.0521698, 0.4211296, -0.1923749)    0    0   7.76898575  5 0.560 9.66241204
(-17.4011157, 5.6790784, -17.1319662, 0.9594498, 0.1973077, 0.1732094, -0.1025877)    0    0   8.85494746  1 0.560 10.95584447
(-17.4229249, 6.8262903, -2.5366834, 0.7516084, -0.2256317, 0.5698976, -0.2437046)    0    0   -10.12518016  0 5.000 -12.65647520
(-22.3537546, 5.7753224, -8.9567449, 0.8848258, -0.0521603, 0.4211335, -0.1923777)    0    0   7.69876505  9 0.560 9.65199088
(-17.3566012, 5.5392913, -17.2539268, 0.9594498, 0.1973077, 0.1732094, -0.1025877)    0    0   9.14840558  1 3.880 11.50912327
(-20.8118002, 20.5239694, 0.5981624, 0.5084174, 0.4985506, 0.6133044, -0.3417847)    0    0   -9.32750002  0 5.000 -11.65937502
(-24.5981226, 8.5279142, -8.7025703, 0.8821436, -0.0390690, 0.4263635, -0.1962405)    0    0   8.52233335  3 1.400 10.69114795
(-22.2520888, 5.8785660, -9.0771615, 0.8848108, -0.0520843, 0.4211641, -0.1924003)    0    0   7.65506724  8 0.480 9.95071365
(-22.6244907, 5.6599834, -9.0214114, 0.8848297, -0.0521799, 0.4211256, -0.1923719)    0    0   7.73556349  7 0.320 9.74935493
(-24.0601360, 8.6766603, -8.7867941, 0.8817492, -0.0372197, 0.4270945, -0.1967825)    0    0   8.44102127  0 0.400 10.64241275
(-24.6045629, 16.1417625, -10.7619840, 0.8578094, 0.2726804, 0.3822887, -0.2089590)    0    0   6.49313562  6 0.320 8.18463781
(-24.4001663, 16.4132545, -10.5764149, 0.8578094, 0.2726802, 0.3822887, -0.2089590)    0    0   6.49289796  2 0.400 8.19290534
(-24.1766540, 16.2744878, -11.5297405, 0.8578093, 0.2726806, 0.3822886, -0.2089590)    0    0   6.37966415  21 0.000 7.90233375
(-24.1549992, 15.7589200, -11.4853782, 0.8578093, 0.2726809, 0.3822886, -0.2089590)    0    0   6.64713918  1 1.360 8.34720327
(-24.5457348, 16.3198981, -10.7535118, 0.8578094, 0.2726804, 0.3822887, -0.2089590)    0    0   6.54108127  1 0.800 8.15353578
(-24.5212986, 15.8984033, -10.9424639, 0.8578094, 0.2726804, 0.3822887, -0.2089590)    0    0   6.42577233  25 0.000 8.00966100
(-24.5738915, 7.8076108, -8.8039742, 0.8819662, -0.0382350, 0.4266934, -0.1964851)    0    0   8.47243708  11 0.160 10.57459343
(-24.5432833, 16.7080097, -10.6943405, 0.8578094, 0.2726801, 0.3822887, -0.2089590)    0    0   6.58200151  0 0.480 8.26819383
(-20.6723040, 13.8635087, -15.4769971, 0.8954982, 0.3413935, 0.2425676, -0.1506470)    0    0   6.52837889  2 5.000 8.17775031
(-23.6262516, 4.9020386, -9.6249480, 0.8848530, -0.0522982, 0.4210778, -0.1923368)    0    0   9.00356849  3 0.720 11.27276520
(-23.4501590, 5.2878030, -8.9694139, 0.8848495, -0.0522801, 0.4210852, -0.1923422)    0    0   8.40980932  8 0.080 10.81314535
(-24.5320859, 16.0523738, -10.9370759, 0.8578093, 0.2726806, 0.3822886, -0.2089590)    0    0   6.44630605  29 0.000 8.00273468
(-24.7489649, 8.4888631, -8.6628518, 0.8819508, -0.0381625, 0.4267221, -0.1965063)    0    0   8.48878553  6 0.640 10.64079720
(-22.8241987, 9.3806889, -10.6227770, 0.8714712, 0.2572532, 0.3665909, -0.1999248)    0    0   8.55041933  3 1.320 10.71228186
(-24.6383297, 8.0810946, -8.7939614, 0.8821359, -0.0390327, 0.4263779, -0.1962512)    0    0   8.54950461  3 2.880 10.69909259
(-24.5953618, 16.9467222, -10.6112390, 0.8578094, 0.2726803, 0.3822887, -0.2089590)    0    0   6.52443090  0 0.400 8.16808594
(-24.3023731, 16.1223788, -11.2760314, 0.8578093, 0.2726808, 0.3822886, -0.2089590)    0    0   6.62151919  4 0.720 8.29237311
(-24.6414185, 7.9525709, -8.7964010, 0.8820820, -0.0387789, 0.4264783, -0.1963256)    0    0   8.55366590  1 1.760 10.72512678
(-22.7258967, 9.1689938, -11.1818903, 0.8717668, 0.2555270, 0.3670724, -0.1999661)    0    0   8.43553449  0 0.440 10.59553135
(-17.3977696, 6.2378016, -17.6610676, 0.9594498, 0.1973077, 0.1732094, -0.1025877)    0    0   9.08550896  5 2.040 11.36470756
(-24.7754273, 15.6807724, -10.6622575, 0.8578094, 0.2726802, 0.3822887, -0.2089590)    0    0   6.51342349  0 0.480 8.10159020
(-22.7400527, 9.0715044, -10.7069947, 0.8714714, 0.2572519, 0.3665912, -0.1999249)    0    0   8.51123960  7 0.840 10.62197689
(-22.7963055, 9.2375755, -10.8658009, 0.8714711, 0.2572536, 0.3665907, -0.1999248)    0    0   8.66088047  0 3.400 10.82954648
(-23.6286829, 4.9045057, -9.4868058, 0.8848531, -0.0522987, 0.4210777, -0.1923367)    0    0   9.17752915  0 3.840 11.49254510
(-17.4843951, 5.7900425, -17.2869104, 0.9594498, 0.1973077, 0.1732094, -0.1025877)    0    0   9.10403482  4 1.200 11.41868733
(-17.2639862, 5.1704001, -17.0195956, 0.9594498, 0.1973077, 0.1732094, -0.1025877)    0    0   8.93090961  4 0.400 11.13701498
(-17.2596468, 5.8869543, -17.7680775, 0.9594498, 0.1973077, 0.1732094, -0.1025877)    0    0   9.01707866  7 0.320 11.28370999
(-24.2878764, 8.7562192, -8.7346230, 0.8818424, -0.0376548, 0.4269227, -0.1966551)    0    0   8.40349002  9 0.320 10.64205056
(-23.6701739, 4.8840254, -9.4415466, 0.8848531, -0.0522986, 0.4210777, -0.1923367)    0    0   9.04350076  2 4.800 11.17922841
(-24.6839028, 16.7626418, -10.5216898, 0.8578094, 0.2726803, 0.3822887, -0.2089590)    0    0   6.52542109  0 0.400 8.19440400
(-24.4920495, 16.2720369, -10.7287751, 0.8578094, 0.2726804, 0.3822887, -0.2089590)    0    0   6.44522397  0 0.400 7.97151319
(-17.1146454, 5.6651540, -17.3547243, 0.9594498, 0.1973077, 0.1732094, -0.1025877)    0    0   8.65855043  8 0.160 10.80988617
(-24.2593710, 15.9352163, -11.3485256, 0.8578093, 0.2726809, 0.3822886, -0.2089590)    0    0   6.58503203  7 0.080 8.24029742
(-17.2693411, 6.7855460, -2.2671174, 0.7516084, -0.2256317, 0.5698976, -0.2437046)    0    0   -10.82749453  1 5.000 -12.76100457
(-24.2838521, 8.1949144, -8.7270389, 0.8820512, -0.0386339, 0.4265357, -0.1963681)    0    0   8.49894403  7 0.560 10.62849202
(-24.2910192, 16.2155814, -11.2004891, 0.8578094, 0.2726803, 0.3822887, -0.2089590)    0    0   6.52373828  22 0.000 8.23418631
(-24.3814017, 16.0199400, -11.1375158, 0.8578093, 0.2726806, 0.3822886, -0.2089590)    0    0   6.50857563  29 0.000 8.06938655
(-24.5833587, 16.6822585, -10.8668399, 0.8578094, 0.2726802, 0.3822887, -0.2089590)    0    0   6.41859113  17 0.000 8.03639073
(-20.5198733, 20.5489083, 0.5195814, 0.5084174, 0.4985506, 0.6133044, -0.3417847)    0    0   -10.20543585  5 4.760 -12.22786547
(-24.6069486, 15.6904332, -10.9081915, 0.8578093, 0.2726806, 0.3822886, -0.2089590)    0    0   6.45927467  27 0.000 8.05071936
(-22.5426715, 5.7291929, -8.9967222, 0.8848308, -0.0521854, 0.4211233, -0.1923703)    0    0   7.80963192  5 0.800 9.96614322
(-24.5000259, 16.1290392, -10.9273552, 0.8578093, 0.2726808, 0.3822886, -0.2089590)    0    0   6.56701571  0 0.400 8.23660745
(-20.7350320, 13.8964442, -15.4696368, 0.8954981, 0.3413934, 0.2425677, -0.1506470)    0    0   6.53027204  1 3.880 8.19790600
(-22.7083395, 5.5817368, -8.9131969, 0.8848290, -0.0521766, 0.4211269, -0.1923729)    0    0   7.84092331  2 0.720 9.90159265
(-22.9792517, 9.2508300, -11.1168537, 0.8714754, 0.2572285, 0.3665978, -0.1999254)    0    0   8.47404059  0 0.440 10.67919352
(-23.9283187, 4.7565514, -9.1604776, 0.8848531, -0.0522986, 0.4210777, -0.1923367)    0    0   9.15760978  1 2.000 11.48716398
(-23.2617242, 5.0781207, -9.3001751, 0.8848433, -0.0522487, 0.4210978, -0.1923515)    0    0   7.89431016  18 0.000 9.73045033
(-24.2337543, 15.7564417, -11.2714948, 0.8578093, 0.2726806, 0.3822886, -0.2089590)    0    0   6.54608048  0 0.400 8.20389427
(-24.2943196, 16.6675257, -11.1067288, 0.8578094, 0.2726804, 0.3822887, -0.2089590)    0    0   6.55623841  0 0.880 8.19969278
(-24.3557710, 16.1035583, -11.0002494, 0.8578093, 0.2726806, 0.3822886, -0.2089590)    0    0   6.45205215  14 0.000 8.07896138
(-24.6500853, 16.8355121, -10.3464862, 0.8578094, 0.2726801, 0.3822887, -0.2089590)    0    0   6.43436790  32 0.000 8.05326711
(-24.3174924, 16.4501065, -11.6044807, 0.8578094, 0.2726803, 0.3822887, -0.2089590)    0    0   6.49041721  0 0.400 8.08956056
(-23.2106080, 5.3468837, -9.2402442, 0.8848373, -0.0522183, 0.4211101, -0.1923605)    0    0   8.00827922  1 0.880 10.28390740
(-24.2543587, 16.2528836, -11.2767778, 0.8578093, 0.2726807, 0.3822886, -0.2089590)    0    0   6.62396247  3 0.560 8.31348377
(-24.3294350, 16.6788493, -11.2052827, 0.8578094, 0.2726803, 0.3822887, -0.2089590)    0    0   6.48606657  5 0.400 8.05636781
(-22.7138996, 9.3052392, -11.0586263, 0.8714747, 0.2572324, 0.3665967, -0.1999253)    0    0   8.47643601  3 0.480 10.55360179
(-24.4027705, 8.6659614, -8.6760215, 0.8820049, -0.0384163, 0.4266217, -0.1964319)    0    0   8.40508453  1 0.720 10.44387578
(-24.6047823, 16.7525108, -10.5227137, 0.8578094, 0.2726801, 0.3822887, -0.2089590)    0    0   6.52088735  4 0.480 8.18379459
(-20.7082099, 20.5483767, 0.5706253, 0.5084174, 0.4985506, 0.6133044, -0.3417847)    0    0   -10.03164660  4 5.000 -12.37380903
(-17.1919016, 5.4122398, -17.4818391, 0.9594498, 0.1973077, 0.1732094, -0.1025877)    0    0   8.78530447  0 0.480 10.94814032
(-22.8020817, 9.2538183, -10.8557041, 0.8714716, 0.2572507, 0.3665916, -0.1999249)    0    0   8.55623122  2 1.000 10.79940179
(-24.3829538, 16.0281555, -11.1319706, 0.8578092, 0.2726809, 0.3822886, -0.2089590)    0    0   6.67750103  0 4.400 8.34698072
(-24.3459308, 15.7924398, -11.3126338, 0.8578093, 0.2726808, 0.3822886, -0.2089590)    0    0   6.58720083  14 0.400 8.20208163
(-23.8000942, 4.8182298, -9.0891699, 0.8848529, -0.0522976, 0.4210781, -0.1923370)    0    0   8.79577128  2 0.560 10.96731997
(-24.5890288, 8.3249216, -8.7298602, 0.8820743, -0.0387426, 0.4264927, -0.1963362)    0    0   8.50592242  4 1.360 10.65348979
(-24.5775725, 15.9623728, -10.3591203, 0.8578094, 0.2726802, 0.3822887, -0.2089590)    0    0   6.40589683  1 0.720 8.01285208
(-22.6685803, 8.8362169, -11.0763506, 0.8714706, 0.2572565, 0.3665900, -0.1999248)    0    0   8.42681211  4 0.640 10.42786648
(-23.6046485, 4.9147301, -9.5301190, 0.8848530, -0.0522982, 0.4210778, -0.1923368)    0    0   8.84620737  10 0.240 11.14702725
(-24.4291312, 16.4933856, -10.7417542, 0.8578094, 0.2726802, 0.3822887, -0.2089590)    0    0   6.51904008  14 0.000 8.17167939
(-24.5549458, 16.6643583, -10.8054490, 0.8578094, 0.2726802, 0.3822887, -0.2089590)    0    0   6.51562623  0 0.400 8.19269949
(-23.8863760, 5.0382652, -8.9583142, 0.8848492, -0.0522789, 0.4210856, -0.1923425)    0    0   8.54946811  16 0.000 11.12163809
(-22.2753790, 5.8876131, -9.0708699, 0.8848242, -0.0521520, 0.4211368, -0.1923802)    0    0   7.91446693  3 0.800 9.97874332
(-23.6538725, 4.8693155, -9.4555006, 0.8848531, -0.0522985, 0.4210777, -0.1923367)    0    0   8.90510740  9 1.600 10.91942919
(-22.9466689, 9.2997350, -10.6136133, 0.8714736, 0.2572392, 0.3665948, -0.1999252)    0    0   8.54221975  1 0.560 10.72225896
(-24.2803025, 8.8027659, -8.7642130, 0.8834222, -0.0184163, 0.4244884, -0.1975742)    0    0   7.83743817  20 0.000 9.93718081
(-23.4289028, 5.0797620, -9.1711361, 0.8848448, -0.0522565, 0.4210947, -0.1923492)    0    0   8.05295165  15 0.080 10.21236995
(-24.4259068, 15.7695342, -11.1705388, 0.8578093, 0.2726805, 0.3822887, -0.2089590)    0    0   6.58594495  0 0.400 8.31296269
(-24.2488702, 8.7360110, -8.7534632, 0.8818889, -0.0378724, 0.4268367, -0.1965913)    0    0   8.50232490  0 0.640 10.68684072
(-24.2499051, 15.9058847, -11.3841577, 0.8578093, 0.2726807, 0.3822886, -0.2089590)    0    0   6.59437360  9 0.400 8.24754825
(-24.3900787, 17.1605143, -10.7077175, 0.8578094, 0.2726802, 0.3822887, -0.2089590)    0    0   6.54704175  0 0.400 8.22334623
(-24.4715006, 15.9743068, -10.9866252, 0.8578093, 0.2726807, 0.3822886, -0.2089590)    0    0   6.57861547  6 0.320 8.27482833
(-24.0635715, 8.6722972, -8.7758903, 0.8819430, -0.0381262, 0.4267364, -0.1965169)    0    0   8.40845980  10 0.320 10.49070463
(-24.1110903, 15.9963707, -11.1156260, 0.8578093, 0.2726808, 0.3822886, -0.2089590)    0    0   6.44976370  0 0.400 7.95256353
(-24.3053616, 16.4063975, -11.1783794, 0.8578093, 0.2726806, 0.3822886, -0.2089590)    0    0   6.55997672  2 0.400 8.16253221
(-22.7909703, 8.8764037, -10.7618814, 0.8714707, 0.2572558, 0.3665902, -0.1999248)    0    0   8.54583462  4 0.840 10.66912000
(-24.3282690, 15.7741184, -11.2875986, 0.8578093, 0.2726808, 0.3822886, -0.2089590)    0    0   6.59425326  4 0.320 8.27225822
(-24.1669898, 16.8569086, -11.2577083, 0.8578094, 0.2726804, 0.3822887, -0.2089590)    0    0   6.55072528  1 0.640 8.17193257
(-20.7036049, 20.5129240, 0.5685853, 0.5084174, 0.4985506, 0.6133044, -0.3417847)    0    0   -9.69714156  1 5.000 -11.61587437
(-24.1847527, 16.6047537, -11.2028779, 0.8578094, 0.2726802, 0.3822887, -0.2089590)    0    0   6.50947821  10 0.000 8.15451463
(-24.7289121, 16.9483090, -10.9579981, 0.8578094, 0.2726803, 0.3822887, -0.2089590)    0    0   6.49915339  3 0.320 8.08762349
(-24.5263945, 16.6288822, -10.7556922, 0.8578094, 0.2726801, 0.3822887, -0.2089590)    0    0   6.55525535  3 0.880 8.14945199
(-23.2641845, 5.0896509, -9.8315526, 0.8848531, -0.0522987, 0.4210776, -0.1923367)    0    0   9.00162219  5 3.440 11.24999999
(-17.6521118, 5.4140320, -17.0823713, 0.9594498, 0.1973077, 0.1732094, -0.1025877)    0    0   9.11498335  3 0.600 11.51623510
(-24.6234644, 8.3464390, -8.7283413, 0.8818807, -0.0376200, 0.4268586, -0.1966287)    0    0   8.39431215  12 0.080 10.51617509
(-24.5150129, 16.7850871, -10.4417917, 0.8578094, 0.2726801, 0.3822887, -0.2089590)    0    0   6.47756151  12 0.000 8.13723335
(-24.4104730, 16.1154530, -11.0975818, 0.8578093, 0.2726806, 0.3822886, -0.2089590)    0    0   6.47491864  32 0.000 8.16160737
(-24.5204578, 16.5646373, -10.8081053, 0.8578094, 0.2726801, 0.3822887, -0.2089590)    0    0   6.55444873  4 0.480 8.19454524
(-20.8191236, 14.0869534, -15.3981179, 0.8954982, 0.3413935, 0.2425675, -0.1506470)    0    0   6.47934841  6 4.520 8.05231974
(-24.6191812, 16.1137572, -10.7019419, 0.8578094, 0.2726804, 0.3822887, -0.2089590)    0    0   6.56133986  9 0.000 8.29334776
(-17.2986063, 6.7933099, -2.3184830, 0.7516084, -0.2256317, 0.5698976, -0.2437046)    0    0   -10.88788168  2 5.000 -12.89244649
(-24.4761770, 16.5672406, -10.9301096, 0.8578094, 0.2726801, 0.3822887, -0.2089590)    0    0   6.50316558  3 0.640 8.12111590
(-24.4112072, 16.0580299, -11.0731533, 0.8578093, 0.2726806, 0.3822886, -0.2089590)    0    0   6.59003271  1 0.720 8.22748838
(-21.0538124, 20.4610198, 0.6623633, 0.5084174, 0.4985506, 0.6133044, -0.3417847)    0    0   -10.52331960  6 4.920 -13.96910714
(-24.4288903, 16.1654046, -11.0279568, 0.8578093, 0.2726809, 0.3822886, -0.2089590)    0    0   6.59892609  0 0.480 8.27520852
(-24.4874786, 16.0879675, -10.9184290, 0.8578093, 0.2726809, 0.3822886, -0.2089590)    0    0   6.63932454  2 0.640 8.33899534
(-24.6740720, 7.9783706, -8.7302103, 0.8820743, -0.0387426, 0.4264927, -0.1963362)    0    0   8.41855243  0 0.400 10.60161272
(-25.0431787, 16.6256314, -10.2850901, 0.8578094, 0.2726802, 0.3822887, -0.2089590)    0    0   6.56459503  1 0.480 8.28051701
(-23.6085456, 4.9484736, -9.1799745, 0.8848464, -0.0522647, 0.4210914, -0.1923468)    0    0   8.17824401  8 0.240 10.43969467
(-21.2275917, 20.5655695, 0.7118075, 0.5084174, 0.4985506, 0.6133044, -0.3417847)    0    0   -9.95203941  3 5.000 -12.62842706
(-24.5721838, 16.0248714, -10.6526704, 0.8578093, 0.2726807, 0.3822886, -0.2089590)    0    0   6.61317619  2 0.480 8.32231438
(-24.2496332, 16.7278944, -10.9634361, 0.8578094, 0.2726801, 0.3822887, -0.2089590)    0    0   6.45745658  12 0.000 8.05236735
(-23.5357351, 4.9780163, -9.7403920, 0.8848518, -0.0522917, 0.4210805, -0.1923387)    0    0   8.88113386  7 0.320 11.23595505
(-23.1050731, 5.1607003, -9.3502978, 0.8848485, -0.0522754, 0.4210870, -0.1923436)    0    0   8.57706266  9 0.080 11.27511319
(-24.5996486, 8.5234721, -8.6959674, 0.8821897, -0.0390705, 0.4262851, -0.1962035)    0    0   8.41448723  12 0.160 10.63278027
(-23.4677088, 5.0040851, -9.1820366, 0.8848531, -0.0522985, 0.4210777, -0.1923367)    0    0   9.00135662  6 2.880 11.27656329
(-24.6097663, 16.6525595, -10.7617082, 0.8578094, 0.2726801, 0.3822887, -0.2089590)    0    0   6.45308012  7 0.240 8.05722657
(-24.5211728, 9.0035240, -8.6920533, 0.8820203, -0.0384888, 0.4265931, -0.1964107)    0    0   8.46035935  7 0.240 10.61565396
(-23.3425153, 5.0416308, -8.9518076, 0.8848509, -0.0522872, 0.4210823, -0.1923401)    0    0   8.54720541  0 0.560 10.45196734
(-24.6803306, 16.7587253, -10.4140484, 0.8578094, 0.2726802, 0.3822887, -0.2089590)    0    0   6.51233889  12 0.000 8.09403664
(-20.5642601, 13.7102571, -15.4998229, 0.8954982, 0.3413935, 0.2425676, -0.1506470)    0    0   6.49897205  5 1.800 8.10469094
(-17.6578436, 6.1294523, -17.4030112, 0.9594498, 0.1973077, 0.1732094, -0.1025877)    0    0   8.94465297  0 0.480 11.21262961
(-24.2855172, 16.6280643, -11.1398582, 0.8578094, 0.2726805, 0.3822887, -0.2089590)    0    0   6.53581535  36 0.000 8.09094810
(-22.8950488, 9.2668324, -10.6373184, 0.8718010, 0.2553260, 0.3671284, -0.1999708)    0    0   8.44853318  0 0.480 10.53197523
(-24.4528447, 15.9675086, -11.0630960, 0.8578093, 0.2726806, 0.3822886, -0.2089590)    0    0   6.54777084  0 0.400 8.27796630
(-17.2040992, 5.4201989, -17.3521303, 0.9594498, 0.1973077, 0.1732094, -0.1025877)    0    0   8.84786981  0 0.400 11.21474098
(-22.6514269, 9.3109134, -11.1709825, 0.8773502, 0.2207293, 0.3759859, -0.2004239)    0    0   7.75967053  0 0.400 9.95280368
(-13.4254446, 11.3955815, 0.4123839, 0.4670737, -0.0078094, 0.8005006, -0.3754730)    0    0   -36.95179046  1 5.000 -45.70702468
(-17.2598167, 5.3815625, -17.2522951, 0.9594498, 0.1973077, 0.1732094, -0.1025877)    0    0   9.12577253  2 4.520 11.40575498
(-24.2586320, 7.0977954, -8.9637558, 0.8834745, -0.0454471, 0.4238276, -0.1943643)    0    0   8.35417650  6 1.560 10.44406660
(-24.7956721, 16.7903055, -10.5084049, 0.8578094, 0.2726801, 0.3822887, -0.2089590)    0    0   6.45557479  9 0.000 8.04194352
(-24.6741478, 17.1516932, -10.6301803, 0.8578094, 0.2726802, 0.3822887, -0.2089590)    0    0   6.46253291  23 0.000 8.06755648
(-24.6250327, 16.1806591, -10.6972218, 0.8578093, 0.2726805, 0.3822887, -0.2089590)    0    0   6.56825087  3 0.880 8.21644348
(-17.3769943, 5.9992437, -17.5517754, 0.9594498, 0.1973077, 0.1732094, -0.1025877)    0    0   8.84484447  15 0.000 11.00961219
(-22.6030385, 8.5854062, -10.6898991, 0.8714709, 0.2572545, 0.3665905, -0.1999248)    0    0   8.53660500  9 3.160 10.63179299
(-24.2072462, 15.9744656, -11.4046445, 0.8578093, 0.2726808, 0.3822886, -0.2089590)    0    0   6.59393940  10 0.000 8.25746398
(-22.8040639, 9.2862279, -10.9083507, 0.8714712, 0.2572532, 0.3665909, -0.1999248)    0    0   8.57481174  1 1.240 10.79492352
(-23.9210423, 4.7395987, -9.1506187, 0.8848512, -0.0522890, 0.4210816, -0.1923395)    0    0   8.56030799  10 0.000 11.26147299
(-22.3165137, 5.7612466, -9.4205774, 0.8848343, -0.0522032, 0.4211162, -0.1923650)    0    0   7.75968472  6 0.240 9.89812165
(-22.6565760, 9.2913779, -10.8604432, 0.8716401, 0.2562692, 0.3668655, -0.1999484)    0    0   8.45326085  2 0.560 10.49548659
(-20.6559944, 13.6508368, -15.5006301, 0.8954982, 0.3413936, 0.2425674, -0.1506469)    0    0   6.42480086  8 3.880 7.95079870
(-24.2870023, 17.0796273, -11.2461786, 0.8578094, 0.2726801, 0.3822887, -0.2089590)    0    0   6.46241082  0 0.400 8.06768082
(-24.3188561, 8.3807717, -9.1215026, 0.8869936, 0.1104162, 0.4011102, -0.2004027)    0    0   8.56690212  2 3.240 10.71820991
(-24.2866103, 15.9959768, -11.3320959, 0.8578093, 0.2726806, 0.3822886, -0.2089590)    0    0   6.49814218  10 0.000 8.05566539
(-24.6356234, 17.0263835, -10.6780864, 0.8578094, 0.2726804, 0.3822887, -0.2089590)    0    0   6.52133322  0 0.400 8.16772520
(-24.2452042, 16.2090254, -11.1536621, 0.8578093, 0.2726806, 0.3822886, -0.2089590)    0    0   6.55929699  18 0.000 8.21869950
