#Coordinates  RecID  LigID  Luciferin  Neighbor's number  Vision Range  Scoring
(-21.1382902, 14.9687835, -15.3427986, 0.8956285, 0.3422372, 0.2412280, -0.1501078)    0    0   5.86941803  5 2.520 7.54091112
(-26.6502755, 12.1737347, -7.7085978, 0.8335935, 0.1391703, 0.4778695, -0.2395709)    0    0   5.57007865  7 0.440 7.54335589
(-24.6525502, 17.4984665, -9.4958175, 0.8566077, 0.2739339, 0.3836584, -0.2097374)    0    0   5.93516469  6 1.400 7.94740330
(-16.4434506, 7.0756332, -1.8606460, 0.7516076, -0.2256346, 0.5698976, -0.2437043)    0    0   -16.46153176  2 5.000 -20.65014483
(-16.4586754, 8.9258992, -16.0625702, 0.9594461, 0.1973224, 0.1732118, -0.1025904)    0    0   3.96076165  8 0.520 5.26146824
(-21.3135518, 6.6852051, -8.7299243, 0.8849502, -0.0528080, 0.4208779, -0.1921881)    0    0   7.73465552  3 5.000 9.73427107
(-20.2601969, 20.2216105, 0.4595039, 0.5084174, 0.4985502, 0.6133047, -0.3417847)    0    0   -11.22736998  0 5.000 -13.90987653
(-26.4537098, 9.8271538, -9.1158841, 0.8452439, 0.0902441, 0.4728711, -0.2319734)    0    0   6.99954626  4 4.600 8.76724801
(-18.3844952, 6.7088764, -9.3828241, 0.8882547, -0.0514738, 0.4151914, -0.1896580)    0    0   -0.69965856  5 0.760 0.84408604
(-23.2386555, 18.8290861, -10.5605666, 0.8407606, 0.3189800, 0.3817341, -0.2136643)    0    0   4.49258590  4 0.680 6.01822711
(-22.2692207, 18.8255765, -10.4279651, 0.8280467, 0.3534378, 0.3780531, -0.2156298)    0    0   2.76442301  10 1.000 4.75124705
(-26.4689231, 11.5240376, -7.6685957, 0.8356294, 0.1330894, 0.4766560, -0.2383482)    0    0   5.64239739  6 0.600 7.53317954
(-24.4812383, 16.5006001, -10.6458259, 0.8607407, 0.2695207, 0.3789615, -0.2070560)    0    0   6.44657215  12 2.200 8.01976556
(-20.2016445, 18.6032793, -10.1680699, 0.8121315, 0.3952924, 0.3705151, -0.2165755)    0    0   -2.32091852  6 1.960 -1.27982593
(-21.9822428, 6.4462454, -8.4098220, 0.8849504, -0.0528091, 0.4208775, -0.1921878)    0    0   7.56444854  2 0.440 9.57010699
(-24.7210630, 12.0469856, -4.8543168, 0.8248178, 0.1643452, 0.4825881, -0.2444893)    0    0   -4.50609868  7 3.400 -3.85583817
(-26.4513831, 9.6101651, -9.3144240, 0.8453259, 0.0899082, 0.4728184, -0.2319126)    0    0   7.06301182  1 5.000 8.86266222
(-26.4561735, 10.1120376, -8.8620928, 0.8446751, 0.0928470, 0.4731760, -0.2323959)    0    0   6.84704926  5 2.440 8.75554659
(-25.0377732, 16.7056808, -10.1058126, 0.8595071, 0.2708250, 0.3803858, -0.2078654)    0    0   6.36269964  1 0.600 8.15692185
(-24.3135736, 16.2232324, -10.7424138, 0.8631721, 0.2667928, 0.3762139, -0.2054718)    0    0   6.48022594  4 0.920 8.08273322
(-21.4399019, 14.5655166, -15.3676971, 0.8868094, 0.3023670, 0.3026815, -0.1747203)    0    0   6.23265986  5 4.680 7.84215899
(-19.1362776, 6.5269595, -9.0478334, 0.8866513, -0.0524157, 0.4179447, -0.1908513)    0    0   0.82967113  4 1.000 2.28235966
(-15.9816969, 8.9184282, -15.6385551, 0.9594228, 0.1974138, 0.1732266, -0.1026071)    0    0   2.95057819  5 0.920 4.50985760
(-24.4334025, 18.2178975, -8.3569493, 0.8522924, 0.2784885, 0.3884514, -0.2124790)    0    0   4.87944456  5 1.960 6.69981108
(-21.8326170, 6.5465684, -8.7245988, 0.8849492, -0.0528080, 0.4208796, -0.1921889)    0    0   7.71298040  5 3.720 9.67161902
(-18.6389265, 6.6520678, -9.3198716, 0.8879932, -0.0518359, 0.4156291, -0.1898250)    0    0   -0.15149104  5 0.840 1.50769858
(-21.6147587, 14.8269681, -15.4621168, 0.8960290, 0.3448553, 0.2370243, -0.1484124)    0    0   6.07685029  3 4.280 7.53971297
(-16.8508002, 8.4756596, -16.4302412, 0.9594488, 0.1973116, 0.1732101, -0.1025884)    0    0   6.16537587  0 2.360 9.05899733
(-16.8030097, 8.3861143, -16.3119989, 0.9594509, 0.1973034, 0.1732086, -0.1025868)    0    0   5.34392086  4 3.880 7.32767848
(-13.2738056, 10.9402708, 0.4111112, 0.4670737, -0.0078094, 0.8005006, -0.3754730)    0    0   -36.78992731  0 5.000 -45.98740918
(-22.0355338, 6.4637918, -8.6152010, 0.8849503, -0.0528081, 0.4208777, -0.1921880)    0    0   7.75277260  2 5.000 9.59775890
(-22.9306898, 19.0199094, -10.4166288, 0.8330483, 0.3381915, 0.3811115, -0.2154322)    0    0   3.66282506  8 0.680 5.33809337
(-18.7092477, 6.6263999, -9.3370696, 0.8882959, -0.0516416, 0.4151084, -0.1896010)    0    0   -0.51753335  6 0.600 0.75860307
(-21.5900910, 14.8524331, -15.5158712, 0.8947722, 0.3371203, 0.2494009, -0.1534010)    0    0   5.66110959  7 1.720 7.57015913
(-24.2024408, 18.7521802, -7.3708749, 0.8377935, 0.2933408, 0.4038303, -0.2213016)    0    0   3.14402365  5 1.160 5.04320761
(-19.0517957, 17.7599744, -9.5208580, 0.8104743, 0.4010336, 0.3682337, -0.2161188)    0    0   -7.21385700  5 2.360 -7.19319034
(-16.8166450, 8.7595158, -15.9864752, 0.9594500, 0.1973070, 0.1732092, -0.1025875)    0    0   4.49051647  9 0.360 6.09789727
(-17.8611668, 6.6836484, -9.3995319, 0.8916379, -0.0490319, 0.4093261, -0.1871627)    0    0   -2.36819192  5 1.000 -0.55910407
(-16.8206633, 7.3004574, -9.2231090, 0.8948772, -0.0455817, 0.4036591, -0.1848688)    0    0   -8.01087934  6 2.040 -6.96495601
(-22.8891859, 18.4030639, -10.4691172, 0.8374023, 0.3265452, 0.3821533, -0.2146728)    0    0   4.45161872  5 0.840 5.60081531
(-24.3220428, 16.7228749, -10.8566445, 0.8604674, 0.2697707, 0.3793020, -0.2072429)    0    0   6.44064187  13 2.520 8.07292497
(-24.7857634, 17.1561926, -10.3417299, 0.8601316, 0.2701886, 0.3796517, -0.2074521)    0    0   6.28402192  5 0.360 8.00053063
(-22.5821796, 11.2704226, -12.4868362, 0.8714227, 0.2575943, 0.3664760, -0.1999074)    0    0   6.96326093  7 0.600 8.81317319
(-24.4428542, 16.6523038, -10.6282861, 0.8602867, 0.2703280, 0.3792865, -0.2072953)    0    0   6.21437420  0 0.440 8.10963349
(-21.3349184, 6.6922921, -8.7792401, 0.8849499, -0.0528084, 0.4208784, -0.1921884)    0    0   7.69486887  6 0.600 9.62118704
(-20.5448988, 6.5362533, -8.8443381, 0.8849785, -0.0528095, 0.4208288, -0.1921649)    0    0   2.95768359  14 1.320 4.50650575
(-16.0283961, 9.1813797, -16.0571216, 0.9594406, 0.1973439, 0.1732155, -0.1025944)    0    0   3.87430867  1 1.000 5.25688071
(-16.4795711, 7.0645856, -1.8580827, 0.7516234, -0.2255288, 0.5699111, -0.2437220)    0    0   -16.51734081  3 5.000 -20.85076880
(-22.0380458, 6.3184034, -8.4580960, 0.8849711, -0.0528193, 0.4208410, -0.1921696)    0    0   7.64516331  0 0.400 9.79554001
(-17.1664901, 8.1638989, -16.6079334, 0.9594498, 0.1973079, 0.1732094, -0.1025877)    0    0   6.05511778  1 5.000 8.89605515
(-20.3837494, 20.2148960, 0.4890528, 0.5084174, 0.4985497, 0.6133050, -0.3417849)    0    0   -11.44811813  2 5.000 -14.26912225
(-26.4637935, 10.6661753, -8.3813310, 0.8435506, 0.0978650, 0.4737686, -0.2332127)    0    0   6.52038881  7 1.720 8.45952372
(-21.7572699, 6.5228408, -8.5388595, 0.8849498, -0.0528091, 0.4208784, -0.1921883)    0    0   7.69009830  7 3.320 9.80833482
(-21.8580081, 6.4922266, -8.4131840, 0.8849504, -0.0528093, 0.4208774, -0.1921878)    0    0   7.52324904  9 0.280 9.73107429
(-26.4250917, 11.7991663, -7.2836918, 0.8343823, 0.1345209, 0.4780351, -0.2391500)    0    0   5.06112998  7 0.840 7.15823995
(-24.2080655, 17.3298771, -10.2899623, 0.8573202, 0.2768031, 0.3806091, -0.2086116)    0    0   5.52151919  7 0.920 7.27644565
(-24.3693282, 16.2032454, -10.7559821, 0.8635148, 0.2664212, 0.3758147, -0.2052443)    0    0   6.46671102  7 3.080 8.07772821
(-24.7012383, 17.1026612, -10.0005730, 0.8583259, 0.2720982, 0.3817231, -0.2086307)    0    0   6.10711681  12 0.600 7.79444243
(-24.8395965, 16.6014993, -10.2381522, 0.8599722, 0.2704181, 0.3797983, -0.2075456)    0    0   6.33479118  0 0.400 8.13407090
(-21.5192648, 18.9109422, -10.3451173, 0.8185336, 0.3773062, 0.3750369, -0.2167720)    0    0   0.82354377  7 1.480 2.28741393
(-24.5940722, 16.5605027, -10.5483576, 0.8607379, 0.2694536, 0.3790077, -0.2070705)    0    0   6.35083081  2 0.680 7.96342332
(-26.4627456, 10.7487749, -8.2943570, 0.8422985, 0.1037471, 0.4743081, -0.2340973)    0    0   6.35012477  7 1.720 8.27459850
(-24.4846331, 18.0860640, -8.5649003, 0.8519272, 0.2788968, 0.3888364, -0.2127038)    0    0   5.04482196  5 2.120 7.03410864
(-21.2093713, 14.8331457, -15.8087084, 0.8941894, 0.3338544, 0.2545493, -0.1554709)    0    0   5.54044188  8 2.920 7.06364106
(-21.0356181, 6.5319740, -8.7635734, 0.8849650, -0.0528115, 0.4208520, -0.1921756)    0    0   3.79609294  11 1.080 5.85943477
(-18.9022823, 6.5756189, -9.1891204, 0.8870839, -0.0522418, 0.4171993, -0.1905196)    0    0   0.44814227  5 0.760 1.85451702
(-22.9970758, 18.5574264, -10.4102153, 0.8408447, 0.3179104, 0.3823443, -0.2138364)    0    0   4.81324195  2 1.240 6.43052823
(-26.5129439, 11.6086828, -7.7180526, 0.8380822, 0.1232397, 0.4757387, -0.2368605)    0    0   6.04048713  5 0.760 8.05463720
(-22.5782226, 11.4974459, -12.3897837, 0.8714356, 0.2575660, 0.3664687, -0.1999009)    0    0   7.16237804  0 5.000 8.98597457
(-26.4813229, 11.1102354, -8.0474189, 0.8420794, 0.1055720, 0.4742187, -0.2342509)    0    0   6.34243065  5 1.720 8.29444602
(-25.1885092, 16.4603296, -9.6306409, 0.8594088, 0.2706341, 0.3806794, -0.2079830)    0    0   6.02125505  0 0.440 7.74835386
(-24.6252075, 16.9760029, -10.5651598, 0.8604570, 0.2697793, 0.3793155, -0.2072502)    0    0   6.45396071  8 0.440 8.05827716
(-26.4770806, 11.1577979, -7.9842228, 0.8414698, 0.1071633, 0.4747384, -0.2346659)    0    0   6.16357482  6 1.160 8.06054958
(-22.8276861, 12.5511516, -11.9723001, 0.8714277, 0.2575552, 0.3664902, -0.1999099)    0    0   6.77346729  11 1.320 8.60612157
(-16.6625463, 8.5747272, -16.3214528, 0.9594493, 0.1973098, 0.1732097, -0.1025881)    0    0   5.28019556  5 2.920 6.29937281
(-22.8671652, 18.4628153, -10.5251999, 0.8353933, 0.3330937, 0.3808468, -0.2147610)    0    0   3.90674416  8 0.760 5.32235110
(-22.1430087, 11.5753089, -12.5080703, 0.8714345, 0.2575691, 0.3664690, -0.1999014)    0    0   7.08472504  2 1.960 8.97365700
(-22.6652116, 11.4334391, -12.6780811, 0.8714425, 0.2575452, 0.3664682, -0.1998985)    0    0   7.01672922  4 0.520 8.88553289
(-21.9988648, 6.4791119, -8.5266178, 0.8849663, -0.0528151, 0.4208495, -0.1921740)    0    0   6.48211130  9 0.280 9.47954814
(-16.3743896, 8.8888117, -16.2081449, 0.9594438, 0.1973313, 0.1732133, -0.1025920)    0    0   3.42851876  9 0.440 5.02035055
(-16.9017653, 8.4339103, -16.4506058, 0.9594508, 0.1973039, 0.1732087, -0.1025870)    0    0   5.00371356  6 0.360 7.40204035
(-16.3700374, 9.3654723, -16.2921565, 0.9594530, 0.1972955, 0.1732072, -0.1025853)    0    0   4.71564368  9 3.560 6.61075858
(-26.6155129, 11.9122720, -7.8075026, 0.8387369, 0.1192419, 0.4758022, -0.2364616)    0    0   6.04614616  3 0.600 8.13191738
(-20.7314982, 6.6615237, -8.9051430, 0.8849914, -0.0528093, 0.4208065, -0.1921544)    0    0   3.70948245  12 1.320 5.53855821
(-24.0075773, 16.7161425, -10.6037522, 0.8592689, 0.2722016, 0.3799678, -0.2078166)    0    0   6.02994612  1 0.520 7.88282176
(-24.3363707, 18.4642907, -7.9965680, 0.8469204, 0.2840326, 0.3942992, -0.2158227)    0    0   4.36590002  6 1.320 6.54570908
(-16.1443595, 9.1165215, -15.9669502, 0.9594391, 0.1973499, 0.1732160, -0.1025953)    0    0   3.37689057  7 0.760 4.94127809
(-21.1900954, 18.6673941, -10.2630365, 0.8202584, 0.3728499, 0.3757948, -0.2166503)    0    0   0.34006969  7 1.720 2.00913754
(-17.1520009, 6.9290472, -1.6308259, 0.7516031, -0.2256687, 0.5698926, -0.2436983)    0    0   -16.24616010  1 5.000 -20.08689301
(-26.1514578, 11.7279103, -6.8020364, 0.8324430, 0.1400986, 0.4792307, -0.2403103)    0    0   4.03974294  7 1.320 6.31257800
(-24.7399103, 16.9808434, -10.4812314, 0.8593034, 0.2710674, 0.3806032, -0.2079936)    0    0   6.46388112  0 0.520 8.16750325
(-18.1426352, 17.1767173, -9.0470846, 0.8042727, 0.4220851, 0.3593231, -0.2141879)    0    0   -10.48427342  5 1.640 -11.55204885
(-24.5711220, 16.8781140, -10.8639160, 0.8601088, 0.2701493, 0.3797168, -0.2074785)    0    0   6.39701454  8 0.280 8.05673646
(-20.7053779, 20.2099920, 0.5693081, 0.5084174, 0.4985508, 0.6133043, -0.3417846)    0    0   -11.46225172  3 3.880 -13.97114231
(-24.5904396, 16.8025162, -10.5625796, 0.8589015, 0.2714918, 0.3810642, -0.2082559)    0    0   6.45691220  4 0.680 8.15762686
(-22.0246228, 6.4671714, -8.6170231, 0.8849503, -0.0528081, 0.4208777, -0.1921880)    0    0   7.90906803  0 5.000 9.88890541
(-24.3741127, 17.1043016, -10.4363507, 0.8577838, 0.2750382, 0.3808782, -0.2085488)    0    0   5.72155596  15 0.120 7.45645316
(-21.1998623, 14.8327991, -15.8542831, 0.8960162, 0.3447649, 0.2371681, -0.1484703)    0    0   6.10269403  2 2.920 7.78783320
(-18.2851080, 6.6641015, -9.4351095, 0.8904720, -0.0504215, 0.4113275, -0.1879545)    0    0   -1.15264616  5 0.760 0.08564048
(-22.5677422, 11.5194053, -12.1932224, 0.8714436, 0.2575428, 0.3664677, -0.1998980)    0    0   6.92239181  9 0.920 8.45471927
(-21.9280254, 6.5532269, -8.6930081, 0.8849508, -0.0528105, 0.4208767, -0.1921873)    0    0   7.34260908  10 0.360 9.36837601
(-21.4201680, 6.6465879, -8.8550196, 0.8849578, -0.0528123, 0.4208645, -0.1921814)    0    0   5.25334382  10 0.760 7.88153744
(-24.3912999, 16.6941026, -10.8079517, 0.8584654, 0.2719701, 0.3815519, -0.2085365)    0    0   6.39986974  10 0.200 8.02636196
(-24.9457893, 16.2583350, -9.7846909, 0.8585788, 0.2716688, 0.3815338, -0.2084956)    0    0   5.84937376  13 0.760 7.45155777
(-24.7207090, 16.9174943, -10.4475214, 0.8582551, 0.2721908, 0.3817928, -0.2086734)    0    0   6.48166905  3 4.120 8.08599497
(-24.4086595, 16.3670973, -10.6755900, 0.8629594, 0.2670283, 0.3764582, -0.2056119)    0    0   6.48498323  4 4.200 8.04356822
(-24.5195184, 16.8723961, -10.6041329, 0.8580132, 0.2739048, 0.3811698, -0.2085643)    0    0   5.82983560  5 0.600 7.65307785
(-20.5341664, 6.6209692, -8.9333689, 0.8850154, -0.0528051, 0.4207651, -0.1921354)    0    0   3.00114820  11 1.400 4.65738259
(-24.6407588, 17.5053980, -9.1451786, 0.8563571, 0.2742195, 0.3839277, -0.2098946)    0    0   5.62922570  6 1.560 7.45930706
(-23.9225275, 15.7617478, -10.8930500, 0.8649851, 0.2647664, 0.3741279, -0.2042738)    0    0   6.43910051  14 2.280 7.99837089
(-22.5400632, 11.2034950, -12.6152615, 0.8714417, 0.2575464, 0.3664692, -0.1998991)    0    0   6.89116528  10 0.280 8.48338335
(-26.4659647, 11.1276382, -7.9934005, 0.8420169, 0.1062317, 0.4741607, -0.2342945)    0    0   6.20429772  5 1.160 8.07267596
(-18.5909401, 17.5715475, -9.4005821, 0.8073788, 0.4114861, 0.3639895, -0.2152447)    0    0   -8.48913712  6 2.600 -8.60732359
(-19.4438164, 20.3144457, 0.2397713, 0.5084178, 0.4985526, 0.6133028, -0.3417841)    0    0   -11.68430882  5 4.280 -14.13074292
(-16.8804598, 8.7643925, -16.5316048, 0.9594502, 0.1973062, 0.1732091, -0.1025874)    0    0   6.03853258  2 4.760 8.54295940
(-22.6096945, 12.0877201, -12.1836002, 0.8714175, 0.2576025, 0.3664809, -0.1999106)    0    0   6.82955392  0 0.520 8.55743653
(-24.4207026, 16.7266695, -10.7056512, 0.8581379, 0.2723036, 0.3819332, -0.2087515)    0    0   6.45589215  5 0.440 8.15334951
(-17.8593486, 17.3114608, -9.1864533, 0.8021180, 0.4307189, 0.3546253, -0.2129056)    0    0   -10.62625501  6 1.880 -11.51943345
(-19.9335709, 6.5374745, -8.8837552, 0.8853252, -0.0527543, 0.4202315, -0.1918900)    0    0   1.67368859  6 1.160 2.39353443
(-26.4559367, 10.0306560, -8.9299003, 0.8451843, 0.0904835, 0.4729102, -0.2320175)    0    0   7.01689273  2 3.240 8.84363699
(-23.8306040, 17.5098121, -10.3819783, 0.8535132, 0.2876452, 0.3805119, -0.2097288)    0    0   5.18587217  3 1.080 6.87633809
(-22.2641056, 11.2491241, -12.8058240, 0.8714314, 0.2575681, 0.3664754, -0.1999043)    0    0   6.89556040  2 0.520 8.58499076
(-19.0005135, 6.5606350, -9.1435146, 0.8863664, -0.0524763, 0.4184382, -0.1910768)    0    0   0.63900125  5 1.080 1.69384691
(-19.1662287, 18.0187225, -9.7262716, 0.8114197, 0.3978594, 0.3694557, -0.2163528)    0    0   -6.50085363  5 2.360 -6.84602568
(-18.2725098, 17.4562943, -9.3336678, 0.8030274, 0.4271095, 0.3566015, -0.2134474)    0    0   -8.77609420  5 2.040 -8.94506276
(-21.9885728, 6.4880175, -8.4922654, 0.8849500, -0.0528090, 0.4208782, -0.1921882)    0    0   7.62379189  2 0.520 9.47053917
(-19.1695756, 6.5318855, -8.9735856, 0.8862113, -0.0525380, 0.4187047, -0.1911955)    0    0   1.31168658  4 1.080 3.02725342
(-22.2725642, 6.3805714, -8.7151368, 0.8849492, -0.0528079, 0.4208796, -0.1921890)    0    0   7.60674969  10 4.120 9.40677363
(-22.5835118, 11.5546222, -12.3450634, 0.8714405, 0.2575505, 0.3664688, -0.1998994)    0    0   7.01177345  5 5.000 8.68254056
(-25.8641202, 11.8028614, -6.3010739, 0.8295857, 0.1484077, 0.4808501, -0.2419628)    0    0   2.65319136  5 1.880 5.08607447
(-19.6817545, 6.5412396, -8.9555958, 0.8853018, -0.0527790, 0.4202705, -0.1919057)    0    0   1.76705903  5 1.560 2.89145747
(-23.3840113, 18.0506331, -10.4005753, 0.8500984, 0.2956085, 0.3813596, -0.2109815)    0    0   4.94798129  4 1.320 6.38352005
(-23.7010581, 11.5442660, -4.1593900, 0.8223417, 0.1613735, 0.4869231, -0.2462084)    0    0   -7.92229591  6 4.520 -7.78021197
(-24.7352203, 16.5413176, -10.2607857, 0.8578705, 0.2726007, 0.3822285, -0.2089222)    0    0   6.53412520  1 3.160 8.23931711
(-24.4464128, 16.8610571, -10.7147703, 0.8601853, 0.2700929, 0.3796136, -0.2074239)    0    0   6.45341472  4 0.440 8.12086245
(-24.3519838, 16.9666215, -10.5180629, 0.8595289, 0.2716481, 0.3798410, -0.2076976)    0    0   6.06065734  0 0.400 7.93034098
(-26.4617719, 10.4329927, -8.5982980, 0.8446579, 0.0932928, 0.4731106, -0.2324130)    0    0   6.72831654  6 1.800 8.65300421
(-24.3337865, 18.4779715, -7.9901175, 0.8473049, 0.2837067, 0.3938438, -0.2155737)    0    0   4.43988909  5 1.480 6.51094522
(-24.8524543, 16.9571350, -10.2372459, 0.8592045, 0.2711668, 0.3807198, -0.2080591)    0    0   6.12948982  4 0.600 7.61782768
(-22.6825077, 11.9419045, -12.2935928, 0.8714258, 0.2575755, 0.3664815, -0.1999080)    0    0   6.95196941  8 3.240 8.82219633
(-24.2712618, 16.9218295, -10.4898415, 0.8601176, 0.2719566, 0.3785888, -0.2071421)    0    0   5.76183812  24 0.000 7.52928038
(-21.9463070, 18.8844477, -10.3574161, 0.8289811, 0.3498186, 0.3792658, -0.2158117)    0    0   1.95018013  9 1.240 3.80466529
(-19.8978543, 20.2412976, 0.3728492, 0.5084174, 0.4985500, 0.6133048, -0.3417848)    0    0   -11.32099487  1 5.000 -13.99338032
(-24.5837177, 16.7994100, -10.5737770, 0.8577994, 0.2726788, 0.3823074, -0.2089676)    0    0   6.58309763  0 3.480 8.25539578
(-24.2230459, 18.6623119, -7.7695516, 0.8395340, 0.2915282, 0.4020804, -0.2202846)    0    0   3.88617833  6 1.000 5.71743311
(-24.4399202, 18.3205419, -8.0622852, 0.8477271, 0.2832530, 0.3934019, -0.2153173)    0    0   4.51928725  5 1.560 6.33529085
(-19.5702253, 6.5373671, -8.9793355, 0.8856957, -0.0527159, 0.4195907, -0.1915929)    0    0   1.37503782  5 1.000 2.64688958
(-16.9276013, 8.4100324, -16.4654171, 0.9594496, 0.1973087, 0.1732096, -0.1025879)    0    0   5.96463939  3 2.680 7.74598716
(-26.4576897, 10.3323864, -8.6536799, 0.8439779, 0.0958824, 0.4735647, -0.2329042)    0    0   6.71584063  7 1.560 8.66349002
(-19.8259348, 18.1778877, -9.9075357, 0.8131532, 0.3937636, 0.3701090, -0.2162206)    0    0   -4.63933123  6 1.960 -4.13013145
(-18.6931248, 17.6719236, -9.4965111, 0.8083416, 0.4093037, 0.3643509, -0.2151806)    0    0   -7.55278555  6 2.680 -8.07672211
(-24.2149050, 17.8288909, -5.5968328, 0.8352782, 0.2937519, 0.4076984, -0.2231641)    0    0   -1.65897891  8 2.840 -0.58741680
(-21.5830655, 14.8269196, -15.4909753, 0.8959545, 0.3443291, 0.2378590, -0.1487484)    0    0   6.07289528  4 4.120 7.53533872
(-24.8968815, 17.0468034, -10.6838405, 0.8599446, 0.2703569, 0.3798855, -0.2075801)    0    0   6.35280854  5 0.360 8.12296257
(-16.6802692, 6.9717136, -1.7751917, 0.7516031, -0.2256687, 0.5698926, -0.2436983)    0    0   -16.07370612  0 5.000 -20.09203621
(-24.9047607, 16.8742184, -10.4433789, 0.8592783, 0.2712755, 0.3805205, -0.2079771)    0    0   6.20714930  0 0.520 8.04545209
(-24.4956575, 16.5611536, -10.5841481, 0.8606151, 0.2696278, 0.3791229, -0.2071433)    0    0   6.35753068  0 0.400 8.09026610
(-19.5322678, 20.2973638, 0.2601593, 0.5084174, 0.4985500, 0.6133048, -0.3417848)    0    0   -11.69504325  6 4.920 -14.35662090
(-24.3228797, 16.4987075, -10.7911875, 0.8588485, 0.2715506, 0.3811232, -0.2082899)    0    0   6.46880733  5 1.880 8.16372508
(-25.1231364, 16.3163459, -9.7894726, 0.8583919, 0.2717534, 0.3818165, -0.2086376)    0    0   5.83311108  28 0.000 7.36486702
(-26.5191232, 11.7032270, -7.6746054, 0.8369841, 0.1275666, 0.4761932, -0.2375382)    0    0   6.05112400  3 0.920 8.09640995
(-24.9214913, 16.8101171, -10.5947106, 0.8590474, 0.2713115, 0.3809130, -0.2081655)    0    0   6.38801843  0 0.600 8.00727538
(-21.7507980, 6.5597077, -8.6898642, 0.8849499, -0.0528081, 0.4208784, -0.1921884)    0    0   7.71803983  4 5.000 9.50744960
(-20.1711627, 20.2278626, 0.4372176, 0.5084174, 0.4985502, 0.6133047, -0.3417847)    0    0   -11.49282728  4 5.000 -14.21705266
(-23.1880500, 18.2155080, -10.4603028, 0.8486614, 0.2989087, 0.3817022, -0.2114965)    0    0   4.94950433  1 1.240 6.30028174
(-23.6857564, 17.6878841, -10.4173021, 0.8542779, 0.2848524, 0.3809484, -0.2096345)    0    0   5.13938756  7 1.400 6.53158990
(-18.8471904, 6.6451211, -9.2491305, 0.8877705, -0.0519450, 0.4160138, -0.1899941)    0    0   0.18858314  4 0.760 1.65874861
(-17.9129700, 6.7590798, -9.5209291, 0.8918088, -0.0489665, 0.4090234, -0.1870274)    0    0   -2.15193546  4 1.000 -0.58086921
(-26.4534999, 9.8066816, -9.1346541, 0.8453410, 0.0898424, 0.4728094, -0.2319013)    0    0   7.07478748  0 5.000 8.86932533
(-21.5773995, 6.6066916, -8.6933820, 0.8849500, -0.0528079, 0.4208782, -0.1921883)    0    0   7.78880269  1 3.800 9.82533397
(-22.5960169, 18.6512779, -9.9595419, 0.8328514, 0.3383011, 0.3813693, -0.2155652)    0    0   3.93050937  7 0.600 5.58341467
(-26.1949192, 12.6578167, -6.4335138, 0.8328474, 0.1424068, 0.4780097, -0.2399839)    0    0   3.77366738  7 2.040 5.68801587
(-19.4868586, 6.6997448, -9.1979241, 0.8856745, -0.0526863, 0.4196293, -0.1916142)    0    0   1.33733526  4 1.080 2.68028932
(-21.2820276, 18.8872229, -10.3231868, 0.8179247, 0.3792787, 0.3744204, -0.2166937)    0    0   0.65406694  5 1.720 2.13724523
(-21.5301419, 14.8113262, -15.4797800, 0.8949412, 0.3380342, 0.2479202, -0.1528029)    0    0   5.71175504  6 3.080 7.36550346
(-15.7896930, 9.5446731, -15.7650335, 0.9594139, 0.1974492, 0.1732318, -0.1026134)    0    0   1.79731725  6 1.240 3.17695703
(-20.8593569, 18.6665198, -10.2248933, 0.8162198, 0.3846286, 0.3727911, -0.2165016)    0    0   -0.43744029  6 1.720 0.73329634
(-22.1300247, 11.5492760, -12.5689691, 0.8714389, 0.2575561, 0.3664686, -0.1998999)    0    0   7.10390521  1 5.000 8.98300101
(-24.5944996, 17.7230095, -9.0445323, 0.8583519, 0.2720718, 0.3816927, -0.2086136)    0    0   5.56337048  16 1.240 7.35518754
(-16.7165284, 8.5456664, -16.4223040, 0.9594484, 0.1973132, 0.1732103, -0.1025887)    0    0   5.26499823  6 4.920 6.17709034
(-22.6171109, 11.4604962, -12.2787476, 0.8714327, 0.2575709, 0.3664713, -0.1999027)    0    0   6.91196492  7 0.360 8.66204211
(-13.4254446, 11.3955815, 0.4123839, 0.4670737, -0.0078094, 0.8005006, -0.3754730)    0    0   -36.95179527  1 5.000 -45.70702468
(-16.5629178, 8.8466918, -16.0978160, 0.9594514, 0.1973015, 0.1732082, -0.1025865)    0    0   3.95887050  9 0.360 5.26570842
(-24.8838235, 11.8945403, -5.1879099, 0.8235606, 0.1683297, 0.4830376, -0.2451280)    0    0   -3.32540985  6 3.240 -3.05454596
(-20.8408566, 18.7546347, -10.2570468, 0.8168871, 0.3817751, 0.3740848, -0.2168037)    0    0   -0.40784166  5 1.880 1.00546009
(-22.7681684, 18.5797793, -10.5661497, 0.8357305, 0.3330201, 0.3803160, -0.2145036)    0    0   3.44890998  10 0.520 5.19985598
(-24.1412493, 18.8104812, -7.3287625, 0.8386947, 0.2923261, 0.4029743, -0.2207903)    0    0   2.87442551  5 1.160 4.96907761
(-16.8445480, 8.4833888, -16.4252583, 0.9594511, 0.1973026, 0.1732085, -0.1025867)    0    0   4.96483433  8 3.960 7.17682658
(-22.6260512, 11.5844789, -12.3098246, 0.8714314, 0.2575772, 0.3664699, -0.1999027)    0    0   6.98776107  6 3.960 8.68631699
(-24.4732052, 18.1443758, -8.5265797, 0.8517116, 0.2790882, 0.3890939, -0.2128454)    0    0   4.99836538  6 2.040 6.89012212
(-22.6637576, 11.4001116, -12.4309837, 0.8714330, 0.2575718, 0.3664702, -0.1999023)    0    0   6.90824079  11 3.400 8.58249827
(-20.2249741, 6.5532054, -8.8683746, 0.8851016, -0.0527997, 0.4206163, -0.1920660)    0    0   2.51383813  12 1.560 3.99287256
(-22.1388589, 6.2443189, -8.5297928, 0.8849496, -0.0528095, 0.4208788, -0.1921884)    0    0   7.54140841  3 0.520 9.32311989
(-22.5902726, 11.1844316, -12.5924727, 0.8714283, 0.2575793, 0.3664746, -0.1999051)    0    0   7.01761480  3 2.600 8.91186517
(-21.2208789, 14.8275485, -15.8167905, 0.8960058, 0.3446910, 0.2372853, -0.1485175)    0    0   6.12628806  1 4.520 7.74999304
(-23.3270152, 18.3184294, -10.3347691, 0.8407605, 0.3192392, 0.3815503, -0.2136057)    0    0   4.26586999  7 0.600 5.87123353
(-26.4571189, 10.1110390, -8.8593847, 0.8451334, 0.0907023, 0.4729408, -0.2320553)    0    0   7.01451838  3 3.080 8.86659269
(-24.3639879, 16.6765828, -10.7905172, 0.8588653, 0.2716586, 0.3810267, -0.2082562)    0    0   6.34868371  0 0.400 8.06536240
(-22.7616248, 18.6563446, -10.5789848, 0.8440268, 0.3108929, 0.3816935, -0.2127778)    0    0   4.62506458  3 0.680 6.09444963
(-24.7291241, 17.1400802, -10.1206118, 0.8589834, 0.2714017, 0.3809725, -0.2082031)    0    0   6.19034885  13 0.520 7.96977475
