#Coordinates  RecID  LigID  Luciferin  Neighbor's number  Vision Range  Scoring
(-18.5370693, 15.3368043, -14.3318117, 0.8927243, 0.3491130, 0.2415772, -0.1510094)    0    0   1.31872745  7 2.760 1.95630527
(-22.2418506, 11.1809024, -1.4851501, 0.7152539, 0.0544694, 0.6282748, -0.3011906)    0    0   -6.14862864  3 3.720 -7.51251777
(-20.2088395, 15.7720638, -4.7340496, 0.7211337, 0.3562664, 0.5220965, -0.2836472)    0    0   -10.97360353  2 3.240 -13.50942285
(-15.5095792, 7.0565756, -2.2573652, 0.7639133, -0.2339935, 0.5535373, -0.2351169)    0    0   -17.82380820  2 3.560 -19.23444425
(-13.5952243, 15.1299279, -12.6275105, 0.9049056, 0.3717978, 0.1692507, -0.1194422)    0    0   -13.47788001  3 3.720 -14.36052143
(-20.9812720, 6.8710328, -7.7462431, 0.8825130, -0.0407546, 0.4256731, -0.1957351)    0    0   -0.14629695  3 3.640 1.01557929
(-15.9565071, 19.5036483, 0.2305968, 0.5096028, 0.5480453, 0.5757042, -0.3294177)    0    0   -25.40551014  3 3.720 -31.44179225
(-25.1255627, 9.8909741, -3.7553613, 0.7626404, 0.0409313, 0.5824940, -0.2782173)    0    0   1.47357653  3 3.080 2.49183192
(-12.7818722, 10.5319931, -5.1034185, 0.8729636, 0.2490603, 0.3686447, -0.2000116)    0    0   -28.76307662  5 2.040 -33.39923639
(-17.4843091, 14.1840605, -7.7957878, 0.8193170, 0.3623110, 0.3859129, -0.2202763)    0    0   -11.52247444  5 3.000 -14.28132473
(-16.8455309, 14.8152747, -5.3519078, 0.7873474, 0.3905057, 0.4142467, -0.2366201)    0    0   -15.77678379  5 2.920 -19.48614920
(-22.0431199, 10.7567504, -1.5060905, 0.7315297, 0.0191166, 0.6159971, -0.2916271)    0    0   -7.75016284  3 3.480 -9.78182310
(-25.1818187, 19.0025104, -6.7171511, 0.7323281, 0.3814377, 0.4936464, -0.2729728)    0    0   4.38015750  1 3.960 6.16817124
(-12.7826374, 17.3904985, -6.3259296, 0.7460911, 0.6223681, 0.1813744, -0.1520174)    0    0   -25.87436684  1 4.040 -33.23918863
(-17.6947619, 3.9027317, -7.8403137, 0.9308569, -0.1066192, 0.3205424, -0.1392493)    0    0   -1.88290881  3 3.240 -0.39633332
(-20.0588770, 12.7739685, 1.4115195, 0.6426759, 0.0954113, 0.6839593, -0.3317590)    0    0   -21.32792481  3 3.560 -24.57900857
(-25.0420038, 10.5149521, -4.1881975, 0.7641527, 0.1037578, 0.5717926, -0.2799253)    0    0   2.41616312  1 4.120 3.01704672
(-24.8315570, 10.5806742, -3.7145386, 0.7593933, 0.0471506, 0.5853060, -0.2802062)    0    0   -0.71019352  6 2.840 -0.15481294
(-21.1044612, 20.5695171, -4.7686780, 0.6732728, 0.5138903, 0.4577678, -0.2703131)    0    0   -6.62551727  6 2.920 -7.38392149
(-26.3417020, 13.1558719, -5.8802988, 0.7730353, 0.1854570, 0.5411108, -0.2742649)    0    0   4.72290799  2 4.040 5.90329641
(-19.0888978, 15.3120224, -16.0908435, 0.8961935, 0.3447042, 0.2367215, -0.1482539)    0    0   3.99930884  0 4.200 4.99791331
(-15.9541013, 9.9446711, -6.8458084, 0.8876928, 0.1642470, 0.3822267, -0.1972995)    0    0   -15.87754618  2 3.160 -18.17630581
(-12.1109273, 15.3831248, -9.8303245, 0.8527666, 0.4975303, 0.1164650, -0.1081139)    0    0   -23.47688741  2 3.560 -27.85229926
(-22.5156147, 16.9240630, -1.2814682, 0.6377134, 0.3183534, 0.6210046, -0.3260768)    0    0   -10.11460431  2 3.240 -11.95321824
(-20.5001930, 7.6871394, -7.1844279, 0.8729806, -0.0092325, 0.4417152, -0.2066575)    0    0   -3.75604449  3 3.240 -3.30203901
(-15.5403985, 9.8490524, -6.3435422, 0.8817242, 0.1485425, 0.3988830, -0.2034450)    0    0   -21.56077496  5 2.520 -26.13859951
(-18.3226180, 15.4435556, -13.7224502, 0.8899249, 0.3539830, 0.2438184, -0.1525853)    0    0   0.82703779  8 2.920 1.38913842
(-14.9908781, 12.4223337, -12.5657988, 0.9222363, 0.3099481, 0.1945742, -0.1247128)    0    0   -3.68502708  1 3.400 -3.75137136
(-15.9027260, 9.6248820, -15.1422484, 0.9595969, 0.1971516, 0.1727180, -0.1023399)    0    0   3.44910304  0 4.200 4.30948376
(-13.2738056, 10.9402708, 0.4111112, 0.4670737, -0.0078094, 0.8005006, -0.3754730)    0    0   -36.74911687  0 4.200 -45.98740918
(-21.9742109, 6.5614891, -7.9661834, 0.8841115, -0.0505178, 0.4224647, -0.1931797)    0    0   6.31399634  0 4.040 8.04326345
(-16.0273277, 14.5823794, -7.4212762, 0.8153472, 0.3833302, 0.3753966, -0.2175872)    0    0   -13.73137069  7 2.360 -15.66817670
(-13.1102363, 10.4906454, -5.4273886, 0.8770685, 0.2214763, 0.3761260, -0.2005699)    0    0   -25.51181294  4 2.760 -29.50992114
(-19.0626328, 15.3083588, -16.0777015, 0.8961840, 0.3458760, 0.2353645, -0.1477416)    0    0   3.48828660  4 2.600 4.75017626
(-17.5549327, 21.5483565, -3.8369922, 0.6206379, 0.6260347, 0.3978498, -0.2541745)    0    0   -13.51487778  7 1.880 -15.34069456
(-12.9830159, 14.9626042, -4.8201676, 0.7155433, 0.6027773, 0.2902134, -0.2010806)    0    0   -30.41089195  3 2.840 -34.62161739
(-15.1333569, 12.7995903, -12.6794056, 0.9233386, 0.3075607, 0.1935913, -0.1239947)    0    0   -4.84707586  4 2.840 -3.65130917
(-12.6847371, 10.1824501, -5.2150575, 0.8808490, 0.2009127, 0.3792240, -0.1998206)    0    0   -31.90115823  5 1.960 -34.97404953
(-9.7435729, 11.8216019, -4.6878510, 0.8747627, 0.4356600, 0.1701128, -0.1266973)    0    0   -58.29476098  2 4.040 -72.94579086
(-17.8613144, 14.5649348, -7.9333758, 0.8100583, 0.3905905, 0.3781465, -0.2196586)    0    0   -11.65903024  6 3.080 -14.21985009
(-24.2909590, 17.3913691, -10.9665599, 0.8061725, 0.3273045, 0.4316328, -0.2380143)    0    0   5.58086347  3 3.640 7.08669207
(-20.1959955, 20.6103327, -10.9055914, 0.7802270, 0.4920804, 0.3264468, -0.2062406)    0    0   2.64492461  1 4.040 3.45559502
(-22.9525186, 13.6520266, -13.0498235, 0.8695033, 0.2636603, 0.3663883, -0.2005168)    0    0   6.41048587  1 3.880 7.94063701
(-19.6143380, 21.5823476, -10.0642589, 0.7756825, 0.4998056, 0.3253430, -0.2065503)    0    0   1.22654515  4 3.240 1.60606746
(-18.0169672, 4.0976155, -8.9272077, 0.9248048, -0.0775770, 0.3401972, -0.1516039)    0    0   0.73963129  3 3.560 2.55865141
(-12.5154198, 8.7176366, -9.9652517, 0.9777433, 0.1271339, 0.1453778, -0.0819775)    0    0   -21.16802074  3 3.080 -25.13477981
(-14.5654125, 14.5278039, -12.7395750, 0.9140691, 0.3393788, 0.1847011, -0.1232282)    0    0   -6.70326955  5 3.480 -9.12054340
(-16.9120025, 6.9578349, -1.6933010, 0.7514799, -0.2255897, 0.5700508, -0.2437811)    0    0   -15.72792658  0 4.200 -19.68523560
(-14.7574040, 6.4384212, -6.8431983, 0.9330085, -0.1082348, 0.3149091, -0.1364278)    0    0   -15.77467261  2 3.720 -17.96492169
(-15.4745838, 9.4234239, -14.6569363, 0.9600169, 0.1951200, 0.1727980, -0.1021596)    0    0   -2.68447968  3 3.160 -1.35443694
(-17.6713046, 17.5838880, 1.4808820, 0.5054614, 0.4907671, 0.6205456, -0.3443538)    0    0   -26.57436535  2 3.560 -32.20908771
(-23.0477578, 7.5636132, -4.1383269, 0.7750474, 0.0074044, 0.5715212, -0.2694630)    0    0   0.34077588  5 3.720 0.49728558
(-21.4116466, 5.4242604, -8.1157395, 0.8873151, -0.0610735, 0.4161602, -0.1890838)    0    0   6.28260661  1 4.120 7.85482548
(-16.5820590, 4.1628545, -7.8416433, 0.9315981, -0.1179804, 0.3158447, -0.1358223)    0    0   -4.68391929  5 2.680 -4.72532380
(-21.0555340, 11.4089867, -1.1689368, 0.6846082, 0.0467627, 0.6563553, -0.3135645)    0    0   -11.41720883  2 3.640 -12.95599208
(-17.4481118, 22.8672356, -7.8833034, 0.7298771, 0.5753035, 0.3065168, -0.2057980)    0    0   -4.69532668  3 3.080 -5.27037297
(-25.3964913, 16.8157745, -10.7053439, 0.8071394, 0.3168298, 0.4368697, -0.2393526)    0    0   5.97996249  2 3.400 7.56565284
(-20.2110725, 15.7743342, -4.7424172, 0.7212323, 0.3563117, 0.5219613, -0.2835884)    0    0   -10.95509743  1 3.560 -13.47289056
(-19.3920816, 21.9699477, -9.7252507, 0.7697703, 0.5096490, 0.3238779, -0.2069173)    0    0   1.11771113  5 3.160 1.54847378
(-14.9934744, 18.8118642, -10.4663050, 0.7979967, 0.5493083, 0.1964258, -0.1512566)    0    0   -7.04762255  2 3.800 -8.79334209
(-26.1776601, 14.4118916, -3.4722697, 0.7354577, 0.1720399, 0.5858029, -0.2938353)    0    0   0.78722503  3 3.320 2.46142689
(-21.8985670, 11.0035004, -5.5832989, 0.7810427, 0.0807200, 0.5570271, -0.2705131)    0    0   -3.27223143  1 3.880 -2.99339683
(-17.8347699, 21.5214918, -3.9022016, 0.6207477, 0.6229247, 0.4016203, -0.2556134)    0    0   -12.63327358  5 2.520 -14.62888597
(-17.3101168, 15.4573479, -15.6418694, 0.8973649, 0.3527179, 0.2234214, -0.1428611)    0    0   1.92615418  6 2.760 2.56969091
(-12.6245995, 8.7509342, -10.1605835, 0.9777885, 0.1203875, 0.1499376, -0.0833974)    0    0   -18.03434690  2 3.400 -21.73372189
(-15.6484921, 10.0951037, -7.4028071, 0.8899740, 0.1726817, 0.3745201, -0.1945813)    0    0   -15.33950464  1 3.800 -18.37678396
(-17.5997760, 14.2638897, -8.6997590, 0.8143042, 0.3892001, 0.3721305, -0.2166814)    0    0   -10.94863852  3 2.760 -12.36077837
(-21.5008503, 11.1686647, -5.7629632, 0.7888057, 0.1010512, 0.5444322, -0.2667730)    0    0   -4.37633789  2 3.160 -4.70402732
(-21.3161190, 10.8068378, -11.8026729, 0.8835034, 0.2174575, 0.3660057, -0.1953813)    0    0   6.00940742  2 4.040 7.51299267
(-22.7577794, 7.2262405, -4.1765990, 0.7953530, -0.0575661, 0.5484314, -0.2516400)    0    0   -0.36263456  1 3.720 1.19265728
(-24.8860619, 10.3004021, -4.0707830, 0.7620512, 0.0430151, 0.5829138, -0.2786381)    0    0   2.09722931  1 3.320 2.81915713
(-22.0564042, 21.2008774, -4.9513050, 0.6877773, 0.4365969, 0.5054194, -0.2844235)    0    0   -1.11436658  1 4.040 -0.57270618
(-23.4417321, 9.0742075, -3.3679035, 0.7632097, 0.0240209, 0.5833607, -0.2768109)    0    0   -3.09021688  9 2.280 -2.92979751
(-25.8189879, 19.9175374, -7.3294037, 0.7329931, 0.3857740, 0.4899722, -0.2717107)    0    0   6.02306459  0 4.200 7.53008082
(-15.3980916, 12.4595177, -12.8609013, 0.9218930, 0.3107427, 0.1948081, -0.1249080)    0    0   -4.48025633  3 3.240 -6.45569680
(-16.3269691, 14.6875727, -7.6886155, 0.8199759, 0.3695747, 0.3789728, -0.2177929)    0    0   -13.66280022  8 2.360 -16.19401309
(-19.6772539, 10.4989748, -10.3793222, 0.8984012, 0.1817314, 0.3539684, -0.1858907)    0    0   -3.02254270  7 2.520 -2.21842917
(-20.0324763, 11.1471723, -13.0813491, 0.9030784, 0.1944957, 0.3380777, -0.1797897)    0    0   4.99826707  3 3.480 6.82720780
(-12.8568826, 8.1221394, -9.6388355, 0.9777512, 0.1070791, 0.1585485, -0.0860179)    0    0   -12.99822863  0 4.200 -16.26977776
(-12.3198509, 15.4155443, -10.3034745, 0.8740504, 0.4541696, 0.1321974, -0.1108588)    0    0   -22.43895731  2 3.960 -28.15678594
(-15.0355963, 12.1388155, -11.7455396, 0.9233831, 0.3050686, 0.1965701, -0.1251277)    0    0   -12.37812884  5 2.520 -13.65603068
(-15.3349424, 12.0614958, -13.0553977, 0.9428446, 0.2533289, 0.1841933, -0.1137599)    0    0   -3.47574720  4 3.880 -4.35504048
(-21.0422361, 11.4689439, -6.0143967, 0.7837299, 0.0939322, 0.5516859, -0.2694194)    0    0   -4.54971413  3 3.160 -3.74969469
(-14.5055646, 6.8186307, -6.7150083, 0.9357834, -0.0563948, 0.3172592, -0.1430929)    0    0   -17.81688459  3 3.400 -21.50734939
(-19.3646510, 18.4235759, -9.5994112, 0.7838256, 0.4676203, 0.3481739, -0.2138308)    0    0   -4.80992115  3 2.760 -4.70885666
(-22.0932338, 16.9703287, -1.1401204, 0.6323641, 0.3247154, 0.6224600, -0.3274433)    0    0   -10.65916496  3 3.480 -13.02656156
(-12.1410731, 15.3946447, -9.9339177, 0.8527706, 0.4976851, 0.1159728, -0.1078991)    0    0   -23.37757423  1 3.480 -27.99341282
(-15.1455749, 18.3584794, -9.5569997, 0.7955530, 0.5505007, 0.2011288, -0.1535954)    0    0   -11.41269945  3 3.080 -12.57417852
(-16.4120183, 7.7970403, -0.7882465, 0.7370269, -0.2249439, 0.5857299, -0.2512211)    0    0   -25.36276250  4 3.400 -28.21055800
(-18.5186288, 11.2747595, -1.6233236, 0.6854866, 0.0601904, 0.6541482, -0.3139672)    0    0   -20.63170829  1 3.960 -24.25280532
(-20.2992424, 20.1795411, -11.0802329, 0.7798947, 0.4926829, 0.3263269, -0.2062488)    0    0   2.69047016  0 3.880 3.44868615
(-10.7977125, 16.9132908, -5.1278809, 0.7065257, 0.6587803, 0.1994782, -0.1644334)    0    0   -37.47491939  7 3.560 -47.94983314
(-26.5826467, 14.3164798, -3.4654279, 0.7360525, 0.1704489, 0.5856439, -0.2935899)    0    0   1.85383367  2 3.560 3.66644059
(-16.1064575, 14.7021393, 0.8583122, 0.5023397, 0.3800005, 0.6864160, -0.3634385)    0    0   -35.90861353  3 3.560 -42.57870179
(-20.6103730, 20.0251862, -11.0236563, 0.7809565, 0.4923572, 0.3247616, -0.2054781)    0    0   2.31568912  3 3.240 3.15423519
(-18.2838312, 4.1642982, -9.1766648, 0.9243889, -0.0773469, 0.3411646, -0.1520834)    0    0   1.88067247  2 3.320 4.00471508
(-17.8888132, 22.8128227, -8.1293396, 0.7472823, 0.5465634, 0.3160735, -0.2072079)    0    0   -3.75246263  2 3.800 -3.84728921
(-19.0644271, 15.3033486, -16.1510384, 0.8955948, 0.3451970, 0.2378887, -0.1488554)    0    0   3.80909382  3 2.920 4.91954414
(-13.4981924, 10.0772154, -5.5097212, 0.8803150, 0.1617782, 0.3966515, -0.2038157)    0    0   -25.79015070  6 3.000 -32.17301798
(-19.9707189, 10.5558223, -10.2193036, 0.8916990, 0.1716442, 0.3716412, -0.1931167)    0    0   -2.93157653  6 2.920 -2.27458182
(-16.9539317, 6.8120449, -10.9401654, 0.9380084, 0.0055011, 0.3134142, -0.1479242)    0    0   -3.15881293  1 4.120 -3.95848538
(-12.4144448, 8.7512761, -10.8108879, 0.9782996, 0.1191118, 0.1481522, -0.0824212)    0    0   -15.97749046  1 3.960 -19.36936031
(-20.4774431, 19.9605842, -11.4769365, 0.7797540, 0.4928259, 0.3264121, -0.2063042)    0    0   2.57466501  2 3.080 3.45236835
(-24.9043409, 10.3678023, -4.0819236, 0.7620750, 0.0441397, 0.5827726, -0.2786924)    0    0   2.08136969  2 3.560 2.71417904
(-24.7434425, 18.3717652, -6.3503441, 0.7312470, 0.3717601, 0.5011829, -0.2754776)    0    0   2.81348185  2 3.640 4.60443053
(-23.7540168, 16.8576472, -5.7556850, 0.7310398, 0.3576401, 0.5101796, -0.2781924)    0    0   -1.48112141  2 3.560 -0.51280990
(-17.8337821, 22.1280936, -8.5640274, 0.7489729, 0.5448973, 0.3153020, -0.2066665)    0    0   -4.96044711  5 2.760 -4.76932457
(-11.8613444, 9.7812615, -10.4503644, 0.9753889, 0.1714851, 0.1174405, -0.0736014)    0    0   -27.80056407  5 2.840 -30.86312777
(-18.7677316, 22.2473381, -3.9114860, 0.6608157, 0.5297102, 0.4570749, -0.2716842)    0    0   -10.99955087  8 3.480 -14.53299789
(-24.0323402, 19.6932236, -4.7178222, 0.7159864, 0.3824436, 0.5116870, -0.2815614)    0    0   1.32397496  3 3.800 1.43767476
(-20.0438819, 10.6717053, -10.7584709, 0.8953589, 0.1793860, 0.3611467, -0.1890136)    0    0   -1.17943078  6 3.000 0.19976442
(-22.9425144, 16.7138906, -1.4681120, 0.6703983, 0.2593750, 0.6180178, -0.3183468)    0    0   -9.20117605  2 3.800 -10.80729424
(-13.0007611, 15.0082014, -4.5888993, 0.7161339, 0.5916713, 0.3065739, -0.2075804)    0    0   -32.67402131  4 2.600 -39.67186883
(-13.4367610, 20.3202888, -1.8271996, 0.5273191, 0.7267740, 0.3631715, -0.2486776)    0    0   -24.91282264  0 4.120 -30.55934941
(-14.5179716, 11.4720486, -14.6175490, 0.9542068, 0.2250491, 0.1679668, -0.1030987)    0    0   -4.14569918  6 3.320 -5.28834203
(-20.3216783, 11.0289080, -12.7466241, 0.8966483, 0.1791185, 0.3586896, -0.1878299)    0    0   4.72707052  4 3.560 5.49365491
(-26.8349998, 13.9828665, -3.8447876, 0.7502293, 0.1658795, 0.5721890, -0.2867747)    0    0   3.30879438  1 4.040 3.85795109
(-12.9163914, 14.8626410, -4.5624051, 0.7014559, 0.6117148, 0.3013376, -0.2072687)    0    0   -35.79065935  5 2.360 -39.26945816
(-11.2575006, 9.7038304, -9.4782305, 0.9731508, 0.1983030, 0.0961128, -0.0664518)    0    0   -30.52749562  6 2.760 -33.69106055
(-23.2555305, 10.3783569, -4.7896702, 0.7671703, 0.0494884, 0.5767102, -0.2764162)    0    0   -0.63867796  5 3.160 0.09433648
(-18.5429967, 15.2229386, -8.6411981, 0.8093124, 0.3914033, 0.3787005, -0.2200063)    0    0   -8.73035266  1 3.640 -11.39184224
(-19.7611793, 11.1818733, -12.2782961, 0.9002900, 0.1867459, 0.3477495, -0.1835051)    0    0   2.27390089  6 2.920 3.67617590
(-14.8152037, 9.9632590, -5.9700992, 0.8807169, 0.1532141, 0.3990461, -0.2040228)    0    0   -22.47923952  7 2.680 -28.40701074
(-13.1007124, 15.8837767, -4.9895837, 0.7196380, 0.6325565, 0.2269900, -0.1745538)    0    0   -26.16063640  1 3.560 -30.99135006
(-12.8155048, 14.9276514, -4.2182640, 0.6999591, 0.6182598, 0.2934190, -0.2042482)    0    0   -38.72453012  6 2.040 -38.91162178
(-16.5973625, 4.1305351, -7.8970477, 0.9318316, -0.1185618, 0.3151121, -0.1354156)    0    0   -4.59662934  4 3.080 -4.77311291
(-14.4565458, 10.3738573, -6.3912680, 0.8851003, 0.1885540, 0.3769250, -0.1974143)    0    0   -22.24113040  6 2.600 -26.51090545
(-20.8341983, 6.8336046, -7.7534283, 0.8820755, -0.0405881, 0.4264243, -0.1961062)    0    0   0.24362295  2 3.400 2.16542974
(-20.7797509, 10.2312363, -11.8871278, 0.8944629, 0.1710552, 0.3665128, -0.1906426)    0    0   5.81303844  1 3.720 7.59758215
(-17.8806830, 11.1533231, -1.7814950, 0.6899793, 0.0676195, 0.6493747, -0.3125200)    0    0   -24.19967932  2 3.720 -26.40719280
(-11.8139979, 9.1776112, -9.7790288, 0.9774402, 0.1464272, 0.1311053, -0.0773374)    0    0   -25.22165806  4 3.160 -28.91358655
(-16.7508702, 22.4102190, -7.6988089, 0.6977513, 0.6255035, 0.2853101, -0.2012132)    0    0   -6.52118732  4 3.000 -7.46607578
(-17.7259608, 14.3797993, 1.2228682, 0.5487925, 0.2805868, 0.7006333, -0.3594590)    0    0   -28.91172346  3 3.400 -34.93196409
(-27.9610382, 14.3479765, -8.4336825, 0.7861183, 0.2097997, 0.5171564, -0.2656150)    0    0   5.91852850  0 3.640 7.46382836
(-21.6858410, 21.4268143, -5.0518982, 0.6747902, 0.4982424, 0.4701883, -0.2744735)    0    0   -2.62457430  2 3.480 -2.34166492
(-19.5253143, 18.7866641, -9.8995212, 0.7836175, 0.4823373, 0.3318684, -0.2077442)    0    0   -3.44774663  5 3.400 -3.41911011
(-25.3319588, 15.4515271, -2.5108314, 0.7013353, 0.1922066, 0.6130456, -0.3088050)    0    0   -4.24718668  4 2.920 -4.44378697
(-17.7904077, 22.3924758, -3.6284147, 0.6189830, 0.6321277, 0.3920658, -0.2521090)    0    0   -11.54875347  4 2.840 -14.23531150
(-21.6841213, 21.4050341, -5.1179917, 0.6899956, 0.4613146, 0.4840870, -0.2770464)    0    0   -2.62588878  3 3.400 -2.37373106
(-25.3575749, 16.8780729, -10.6504229, 0.8048955, 0.3205890, 0.4378040, -0.2401950)    0    0   6.11740997  0 4.200 7.64812782
(-17.8290204, 22.7985418, -8.2042527, 0.7410361, 0.5560534, 0.3141472, -0.2073203)    0    0   -3.82030214  3 3.320 -3.75828461
(-16.7532298, 14.6707677, -4.9400909, 0.7760412, 0.4040310, 0.4201372, -0.2408398)    0    0   -16.06215452  9 2.760 -20.27679933
(-17.4810909, 16.9871477, 1.6522380, 0.5004042, 0.4702572, 0.6371637, -0.3499661)    0    0   -27.56544096  3 3.240 -33.22782930
(-28.0376680, 14.4300783, -8.1408077, 0.7860712, 0.2098257, 0.5172044, -0.2656404)    0    0   5.88819107  2 3.560 7.40777066
(-17.9809273, 21.9387776, -3.5966685, 0.6184859, 0.6246603, 0.4021397, -0.2560437)    0    0   -13.33145741  6 2.200 -15.31788029
(-17.8082785, 22.4668639, -3.5892200, 0.6172052, 0.6331155, 0.3929408, -0.2526263)    0    0   -10.67320302  0 3.720 -13.07087312
(-16.0080675, 9.9910939, -6.9138330, 0.8885922, 0.1691961, 0.3785718, -0.1961121)    0    0   -16.29166612  3 3.240 -20.53288977
(-14.8609140, 12.4641960, -12.4878075, 0.9229570, 0.3084355, 0.1938738, -0.1242213)    0    0   -5.30581901  5 2.360 -3.88516990
(-23.2194182, 9.4465659, -3.7859597, 0.7685241, 0.0425154, 0.5759845, -0.2753271)    0    0   -2.31904850  8 2.280 -1.67695412
(-13.1080850, 15.3539414, -4.8112533, 0.7145573, 0.6183017, 0.2656276, -0.1911881)    0    0   -26.59025295  2 3.720 -31.89975186
(-12.8427417, 15.0999079, -5.1543865, 0.7237132, 0.5943777, 0.2884634, -0.1993571)    0    0   -28.43615696  3 3.320 -34.05936797
(-21.4111014, 14.4011489, 0.9074613, 0.6128178, 0.2274492, 0.6751980, -0.3418025)    0    0   -15.45929779  2 3.640 -19.27169291
(-19.2181071, 15.3509507, -15.6449197, 0.8957547, 0.3448748, 0.2378014, -0.1487798)    0    0   3.86928125  2 3.400 4.80672811
(-24.5124267, 18.3311353, -2.0028635, 0.6740276, 0.3602174, 0.5679187, -0.3056117)    0    0   -3.94121176  1 4.120 -4.93743994
(-15.7340856, 7.0251243, -2.0944363, 0.7576777, -0.2288502, 0.5622056, -0.2397434)    0    0   -16.67813981  1 3.960 -21.08067795
(-19.7856616, 18.7662586, -10.0270534, 0.7826458, 0.4827182, 0.3331900, -0.2084063)    0    0   -2.66632345  4 3.320 -1.50216109
(-21.1954699, 21.7114188, -4.9829128, 0.6725691, 0.5231492, 0.4498495, -0.2675839)    0    0   -4.76878653  4 2.840 -5.29064159
(-18.2423204, 18.9318458, 0.9842032, 0.5071331, 0.4976637, 0.6147581, -0.3423729)    0    0   -23.17747461  1 3.800 -26.57457559
(-28.0091089, 14.3586403, -8.2709672, 0.7839977, 0.2089663, 0.5200504, -0.2668861)    0    0   5.89677028  1 4.120 7.37205861
(-24.8320966, 9.9070994, -3.8756514, 0.7631971, 0.0409829, 0.5818932, -0.2779404)    0    0   1.16262263  4 2.600 2.05600387
(-20.7926504, 11.5519299, -6.0255514, 0.7942508, 0.1309495, 0.5314101, -0.2638582)    0    0   -5.77597505  3 2.920 -5.75128814
(-21.2184742, 21.6632632, -5.2303601, 0.6747865, 0.5252088, 0.4452546, -0.2656448)    0    0   -4.58293379  3 3.080 -4.61474666
(-19.7311010, 4.8884849, -9.9538919, 0.9034129, -0.0617307, 0.3865028, -0.1750716)    0    0   4.15603992  1 4.040 5.14919067
(-18.0428506, 18.7095307, 1.1074701, 0.5085179, 0.4986587, 0.6131636, -0.3417301)    0    0   -20.76801480  0 4.200 -25.99150434
(-18.6892240, 15.7208467, -8.7592779, 0.7915631, 0.4406523, 0.3630006, -0.2179082)    0    0   -7.83709202  4 3.800 -9.51476320
(-18.1148039, 14.6759157, -8.6681751, 0.8117869, 0.3901899, 0.3755705, -0.2184047)    0    0   -9.39778889  2 3.560 -11.16057143
(-13.8675469, 10.5326553, -5.9081464, 0.8767608, 0.2065371, 0.3841065, -0.2027191)    0    0   -24.58666328  3 2.440 -28.44028349
(-13.4115044, 10.7110221, -5.4627555, 0.8683685, 0.2314549, 0.3868444, -0.2066788)    0    0   -27.90010710  5 1.880 -32.01234117
(-26.4495262, 9.4377702, -9.4721279, 0.8454016, 0.0895792, 0.4727732, -0.2318561)    0    0   7.01080356  0 4.200 8.76596145
(-18.6639768, 4.2814392, -9.0887140, 0.9148156, -0.0634460, 0.3635392, -0.1640925)    0    0   2.34144797  2 3.880 2.81536682
(-17.2640634, 14.1192626, -7.2685289, 0.8080673, 0.3698909, 0.3983751, -0.2269478)    0    0   -12.45463912  7 2.360 -15.45025662
(-22.2836317, 15.8726018, -0.1987905, 0.6248184, 0.3054249, 0.6371169, -0.3322644)    0    0   -13.09057391  4 3.400 -17.39234803
(-15.9064060, 9.6489009, -6.4984812, 0.8866679, 0.1574213, 0.3867332, -0.1986858)    0    0   -16.99909218  4 2.680 -19.75548062
(-15.0764359, 18.4215711, -9.8645927, 0.7979756, 0.5496705, 0.1957216, -0.1509645)    0    0   -6.73665021  1 3.480 -7.90286699
(-18.0502005, 15.3755392, -15.8566597, 0.8970352, 0.3471768, 0.2312819, -0.1459619)    0    0   2.81900088  5 2.680 4.08168151
(-11.6081781, 15.6148544, -9.5330337, 0.8518404, 0.5015420, 0.1087162, -0.1049015)    0    0   -26.08675711  3 3.320 -32.35595876
(-15.0784027, 18.4073820, -9.5342412, 0.7955450, 0.5504501, 0.2012570, -0.1536503)    0    0   -11.58021765  4 3.160 -12.77796648
(-21.1322314, 10.3755849, -11.6544986, 0.8935979, 0.1710798, 0.3681942, -0.1914357)    0    0   5.59247429  2 3.320 7.26404790
(-18.3666343, 22.1911755, -3.9148075, 0.6466597, 0.5801787, 0.4212859, -0.2602732)    0    0   -10.78934057  4 3.400 -13.01592802
(-16.0241604, 9.7185101, -15.0093083, 0.9594476, 0.1967814, 0.1737128, -0.1027679)    0    0   -0.05875444  2 3.480 2.44695919
(-20.9736355, 10.3611895, -11.6193673, 0.8969856, 0.1741523, 0.3601967, -0.1880057)    0    0   3.55891921  5 2.920 6.50359274
(-13.4254446, 11.3955815, 0.4123839, 0.4678516, -0.0123661, 0.8002690, -0.3748754)    0    0   -37.18575052  1 3.720 -44.91030179
(-14.0341222, 12.2852337, -12.7214374, 0.9268411, 0.3097238, 0.1773289, -0.1165818)    0    0   -13.33950624  7 2.360 -14.68100573
(-18.2660891, 9.6318508, 0.9304185, 0.6457367, -0.0383533, 0.6917184, -0.3210591)    0    0   -22.75429879  1 4.120 -28.47678636
(-13.2181642, 18.7998656, -8.1844231, 0.7800729, 0.5753547, 0.1929364, -0.1524100)    0    0   -22.60898691  5 3.640 -28.78273238
(-15.0497532, 18.5995167, -10.1790812, 0.7975763, 0.5516050, 0.1927857, -0.1497918)    0    0   -6.71759264  0 4.040 -8.06889799
(-21.9534530, 15.1497867, 0.2146969, 0.6336323, 0.2779094, 0.6414660, -0.3313576)    0    0   -12.98224903  3 3.560 -17.74185718
(-15.8852042, 9.5635309, -15.4699580, 0.9594670, 0.1972493, 0.1731901, -0.1025723)    0    0   3.01188146  1 3.720 3.79229440
(-22.7314809, 13.6332027, -12.8424938, 0.8693596, 0.2638958, 0.3665134, -0.2006009)    0    0   6.55744556  0 4.120 8.25189319
(-17.7295006, 21.9760350, -3.9141492, 0.6199204, 0.6288220, 0.3951750, -0.2532160)    0    0   -10.70944338  1 3.480 -12.65541806
(-23.2920012, 11.6670104, -13.9036442, 0.8779487, 0.2434680, 0.3623921, -0.1964724)    0    0   6.38126826  2 3.880 7.94114689
(-15.9155409, 10.0631325, -7.0733292, 0.8905012, 0.1733121, 0.3732488, -0.1940513)    0    0   -15.10233922  0 4.120 -18.71709976
(-16.4261572, 7.4623020, -11.0290251, 0.9541686, 0.0652975, 0.2615519, -0.1299578)    0    0   -3.48158658  1 3.800 -3.42804956
(-25.5550013, 16.5761010, -10.8764720, 0.8055779, 0.3192406, 0.4376525, -0.2399792)    0    0   6.06424870  1 3.800 7.66679288
(-19.2939074, 15.3891454, -15.6858293, 0.8956009, 0.3449262, 0.2381885, -0.1489673)    0    0   3.89649498  1 3.800 4.85891527
(-17.4568267, 14.2201246, -7.8573496, 0.8189195, 0.3647503, 0.3846469, -0.2199429)    0    0   -11.94599639  7 2.440 -14.67379978
(-24.6057064, 10.9907275, -3.5050554, 0.7583009, 0.0503643, 0.5861081, -0.2809280)    0    0   -1.25678895  7 2.520 -1.05941612
(-19.7461561, 18.3633863, -9.7411112, 0.7824498, 0.4748138, 0.3426147, -0.2119890)    0    0   -4.03510775  6 2.920 -3.72213231
(-16.7316610, 14.2384695, -9.0644946, 0.8173738, 0.3903247, 0.3658166, -0.2138339)    0    0   -11.11524592  4 3.000 -12.55194301
(-20.3852666, 15.6945545, -4.9139012, 0.7260844, 0.3525925, 0.5187767, -0.2816925)    0    0   -10.38530476  1 4.120 -13.00043020
