#Coordinates  RecID  LigID  Luciferin  Neighbor's number  Vision Range  Scoring
(-21.5878768, 14.8210008, -15.4468398, 0.8955883, 0.3419620, 0.2416594, -0.1502810)    0    0   6.21795645  4 4.280 7.84146158
(-25.9179901, 9.4242115, -8.7020553, 0.8570875, 0.0559893, 0.4611252, -0.2227776)    0    0   7.03159415  14 0.120 8.81500007
(-24.1382900, 17.4341629, -10.7096679, 0.8585158, 0.2719403, 0.3814800, -0.2084995)    0    0   6.40530668  0 0.560 7.88020971
(-17.4184813, 6.9744707, -2.6408718, 0.7516089, -0.2256281, 0.5698980, -0.2437052)    0    0   -11.78148617  3 5.000 -15.72267403
(-17.6194277, 6.8825485, -17.5268979, 0.9594497, 0.1973080, 0.1732094, -0.1025877)    0    0   8.31376613  8 0.040 10.84041115
(-21.4117115, 6.6626799, -8.4644175, 0.8849504, -0.0528083, 0.4208776, -0.1921880)    0    0   7.68020581  6 1.960 9.73489573
(-21.2592803, 20.1078116, 0.7057919, 0.5084174, 0.4985506, 0.6133044, -0.3417847)    0    0   -10.04014564  2 5.000 -12.58801089
(-25.4515654, 9.0288785, -8.8151043, 0.8679588, 0.0187974, 0.4483499, -0.2127829)    0    0   7.18304195  24 3.480 8.96197153
(-21.5734387, 6.6436356, -8.3657705, 0.8850848, -0.0527751, 0.4206468, -0.1920830)    0    0   7.11994209  0 0.400 8.76801401
(-24.6752825, 17.0365179, -10.3901478, 0.8580969, 0.2729049, 0.3816368, -0.2086766)    0    0   6.50074653  16 0.000 8.21351217
(-24.5657642, 17.1039813, -10.8227688, 0.8531476, 0.2869108, 0.3816363, -0.2101786)    0    0   6.05787377  5 0.360 8.01306008
(-26.3686401, 9.8653668, -8.9673344, 0.8449516, 0.0916966, 0.4730064, -0.2321928)    0    0   6.99910978  0 0.400 8.90923653
(-24.3870539, 16.8862716, -10.9049442, 0.8580089, 0.2725388, 0.3820192, -0.2088171)    0    0   6.56205673  7 0.680 8.18670972
(-24.4453355, 17.1954971, -10.6489868, 0.8535245, 0.2860789, 0.3815019, -0.2100263)    0    0   5.79800467  18 0.000 7.62791364
(-21.3572510, 6.5663638, -8.5272708, 0.8849503, -0.0528083, 0.4208776, -0.1921880)    0    0   7.26228859  0 0.400 8.82597178
(-26.5872250, 10.4989715, -8.8861056, 0.8440908, 0.0957502, 0.4734287, -0.2328261)    0    0   6.65304201  9 0.520 8.70211400
(-25.7601125, 9.3246248, -8.9239134, 0.8573276, 0.0545834, 0.4609580, -0.2225482)    0    0   7.13119860  10 3.320 8.90058233
(-25.4559505, 9.4311497, -8.8744976, 0.8573312, 0.0545625, 0.4609555, -0.2225448)    0    0   7.29126663  1 3.480 9.22185437
(-24.7079958, 17.1046141, -10.9215153, 0.8580456, 0.2729205, 0.3817190, -0.2087170)    0    0   6.45485823  1 0.480 8.04420096
(-24.4347977, 16.8573265, -10.7252855, 0.8580591, 0.2723988, 0.3820155, -0.2088004)    0    0   6.51235503  10 0.000 8.14197328
(-21.5767672, 14.8424528, -15.5084995, 0.8956586, 0.3424102, 0.2409424, -0.1499921)    0    0   6.24961335  2 3.320 7.87663572
(-21.7661988, 6.3755867, -8.2776719, 0.8849725, -0.0528050, 0.4208394, -0.1921704)    0    0   7.24993489  1 0.480 9.09766051
(-17.2482233, 7.5946240, -17.1697173, 0.9594497, 0.1973082, 0.1732095, -0.1025878)    0    0   7.91320594  11 0.520 10.13574823
(-24.4945927, 17.0658861, -10.6193145, 0.8579732, 0.2725026, 0.3821053, -0.2088537)    0    0   6.49683878  16 0.000 8.14404173
(-22.0369388, 6.4756453, -8.6200532, 0.8849504, -0.0528083, 0.4208775, -0.1921879)    0    0   7.47021281  23 0.000 9.25065769
(-21.5609412, 6.5314472, -8.5811537, 0.8850089, -0.0527959, 0.4207770, -0.1921420)    0    0   7.00709322  0 0.400 9.25724171
(-21.4954521, 14.7660373, -15.5354124, 0.8955866, 0.3419515, 0.2416762, -0.1502878)    0    0   6.15628509  7 2.680 7.59300687
(-17.4073898, 6.9699684, -17.5605031, 0.9594498, 0.1973078, 0.1732094, -0.1025877)    0    0   8.46638798  6 2.360 10.84256650
(-17.6577863, 7.1065803, -17.1803700, 0.9594498, 0.1973078, 0.1732094, -0.1025877)    0    0   8.37085450  10 2.280 10.60401075
(-13.2738056, 10.9402708, 0.4111112, 0.4670737, -0.0078094, 0.8005006, -0.3754730)    0    0   -36.78992735  0 5.000 -45.98740918
(-21.7394335, 6.3063279, -8.6099848, 0.8849503, -0.0528083, 0.4208776, -0.1921880)    0    0   7.55602599  14 4.200 9.28501704
(-24.4835592, 17.3718304, -10.4284050, 0.8575902, 0.2742788, 0.3816953, -0.2088515)    0    0   6.43510396  17 0.000 8.08212742
(-22.1108509, 6.3662473, -8.7198028, 0.8850568, -0.0527825, 0.4206950, -0.1921049)    0    0   7.61992882  0 0.400 9.98204153
(-21.5614927, 14.8281733, -15.5125421, 0.8957326, 0.3428850, 0.2401819, -0.1496855)    0    0   6.31980729  0 3.960 7.91505884
(-24.8840420, 16.9981969, -9.9189514, 0.8575585, 0.2734890, 0.3822392, -0.2090225)    0    0   6.34286989  3 0.960 7.96741007
(-23.4091643, 18.1337417, -10.3976813, 0.8459366, 0.3065112, 0.3813586, -0.2121504)    0    0   4.44545028  5 1.400 6.35149064
(-17.3897685, 7.0069887, -17.6118338, 0.9594498, 0.1973077, 0.1732094, -0.1025877)    0    0   8.53772061  2 1.240 10.82634622
(-22.0825564, 6.7007926, -8.6247880, 0.8851995, -0.0527368, 0.4204505, -0.1919949)    0    0   7.12940994  18 0.000 9.66041829
(-20.9882147, 6.2668894, -8.9998484, 0.8854837, -0.0526557, 0.4199626, -0.1917742)    0    0   5.29551990  0 0.400 7.64624883
(-24.3750364, 16.7157980, -10.9093819, 0.8582614, 0.2725435, 0.3815649, -0.2086040)    0    0   6.49634242  0 0.480 8.11061163
(-24.2569025, 17.2824187, -10.6472325, 0.8585972, 0.2718288, 0.3814027, -0.2084512)    0    0   6.40874314  0 0.400 7.95295930
(-24.7012579, 16.7661086, -10.6731659, 0.8580733, 0.2728904, 0.3816880, -0.2086991)    0    0   6.37868432  16 0.000 8.00174328
(-22.4709184, 11.2507214, -12.6971817, 0.8714356, 0.2575659, 0.3664688, -0.1999010)    0    0   7.04635710  1 0.840 8.80759845
(-24.5009937, 16.6679493, -10.7713119, 0.8581187, 0.2723401, 0.3819451, -0.2087610)    0    0   6.54298305  10 0.240 8.17520365
(-21.9416762, 6.4569904, -8.5218569, 0.8849505, -0.0528083, 0.4208774, -0.1921879)    0    0   7.50984372  5 0.400 9.37428743
(-21.8150007, 6.5146480, -8.9123399, 0.8849506, -0.0528084, 0.4208771, -0.1921877)    0    0   7.38279295  12 0.000 9.11872236
(-17.2730490, 7.5137986, -17.0818571, 0.9594496, 0.1973086, 0.1732095, -0.1025878)    0    0   7.95430777  7 0.600 10.19156099
(-17.4229249, 6.8262903, -2.5366834, 0.7516084, -0.2256317, 0.5698976, -0.2437046)    0    0   -10.26924493  0 5.000 -12.65647520
(-21.9169114, 6.5235230, -8.7473887, 0.8849503, -0.0528083, 0.4208777, -0.1921880)    0    0   7.57342465  12 0.560 9.27051932
(-17.2976134, 7.4239093, -17.2676471, 0.9594498, 0.1973077, 0.1732094, -0.1025877)    0    0   8.46046635  7 4.680 10.66752656
(-21.3521681, 20.1605433, 0.7306159, 0.5084174, 0.4985506, 0.6133044, -0.3417847)    0    0   -10.49068042  5 5.000 -13.60922712
(-26.1159235, 9.5645242, -8.9297072, 0.8452527, 0.0902326, 0.4728606, -0.2319672)    0    0   7.21433857  0 0.600 9.19143824
(-21.5436509, 6.5611216, -8.6002522, 0.8849504, -0.0528083, 0.4208774, -0.1921879)    0    0   7.63130904  8 0.200 9.64669429
(-21.6969116, 6.5738416, -8.7168108, 0.8849503, -0.0528083, 0.4208778, -0.1921880)    0    0   8.01747339  0 2.680 10.03018465
(-26.6151216, 10.0087250, -9.2097520, 0.8449986, 0.0914764, 0.4729822, -0.2321578)    0    0   7.04621770  7 0.280 8.90703956
(-24.6963208, 16.6097763, -10.5957587, 0.8585265, 0.2720053, 0.3814210, -0.2084787)    0    0   6.49744281  0 0.400 8.20969595
(-24.6296195, 16.7362366, -10.5158881, 0.8582805, 0.2722217, 0.3817284, -0.2086464)    0    0   6.54554192  4 0.480 8.21230988
(-24.4637228, 16.7716988, -10.7229718, 0.8581741, 0.2723091, 0.3818651, -0.2087200)    0    0   6.53574124  7 0.320 8.13733732
(-24.4644888, 16.4434205, -10.8420374, 0.8581826, 0.2722902, 0.3818615, -0.2087163)    0    0   6.49486887  0 0.400 8.10555703
(-24.5140706, 16.9082219, -10.5647568, 0.8562343, 0.2777828, 0.3819370, -0.2093409)    0    0   6.29403335  1 0.560 8.06334812
(-24.6468821, 17.2911400, -10.3837106, 0.8581403, 0.2723460, 0.3819029, -0.2087418)    0    0   6.51634016  11 0.000 8.15546786
(-26.0937337, 9.8422578, -8.4984279, 0.8451597, 0.0906993, 0.4729031, -0.2320373)    0    0   7.12416327  6 0.440 8.95790902
(-24.5941972, 16.9766213, -10.5128646, 0.8581887, 0.2724062, 0.3817793, -0.2086901)    0    0   6.51165205  12 0.000 8.14595001
(-21.2114120, 14.5017769, -15.6057594, 0.8956954, 0.3426460, 0.2405648, -0.1498398)    0    0   6.29296654  1 4.040 7.89760095
(-21.7824522, 6.6386495, -8.8395319, 0.8849504, -0.0528083, 0.4208775, -0.1921879)    0    0   7.47893738  8 0.200 9.29782929
(-21.9554289, 5.9910585, -8.7835124, 0.8850144, -0.0527968, 0.4207675, -0.1921374)    0    0   7.52713209  11 0.000 9.53243326
(-24.4343938, 16.2826014, -10.8683765, 0.8582808, 0.2730104, 0.3812427, -0.2085027)    0    0   6.46927576  14 0.000 8.19934228
(-26.1371824, 9.7005595, -8.8874071, 0.8452260, 0.0903665, 0.4728729, -0.2319874)    0    0   7.12643435  1 0.800 8.84224431
(-22.5782226, 11.4974459, -12.3897837, 0.8714356, 0.2575660, 0.3664687, -0.1999009)    0    0   7.18875387  0 5.000 8.98597457
(-26.1879990, 9.6614041, -9.0777636, 0.8452029, 0.0904837, 0.4728833, -0.2320048)    0    0   7.14242247  1 0.760 9.03204275
(-24.4492264, 16.6431555, -10.4492235, 0.8583824, 0.2721216, 0.3816075, -0.2085789)    0    0   6.48014511  0 0.400 8.12312293
(-24.4747708, 16.7623693, -10.8240706, 0.8582410, 0.2723162, 0.3817411, -0.2086625)    0    0   6.54659588  11 0.200 8.18766892
(-25.9953216, 9.2738999, -8.9371309, 0.8452478, 0.0902565, 0.4728629, -0.2319709)    0    0   7.16971811  2 0.440 9.09889193
(-22.5777471, 11.4978336, -12.3913686, 0.8714357, 0.2575659, 0.3664687, -0.1999010)    0    0   7.11587325  3 0.680 8.90686597
(-17.3426725, 7.2407708, -17.4151077, 0.9594498, 0.1973078, 0.1732094, -0.1025877)    0    0   8.54106492  1 3.640 10.82510730
(-24.7302724, 17.0617322, -10.2289786, 0.8554204, 0.2801145, 0.3819240, -0.2095849)    0    0   6.21439620  39 0.000 7.94401283
(-22.4633716, 11.2048435, -12.6612666, 0.8714357, 0.2575660, 0.3664687, -0.1999009)    0    0   7.11780681  4 2.440 8.90971529
(-22.6255009, 11.8128757, -12.5729876, 0.8714357, 0.2575656, 0.3664688, -0.1999010)    0    0   7.06588446  8 0.200 8.90590966
(-21.6425703, 6.6465432, -8.9112961, 0.8849512, -0.0528083, 0.4208761, -0.1921872)    0    0   7.54591230  10 0.000 9.36591049
(-17.0647571, 7.3731211, -17.2308231, 0.9594497, 0.1973080, 0.1732094, -0.1025877)    0    0   8.09039531  2 0.760 10.19234541
(-17.5597829, 6.6848582, -17.7640958, 0.9594498, 0.1973078, 0.1732094, -0.1025877)    0    0   8.44179872  8 0.280 10.75790761
(-17.4101569, 7.3652364, -17.3890617, 0.9594498, 0.1973078, 0.1732094, -0.1025877)    0    0   8.19971487  4 0.440 10.28882547
(-25.9854749, 9.4185947, -8.8601213, 0.8451793, 0.0905949, 0.4728954, -0.2320225)    0    0   7.11152936  6 0.280 8.95735635
(-21.7753316, 6.6184168, -8.9808316, 0.8849524, -0.0528083, 0.4208740, -0.1921863)    0    0   7.44492678  0 0.400 9.30308109
(-24.4091399, 16.8386891, -10.4908013, 0.8582194, 0.2722626, 0.3818127, -0.2086904)    0    0   6.48696794  23 0.000 8.13748128
(-24.6428061, 16.6858366, -10.5192196, 0.8579424, 0.2727263, 0.3820228, -0.2088389)    0    0   6.45642373  7 0.240 8.11517968
(-17.2563610, 7.3243549, -17.4380663, 0.9594497, 0.1973081, 0.1732094, -0.1025877)    0    0   8.09964878  11 0.360 10.14981486
(-23.9670735, 17.8043184, -10.4681907, 0.8486604, 0.2989065, 0.3817055, -0.2114978)    0    0   5.51041789  9 0.920 7.18930423
(-17.2393029, 6.8658979, -2.2806168, 0.7516086, -0.2256306, 0.5698977, -0.2437048)    0    0   -10.92446472  1 5.000 -12.73131626
(-26.4497154, 10.2825939, -8.6650168, 0.8442334, 0.0950795, 0.4733606, -0.2327222)    0    0   6.90784129  2 1.040 8.64749669
(-24.7577304, 16.4996288, -10.3683221, 0.8580577, 0.2728024, 0.3817699, -0.2087282)    0    0   6.50844910  12 0.000 8.14467389
(-22.6010943, 18.4712960, -10.2851837, 0.8401182, 0.3222790, 0.3805017, -0.2134388)    0    0   2.86487394  7 1.400 4.75119439
(-24.4099765, 16.8861740, -10.8573441, 0.8583745, 0.2721135, 0.3816268, -0.2085870)    0    0   6.51160250  0 0.400 8.23112995
(-21.1898929, 20.1843843, 0.6900952, 0.5084174, 0.4985506, 0.6133044, -0.3417847)    0    0   -9.92691411  0 5.000 -12.39192065
(-24.5185315, 16.5703746, -10.7447121, 0.8580349, 0.2724313, 0.3820388, -0.2088148)    0    0   6.52492480  10 0.000 8.15331169
(-21.5682432, 6.6145119, -8.7583496, 0.8849503, -0.0528083, 0.4208777, -0.1921880)    0    0   7.81016466  1 5.000 9.88542041
(-24.6418930, 16.7727752, -10.4761250, 0.8580006, 0.2725478, 0.3820285, -0.2088225)    0    0   6.58279995  1 0.880 8.24033474
(-21.8108136, 15.1207616, -15.5872137, 0.8956442, 0.3423171, 0.2410911, -0.1500520)    0    0   6.24745595  3 4.440 7.98255233
(-21.3391932, 6.8561373, -8.5346396, 0.8850881, -0.0527733, 0.4206412, -0.1920806)    0    0   7.02047322  0 0.400 8.70317808
(-22.5512370, 10.9396744, -12.6604343, 0.8714357, 0.2575658, 0.3664687, -0.1999009)    0    0   7.14598691  2 0.680 9.04208209
(-21.5475826, 6.7685298, -8.7124664, 0.8849502, -0.0528083, 0.4208778, -0.1921881)    0    0   7.48776645  0 0.400 9.30503546
(-21.6684736, 6.5766463, -8.8147780, 0.8849504, -0.0528083, 0.4208775, -0.1921879)    0    0   7.37631959  22 0.000 9.09683446
(-24.5173623, 16.7271291, -10.8595656, 0.8582777, 0.2723043, 0.3816827, -0.2086338)    0    0   6.55184857  1 0.720 8.20920171
(-24.5966556, 16.7023457, -10.5460031, 0.8581428, 0.2723134, 0.3819184, -0.2087456)    0    0   6.52815989  6 0.320 8.19140436
(-24.6434868, 16.9801534, -10.7003782, 0.8581957, 0.2723074, 0.3818276, -0.2087022)    0    0   6.46904693  21 0.000 8.06692078
(-24.3597095, 16.5425179, -10.9974972, 0.8581712, 0.2723334, 0.3818552, -0.2087180)    0    0   6.55591777  9 1.240 8.24007787
(-24.2385240, 16.9723723, -10.9227685, 0.8582988, 0.2721797, 0.3817215, -0.2086387)    0    0   6.54880479  9 0.240 8.16945440
(-21.9280737, 6.6623742, -8.9759692, 0.8849504, -0.0528083, 0.4208775, -0.1921879)    0    0   7.56339125  4 0.480 9.43194876
(-24.5680032, 16.6096143, -10.7511757, 0.8581701, 0.2722926, 0.3818823, -0.2087264)    0    0   6.50432713  0 0.400 8.23264705
(-24.3489687, 16.9031076, -10.8601925, 0.8584986, 0.2719762, 0.3814889, -0.2085075)    0    0   6.53975196  0 0.400 8.24556439
(-22.2472325, 11.4282467, -12.5428039, 0.8714357, 0.2575658, 0.3664687, -0.1999010)    0    0   6.92963564  2 0.600 8.47626891
(-25.9384752, 9.6495849, -8.6576813, 0.8452368, 0.0903103, 0.4728683, -0.2319792)    0    0   7.16613000  2 0.480 9.05416928
(-23.2811713, 18.2440232, -10.3112836, 0.8417511, 0.3173833, 0.3811348, -0.2132114)    0    0   3.93620295  7 1.160 5.75048076
(-20.7153714, 19.9458867, 0.5600791, 0.5084174, 0.4985506, 0.6133044, -0.3417847)    0    0   -10.39087908  4 4.280 -12.46433712
(-17.3669123, 7.0215458, -17.6277972, 0.9594498, 0.1973077, 0.1732094, -0.1025877)    0    0   8.51749360  4 5.000 10.68795719
(-22.5009482, 11.1771656, -12.5547225, 0.8714356, 0.2575661, 0.3664687, -0.1999010)    0    0   7.12209276  3 1.240 8.88129483
(-24.4192884, 16.3867730, -11.0243698, 0.8580875, 0.2724025, 0.3819626, -0.2087759)    0    0   6.57285954  2 0.520 8.26827479
(-22.5032689, 18.3388473, -10.3210702, 0.8398268, 0.3231586, 0.3803784, -0.2134752)    0    0   2.58724310  6 1.400 4.36600551
(-22.1309160, 6.5409883, -8.3087398, 0.8849529, -0.0528082, 0.4208732, -0.1921859)    0    0   7.36096597  0 0.400 9.02402228
(-25.3515785, 9.0465009, -8.9077920, 0.8771984, -0.0170399, 0.4349388, -0.2026345)    0    0   7.44809634  19 3.880 9.61004061
(-24.3492579, 16.6532705, -11.0110431, 0.8580318, 0.2729380, 0.3817329, -0.2087254)    0    0   6.42137496  29 0.000 8.01879050
(-22.6785282, 11.6753561, -12.4878017, 0.8714356, 0.2575655, 0.3664690, -0.1999010)    0    0   7.01401885  8 0.160 8.77951430
(-22.1316179, 6.2002455, -8.5522485, 0.8849575, -0.0528071, 0.4208653, -0.1921823)    0    0   7.66289428  2 0.480 9.81592464
(-23.6225572, 18.1969229, -10.3427831, 0.8430440, 0.3139945, 0.3812556, -0.2129047)    0    0   4.79091136  4 1.320 6.60534666
(-22.8821659, 18.2016502, -10.3572446, 0.8437666, 0.3125448, 0.3810017, -0.2126298)    0    0   3.41082695  8 1.400 5.39538163
(-22.0933852, 6.4477215, -8.2726582, 0.8849504, -0.0528083, 0.4208775, -0.1921879)    0    0   7.77837057  2 0.920 9.76812062
(-22.3265017, 6.5132706, -8.5492939, 0.8849736, -0.0528049, 0.4208375, -0.1921695)    0    0   7.69941947  2 0.480 9.88286137
(-22.0920125, 6.7032601, -8.6800036, 0.8849583, -0.0528071, 0.4208638, -0.1921816)    0    0   7.52981512  16 1.080 9.43684785
(-22.5988211, 11.5498202, -12.3411780, 0.8714357, 0.2575660, 0.3664687, -0.1999009)    0    0   7.16282135  1 5.000 8.97800976
(-26.5444645, 10.5216264, -8.7623132, 0.8442865, 0.0947844, 0.4733444, -0.2326829)    0    0   7.01325783  0 0.480 8.76322971
(-21.8389623, 5.9783902, -8.6519710, 0.8849522, -0.0528082, 0.4208743, -0.1921864)    0    0   7.60119620  7 0.160 9.58327412
(-24.7328490, 16.6425760, -10.3811577, 0.8581777, 0.2730750, 0.3813875, -0.2085777)    0    0   6.52119913  0 0.400 8.13512098
(-26.1927195, 10.6764020, -8.0279476, 0.8441885, 0.0952531, 0.4733899, -0.2327545)    0    0   5.81792206  8 1.240 7.86223399
(-24.5255022, 16.6205531, -10.7511235, 0.8579070, 0.2725628, 0.3821865, -0.2088983)    0    0   6.56334412  7 2.520 8.17000180
(-24.5651258, 17.0744398, -10.4133316, 0.8579658, 0.2725274, 0.3821034, -0.2088555)    0    0   6.52525555  10 0.000 8.17338519
(-24.5570040, 16.6728570, -10.5988698, 0.8579576, 0.2725147, 0.3821257, -0.2088646)    0    0   6.54150343  4 0.400 8.14867976
(-26.2177051, 9.4199211, -9.1954872, 0.8452599, 0.0901999, 0.4728566, -0.2319619)    0    0   7.17318056  6 2.040 8.94063201
(-24.8426884, 16.6603067, -10.6773147, 0.8582905, 0.2722012, 0.3817232, -0.2086418)    0    0   6.45237467  9 0.080 8.06512107
(-24.5908976, 16.7563120, -10.3289543, 0.8580165, 0.2724445, 0.3820636, -0.2088279)    0    0   6.49765660  10 0.000 8.13626682
(-22.4753460, 11.2382122, -12.6023559, 0.8714357, 0.2575659, 0.3664687, -0.1999009)    0    0   7.11439210  6 0.920 8.86256008
(-24.6066330, 16.7361305, -10.6893125, 0.8582326, 0.2722669, 0.3817863, -0.2086785)    0    0   6.53175114  3 0.560 8.18346096
(-24.8811231, 17.0747310, -10.9097307, 0.8563778, 0.2781562, 0.3814473, -0.2091508)    0    0   6.31518871  0 0.400 7.93065223
(-21.7999297, 19.9887351, 0.8392334, 0.5084174, 0.4985506, 0.6133044, -0.3417847)    0    0   -10.12833181  3 5.000 -12.17227842
(-24.5837177, 16.7994100, -10.5737770, 0.8577994, 0.2726788, 0.3823074, -0.2089676)    0    0   6.60429591  0 5.000 8.25539578
(-24.2341072, 17.0988863, -10.8024515, 0.8581937, 0.2723687, 0.3817934, -0.2086928)    0    0   6.38591796  0 0.400 7.94717023
(-24.6583894, 16.2953723, -10.6013356, 0.8582073, 0.2723383, 0.3817878, -0.2086869)    0    0   6.39988148  13 0.000 8.00431852
(-21.9450816, 6.7195143, -8.9134935, 0.8849562, -0.0528077, 0.4208675, -0.1921833)    0    0   7.73722755  2 0.560 9.84668124
(-17.3194111, 7.2980569, -17.3802080, 0.9594498, 0.1973077, 0.1732094, -0.1025877)    0    0   8.57003529  0 3.560 10.91003107
(-26.0671067, 9.5123762, -8.9501898, 0.8448307, 0.0922252, 0.4730758, -0.2322821)    0    0   7.06778335  8 0.280 8.90569894
(-24.1158490, 17.4552268, -10.5828694, 0.8518194, 0.2907571, 0.3815002, -0.2105272)    0    0   5.51073221  8 0.600 7.31662665
(-23.3997884, 18.1960082, -10.3410861, 0.8421952, 0.3163326, 0.3810998, -0.2130822)    0    0   4.05721670  6 1.240 5.93391408
(-24.6226917, 17.2263850, -9.9145627, 0.8577726, 0.2728319, 0.3822613, -0.2089624)    0    0   6.03512746  0 0.400 7.67927889
(-20.7574841, 14.3897791, -15.6910021, 0.8955264, 0.3415721, 0.2422828, -0.1505323)    0    0   6.20105756  5 2.520 7.85865459
(-24.5963232, 16.8797628, -10.4449435, 0.8580448, 0.2724137, 0.3820319, -0.2088097)    0    0   6.48423391  0 0.400 8.09843606
(-17.6082334, 6.5123293, -2.6333877, 0.7516088, -0.2256286, 0.5698980, -0.2437051)    0    0   -11.15766715  2 5.000 -13.32320462
(-24.7393849, 16.9040144, -10.3973783, 0.8582536, 0.2722044, 0.3817872, -0.2086722)    0    0   6.38081358  4 0.480 7.92810450
(-24.4281191, 16.1254309, -11.0373520, 0.8587604, 0.2716902, 0.3811954, -0.2083388)    0    0   6.58109468  3 0.800 8.24589141
(-20.9827457, 20.2159050, 0.6385415, 0.5084174, 0.4985506, 0.6133044, -0.3417847)    0    0   -10.02349532  1 5.000 -12.31755625
(-24.6936796, 16.5129371, -10.4362070, 0.8579079, 0.2725619, 0.3821854, -0.2088977)    0    0   6.57168408  5 1.800 8.22336011
(-24.4220068, 16.0877281, -11.0572317, 0.8594590, 0.2709266, 0.3804099, -0.2078877)    0    0   6.58975009  0 1.200 8.25541700
(-26.1714002, 9.5895300, -9.0456428, 0.8451179, 0.0908989, 0.4729242, -0.2320686)    0    0   7.01983982  12 0.200 8.84836612
(-24.8272784, 16.6415881, -10.4960072, 0.8583044, 0.2721893, 0.3817056, -0.2086322)    0    0   6.41845780  0 0.400 8.09803822
(-21.5174516, 6.6278834, -8.9681735, 0.8849514, -0.0528083, 0.4208759, -0.1921871)    0    0   7.47851566  22 0.000 9.19859061
(-21.2550706, 20.3386653, 0.7179697, 0.5084174, 0.4985506, 0.6133044, -0.3417847)    0    0   -10.54429218  6 4.920 -13.83052334
(-24.6481691, 16.9188853, -10.4251934, 0.8582047, 0.2724696, 0.3817117, -0.2086651)    0    0   6.45984034  2 0.640 8.07575022
(-24.5825280, 16.6041654, -10.1923106, 0.8582968, 0.2723531, 0.3816185, -0.2086089)    0    0   6.44060594  17 0.000 8.10186302
(-21.1256941, 6.7759075, -8.7131427, 0.8851404, -0.0527674, 0.4205511, -0.1920389)    0    0   6.68424869  0 0.400 7.98290791
(-21.6907290, 6.4973866, -8.4611286, 0.8851147, -0.0527646, 0.4205957, -0.1920601)    0    0   6.53434574  23 0.000 8.81391250
(-25.5721697, 9.0531023, -8.9620830, 0.8679699, 0.0187580, 0.4483353, -0.2127718)    0    0   7.28566589  13 4.360 9.27921540
(-21.9155996, 6.1519141, -8.6159220, 0.8849509, -0.0528083, 0.4208766, -0.1921875)    0    0   7.66140783  8 2.920 9.56028058
(-23.9626283, 17.4233511, -10.8437206, 0.8554934, 0.2802585, 0.3817033, -0.2094966)    0    0   6.12656016  3 0.560 7.84471337
(-26.3914068, 9.6445690, -8.8702349, 0.8450646, 0.0911486, 0.4729519, -0.2321084)    0    0   7.02778183  1 0.440 8.87032504
(-21.8549696, 6.7376863, -8.5560034, 0.8849606, -0.0528070, 0.4208599, -0.1921798)    0    0   7.52435620  0 0.400 9.51325830
(-24.3019255, 17.3918775, -10.9427302, 0.8547580, 0.2824816, 0.3816061, -0.2096894)    0    0   5.88828911  5 0.520 7.67670967
(-20.9508158, 14.5532639, -15.8842539, 0.8943005, 0.3344050, 0.2536551, -0.1551096)    0    0   5.77699314  8 2.680 7.36853775
(-17.5510020, 7.7337887, -16.5630955, 0.9594494, 0.1973094, 0.1732097, -0.1025880)    0    0   8.02323613  0 0.680 10.28087707
(-24.0520407, 17.3977937, -10.7193894, 0.8535411, 0.2858446, 0.3816230, -0.2100581)    0    0   5.76022369  30 0.000 7.39378152
(-22.2845528, 11.0564896, -12.9558984, 0.8714357, 0.2575659, 0.3664687, -0.1999010)    0    0   6.99448505  13 2.120 8.76677143
(-24.5367830, 16.8744800, -10.3990180, 0.8582213, 0.2722821, 0.3817972, -0.2086852)    0    0   6.47148431  21 0.000 8.13038403
(-17.4014343, 6.9988270, -17.5415861, 0.9594498, 0.1973078, 0.1732094, -0.1025877)    0    0   8.51434809  5 3.320 10.74986157
(-22.7060814, 11.8279647, -11.9652638, 0.8714357, 0.2575658, 0.3664687, -0.1999010)    0    0   7.02038521  7 0.280 8.87334907
(-13.4254446, 11.3955815, 0.4123839, 0.4670737, -0.0078094, 0.8005006, -0.3754730)    0    0   -36.95179046  1 5.000 -45.70702468
(-17.3044262, 7.3534523, -17.3494110, 0.9594498, 0.1973078, 0.1732094, -0.1025877)    0    0   8.53759411  3 0.840 10.80594172
(-26.4602791, 10.0157268, -8.9858702, 0.8445791, 0.0934344, 0.4731961, -0.2324684)    0    0   6.77149022  12 0.280 8.70004935
(-23.8548788, 17.8218018, -10.4990398, 0.8507527, 0.2936089, 0.3815218, -0.2108432)    0    0   5.53071408  4 1.160 7.29513153
(-24.6490756, 17.0676510, -10.6877068, 0.8575208, 0.2747091, 0.3815530, -0.2088308)    0    0   6.43575208  0 0.400 8.14162739
(-24.5821252, 17.1142455, -10.1386199, 0.8578846, 0.2725962, 0.3822060, -0.2089111)    0    0   6.46407191  26 0.000 8.18246303
(-17.3373770, 7.0261740, -17.6454054, 0.9594498, 0.1973077, 0.1732094, -0.1025877)    0    0   8.45367266  8 3.960 10.63723610
(-22.4592226, 11.4698866, -12.5707502, 0.8714356, 0.2575659, 0.3664688, -0.1999010)    0    0   6.99718676  12 1.880 8.71621711
(-24.7858273, 16.9152127, -10.4462945, 0.8580634, 0.2727965, 0.3817634, -0.2087245)    0    0   6.40520961  15 0.000 7.95258882
(-22.6600893, 11.7634850, -12.3299108, 0.8714358, 0.2575652, 0.3664689, -0.1999010)    0    0   6.97204576  0 0.440 8.69909758
(-22.0782641, 6.6309335, -8.6059975, 0.8849508, -0.0528083, 0.4208768, -0.1921876)    0    0   7.72810652  4 0.800 9.86232081
(-21.9196506, 6.5979803, -8.9127812, 0.8849506, -0.0528084, 0.4208772, -0.1921878)    0    0   7.45496530  20 0.000 9.04588657
(-22.4465271, 11.2411547, -12.6123774, 0.8714356, 0.2575660, 0.3664687, -0.1999010)    0    0   7.08185885  7 2.520 8.85673769
(-21.7717340, 15.1545960, -15.5640917, 0.8952604, 0.3399279, 0.2449055, -0.1515888)    0    0   6.16685582  6 1.960 7.64996937
(-24.6066281, 16.7527431, -10.5667327, 0.8546774, 0.2821276, 0.3819741, -0.2098244)    0    0   6.28174624  0 0.400 8.03128695
(-25.7526009, 9.3184477, -8.9276023, 0.8573312, 0.0545626, 0.4609555, -0.2225448)    0    0   7.19589040  4 3.720 9.10192494
(-24.3735454, 16.9068305, -10.8544527, 0.8583821, 0.2721935, 0.3815640, -0.2085661)    0    0   6.42366361  0 0.400 8.24978095
(-24.7389283, 17.1533661, -10.6838155, 0.8576038, 0.2742133, 0.3817114, -0.2088521)    0    0   6.21929772  11 0.000 7.80895522
(-24.6064921, 16.8482390, -10.5136625, 0.8580774, 0.2724067, 0.3819779, -0.2087835)    0    0   6.56397635  6 0.560 8.19455492
