#Coordinates  RecID  LigID  Luciferin  Neighbor's number  Vision Range  Scoring
(-21.7694679, 14.8702645, -15.0641351, 0.8954029, 0.3408015, 0.2435130, -0.1510279)    0    0   6.20500225  5 3.080 7.97409630
(-24.8969367, 8.7645515, -8.9706574, 0.8785782, -0.0229622, 0.4326659, -0.2009308)    0    0   8.01721534  3 0.560 10.07451090
(-24.7975502, 16.5098978, -10.2800320, 0.8578969, 0.2726194, 0.3821699, -0.2088966)    0    0   6.57215969  6 0.320 8.26297832
(-17.5472744, 6.8499364, -2.7479331, 0.7516084, -0.2256317, 0.5698976, -0.2437046)    0    0   -11.38527316  3 5.000 -14.94910123
(-17.3168772, 7.5440438, -17.0390000, 0.9594498, 0.1973077, 0.1732094, -0.1025877)    0    0   8.60504073  1 0.440 10.96174584
(-21.6198936, 6.2070431, -8.5747037, 0.8849522, -0.0528082, 0.4208743, -0.1921864)    0    0   8.05757925  1 2.600 10.11937827
(-21.0601884, 20.4017084, 0.6628459, 0.5084174, 0.4985506, 0.6133044, -0.3417847)    0    0   -10.08515352  4 5.000 -12.61060577
(-25.1301814, 8.6457259, -8.8631592, 0.8810350, -0.0339179, 0.4283953, -0.1977482)    0    0   8.35353064  3 5.000 10.47130868
(-21.7907047, 6.0317672, -8.4631165, 0.8845719, -0.0508518, 0.4216511, -0.1927614)    0    0   7.77718877  6 0.320 9.83009977
(-24.3154085, 17.2181597, -10.7694076, 0.8578875, 0.2726120, 0.3821912, -0.2089058)    0    0   6.49232840  0 0.400 8.09715445
(-24.4438244, 16.6526093, -10.8200077, 0.8577028, 0.2731843, 0.3821692, -0.2089569)    0    0   6.52050619  16 0.000 8.20088316
(-24.5039103, 9.0744959, -8.5553718, 0.8767188, -0.0150428, 0.4357099, -0.2032112)    0    0   8.00660043  0 0.640 10.03712922
(-24.3851275, 17.1617622, -10.7052404, 0.8578182, 0.2726612, 0.3822847, -0.2089550)    0    0   6.59632629  1 1.480 8.25656137
(-24.6787849, 16.7741868, -10.6430034, 0.8576454, 0.2733684, 0.3821584, -0.2089715)    0    0   6.47321303  0 0.400 8.17693882
(-22.2956850, 5.5027904, -8.7710443, 0.8848539, -0.0522466, 0.4210796, -0.1923432)    0    0   7.81131738  0 0.400 9.86313459
(-24.8801795, 8.5771197, -9.0953694, 0.8792103, -0.0257189, 0.4315957, -0.2001321)    0    0   8.02241906  6 0.360 10.08692064
(-24.9681307, 8.7733276, -8.8678162, 0.8812256, -0.0347915, 0.4280510, -0.1974926)    0    0   8.36498448  1 4.600 10.47396818
(-24.7722443, 8.3151544, -8.9010413, 0.8808591, -0.0331141, 0.4287114, -0.1979830)    0    0   8.30151544  6 3.240 10.45615921
(-24.5578599, 16.7957324, -10.5918859, 0.8579658, 0.2725253, 0.3821046, -0.2088558)    0    0   6.53949343  6 0.320 8.19266553
(-24.9886965, 16.7662078, -10.1979635, 0.8578811, 0.2727422, 0.3821227, -0.2088876)    0    0   6.47010411  21 0.000 8.05854650
(-21.1405237, 14.6108016, -15.6791340, 0.8940860, 0.3332432, 0.2554833, -0.1558444)    0    0   5.89354862  8 2.520 7.40877062
(-21.5939084, 5.8844334, -8.7258927, 0.8847733, -0.0519007, 0.4212402, -0.1924558)    0    0   7.76057113  6 0.160 9.82759916
(-17.5814498, 7.2174405, -17.3208073, 0.9594498, 0.1973077, 0.1732094, -0.1025877)    0    0   8.48795688  9 0.120 10.58242861
(-24.6239293, 16.5835427, -10.5704580, 0.8578555, 0.2726562, 0.3822212, -0.2089247)    0    0   6.55017557  0 0.400 8.25133445
(-21.8349797, 6.4553365, -8.9655700, 0.8849535, -0.0528078, 0.4208722, -0.1921855)    0    0   7.47930171  0 0.400 9.48403872
(-22.0416175, 6.2265553, -8.7147828, 0.8849264, -0.0526681, 0.4209278, -0.1922266)    0    0   7.79726290  13 0.000 9.55471269
(-21.5337414, 14.7308881, -15.4270035, 0.8955533, 0.3417406, 0.2420133, -0.1504237)    0    0   6.23119569  4 4.520 7.67142801
(-17.6431858, 7.0552008, -17.2225346, 0.9594498, 0.1973077, 0.1732094, -0.1025877)    0    0   8.53827431  11 1.080 10.82703428
(-17.2984933, 7.3723629, -17.4039545, 0.9594498, 0.1973077, 0.1732094, -0.1025877)    0    0   8.72312924  1 0.840 10.96916278
(-13.2738056, 10.9402708, 0.4111112, 0.4670737, -0.0078094, 0.8005006, -0.3754730)    0    0   -36.78992735  0 5.000 -45.98740918
(-21.7997410, 6.2643422, -8.6071023, 0.8844418, -0.0502250, 0.4219121, -0.1929514)    0    0   7.35107915  3 0.560 9.10611954
(-24.4336536, 16.5766857, -10.4136080, 0.8579690, 0.2725826, 0.3820637, -0.2088427)    0    0   6.44368432  14 0.000 8.02335371
(-21.8370470, 5.8756015, -8.6714026, 0.8849524, -0.0528081, 0.4208740, -0.1921863)    0    0   7.77033696  0 0.480 9.64412414
(-21.5225628, 14.6213365, -15.5498220, 0.8952739, 0.3400105, 0.2447740, -0.1515359)    0    0   6.05241683  7 2.200 7.64121879
(-24.5484385, 16.8018347, -10.3241825, 0.8579815, 0.2725548, 0.3820584, -0.2088373)    0    0   6.48167752  6 0.160 8.14143857
(-24.6312799, 16.9328040, -10.3565627, 0.8577484, 0.2729520, 0.3822306, -0.2089608)    0    0   6.57445769  5 0.400 8.23967883
(-17.4254340, 6.7607838, -17.2448949, 0.9594498, 0.1973077, 0.1732094, -0.1025877)    0    0   8.67885346  3 0.680 10.91527997
(-21.9635440, 6.0500389, -8.5119986, 0.8849271, -0.0526679, 0.4209267, -0.1922261)    0    0   7.81925423  8 0.160 9.70145042
(-21.6609883, 5.9205291, -8.5483156, 0.8849319, -0.0526666, 0.4209185, -0.1922224)    0    0   7.94740944  4 0.560 9.96691128
(-24.6522065, 16.7957202, -10.4572336, 0.8578961, 0.2725912, 0.3821887, -0.2089024)    0    0   6.56303693  11 0.080 8.21610341
(-24.4449615, 17.0516062, -10.4914816, 0.8578749, 0.2726511, 0.3821896, -0.2089093)    0    0   6.39321571  23 0.000 8.00322843
(-24.7312021, 16.6192688, -10.0111830, 0.8578543, 0.2729896, 0.3820184, -0.2088651)    0    0   6.43824103  25 0.000 8.04818732
(-23.0068423, 11.4187846, -12.4323084, 0.8714357, 0.2575659, 0.3664687, -0.1999009)    0    0   7.20561599  2 0.440 9.00556952
(-24.3826150, 16.9389019, -10.7844831, 0.8578028, 0.2727877, 0.3822345, -0.2089450)    0    0   6.58566041  3 1.120 8.23835419
(-21.8151693, 5.9345347, -8.5910158, 0.8849524, -0.0528081, 0.4208740, -0.1921863)    0    0   7.83734763  4 0.480 9.89387712
(-21.8380226, 6.2392174, -8.6507427, 0.8849536, -0.0528078, 0.4208720, -0.1921854)    0    0   7.83559364  13 0.080 9.58104032
(-17.4682801, 7.3618612, -17.1591242, 0.9594498, 0.1973077, 0.1732094, -0.1025877)    0    0   8.48825650  11 0.000 10.63115278
(-17.4229249, 6.8262903, -2.5366834, 0.7516084, -0.2256317, 0.5698976, -0.2437046)    0    0   -10.12532085  0 5.000 -12.65647520
(-21.9031051, 6.0607347, -8.7450445, 0.8849522, -0.0528082, 0.4208744, -0.1921865)    0    0   7.88812832  1 0.720 9.88547156
(-17.2821988, 7.4415384, -17.2949510, 0.9594498, 0.1973077, 0.1732094, -0.1025877)    0    0   8.63323029  5 2.440 10.87555874
(-20.8029631, 20.4447712, 0.5937542, 0.5084174, 0.4985506, 0.6133044, -0.3417847)    0    0   -10.24200412  5 4.680 -12.77172839
(-24.6648282, 8.9927502, -8.8992839, 0.8810429, -0.0339528, 0.4283812, -0.1977378)    0    0   8.29505608  7 0.600 10.41453584
(-22.0112844, 5.9021866, -8.8820895, 0.8849525, -0.0528081, 0.4208739, -0.1921862)    0    0   7.77174232  0 0.400 9.89139876
(-22.1346237, 5.5033286, -8.9829101, 0.8845932, -0.0509932, 0.4216060, -0.1927251)    0    0   7.61422964  0 0.400 9.53036870
(-24.9594838, 9.0486338, -8.7427882, 0.8772697, -0.0173627, 0.4348237, -0.2025458)    0    0   7.95659694  10 0.000 10.08357397
(-24.5736050, 17.0498207, -10.4469116, 0.8579220, 0.2725568, 0.3821634, -0.2088869)    0    0   6.52596087  0 0.400 8.16732741
(-24.4923082, 16.6051388, -10.8620789, 0.8578952, 0.2725969, 0.3821867, -0.2089021)    0    0   6.56784654  9 0.240 8.21638283
(-24.6597015, 16.4553927, -10.6492619, 0.8578377, 0.2728729, 0.3821197, -0.2089002)    0    0   6.54811313  0 0.400 8.18939948
(-24.6137000, 16.1246318, -10.9074684, 0.8579304, 0.2725643, 0.3821439, -0.2088785)    0    0   6.50458989  0 0.400 8.20965650
(-24.5694685, 16.5077551, -10.7246373, 0.8578431, 0.2727492, 0.3821861, -0.2089182)    0    0   6.55788110  17 0.560 8.14171320
(-24.1316802, 17.1602113, -11.0879243, 0.8579198, 0.2726173, 0.3821303, -0.2088778)    0    0   6.40255636  33 0.000 8.00371088
(-25.2817298, 8.7454382, -8.9990669, 0.8790925, -0.0252121, 0.4317966, -0.2002808)    0    0   8.11958417  0 0.680 10.10697524
(-24.5723961, 16.8611507, -10.6148427, 0.8578498, 0.2726359, 0.3822438, -0.2089331)    0    0   6.52502886  0 0.400 8.21558535
(-21.5505014, 14.7315978, -15.4084837, 0.8954026, 0.3407994, 0.2435163, -0.1510292)    0    0   6.07845339  6 2.360 7.51552745
(-21.6701310, 6.0938121, -8.4685163, 0.8849523, -0.0528081, 0.4208742, -0.1921864)    0    0   7.55495230  3 0.560 9.45050997
(-21.5766583, 5.9253939, -8.7216694, 0.8845946, -0.0509928, 0.4216037, -0.1927240)    0    0   7.83053606  2 0.480 9.75153334
(-24.1898228, 17.0161388, -10.8659435, 0.8578847, 0.2726546, 0.3821700, -0.2089004)    0    0   6.45672513  1 0.720 8.06588767
(-25.0273258, 8.7157562, -8.8864834, 0.8807134, -0.0324499, 0.4289719, -0.1981767)    0    0   8.15733830  5 0.320 10.31538837
(-23.0331129, 11.2944387, -11.9112526, 0.8714514, 0.2571789, 0.3666731, -0.1999555)    0    0   7.13263026  11 0.520 8.89653296
(-24.3026362, 8.3649001, -8.8762008, 0.8808593, -0.0331134, 0.4287110, -0.1979828)    0    0   8.29402796  4 0.280 10.50127883
(-25.0300149, 16.3875514, -10.4513458, 0.8579212, 0.2726120, 0.3821311, -0.2088776)    0    0   6.38289976  34 0.000 7.92201215
(-24.5931889, 16.9180531, -10.2531291, 0.8579297, 0.2725698, 0.3821417, -0.2088780)    0    0   6.43027935  0 0.400 7.94871833
(-24.7594924, 8.3982149, -8.8927916, 0.8803429, -0.0307717, 0.4296293, -0.1986657)    0    0   8.24288804  8 0.280 10.42166034
(-23.0499069, 11.2940786, -11.8823282, 0.8714357, 0.2575659, 0.3664687, -0.1999010)    0    0   7.32764033  3 1.000 9.19842613
(-17.3307586, 7.1824573, -17.4577831, 0.9594498, 0.1973077, 0.1732094, -0.1025877)    0    0   8.60638245  6 1.960 10.74715109
(-24.4508129, 16.6101405, -10.8154804, 0.8578069, 0.2729455, 0.3821301, -0.2089129)    0    0   6.48753181  15 0.000 8.12454460
(-22.8344423, 11.6324648, -11.7968049, 0.8714357, 0.2575659, 0.3664687, -0.1999009)    0    0   7.25570405  8 2.920 9.20245560
(-22.5543172, 11.0853951, -12.2732801, 0.8714357, 0.2575659, 0.3664687, -0.1999010)    0    0   7.02766958  10 0.120 8.75608640
(-21.6358332, 6.3336566, -8.5359571, 0.8849523, -0.0528082, 0.4208742, -0.1921864)    0    0   7.73336680  21 0.000 9.64818259
(-17.3919572, 7.3496122, -17.4381216, 0.9594498, 0.1973077, 0.1732094, -0.1025877)    0    0   8.36758723  8 0.200 10.27793761
(-17.6260142, 6.9084124, -17.4883379, 0.9594498, 0.1973077, 0.1732094, -0.1025877)    0    0   8.35548695  9 0.080 10.43720569
(-17.2367344, 7.2254160, -17.5419876, 0.9594498, 0.1973077, 0.1732094, -0.1025877)    0    0   8.53778960  8 0.200 10.76540230
(-24.9853234, 8.9094831, -8.9564683, 0.8798124, -0.0283943, 0.4305584, -0.1993575)    0    0   8.13968819  6 0.360 10.27408459
(-21.6394044, 6.3546028, -8.7350766, 0.8849530, -0.0528080, 0.4208731, -0.1921859)    0    0   7.54782079  5 0.480 9.66021584
(-24.7973331, 16.5959587, -10.8915033, 0.8579296, 0.2725804, 0.3821353, -0.2088762)    0    0   6.46597829  25 0.000 8.08863446
(-24.4642101, 17.0625444, -10.6192271, 0.8578526, 0.2726294, 0.3822428, -0.2089319)    0    0   6.53618778  9 0.000 8.23860284
(-17.4451987, 6.8873858, -17.2405961, 0.9594498, 0.1973077, 0.1732094, -0.1025877)    0    0   8.50223149  13 0.000 10.74221940
(-24.4687415, 16.6999998, -10.8435862, 0.8579808, 0.2726701, 0.3819889, -0.2088169)    0    0   6.51413898  0 0.400 8.22020754
(-17.2393029, 6.8658979, -2.2806168, 0.7516084, -0.2256317, 0.5698976, -0.2437046)    0    0   -10.81037049  1 5.000 -12.73062790
(-24.8389630, 8.7369725, -8.8729268, 0.8753176, -0.0092320, 0.4379077, -0.2048676)    0    0   7.62854531  13 0.000 9.62143835
(-24.3893089, 16.7953769, -10.7262717, 0.8578985, 0.2726066, 0.3821748, -0.2088976)    0    0   6.39837369  30 0.000 7.93305336
(-24.4210255, 16.8320023, -10.8210038, 0.8575506, 0.2736507, 0.3821537, -0.2089996)    0    0   6.44618901  18 0.000 8.13463379
(-24.5177710, 16.6617605, -10.8344061, 0.8578739, 0.2726163, 0.3822129, -0.2089165)    0    0   6.55262513  6 0.240 8.17025697
(-21.1065963, 20.3930358, 0.6750877, 0.5084174, 0.4985506, 0.6133044, -0.3417847)    0    0   -10.38050486  6 4.920 -13.50099171
(-24.3750057, 17.0109269, -10.7799658, 0.8578388, 0.2726410, 0.3822604, -0.2089415)    0    0   6.56620482  9 0.240 8.19052914
(-21.7934061, 6.2254821, -8.5996190, 0.8841741, -0.0488991, 0.4224483, -0.1933456)    0    0   7.80645589  0 0.400 9.98502901
(-24.7777153, 16.6085295, -10.3906895, 0.8578013, 0.2727326, 0.3822711, -0.2089563)    0    0   6.57101372  9 0.400 8.21229555
(-21.9419723, 14.9196125, -15.2546510, 0.8954782, 0.3412697, 0.2427656, -0.1507268)    0    0   6.29546234  3 3.240 8.00510046
(-21.7180283, 6.4249736, -8.7025827, 0.8849552, -0.0528074, 0.4208692, -0.1921841)    0    0   7.71788504  17 0.000 9.65131565
(-23.2149549, 11.2245483, -11.6963824, 0.8714357, 0.2575659, 0.3664687, -0.1999009)    0    0   7.24426878  9 2.600 8.98984879
(-21.6570315, 6.2469826, -8.4244315, 0.8849526, -0.0528081, 0.4208738, -0.1921862)    0    0   7.57500508  2 0.640 9.28569850
(-21.9010538, 5.8250514, -8.6804004, 0.8845930, -0.0509933, 0.4216063, -0.1927252)    0    0   8.00569398  1 0.720 10.10890274
(-24.6203884, 16.7269491, -10.5513009, 0.8578221, 0.2726580, 0.3822797, -0.2089524)    0    0   6.57708296  0 0.400 8.25237720
(-24.2312324, 17.0502531, -11.0497050, 0.8579207, 0.2725741, 0.3821552, -0.2088848)    0    0   6.53815007  12 0.000 8.18990005
(-24.6733487, 16.9039294, -10.3978013, 0.8578620, 0.2726201, 0.3822317, -0.2089257)    0    0   6.57877435  2 0.720 8.25011766
(-24.6762070, 17.1767191, -10.5274595, 0.8577369, 0.2731401, 0.3821354, -0.2089363)    0    0   6.46294706  0 0.400 8.18173644
(-24.5793102, 16.6664257, -10.3790894, 0.8579236, 0.2725642, 0.3821560, -0.2088842)    0    0   6.48423589  9 0.080 8.11924458
(-21.9201076, 5.8880343, -8.3783310, 0.8849522, -0.0528082, 0.4208744, -0.1921865)    0    0   7.72428170  0 0.400 9.53463216
(-24.7210447, 16.9330210, -10.7199971, 0.8579833, 0.2726021, 0.3820262, -0.2088272)    0    0   6.49467895  18 0.000 8.10380125
(-24.6233320, 17.2136574, -10.5108768, 0.8578803, 0.2727124, 0.3821423, -0.2088936)    0    0   6.50997056  0 0.400 8.15365065
(-23.0463971, 11.2698830, -11.8279970, 0.8714357, 0.2575659, 0.3664687, -0.1999009)    0    0   7.22141962  10 0.640 8.91324952
(-24.7756242, 8.9314442, -8.7390884, 0.8790602, -0.0250708, 0.4318516, -0.2003219)    0    0   8.18434815  0 0.560 10.48316088
(-24.4331990, 16.5546418, -10.8564687, 0.8575535, 0.2737947, 0.3820596, -0.2089708)    0    0   6.43194959  0 0.400 8.09115933
(-20.8541212, 20.4457731, 0.6078755, 0.5084174, 0.4985506, 0.6133044, -0.3417847)    0    0   -9.92555212  3 5.000 -12.33884193
(-17.3040207, 7.3541475, -17.3500085, 0.9594498, 0.1973077, 0.1732094, -0.1025877)    0    0   8.63615727  4 5.000 10.80254084
(-23.0143767, 11.3068386, -11.9008130, 0.8714357, 0.2575659, 0.3664687, -0.1999010)    0    0   7.31782584  4 2.760 9.12847141
(-24.5727116, 16.5622600, -10.8679071, 0.8578798, 0.2725997, 0.3822125, -0.2089145)    0    0   6.48221799  0 0.400 8.17569754
(-24.6717146, 16.5237837, -10.8350405, 0.8574604, 0.2739641, 0.3821214, -0.2090180)    0    0   6.40511558  11 0.000 8.02366812
(-22.0825259, 5.6291621, -8.9607773, 0.8849387, -0.0527383, 0.4209022, -0.1922070)    0    0   7.75652311  1 0.560 9.52433184
(-24.9506124, 8.7500853, -8.8708596, 0.8812560, -0.0349313, 0.4279959, -0.1974517)    0    0   8.39363122  0 5.000 10.49444975
(-24.4080286, 16.6618107, -10.7777129, 0.8578536, 0.2726523, 0.3822270, -0.2089270)    0    0   6.49348249  19 0.000 8.13256821
(-23.1977192, 11.2125022, -11.6698186, 0.8714357, 0.2575659, 0.3664687, -0.1999010)    0    0   7.19132704  10 0.320 9.05024791
(-22.1003472, 5.6998038, -8.7428711, 0.8849523, -0.0528082, 0.4208742, -0.1921864)    0    0   7.96718651  3 1.040 9.95724311
(-24.6492821, 16.4178488, -10.5227673, 0.8574621, 0.2739719, 0.3821135, -0.2090152)    0    0   6.49092576  0 0.400 8.12601015
(-24.4911690, 16.6740053, -10.3160580, 0.8575123, 0.2740868, 0.3819531, -0.2089521)    0    0   6.47624688  35 0.000 8.17377196
(-22.2095558, 5.2327693, -8.7577621, 0.8848991, -0.0525285, 0.4209839, -0.1922679)    0    0   7.87235945  0 0.800 9.95334447
(-22.1095542, 6.1798225, -8.9241611, 0.8849528, -0.0528081, 0.4208735, -0.1921860)    0    0   7.75845935  0 0.400 9.66607049
(-22.1976149, 5.8198584, -8.9353447, 0.8849331, -0.0526662, 0.4209163, -0.1922214)    0    0   7.88028913  7 0.280 9.92808355
(-22.6461605, 11.5290808, -12.4386552, 0.8714635, 0.2553802, 0.3677335, -0.2002611)    0    0   6.98579922  0 0.480 8.89549539
(-24.7958570, 8.6061680, -8.9277538, 0.8765765, -0.0144128, 0.4359362, -0.2033852)    0    0   7.87502772  0 0.400 10.11688781
(-22.2194433, 6.3007833, -8.6879835, 0.8831206, -0.0437323, 0.4245127, -0.1948703)    0    0   8.08441828  2 4.000 10.10611330
(-24.5380410, 16.9899316, -10.5015770, 0.8578949, 0.2727146, 0.3821150, -0.2088810)    0    0   6.42619338  39 0.000 8.20906726
(-25.0445073, 8.6694175, -8.8615226, 0.8755382, -0.0101206, 0.4375665, -0.2046119)    0    0   7.56889161  14 0.000 9.65662971
(-24.6146962, 16.5386968, -10.6290678, 0.8578182, 0.2726600, 0.3822855, -0.2089553)    0    0   6.56216534  15 0.200 8.17633349
(-24.1756973, 17.2356258, -10.9755356, 0.8578071, 0.2726731, 0.3822972, -0.2089622)    0    0   6.56208803  10 0.000 8.20551456
(-24.4323808, 17.2168888, -10.5615497, 0.8579062, 0.2726714, 0.3821212, -0.2088793)    0    0   6.48515279  0 0.400 8.06831241
(-24.5216717, 8.2391631, -8.9457559, 0.8810580, -0.0340227, 0.4283540, -0.1977175)    0    0   8.35731567  2 1.480 10.54957971
(-24.4085828, 16.5473396, -10.9972184, 0.8578959, 0.2726885, 0.3821292, -0.2088849)    0    0   6.53471205  22 0.000 8.20951727
(-24.3721357, 16.9766224, -10.8988741, 0.8578977, 0.2726345, 0.3821591, -0.2088932)    0    0   6.43963814  39 0.000 8.03173710
(-23.0567393, 11.2929866, -11.8734791, 0.8714357, 0.2575659, 0.3664687, -0.1999009)    0    0   7.34398031  2 1.000 9.22511996
(-24.5116200, 16.4738868, -10.9163766, 0.8578370, 0.2726884, 0.3822344, -0.2089343)    0    0   6.56328368  12 0.000 8.20017172
(-24.5613910, 17.0989812, -10.5973281, 0.8578990, 0.2727109, 0.3821099, -0.2088782)    0    0   6.52085927  1 0.480 8.11111653
(-20.9002383, 20.4348080, 0.6201373, 0.5084174, 0.4985506, 0.6133044, -0.3417847)    0    0   -9.89002617  2 5.000 -12.28673102
(-24.5837177, 16.7994100, -10.5737770, 0.8577994, 0.2726788, 0.3823074, -0.2089676)    0    0   6.60431661  0 5.000 8.25539578
(-24.5604998, 16.6897121, -10.6149158, 0.8579194, 0.2726182, 0.3821303, -0.2088779)    0    0   6.49347777  5 0.400 8.12716609
(-24.5387933, 17.1238156, -10.4919470, 0.8578546, 0.2726249, 0.3822419, -0.2089311)    0    0   6.42918415  13 0.000 7.99398350
(-21.9677940, 5.9006897, -8.6883549, 0.8849522, -0.0528082, 0.4208744, -0.1921865)    0    0   7.83812901  4 0.560 9.71619288
(-17.3194111, 7.2980569, -17.3802080, 0.9594498, 0.1973077, 0.1732094, -0.1025877)    0    0   8.72787057  0 5.000 10.91003107
(-24.9105177, 8.7518950, -8.8230854, 0.8737272, -0.0028571, 0.4403127, -0.2066820)    0    0   7.75019650  0 0.400 9.87823661
(-24.4305416, 16.5616147, -10.5147075, 0.8577727, 0.2729294, 0.3822011, -0.2089445)    0    0   6.46534507  32 0.000 8.08326500
(-24.4883645, 16.9024273, -10.6767245, 0.8577111, 0.2731440, 0.3821792, -0.2089572)    0    0   6.46601746  44 0.000 8.16848354
(-24.6390772, 16.6635205, -10.5974093, 0.8578381, 0.2727872, 0.3821717, -0.2089155)    0    0   6.39642998  32 0.000 8.00653212
(-21.6186131, 14.7592744, -15.3789687, 0.8955534, 0.3417413, 0.2420122, -0.1504232)    0    0   6.29853207  2 4.600 7.83141882
(-24.8046430, 16.6048772, -10.3640193, 0.8578612, 0.2727143, 0.3821752, -0.2089093)    0    0   6.48281037  0 0.400 8.09248414
(-17.2949883, 6.8019621, -2.3193397, 0.7516084, -0.2256317, 0.5698976, -0.2437046)    0    0   -10.81252042  2 5.000 -12.79180488
(-24.2103811, 16.5267095, -10.5490763, 0.8578920, 0.2726063, 0.3821866, -0.2089031)    0    0   6.53526146  3 0.320 8.17394310
(-24.6560900, 16.7978678, -10.4432818, 0.8578292, 0.2726509, 0.3822714, -0.2089477)    0    0   6.57456479  4 0.640 8.21258148
(-21.0459769, 20.4007208, 0.6589086, 0.5084174, 0.4985506, 0.6133044, -0.3417847)    0    0   -9.72279116  0 5.000 -12.15209833
(-24.1133920, 17.1092867, -11.1583945, 0.8579066, 0.2726197, 0.3821523, -0.2088884)    0    0   6.46683132  8 0.000 8.01106404
(-24.7160415, 16.3590663, -10.4830707, 0.8578456, 0.2729066, 0.3820850, -0.2088875)    0    0   6.39570252  1 0.720 7.95393275
(-25.0921439, 9.0382333, -8.8494761, 0.8751806, -0.0086828, 0.4381186, -0.2050257)    0    0   7.86620268  0 0.400 10.16977771
(-24.6980996, 16.6060588, -10.4577685, 0.8579122, 0.2725654, 0.3821756, -0.2088935)    0    0   6.53305369  15 0.000 8.19872876
(-22.2524072, 6.7728734, -8.5493286, 0.8849004, -0.0525282, 0.4209817, -0.1922669)    0    0   7.60137695  9 0.080 9.44762568
(-21.3798961, 20.3226197, 0.7477422, 0.5084174, 0.4985506, 0.6133044, -0.3417847)    0    0   -9.83046670  1 5.000 -12.29074649
(-24.6116777, 16.7606710, -10.5509049, 0.8578021, 0.2726771, 0.3823037, -0.2089657)    0    0   6.58782476  2 1.440 8.22540286
(-24.5576528, 16.7700300, -10.5500374, 0.8578817, 0.2726182, 0.3821977, -0.2089096)    0    0   6.43429274  0 0.400 8.05861093
(-22.2404952, 5.9129417, -8.9144369, 0.8849266, -0.0526681, 0.4209276, -0.1922265)    0    0   7.91547400  0 0.400 9.96540798
(-21.5639221, 6.1136707, -8.5066114, 0.8848746, -0.0523881, 0.4210349, -0.1923070)    0    0   7.88082102  8 0.240 9.89867071
(-24.7572040, 8.4898530, -8.9058667, 0.8812256, -0.0347915, 0.4280510, -0.1974926)    0    0   8.33834934  5 5.000 10.36094158
(-21.8649223, 6.2451380, -8.6415010, 0.8849550, -0.0528074, 0.4208696, -0.1921843)    0    0   7.79291627  0 0.400 9.96271211
(-23.9867555, 17.2088638, -11.1883346, 0.8578613, 0.2728138, 0.3821140, -0.2088912)    0    0   6.56491404  4 0.480 8.22882700
(-25.2079876, 8.7867838, -8.9449050, 0.8779750, -0.0203534, 0.4336701, -0.2016827)    0    0   7.96357377  0 0.400 10.14960243
(-22.0627312, 6.0419182, -8.7952585, 0.8841529, -0.0487573, 0.4224925, -0.1933817)    0    0   7.74515692  18 0.000 9.68995481
(-24.4199547, 16.7954150, -10.7967630, 0.8577173, 0.2731472, 0.3821661, -0.2089515)    0    0   6.52303088  16 0.000 8.14610869
(-21.1262955, 14.5958287, -15.6349196, 0.8955531, 0.3417394, 0.2420151, -0.1504244)    0    0   6.30311069  1 3.080 7.96573381
(-17.1212199, 7.2706648, -17.6515651, 0.9594498, 0.1973077, 0.1732094, -0.1025877)    0    0   8.57432379  5 0.320 10.86512198
(-24.6658509, 16.5618191, -10.5807235, 0.8578082, 0.2729564, 0.3821211, -0.2089098)    0    0   6.51668354  18 0.000 8.16128428
(-23.3894601, 11.5241600, -12.1385537, 0.8714357, 0.2575659, 0.3664687, -0.1999010)    0    0   7.35906118  1 2.680 9.31144833
(-24.9482149, 16.9404878, -10.5804881, 0.8579451, 0.2725878, 0.3821031, -0.2088618)    0    0   6.43899498  43 0.000 8.05960739
(-17.4181489, 6.9475434, -17.2606337, 0.9594498, 0.1973077, 0.1732094, -0.1025877)    0    0   8.68653923  2 5.000 10.84540003
(-23.0683275, 11.2864453, -11.8608707, 0.8714357, 0.2575659, 0.3664687, -0.1999010)    0    0   7.44246890  0 2.200 9.32592659
(-13.4254446, 11.3955815, 0.4123839, 0.4670737, -0.0078094, 0.8005006, -0.3754730)    0    0   -36.95179046  1 5.000 -45.70702468
(-17.4275099, 7.2732821, -17.2453917, 0.9594498, 0.1973077, 0.1732094, -0.1025877)    0    0   8.54131402  10 0.600 10.58366815
(-25.2014527, 9.0989057, -8.8905700, 0.8773685, -0.0177813, 0.4346633, -0.2024255)    0    0   7.98119062  0 0.400 10.17451197
(-24.2722225, 16.9443528, -10.6946251, 0.8577053, 0.2731764, 0.3821695, -0.2089562)    0    0   6.50040182  11 0.000 8.16536174
(-24.6460118, 16.7105988, -10.4590493, 0.8578932, 0.2726610, 0.3821509, -0.2088922)    0    0   6.52978638  0 0.400 8.23900866
(-24.5490715, 16.7784810, -10.4636318, 0.8578089, 0.2728408, 0.3821909, -0.2089303)    0    0   6.43853534  19 0.000 8.04962772
(-17.3630910, 6.9255964, -17.5999962, 0.9594498, 0.1973077, 0.1732094, -0.1025877)    0    0   8.58079192  7 0.360 10.89989345
(-23.1293186, 11.0560473, -11.8991374, 0.8714357, 0.2575659, 0.3664687, -0.1999009)    0    0   7.29395971  2 0.680 9.30261711
(-24.6691665, 16.9164412, -10.4616501, 0.8579989, 0.2725349, 0.3820396, -0.2088263)    0    0   6.48383979  0 0.400 8.15030520
(-23.0746042, 11.2441148, -12.3324934, 0.8714357, 0.2575659, 0.3664687, -0.1999010)    0    0   7.29084946  4 0.520 9.33512690
(-22.0613194, 6.1114167, -8.6373030, 0.8849525, -0.0528081, 0.4208739, -0.1921863)    0    0   7.33732523  10 0.000 9.01001346
(-21.5635584, 6.1002825, -8.5095736, 0.8849253, -0.0526684, 0.4209297, -0.1922275)    0    0   7.89513935  6 0.480 9.92613088
(-23.2144209, 11.2955380, -11.7471760, 0.8714357, 0.2575659, 0.3664687, -0.1999010)    0    0   7.26414168  7 1.720 9.03866553
(-21.5283973, 14.7286041, -15.4273596, 0.8955531, 0.3417397, 0.2420146, -0.1504242)    0    0   6.38877311  0 4.840 7.98784967
(-24.5372395, 16.3889997, -10.3201741, 0.8577725, 0.2729330, 0.3821993, -0.2089441)    0    0   6.44670740  0 0.400 8.02370312
(-25.0953789, 8.7278572, -8.8689706, 0.8810503, -0.0339878, 0.4283678, -0.1977277)    0    0   8.34769097  4 4.680 10.45924797
(-24.5534331, 16.6920203, -10.5253470, 0.8578837, 0.2727632, 0.3821051, -0.2088816)    0    0   6.44591774  16 0.000 8.08646544
(-24.6703608, 17.2502625, -10.4806153, 0.8577553, 0.2731127, 0.3821196, -0.2089259)    0    0   6.39344523  33 0.000 7.95832517
(-24.3931114, 17.0733139, -10.3910703, 0.8578526, 0.2726288, 0.3822432, -0.2089321)    0    0   6.43356878  0 0.400 7.93179715
