#Coordinates  RecID  LigID  Luciferin  Neighbor's number  Vision Range  Scoring
(-21.3657097, 14.0987261, -15.1202139, 0.8940191, 0.3323702, 0.2565914, -0.1562717)    0    0   6.23504363  7 3.080 8.25000393
(-24.7731989, 8.7191700, -8.7119208, 0.8809956, -0.0337356, 0.4284663, -0.1978011)    0    0   8.46706139  4 0.480 10.59802022
(-24.6710881, 16.7840277, -10.4693199, 0.8578081, 0.2726817, 0.3822902, -0.2089598)    0    0   6.54072745  0 0.400 8.20735712
(-17.5438436, 6.8583618, -2.7489112, 0.7516084, -0.2256317, 0.5698976, -0.2437046)    0    0   -11.45131873  3 5.000 -15.02757688
(-17.4738649, 6.5586527, -17.1459917, 0.9594498, 0.1973077, 0.1732094, -0.1025877)    0    0   8.88785728  5 2.200 11.05091417
(-22.3489104, 6.1448676, -8.9279541, 0.8848401, -0.0522325, 0.4211043, -0.1923563)    0    0   7.90047225  6 0.480 9.88276668
(-20.8951113, 20.5987488, 0.6224266, 0.5084174, 0.4985506, 0.6133044, -0.3417847)    0    0   -10.52745093  4 5.000 -13.82340805
(-24.5726262, 9.1212268, -8.5386041, 0.8809980, -0.0337466, 0.4284619, -0.1977979)    0    0   8.44248251  9 0.160 10.51394839
(-21.8916338, 6.2199431, -8.5485239, 0.8848595, -0.0523308, 0.4210647, -0.1923272)    0    0   7.97613063  2 0.720 10.07386528
(-24.6441085, 16.6620793, -10.5096534, 0.8578094, 0.2726817, 0.3822878, -0.2089587)    0    0   6.57537049  0 0.400 8.24869030
(-24.2678638, 16.6681946, -10.4223577, 0.8578090, 0.2726811, 0.3822889, -0.2089592)    0    0   6.47153622  0 0.400 8.01002945
(-24.6629177, 8.9862388, -8.6546439, 0.8809981, -0.0337467, 0.4284619, -0.1977978)    0    0   8.40300940  0 0.400 10.59565833
(-24.5954551, 16.7529949, -10.7312927, 0.8578086, 0.2726819, 0.3822892, -0.2089594)    0    0   6.51882550  27 0.000 8.04772849
(-24.4991157, 17.0214987, -11.0527953, 0.8578091, 0.2726831, 0.3822875, -0.2089588)    0    0   6.44017079  0 0.400 8.06414609
(-22.1711905, 6.7034318, -8.4683303, 0.8839291, -0.0476774, 0.4229354, -0.1937057)    0    0   7.77174245  1 0.560 9.57746941
(-24.5596144, 9.0460618, -8.7446691, 0.8809956, -0.0337356, 0.4284663, -0.1978011)    0    0   8.39611587  4 0.480 10.49707494
(-24.6889501, 9.3340813, -8.5644391, 0.8809980, -0.0337463, 0.4284621, -0.1977979)    0    0   8.50119323  1 5.000 10.65424526
(-24.6307852, 8.8807992, -8.6610175, 0.8809976, -0.0337449, 0.4284626, -0.1977984)    0    0   8.45758707  4 0.640 10.55037519
(-24.5350890, 17.2677620, -10.5802439, 0.8578084, 0.2726832, 0.3822887, -0.2089593)    0    0   6.51869933  0 0.400 8.15993753
(-24.5246660, 16.7022176, -10.7120416, 0.8578086, 0.2726865, 0.3822864, -0.2089586)    0    0   6.44821567  11 0.000 8.06866646
(-21.5293916, 14.7377895, -15.4335163, 0.8955019, 0.3414179, 0.2425290, -0.1506314)    0    0   6.39250325  0 5.000 7.99064114
(-22.1634640, 5.8083107, -8.6363529, 0.8848726, -0.0523972, 0.4210379, -0.1923074)    0    0   7.72591286  0 0.400 9.95065222
(-17.5411996, 7.0861858, -16.9771288, 0.9594498, 0.1973077, 0.1732094, -0.1025877)    0    0   8.78754485  2 0.600 11.00083721
(-24.6730173, 16.3578392, -10.5882173, 0.8578096, 0.2726822, 0.3822873, -0.2089585)    0    0   6.54651542  18 0.000 8.23503501
(-22.0041945, 5.7195553, -8.3664978, 0.8848546, -0.0523060, 0.4210747, -0.1923345)    0    0   7.39232621  17 0.000 9.07703571
(-21.8349437, 6.4219435, -8.5050628, 0.8848389, -0.0522268, 0.4211066, -0.1923580)    0    0   7.66618012  0 0.640 9.51594271
(-21.5377756, 14.7478259, -15.4346097, 0.8955018, 0.3414168, 0.2425307, -0.1506322)    0    0   6.31995411  3 5.000 7.86102890
(-17.4595853, 5.9802343, -17.3673350, 0.9594498, 0.1973077, 0.1732094, -0.1025877)    0    0   8.75406502  11 0.120 11.05016051
(-17.4735495, 6.5442508, -17.1427070, 0.9594498, 0.1973077, 0.1732094, -0.1025877)    0    0   8.55175833  8 0.520 10.85647473
(-13.2738056, 10.9402708, 0.4111112, 0.4670737, -0.0078094, 0.8005006, -0.3754730)    0    0   -36.78992735  0 5.000 -45.98740918
(-22.0578985, 5.9906799, -8.7674506, 0.8848453, -0.0522589, 0.4210937, -0.1923485)    0    0   7.92518613  5 1.120 9.89589455
(-24.6762229, 16.1187000, -10.6289046, 0.8578094, 0.2726800, 0.3822888, -0.2089590)    0    0   6.54546995  18 0.000 8.21600672
(-21.8452121, 5.7048220, -8.6275220, 0.8848458, -0.0522616, 0.4210926, -0.1923477)    0    0   7.95487176  3 0.560 10.00935137
(-21.3629328, 14.4716998, -15.3861310, 0.8954991, 0.3413998, 0.2425578, -0.1506431)    0    0   6.25148110  6 2.760 7.86075096
(-24.5191937, 16.5102269, -10.8502667, 0.8578086, 0.2726883, 0.3822852, -0.2089582)    0    0   6.55706092  0 0.400 8.22028445
(-24.6531555, 16.8361579, -10.5015291, 0.8578087, 0.2726812, 0.3822893, -0.2089594)    0    0   6.56961753  3 0.400 8.19327237
(-17.6274968, 7.3136583, -16.9276954, 0.9594498, 0.1973077, 0.1732094, -0.1025877)    0    0   8.79064909  3 0.560 10.94440366
(-22.2280874, 5.5680182, -8.6742812, 0.8848625, -0.0523462, 0.4210585, -0.1923226)    0    0   7.82616789  0 0.400 9.90186408
(-21.4863671, 6.3377886, -8.4931479, 0.8848538, -0.0523019, 0.4210764, -0.1923357)    0    0   7.59071716  0 0.400 9.16990498
(-24.5201066, 16.9504467, -10.6504710, 0.8578089, 0.2726820, 0.3822885, -0.2089591)    0    0   6.55220214  0 0.400 8.23160594
(-24.2083465, 16.2879494, -10.7804903, 0.8578087, 0.2726851, 0.3822870, -0.2089587)    0    0   6.48564381  35 0.000 8.13394243
(-24.3908474, 16.5217068, -10.9602478, 0.8578083, 0.2726833, 0.3822888, -0.2089594)    0    0   6.58255717  4 0.480 8.25700731
(-23.3753060, 9.9793006, -11.2326884, 0.8714373, 0.2574498, 0.3665359, -0.1999201)    0    0   7.85109031  0 1.720 10.00918341
(-24.9312809, 16.4593757, -10.6352065, 0.8578074, 0.2726844, 0.3822898, -0.2089599)    0    0   6.44674820  35 0.000 8.05075192
(-22.1032257, 5.9682058, -8.7868962, 0.8848445, -0.0522547, 0.4210954, -0.1923497)    0    0   8.08874115  0 3.440 10.07917266
(-22.2963631, 6.0386843, -9.0157894, 0.8848111, -0.0520858, 0.4211635, -0.1923999)    0    0   7.78336875  0 0.480 9.61802993
(-17.4656182, 6.4694710, -17.1717586, 0.9594498, 0.1973077, 0.1732094, -0.1025877)    0    0   8.63138945  7 0.640 10.91706984
(-17.4229249, 6.8262903, -2.5366834, 0.7516084, -0.2256317, 0.5698976, -0.2437046)    0    0   -10.12518016  0 5.000 -12.65647520
(-22.0120989, 6.1604326, -9.0265085, 0.8848687, -0.0523776, 0.4210459, -0.1923133)    0    0   7.63391900  0 0.400 9.28121553
(-17.4920779, 5.9243533, -17.2789303, 0.9594498, 0.1973077, 0.1732094, -0.1025877)    0    0   9.04917864  0 2.600 11.31667006
(-20.8118002, 20.5239694, 0.5981624, 0.5084174, 0.4985506, 0.6133044, -0.3417847)    0    0   -9.32808602  0 5.000 -11.65937502
(-24.6619513, 9.2968219, -8.5464740, 0.8809973, -0.0337432, 0.4284633, -0.1977989)    0    0   8.48486706  2 5.000 10.60871117
(-22.2082420, 5.9203809, -8.8009987, 0.8848583, -0.0523249, 0.4210671, -0.1923289)    0    0   7.73499990  21 0.000 9.73461673
(-21.4329668, 6.5743303, -8.4593576, 0.8848435, -0.0522497, 0.4210974, -0.1923512)    0    0   7.58627688  30 0.000 9.67486580
(-24.5529318, 9.0861852, -8.6161492, 0.8809976, -0.0337447, 0.4284627, -0.1977984)    0    0   8.38747712  16 0.000 10.55263503
(-24.8385350, 16.7620309, -10.4562929, 0.8578089, 0.2726818, 0.3822887, -0.2089592)    0    0   6.42879407  25 0.000 8.00957155
(-24.5785255, 16.6683307, -10.6489720, 0.8578088, 0.2726796, 0.3822901, -0.2089596)    0    0   6.58452286  5 0.640 8.23484017
(-24.2173353, 16.9937798, -11.0117185, 0.8578090, 0.2726828, 0.3822878, -0.2089589)    0    0   6.54371673  12 0.000 8.16839701
(-24.7017503, 16.9639137, -10.3857142, 0.8578086, 0.2726828, 0.3822886, -0.2089592)    0    0   6.42956564  28 0.000 8.02237874
(-24.5093012, 16.5434954, -10.8972813, 0.8578095, 0.2726805, 0.3822883, -0.2089588)    0    0   6.49850651  0 0.400 8.18044038
(-24.5676176, 16.4432233, -10.7417673, 0.8578092, 0.2726792, 0.3822897, -0.2089593)    0    0   6.56753317  0 0.400 8.21819910
(-24.6312781, 8.9746255, -8.6381251, 0.8809981, -0.0337470, 0.4284618, -0.1977977)    0    0   8.38035089  16 0.000 10.51526925
(-24.7088739, 15.8137045, -10.5358842, 0.8578073, 0.2726871, 0.3822882, -0.2089595)    0    0   6.48403730  41 0.000 8.20889474
(-21.2286524, 14.3871267, -15.4069826, 0.8954947, 0.3413722, 0.2426018, -0.1506608)    0    0   6.33601534  1 4.760 7.96262907
(-21.5369067, 6.0244567, -8.4601096, 0.8848448, -0.0522567, 0.4210946, -0.1923491)    0    0   7.85307813  2 0.640 9.89377545
(-21.9040666, 6.0391459, -8.6843525, 0.8848512, -0.0522891, 0.4210815, -0.1923395)    0    0   7.92740862  4 0.640 9.94258532
(-24.5047681, 16.4457693, -10.7099917, 0.8578099, 0.2726826, 0.3822863, -0.2089581)    0    0   6.49763588  0 0.400 8.04642911
(-24.2974430, 8.8112440, -8.4639640, 0.8810007, -0.0337591, 0.4284571, -0.1977942)    0    0   8.39447701  14 0.000 10.55964377
(-23.3819930, 10.8259589, -11.7244831, 0.8714373, 0.2574473, 0.3665374, -0.1999205)    0    0   7.46320930  0 0.440 9.21281352
(-24.8067525, 8.8813493, -8.6239573, 0.8809948, -0.0337316, 0.4284678, -0.1978022)    0    0   8.40087479  0 0.480 10.54822001
(-24.4405355, 17.0101961, -11.1307459, 0.8578087, 0.2726838, 0.3822878, -0.2089589)    0    0   6.41820652  36 0.000 7.99967921
(-24.4120828, 16.5432906, -11.0304150, 0.8578087, 0.2726846, 0.3822873, -0.2089588)    0    0   6.55588649  11 0.000 8.19433224
(-24.8654281, 9.4046993, -8.4183982, 0.8809976, -0.0337448, 0.4284627, -0.1977984)    0    0   8.48450905  3 0.640 10.62208313
(-23.4114022, 10.1058097, -11.2791495, 0.8714373, 0.2574510, 0.3665352, -0.1999199)    0    0   7.69323296  6 0.600 9.67307338
(-17.4921489, 5.9227740, -17.2791801, 0.9594498, 0.1973077, 0.1732094, -0.1025877)    0    0   9.00014138  1 5.000 11.22473289
(-24.8323692, 16.7105524, -10.7805114, 0.8578077, 0.2726844, 0.3822892, -0.2089597)    0    0   6.47507669  5 0.240 8.11209337
(-23.5406366, 9.6760113, -10.9822037, 0.8714373, 0.2574498, 0.3665359, -0.1999201)    0    0   7.80530561  3 2.920 9.97631009
(-23.5762674, 10.3808792, -11.5752071, 0.8714373, 0.2574480, 0.3665370, -0.1999204)    0    0   7.60929616  0 0.520 9.62510789
(-22.1700692, 6.1508821, -8.7880177, 0.8848674, -0.0523709, 0.4210486, -0.1923152)    0    0   7.83933326  0 0.400 9.79445077
(-17.4666612, 6.4426875, -17.2018465, 0.9594498, 0.1973077, 0.1732094, -0.1025877)    0    0   8.79823372  6 0.560 10.82418301
(-17.4274059, 6.6003165, -17.1844426, 0.9594498, 0.1973077, 0.1732094, -0.1025877)    0    0   8.77730234  12 0.320 10.91687018
(-17.4716322, 6.4569305, -17.1823812, 0.9594498, 0.1973077, 0.1732094, -0.1025877)    0    0   8.81813717  2 1.040 11.12785922
(-24.6120596, 8.5065362, -8.8308479, 0.8809934, -0.0337253, 0.4284703, -0.1978041)    0    0   8.38804144  0 0.480 10.41072923
(-21.7969024, 5.9651135, -8.6500488, 0.8848541, -0.0523037, 0.4210756, -0.1923352)    0    0   7.88747831  7 0.240 9.88749310
(-24.6315944, 16.8247366, -10.6866365, 0.8578092, 0.2726827, 0.3822876, -0.2089587)    0    0   6.54572169  0 0.400 8.18916407
(-24.4999969, 16.6101951, -10.7780845, 0.8578074, 0.2726832, 0.3822905, -0.2089601)    0    0   6.55552210  6 0.320 8.15518962
(-17.5022718, 6.1129983, -17.2876311, 0.9594498, 0.1973077, 0.1732094, -0.1025877)    0    0   8.89931059  3 1.600 11.21388722
(-24.3844375, 16.4203675, -10.8560387, 0.8578075, 0.2726872, 0.3822879, -0.2089593)    0    0   6.43225644  0 0.400 7.98997324
(-17.2693411, 6.7855460, -2.2671174, 0.7516084, -0.2256317, 0.5698976, -0.2437046)    0    0   -10.82751108  1 5.000 -12.76100457
(-24.6997690, 8.8760557, -8.7736798, 0.8809995, -0.0337533, 0.4284593, -0.1977959)    0    0   8.44679168  0 0.400 10.61957322
(-24.5197741, 16.6403661, -10.7399909, 0.8578088, 0.2726816, 0.3822890, -0.2089593)    0    0   6.59827528  2 1.040 8.25539318
(-24.2182152, 17.0353535, -10.8260976, 0.8578077, 0.2726833, 0.3822899, -0.2089599)    0    0   6.40754836  0 0.400 7.93581924
(-24.7600092, 17.1160309, -10.5645153, 0.8578105, 0.2726804, 0.3822867, -0.2089580)    0    0   6.52000725  0 0.400 8.13490795
(-20.8655755, 20.7934935, 0.6187716, 0.5084174, 0.4985506, 0.6133044, -0.3417847)    0    0   -10.27798036  2 5.000 -12.92534179
(-24.7373396, 16.5319983, -10.7082265, 0.8578080, 0.2726824, 0.3822899, -0.2089598)    0    0   6.51221432  0 0.400 8.16474178
(-22.4528330, 5.8098535, -8.9238339, 0.8848445, -0.0522547, 0.4210954, -0.1923497)    0    0   8.01574151  1 2.160 10.08092754
(-24.6530927, 16.4351041, -10.6922623, 0.8578082, 0.2726877, 0.3822863, -0.2089587)    0    0   6.54708280  0 0.400 8.15756857
(-21.2175101, 14.3646763, -15.3930317, 0.8955010, 0.3414120, 0.2425384, -0.1506352)    0    0   6.32986784  2 4.280 7.97919768
(-22.0117487, 6.1382879, -8.7516179, 0.8848531, -0.0522984, 0.4210778, -0.1923368)    0    0   7.83776660  13 0.080 9.69773130
(-23.3906878, 9.9297615, -11.4466048, 0.8714373, 0.2574486, 0.3665366, -0.1999203)    0    0   7.68382074  6 0.280 9.71535121
(-21.6296976, 6.2532219, -8.5013331, 0.8848533, -0.0522995, 0.4210773, -0.1923364)    0    0   7.59934349  0 0.400 9.42621938
(-22.0010477, 6.0254865, -8.7510228, 0.8848445, -0.0522550, 0.4210953, -0.1923496)    0    0   7.85894754  1 0.720 9.76787266
(-24.5757500, 16.4886685, -10.6753318, 0.8578081, 0.2726849, 0.3822882, -0.2089593)    0    0   6.57048015  8 0.480 8.21190752
(-24.4849852, 16.5985698, -10.7864199, 0.8578096, 0.2726828, 0.3822868, -0.2089584)    0    0   6.50774831  0 0.400 8.12793435
(-24.2903694, 16.9701312, -11.0471598, 0.8578094, 0.2726860, 0.3822853, -0.2089580)    0    0   6.49002118  30 0.000 8.11892072
(-24.7214295, 16.6879521, -10.3756534, 0.8578102, 0.2726806, 0.3822871, -0.2089582)    0    0   6.52333769  27 0.000 8.15239327
(-24.4311236, 16.7751690, -10.8197280, 0.8578085, 0.2726823, 0.3822890, -0.2089594)    0    0   6.57157847  7 0.320 8.21478789
(-22.2855401, 5.8634640, -8.9370824, 0.8848689, -0.0523786, 0.4210454, -0.1923129)    0    0   7.83292355  12 0.000 9.80675192
(-24.5411299, 16.1373867, -10.2812294, 0.8578079, 0.2726840, 0.3822890, -0.2089595)    0    0   6.50909290  8 0.000 8.18830116
(-24.6598979, 16.4190406, -10.7021207, 0.8578099, 0.2726840, 0.3822855, -0.2089579)    0    0   6.42671510  53 0.000 8.05803135
(-22.9257798, 10.0161824, -11.1102643, 0.8714373, 0.2574494, 0.3665361, -0.1999202)    0    0   7.82682981  2 2.080 9.95012695
(-24.9156082, 9.0653193, -8.9652490, 0.8809953, -0.0337341, 0.4284669, -0.1978015)    0    0   8.39902401  0 0.560 10.44000231
(-24.4273877, 16.9774267, -10.7110160, 0.8578079, 0.2726846, 0.3822888, -0.2089595)    0    0   6.55931984  0 0.400 8.21339189
(-20.6068663, 20.5758041, 0.5437647, 0.5084174, 0.4985506, 0.6133044, -0.3417847)    0    0   -10.55509386  5 4.920 -13.29423940
(-17.4729476, 6.1749780, -17.2315415, 0.9594498, 0.1973077, 0.1732094, -0.1025877)    0    0   8.89174761  3 0.840 11.17037603
(-23.0717887, 9.9759481, -11.1317071, 0.8714373, 0.2574489, 0.3665364, -0.1999202)    0    0   7.71989954  5 0.440 9.81459654
(-24.5057908, 16.7539654, -11.0588970, 0.8578080, 0.2726867, 0.3822872, -0.2089590)    0    0   6.46059507  0 0.400 8.08541747
(-24.5850907, 16.4894647, -10.7407138, 0.8578090, 0.2726853, 0.3822864, -0.2089584)    0    0   6.54573415  0 0.400 8.21811965
(-22.4469217, 6.8246066, -8.6437969, 0.8819982, -0.0383852, 0.4266340, -0.1964410)    0    0   7.91494377  19 2.480 9.60808594
(-24.6451249, 9.1322635, -8.6072009, 0.8809968, -0.0337408, 0.4284642, -0.1977995)    0    0   8.47146907  4 2.200 10.60795263
(-24.5894559, 16.5971821, -10.5490282, 0.8578077, 0.2726829, 0.3822901, -0.2089599)    0    0   6.49254696  24 0.000 8.14601006
(-23.2539861, 9.8704096, -11.1666370, 0.8714373, 0.2574487, 0.3665365, -0.1999203)    0    0   7.69026403  7 0.720 9.74389199
(-22.3955328, 6.1529379, -8.7502404, 0.8848325, -0.0521941, 0.4211198, -0.1923677)    0    0   7.68586431  25 0.000 10.09822268
(-24.5230936, 16.8839923, -10.6401985, 0.8578071, 0.2726874, 0.3822885, -0.2089597)    0    0   6.58491538  4 0.480 8.23903686
(-24.3974017, 16.3248128, -11.0176805, 0.8578089, 0.2726819, 0.3822886, -0.2089591)    0    0   6.60800750  1 0.720 8.28682333
(-21.9999038, 6.2648859, -8.6982181, 0.8848474, -0.0522697, 0.4210894, -0.1923453)    0    0   7.80541581  8 0.080 9.74821385
(-21.9794788, 6.0291889, -8.7334596, 0.8848518, -0.0522921, 0.4210803, -0.1923386)    0    0   7.84683103  11 0.240 9.66448331
(-22.0432310, 6.0258844, -8.8185395, 0.8848624, -0.0523457, 0.4210587, -0.1923227)    0    0   7.89796859  0 0.400 10.00976145
(-23.8560642, 9.9147308, -11.3147265, 0.8718181, 0.2552311, 0.3671530, -0.1999722)    0    0   7.63841650  0 0.640 9.64392381
(-24.5577526, 9.1633595, -8.5048256, 0.8809924, -0.0337206, 0.4284722, -0.1978055)    0    0   8.38941993  0 0.400 10.47185722
(-21.8602207, 6.0332287, -8.5133416, 0.8848648, -0.0523577, 0.4210539, -0.1923192)    0    0   7.36748732  2 0.560 9.32503058
(-24.1161430, 17.1517042, -11.0033838, 0.8578098, 0.2726823, 0.3822868, -0.2089583)    0    0   6.37941425  37 0.000 7.96834946
(-24.4965227, 8.1949476, -8.7466108, 0.8809964, -0.0337392, 0.4284648, -0.1978000)    0    0   8.41764417  0 0.880 10.53875859
(-24.5875056, 16.4076629, -10.6311233, 0.8578084, 0.2726825, 0.3822892, -0.2089594)    0    0   6.46896857  0 0.400 8.08577752
(-24.8185230, 16.5404229, -10.7369958, 0.8578084, 0.2726835, 0.3822885, -0.2089592)    0    0   6.44215700  33 0.000 8.04579044
(-24.5557715, 16.6235853, -10.6930938, 0.8578095, 0.2726795, 0.3822889, -0.2089590)    0    0   6.59220460  4 1.520 8.22624770
(-24.6481771, 8.7534363, -8.7202506, 0.8809984, -0.0337483, 0.4284613, -0.1977974)    0    0   8.45363477  9 0.480 10.51164335
(-24.5223290, 17.0296262, -10.5436821, 0.8578068, 0.2726835, 0.3822913, -0.2089606)    0    0   6.55706878  0 0.400 8.18544484
(-24.6138387, 16.3490602, -10.5154807, 0.8578062, 0.2726922, 0.3822871, -0.2089595)    0    0   6.49297139  1 0.720 8.11473037
(-23.2947971, 10.2119261, -11.2521298, 0.8769424, 0.2217853, 0.3762015, -0.2006385)    0    0   7.48009420  14 1.240 9.24098643
(-24.5263409, 16.6755052, -10.7157490, 0.8578096, 0.2726794, 0.3822888, -0.2089589)    0    0   6.63457712  0 4.000 8.29330364
(-24.6267476, 16.7304483, -10.5990892, 0.8578089, 0.2726845, 0.3822870, -0.2089587)    0    0   6.52690635  0 0.400 8.22077123
(-20.9146489, 20.4515703, 0.6244275, 0.5084174, 0.4985506, 0.6133044, -0.3417847)    0    0   -10.70179303  6 4.920 -13.89838571
(-24.4131836, 16.9909968, -10.7647899, 0.8578077, 0.2726822, 0.3822905, -0.2089600)    0    0   6.52770991  0 0.400 8.19674790
(-24.7782763, 16.8583692, -10.4074358, 0.8578065, 0.2726841, 0.3822914, -0.2089607)    0    0   6.52047645  0 0.400 8.15017999
(-24.6227590, 16.5610922, -10.6350276, 0.8578094, 0.2726797, 0.3822891, -0.2089591)    0    0   6.59162700  5 1.520 8.23390842
(-22.1338921, 5.8030702, -8.9693739, 0.8848640, -0.0523539, 0.4210554, -0.1923203)    0    0   7.75206948  13 0.000 9.70809728
(-17.5135522, 5.4632109, -17.3518768, 0.9594498, 0.1973077, 0.1732094, -0.1025877)    0    0   8.99035576  2 2.040 11.34363143
(-24.7115766, 8.3412296, -8.8953423, 0.8809940, -0.0337282, 0.4284692, -0.1978032)    0    0   8.44472301  8 0.160 10.60767162
(-24.3678363, 16.9256022, -10.8252887, 0.8578086, 0.2726823, 0.3822888, -0.2089593)    0    0   6.59733401  2 0.640 8.26440976
(-24.6460338, 17.0583184, -10.5544676, 0.8578084, 0.2726863, 0.3822868, -0.2089587)    0    0   6.46630615  0 0.400 8.15196825
(-24.7911011, 15.8304202, -10.6580417, 0.8578080, 0.2726863, 0.3822875, -0.2089591)    0    0   6.39280981  19 0.000 7.95983911
(-21.5874518, 14.7552633, -15.4166061, 0.8954927, 0.3413602, 0.2426210, -0.1506685)    0    0   6.21484923  8 2.920 7.73808931
(-24.4354709, 16.7150153, -10.8589115, 0.8578092, 0.2726808, 0.3822887, -0.2089591)    0    0   6.54614318  13 0.000 8.15550644
(-17.2986036, 6.7933163, -2.3184835, 0.7516084, -0.2256317, 0.5698976, -0.2437046)    0    0   -10.88728015  2 5.000 -12.89244649
(-24.4989384, 16.5684450, -10.9440719, 0.8578091, 0.2726847, 0.3822864, -0.2089584)    0    0   6.50506380  34 0.000 8.01411323
(-24.7369442, 16.6298180, -10.6753134, 0.8578091, 0.2726824, 0.3822879, -0.2089588)    0    0   6.47030315  0 0.400 8.12011311
(-21.0769721, 20.4643781, 0.6687158, 0.5084174, 0.4985506, 0.6133044, -0.3417847)    0    0   -10.29551423  3 5.000 -13.34860851
(-24.6872541, 16.6694904, -10.4913385, 0.8578084, 0.2726827, 0.3822890, -0.2089594)    0    0   6.55067944  12 0.000 8.20042350
(-24.4317726, 17.1264976, -10.5188257, 0.8578101, 0.2726833, 0.3822855, -0.2089578)    0    0   6.51004018  38 0.000 8.14015218
(-24.9807977, 8.7511782, -9.0271254, 0.8809981, -0.0337470, 0.4284618, -0.1977977)    0    0   8.34081160  0 0.400 10.33388620
(-24.3629706, 16.7775333, -10.6291241, 0.8578082, 0.2726847, 0.3822881, -0.2089592)    0    0   6.47603082  48 0.000 8.08474593
(-21.9793630, 6.0243190, -8.7520335, 0.8848473, -0.0522689, 0.4210896, -0.1923455)    0    0   7.82327007  7 0.400 9.66891090
(-20.4460663, 20.5765566, 0.5001907, 0.5084174, 0.4985506, 0.6133044, -0.3417847)    0    0   -9.96427026  1 5.000 -11.84177319
(-24.6436409, 16.6361075, -10.5677249, 0.8578088, 0.2726821, 0.3822887, -0.2089592)    0    0   6.52011634  17 0.000 8.14933335
(-24.5676704, 16.7965463, -10.6963301, 0.8578084, 0.2726839, 0.3822882, -0.2089591)    0    0   6.52838553  0 0.400 8.23736380
(-21.4213369, 6.1892678, -8.5872801, 0.8848508, -0.0522867, 0.4210825, -0.1923402)    0    0   7.66290380  12 0.000 9.67773507
(-21.9554308, 5.9494721, -8.3598647, 0.8848565, -0.0523156, 0.4210708, -0.1923316)    0    0   7.57523279  0 0.480 9.33380137
(-24.6640810, 8.9210162, -8.6554994, 0.8809969, -0.0337413, 0.4284640, -0.1977994)    0    0   8.44781945  10 4.600 10.50535918
(-22.1979232, 6.0088911, -8.8405744, 0.8848625, -0.0523460, 0.4210586, -0.1923226)    0    0   7.87608640  0 0.400 9.96675886
(-24.4403057, 16.5656708, -10.9101458, 0.8578076, 0.2726820, 0.3822908, -0.2089602)    0    0   6.51882392  0 0.400 8.17447806
(-24.8295521, 9.0103021, -8.8155654, 0.8809996, -0.0337536, 0.4284592, -0.1977958)    0    0   8.46414033  7 1.280 10.55590458
(-21.4327993, 6.1335072, -8.4698763, 0.8848558, -0.0523121, 0.4210722, -0.1923327)    0    0   7.33883440  0 0.400 8.65112559
(-24.2941331, 16.7601380, -11.0698009, 0.8578085, 0.2726824, 0.3822890, -0.2089594)    0    0   6.58104546  6 0.320 8.27695371
(-21.5033655, 14.9987542, -15.6806847, 0.8954526, 0.3411096, 0.2430211, -0.1508297)    0    0   6.31819457  4 2.120 8.04180301
(-17.4856683, 6.1168661, -17.2378972, 0.9594498, 0.1973077, 0.1732094, -0.1025877)    0    0   8.81606527  6 0.640 11.07492849
(-24.5134802, 16.9891500, -10.5870796, 0.8578089, 0.2726837, 0.3822876, -0.2089588)    0    0   6.54612125  0 0.400 8.19279154
(-23.1306315, 9.8161378, -11.0269994, 0.8714373, 0.2574495, 0.3665360, -0.1999201)    0    0   7.84073395  1 2.760 9.89310832
(-24.5467336, 16.9266355, -10.5421122, 0.8578089, 0.2726819, 0.3822886, -0.2089591)    0    0   6.47523579  13 0.000 8.07344290
(-17.4736953, 5.9543265, -17.2918779, 0.9594498, 0.1973077, 0.1732094, -0.1025877)    0    0   8.58537772  16 1.960 10.33409946
(-23.3372973, 10.4150683, -11.3897676, 0.8715082, 0.2570379, 0.3666510, -0.1999300)    0    0   7.67657967  0 0.520 9.80989875
(-13.4254446, 11.3955815, 0.4123839, 0.4670737, -0.0078094, 0.8005006, -0.3754730)    0    0   -36.95179046  1 5.000 -45.70702468
(-17.5122710, 6.2899639, -17.0214531, 0.9594498, 0.1973077, 0.1732094, -0.1025877)    0    0   8.69626843  14 1.560 10.49401053
(-24.6548520, 9.0282530, -8.6324714, 0.8809961, -0.0337380, 0.4284654, -0.1978004)    0    0   8.50630382  0 2.800 10.63513827
(-24.3637242, 16.8615353, -10.8095986, 0.8578087, 0.2726815, 0.3822892, -0.2089594)    0    0   6.47575886  0 0.400 8.02446299
(-24.3903159, 17.2133974, -10.6557874, 0.8578086, 0.2726838, 0.3822879, -0.2089590)    0    0   6.54276947  14 0.000 8.19484206
(-24.7199443, 16.7641804, -10.4310883, 0.8578084, 0.2726857, 0.3822871, -0.2089588)    0    0   6.52646109  0 0.400 8.17854185
(-17.4648810, 6.4489492, -17.1978588, 0.9594498, 0.1973077, 0.1732094, -0.1025877)    0    0   8.83159209  1 1.040 11.09838765
(-23.1914039, 10.3028920, -11.0031691, 0.8736464, 0.2441117, 0.3702200, -0.2002213)    0    0   7.63596787  10 0.200 9.73989761
(-24.6343186, 16.5008507, -10.5336443, 0.8578095, 0.2726805, 0.3822884, -0.2089589)    0    0   6.51804270  0 0.400 8.09305372
(-23.4674805, 10.2440183, -11.4169466, 0.8714373, 0.2574483, 0.3665368, -0.1999203)    0    0   7.61317446  1 0.840 9.48735054
(-21.9671769, 6.4735082, -8.6522456, 0.8848441, -0.0522528, 0.4210962, -0.1923503)    0    0   7.66935344  10 0.240 9.47790571
(-21.7869051, 5.8068798, -8.6478741, 0.8848509, -0.0522872, 0.4210823, -0.1923401)    0    0   7.86515338  7 0.080 9.86129948
(-23.1497028, 9.8049448, -11.0179138, 0.8714373, 0.2574486, 0.3665366, -0.1999203)    0    0   7.76315357  4 0.680 9.88076304
(-21.2931556, 14.4495684, -15.3988930, 0.8955007, 0.3414103, 0.2425410, -0.1506363)    0    0   6.28470794  5 3.000 7.88651575
(-24.4750566, 16.6181711, -10.7523413, 0.8578088, 0.2726818, 0.3822889, -0.2089592)    0    0   6.52136530  0 0.400 8.17467050
(-24.5469089, 9.1901444, -8.6615285, 0.8809991, -0.0337513, 0.4284601, -0.1977965)    0    0   8.46600692  6 1.640 10.62492149
(-24.3995149, 16.8132016, -11.0146312, 0.8578095, 0.2726833, 0.3822866, -0.2089583)    0    0   6.55863158  0 0.560 8.16754399
(-24.5362435, 16.2621913, -10.8058863, 0.8578065, 0.2726880, 0.3822892, -0.2089600)    0    0   6.53229084  30 0.000 8.21243613
(-24.4054959, 16.6993160, -11.0732717, 0.8578092, 0.2726846, 0.3822863, -0.2089583)    0    0   6.48114985  36 0.000 8.16175545
